#
# A fatal error has been detected by the Java Runtime Environment:
#
#  SIGBUS (0xa) at pc=0x0000000195be1258, pid=64129, tid=259
#
# JRE version: Java(TM) SE Runtime Environment (19.0.1+10) (build 19.0.1+10-21)
# Java VM: Java HotSpot(TM) 64-Bit Server VM (19.0.1+10-21, mixed mode, sharing, tiered, compressed oops, compressed class ptrs, g1 gc, bsd-aarch64)
# Problematic frame:
# C  [CoreGraphics+0xd258]  ERROR_CGDataProvider_BufferIsNotReadable+0x30
#
# No core dump will be written. Core dumps have been disabled. To enable core dumping, try "ulimit -c unlimited" before starting Java again
#
# If you would like to submit a bug report, please visit:
#   https://bugreport.java.com/bugreport/crash.jsp
# The crash happened outside the Java Virtual Machine in native code.
# See problematic frame for where to report the bug.
#

---------------  S U M M A R Y ------------

Command Line: -javaagent:/Applications/IntelliJ IDEA CE.app/Contents/lib/idea_rt.jar=53588:/Applications/IntelliJ IDEA CE.app/Contents/bin -Dfile.encoding=UTF-8 FlappyBirdApp

Host: "MacBookPro17,1" arm64, 8 cores, 8G, Darwin 22.1.0, macOS 13.0.1 (22A400)
Time: Mon Apr  3 19:11:21 2023 EDT elapsed time: 3.533377 seconds (0d 0h 0m 3s)

---------------  T H R E A D  ---------------

Current thread (0x00000001331a2000):  JavaThread "JavaFX Application Thread" [_thread_in_native, id=259, stack(0x000000016cae4000,0x000000016d2e0000)]

Stack: [0x000000016cae4000,0x000000016d2e0000],  sp=0x000000016d2d9fa0,  free space=8151k
Native frames: (J=compiled Java code, j=interpreted, Vv=VM code, C=native code)
C  [CoreGraphics+0xd258]  ERROR_CGDataProvider_BufferIsNotReadable+0x30
C  [CoreGraphics+0xd0c4]  CGDataProviderRetainBytePtr+0x10c
C  [CoreGraphics+0x1b2b84]  CGDataProviderCreateProtectedCopy+0x1c
C  [CoreGraphics+0x17cde8]  CGImageCreateCopyWithProtectedDataProvider+0x48
C  [CoreGraphics+0x34394]  CGContextDrawImageWithOptions+0x134
C  [SkyLight+0x2299a4]  SLSRegisterCursorWithImages+0x2a4
C  [AppKit+0x18d1f8]  -[NSCursor _reallySet]+0x204
C  [AppKit+0x18cf7c]  -[NSCursor set]+0x90
C  [libglass.dylib+0x698c]  Java_com_sun_glass_ui_mac_MacCursor__1setCustom+0x118
j  com.sun.glass.ui.mac.MacCursor._setCustom(J)V+0
j  com.sun.glass.ui.mac.MacCursor.set()V+60
j  com.sun.glass.ui.mac.MacWindow._setCursor(JLcom/sun/glass/ui/Cursor;)V+4
j  com.sun.glass.ui.Window.setCursor(Lcom/sun/glass/ui/Cursor;)V+9
j  com.sun.javafx.tk.quantum.ViewScene.lambda$setCursor$1(Ljava/lang/Object;)V+34
j  com.sun.javafx.tk.quantum.ViewScene$$Lambda$225+0x00000008011ae948.run()V+8
j  com.sun.glass.ui.InvokeLaterDispatcher$Future.run()V+4
v  ~StubRoutines::call_stub 0x0000000147534140
V  [libjvm.dylib+0x4e36f4]  JavaCalls::call_helper(JavaValue*, methodHandle const&, JavaCallArguments*, JavaThread*)+0x38c
V  [libjvm.dylib+0x5428b8]  jni_invoke_nonstatic(JNIEnv_*, JavaValue*, _jobject*, JNICallType, _jmethodID*, JNI_ArgumentPusher*, JavaThread*)+0x2f8
V  [libjvm.dylib+0x54681c]  jni_CallVoidMethod+0x10c
C  [libglass.dylib+0x9a20]  JNI_OnLoad+0xcc
C  [Foundation+0x79b30]  __NSThreadPerformPerform+0x108
C  [CoreFoundation+0x81a34]  __CFRUNLOOP_IS_CALLING_OUT_TO_A_SOURCE0_PERFORM_FUNCTION__+0x1c
C  [CoreFoundation+0x819c8]  __CFRunLoopDoSource0+0xb0
C  [CoreFoundation+0x81738]  __CFRunLoopDoSources0+0xf4
C  [CoreFoundation+0x8033c]  __CFRunLoopRun+0x344
C  [CoreFoundation+0x7f8a4]  CFRunLoopRunSpecific+0x264
C  [HIToolbox+0x323bc]  RunCurrentEventLoopInMode+0x124
C  [HIToolbox+0x32200]  ReceiveNextEventCommon+0x2a0
C  [HIToolbox+0x31f48]  _BlockUntilNextEventMatchingListInModeWithFilter+0x48
C  [AppKit+0x39630]  _DPSNextEvent+0x278
C  [AppKit+0x387c0]  -[NSApplication(NSEvent) _nextEventMatchingEventMask:untilDate:inMode:dequeue:]+0x2d8
C  [AppKit+0x2cbf0]  -[NSApplication run]+0x1d0
C  [libglass.dylib+0xbba8]  JNI_OnLoad+0x2254
C  [Foundation+0x79b30]  __NSThreadPerformPerform+0x108
C  [CoreFoundation+0x81a34]  __CFRUNLOOP_IS_CALLING_OUT_TO_A_SOURCE0_PERFORM_FUNCTION__+0x1c
C  [CoreFoundation+0x819c8]  __CFRunLoopDoSource0+0xb0
C  [CoreFoundation+0x81738]  __CFRunLoopDoSources0+0xf4
C  [CoreFoundation+0x8033c]  __CFRunLoopRun+0x344
C  [CoreFoundation+0x7f8a4]  CFRunLoopRunSpecific+0x264
C  [libjli.dylib+0xb5c4]  CreateExecutionEnvironment+0x190
C  [libjli.dylib+0x79c0]  JLI_Launch+0x4bc
C  [java+0x3bb8]  main+0x18c
C  [dyld+0x5e50]  start+0x9f0

Java frames: (J=compiled Java code, j=interpreted, Vv=VM code)
j  com.sun.glass.ui.mac.MacCursor._setCustom(J)V+0
j  com.sun.glass.ui.mac.MacCursor.set()V+60
j  com.sun.glass.ui.mac.MacWindow._setCursor(JLcom/sun/glass/ui/Cursor;)V+4
j  com.sun.glass.ui.Window.setCursor(Lcom/sun/glass/ui/Cursor;)V+9
j  com.sun.javafx.tk.quantum.ViewScene.lambda$setCursor$1(Ljava/lang/Object;)V+34
j  com.sun.javafx.tk.quantum.ViewScene$$Lambda$225+0x00000008011ae948.run()V+8
j  com.sun.glass.ui.InvokeLaterDispatcher$Future.run()V+4
v  ~StubRoutines::call_stub 0x0000000147534140

siginfo: si_signo: 10 (SIGBUS), si_code: 1 (BUS_ADRALN), si_addr: 0x0000000787b2b3f0

Registers:
 x0=0x0000000000000001  x1=0x0000000000000000  x2=0x0000000000000000  x3=0x0000000131700000
 x4=0x00000001317776b0  x5=0x000000000000001c  x6=0x0000000000000000  x7=0x0000000000000000
 x8=0x0000000787b2b3f0  x9=0x0000000000000001 x10=0x000000011173f4a8 x11=0x00000000001bdb94
x12=0x0000000000000001 x13=0x0000000000000000 x14=0x0000000000000002 x15=0x00000000a3c257fb
x16=0x00000002bec23000 x17=0x00000001ed1c4570 x18=0x0000000000000000 x19=0x000000011173f3e0
x20=0x000000011173f490 x21=0x000000011173f500 x22=0x0000000000000000 x23=0x00000000000009c3
x24=0x00000000000009c3 x25=0x0000600000349ef0 x26=0x0000000000000001 x27=0x00006000038b79c0
x28=0x0000000000000000  fp=0x000000016d2d9fb0  lr=0x5954800195be1248  sp=0x000000016d2d9fa0
pc=0x0000000195be1258 cpsr=0x0000000060001000

Register to memory mapping:

 x0=0x0000000000000001 is an unknown value
 x1=0x0 is NULL
 x2=0x0 is NULL
 x3=0x0000000131700000 points into unknown readable memory: 0x0000000000000000 | 00 00 00 00 00 00 00 00
 x4=0x00000001317776b0 points into unknown readable memory: 0x0000000000000000 | 00 00 00 00 00 00 00 00
 x5=0x000000000000001c is an unknown value
 x6=0x0 is NULL
 x7=0x0 is NULL
 x8=0x0000000787b2b3f0 is an unallocated location in the heap
 x9=0x0000000000000001 is an unknown value
x10=0x000000011173f4a8 points into unknown readable memory: 0x00000000001bdb94 | 94 db 1b 00 00 00 00 00
x11=0x00000000001bdb94 is an unknown value
x12=0x0000000000000001 is an unknown value
x13=0x0 is NULL
x14=0x0000000000000002 is an unknown value
x15=0x00000000a3c257fb is an unknown value
x16=0x00000002bec23000 is an unknown value
x17=0x00000001ed1c4570: <offset 0x575f0570> in /System/Library/Frameworks/CoreGraphics.framework/Versions/A/CoreGraphics at 0x0000000195bd4000
x18=0x0 is NULL
x19=0x000000011173f3e0 points into unknown readable memory: 0x01000001ec1d0d81 | 81 0d 1d ec 01 00 00 01
x20=0x000000011173f490 points into unknown readable memory: 0x000000004d555458 | 58 54 55 4d 00 00 00 00
x21=0x000000011173f500 points into unknown readable memory: 0x01000001ec1d0d81 | 81 0d 1d ec 01 00 00 01
x22=0x0 is NULL
x23=0x00000000000009c3 is an unknown value
x24=0x00000000000009c3 is an unknown value
x25=0x0000600000349ef0 points into unknown readable memory: 0x01000001ec1d01a3 | a3 01 1d ec 01 00 00 01
x26=0x0000000000000001 is an unknown value
x27=0x00006000038b79c0 points into unknown readable memory: 0x01000001ec1d0d81 | 81 0d 1d ec 01 00 00 01
x28=0x0 is NULL


Top of Stack: (sp=0x000000016d2d9fa0)
0x000000016d2d9fa0:   000000011173f490 0000000787b2b3f0
0x000000016d2d9fb0:   000000016d2da000 fe51000195be10c4
0x000000016d2d9fc0:   0000000400000000 0000000102bc4080
0x000000016d2d9fd0:   0000000102bcca00 0000000000000000
0x000000016d2d9fe0:   0000000000000000 000000011173f500
0x000000016d2d9ff0:   0000000000000065 000000011173f3e0
0x000000016d2da000:   000000016d2da030 c065800195d86b84
0x000000016d2da010:   0000000000000000 000000011173f500
0x000000016d2da020:   0000000000000065 000000011173f500
0x000000016d2da030:   000000016d2da050 de58000195d50de8
0x000000016d2da040:   0000000000000065 00006000038b79c0
0x000000016d2da050:   000000016d2da180 1e2d800195c08394
0x000000016d2da060:   000000011173f500 0000600000349ef0
0x000000016d2da070:   00000000000009c3 00000000000009c3
0x000000016d2da080:   000060000349b210 0000600003fa5050
0x000000016d2da090:   000060000349b1e0 0000600003fa54d0
0x000000016d2da0a0:   000000016d2da130 9f38000195c25380
0x000000016d2da0b0:   0000000100000003 0000000000000031
0x000000016d2da0c0:   00000000000000cc 01ca856e7e9a0065
0x000000016d2da0d0:   000000011173f500 0000600000349ef0
0x000000016d2da0e0:   00000000000009c3 00000000000009c3
0x000000016d2da0f0:   000000011173f500 0000600000349ef0
0x000000016d2da100:   00000000000009c3 01ca856e7e9a0065
0x000000016d2da110:   0000000000000000 0000000000000000
0x000000016d2da120:   0000000000000000 4049800000000000
0x000000016d2da130:   4048800000000000 401c000000000000
0x000000016d2da140:   4018000000000000 0000000000000000
0x000000016d2da150:   00000000000009c3 00000000000009c3
0x000000016d2da160:   0000000000000000 000000016d2da258
0x000000016d2da170:   0000000000000033 0000000000000031
0x000000016d2da180:   000000016d2dabd0 ea110001959e69a4
0x000000016d2da190:   00000000000000cc 0000000100000000 

Instructions: (pc=0x0000000195be1258)
0x0000000195be1158:   35000100 52800020 a9427bfd a9414ff4
0x0000000195be1168:   9100c3ff d65f0fff 52800000 17fffffb
0x0000000195be1178:   94108f6c 17fffff8 902b31c0 913da000
0x0000000195be1188:   b02bae81 91038021 9410a9c8 17ffffde
0x0000000195be1198:   1410a436 d503237f a9be4ff4 a9017bfd
0x0000000195be11a8:   910043fd aa0003f3 902b31c8 f947b908
0x0000000195be11b8:   b100051f 540002a1 f02a0e48 39674108
0x0000000195be11c8:   7100011f fa401a64 54000180 f9408a60
0x0000000195be11d8:   b4000140 52802001 72a10001 a9417bfd
0x0000000195be11e8:   a8c24ff4 d50323ff ca1e07d0 b6f00050
0x0000000195be11f8:   d4388e20 1410a59d d2800000 a9417bfd
0x0000000195be1208:   a8c24ff4 d65f0fff 902b31c0 913dc000
0x0000000195be1218:   b02bae81 91048021 9410a9a4 17ffffe7
0x0000000195be1228:   d503237f d10083ff a9017bfd 910043fd
0x0000000195be1238:   f90007e0 39001fff 39001fff 9400000a
0x0000000195be1248:   12000008 7100051f 54000081 f94007e8
0x0000000195be1258:   39400108 39001fe8 a9417bfd 910083ff
0x0000000195be1268:   d65f0fff d503237f a9bf7bfd 910003fd
0x0000000195be1278:   902b31c8 f947c108 b100051f 540000a1
0x0000000195be1288:   902b31c8 397de100 a8c17bfd d65f0fff
0x0000000195be1298:   902b31c0 913e0000 b02bae81 91050021
0x0000000195be12a8:   9410a982 17fffff7 d503237f a9bf7bfd
0x0000000195be12b8:   910003fd d2800020 f2c1a040 f2e00140
0x0000000195be12c8:   9410a9aa 902b31c8 393de100 a8c17bfd
0x0000000195be12d8:   d65f0fff d503237f d100c3ff a9027bfd
0x0000000195be12e8:   910083fd f81f83a0 f9000be1 39003fff
0x0000000195be12f8:   39003fff 97ffffdc 12000008 7100051f
0x0000000195be1308:   540000c1 f85f83a8 f9400be9 8b090108
0x0000000195be1318:   39400108 39003fe8 a9427bfd 9100c3ff
0x0000000195be1328:   d65f0fff b40000e0 f9402808 90000230
0x0000000195be1338:   911b6210 dac123f0 eb10011f 54000060
0x0000000195be1348:   52800000 d65f03c0 52800020 d65f03c0 


Stack slot to memory mapping:
stack at sp + 0 slots: 0x000000011173f490 points into unknown readable memory: 0x000000004d555458 | 58 54 55 4d 00 00 00 00
stack at sp + 1 slots: 0x0000000787b2b3f0 is an unallocated location in the heap
stack at sp + 2 slots: 0x000000016d2da000 is pointing into the stack for thread: 0x00000001331a2000
stack at sp + 3 slots: 0xfe51000195be10c4: CGDataProviderRetainBytePtr+0x10c in /System/Library/Frameworks/CoreGraphics.framework/Versions/A/CoreGraphics at 0x0000000195bd4000
stack at sp + 4 slots: 0x0000000400000000 is an unknown value
stack at sp + 5 slots: 0x0000000102bc4080 points into unknown readable memory: 0x0000000100000000 | 00 00 00 00 01 00 00 00
stack at sp + 6 slots: 0x0000000102bcca00 points into unknown readable memory: 0x0000000000000000 | 00 00 00 00 00 00 00 00
stack at sp + 7 slots: 0x0 is NULL


---------------  P R O C E S S  ---------------

Threads class SMR info:
_java_thread_list=0x0000600000cacdc0, length=26, elements={
0x000000013180da00, 0x000000012180a600, 0x0000000132808200, 0x0000000132808800,
0x000000011280cc00, 0x000000011280d200, 0x000000011280d800, 0x000000013203bc00,
0x000000011281de00, 0x0000000133016000, 0x0000000121809e00, 0x0000000132808e00,
0x000000013306d200, 0x00000001330c4c00, 0x0000000121a49800, 0x00000001331a2000,
0x0000000122301e00, 0x0000000133236600, 0x000000012233ca00, 0x000000012233d000,
0x0000000122343400, 0x00000001319d6c00, 0x0000000121a57c00, 0x0000000121b38400,
0x000000013324be00, 0x0000000131a1fe00
}

Java Threads: ( => current thread )
  0x000000013180da00 JavaThread "main" [_thread_blocked, id=4611, stack(0x000000016d36c000,0x000000016d56f000)]
  0x000000012180a600 JavaThread "Reference Handler" daemon [_thread_blocked, id=31747, stack(0x000000016e2d8000,0x000000016e4db000)]
  0x0000000132808200 JavaThread "Finalizer" daemon [_thread_blocked, id=31491, stack(0x000000016e4e4000,0x000000016e6e7000)]
  0x0000000132808800 JavaThread "Signal Dispatcher" daemon [_thread_blocked, id=31235, stack(0x000000016e6f0000,0x000000016e8f3000)]
  0x000000011280cc00 JavaThread "Service Thread" daemon [_thread_blocked, id=30723, stack(0x000000016e8fc000,0x000000016eaff000)]
  0x000000011280d200 JavaThread "Monitor Deflation Thread" daemon [_thread_blocked, id=30211, stack(0x000000016eb08000,0x000000016ed0b000)]
  0x000000011280d800 JavaThread "C2 CompilerThread0" daemon [_thread_in_native, id=23043, stack(0x000000016ed14000,0x000000016ef17000)]
  0x000000013203bc00 JavaThread "C1 CompilerThread0" daemon [_thread_blocked, id=29955, stack(0x000000016ef20000,0x000000016f123000)]
  0x000000011281de00 JavaThread "Sweeper thread" daemon [_thread_blocked, id=23555, stack(0x000000016f12c000,0x000000016f32f000)]
  0x0000000133016000 JavaThread "Common-Cleaner" daemon [_thread_blocked, id=29443, stack(0x000000016f338000,0x000000016f53b000)]
  0x0000000121809e00 JavaThread "Monitor Ctrl-Break" daemon [_thread_in_native, id=28931, stack(0x000000016f544000,0x000000016f747000)]
  0x0000000132808e00 JavaThread "Notification Thread" daemon [_thread_blocked, id=28419, stack(0x000000016f750000,0x000000016f953000)]
  0x000000013306d200 JavaThread "JavaFX-Launcher" [_thread_blocked, id=24579, stack(0x000000016fb68000,0x000000016fd6b000)]
  0x00000001330c4c00 JavaThread "QuantumRenderer-0" daemon [_thread_blocked, id=27907, stack(0x000000016fd74000,0x000000016ff77000)]
  0x0000000121a49800 JavaThread "InvokeLaterDispatcher" daemon [_thread_blocked, id=36363, stack(0x0000000280004000,0x0000000280207000)]
=>0x00000001331a2000 JavaThread "JavaFX Application Thread" [_thread_in_native, id=259, stack(0x000000016cae4000,0x000000016d2e0000)]
  0x0000000122301e00 JavaThread "FXGL Background Thread 1" daemon [_thread_blocked, id=80903, stack(0x0000000287474000,0x0000000287677000)]
  0x0000000133236600 JavaThread "Prism Font Disposer" daemon [_thread_blocked, id=73995, stack(0x0000000287680000,0x0000000287883000)]
  0x000000012233ca00 JavaThread "FXGL Background Thread 2" daemon [_thread_blocked, id=88335, stack(0x000000028788c000,0x0000000287a8f000)]
  0x000000012233d000 JavaThread "FXGL Background Thread 3" daemon [_thread_blocked, id=128515, stack(0x0000000287a98000,0x0000000287c9b000)]
  0x0000000122343400 JavaThread "FXGL Background Thread 4" daemon [_thread_blocked, id=128259, stack(0x0000000287ca4000,0x0000000287ea7000)]
  0x00000001319d6c00 JavaThread "PulseTimer-CVDisplayLink thread" daemon [_thread_in_native, id=49931, stack(0x0000000280210000,0x0000000280293000)]
  0x0000000121a57c00 JavaThread "Cleaner-0" daemon [_thread_blocked, id=90119, stack(0x00000002882c8000,0x00000002884cb000)]
  0x0000000121b38400 JavaThread "Keep-Alive-SocketCleaner" daemon [_thread_blocked, id=1827, stack(0x00000002886e0000,0x00000002888e3000)]
  0x000000013324be00 JavaThread "Keep-Alive-Timer" daemon [_thread_blocked, id=90883, stack(0x00000002888ec000,0x0000000288aef000)]
  0x0000000131a1fe00 JavaThread "Attach Listener" daemon [_thread_blocked, id=125719, stack(0x0000000288af8000,0x0000000288cfb000)]

Other Threads:
  0x0000000131706120 VMThread "VM Thread" [stack: 0x000000016dfb4000,0x000000016e1b7000] [id=18435]
  0x00000001216054b0 WatcherThread "VM Periodic Task Thread" [stack: 0x000000016f95c000,0x000000016fb5f000] [id=24067]
  0x0000000131606db0 WorkerThread "GC Thread#0" [stack: 0x000000016d578000,0x000000016d77b000] [id=12291]
  0x00000001317405d0 WorkerThread "GC Thread#1" [stack: 0x0000000280534000,0x0000000280737000] [id=85255]
  0x0000000110d08140 WorkerThread "GC Thread#2" [stack: 0x0000000280740000,0x0000000280943000] [id=70659]
  0x0000000110d08960 WorkerThread "GC Thread#3" [stack: 0x000000028094c000,0x0000000280b4f000] [id=70915]
  0x0000000110d08e00 WorkerThread "GC Thread#4" [stack: 0x0000000280b58000,0x0000000280d5b000] [id=71427]
  0x0000000110d09690 WorkerThread "GC Thread#5" [stack: 0x0000000280d64000,0x0000000280f67000] [id=82179]
  0x0000000131755ff0 WorkerThread "GC Thread#6" [stack: 0x0000000287eb0000,0x00000002880b3000] [id=127491]
  0x00000001317562c0 WorkerThread "GC Thread#7" [stack: 0x00000002880bc000,0x00000002882bf000] [id=126979]
  0x0000000131607480 ConcurrentGCThread "G1 Main Marker" [stack: 0x000000016d784000,0x000000016d987000] [id=14339]
  0x00000001116041a0 WorkerThread "G1 Conc#0" [stack: 0x000000016d990000,0x000000016db93000] [id=12803]
  0x000000013165cac0 WorkerThread "G1 Conc#1" [stack: 0x00000002884d4000,0x00000002886d7000] [id=129295]
  0x0000000121604250 ConcurrentGCThread "G1 Refine#0" [stack: 0x000000016db9c000,0x000000016dd9f000] [id=16387]
  0x0000000111606030 ConcurrentGCThread "G1 Service" [stack: 0x000000016dda8000,0x000000016dfab000] [id=16643]

Threads with active compile tasks:
C2 CompilerThread0     3541 3813       4       com.sun.prism.es2.ES2Graphics::transform (23 bytes)

VM state: not at safepoint (normal execution)

VM Mutex/Monitor currently owned by a thread: None

Heap address: 0x0000000780000000, size: 2048 MB, Compressed Oops mode: Zero based, Oop shift amount: 3

CDS archive(s) mapped at: [0x0000000800000000-0x0000000800c44000-0x0000000800c44000), size 12861440, SharedBaseAddress: 0x0000000800000000, ArchiveRelocationMode: 0.
Compressed class space mapped at: 0x0000000801000000-0x0000000841000000, reserved size: 1073741824
Narrow klass base: 0x0000000800000000, Narrow klass shift: 0, Narrow klass range: 0x100000000

GC Precious Log:
 CardTable entry size: 512
 Card Set container configuration: InlinePtr #cards 5 size 8 Array Of Cards #cards 12 size 40 Howl #buckets 4 coarsen threshold 1843 Howl Bitmap #cards 512 size 80 coarsen threshold 460 Card regions per heap region 1 cards per card region 2048
 CPUs: 8 total, 8 available
 Memory: 8192M
 Large Page Support: Disabled
 NUMA Support: Disabled
 Compressed Oops: Enabled (Zero based)
 Heap Region Size: 1M
 Heap Min Capacity: 8M
 Heap Initial Capacity: 128M
 Heap Max Capacity: 2G
 Pre-touch: Disabled
 Parallel Workers: 8
 Concurrent Workers: 2
 Concurrent Refinement Workers: 8
 Periodic GC: Disabled

Heap:
 garbage-first heap   total 68608K, used 30067K [0x0000000780000000, 0x0000000800000000)
  region size 1024K, 20 young (20480K), 5 survivors (5120K)
 Metaspace       used 25848K, committed 26240K, reserved 1114112K
  class space    used 3154K, committed 3328K, reserved 1048576K

Heap Regions: E=young(eden), S=young(survivor), O=old, HS=humongous(starts), HC=humongous(continues), CS=collection set, F=free, OA=open archive, CA=closed archive, TAMS=top-at-mark-start (previous, next)
|   0|0x0000000780000000, 0x0000000780100000, 0x0000000780100000|100%| O|  |TAMS 0x0000000780100000, 0x0000000780000000| Untracked 
|   1|0x0000000780100000, 0x0000000780200000, 0x0000000780200000|100%| O|  |TAMS 0x0000000780200000, 0x0000000780100000| Untracked 
|   2|0x0000000780200000, 0x0000000780300000, 0x0000000780300000|100%| O|  |TAMS 0x0000000780300000, 0x0000000780200000| Untracked 
|   3|0x0000000780300000, 0x0000000780400000, 0x0000000780400000|100%| O|  |TAMS 0x0000000780300000, 0x0000000780300000| Untracked 
|   4|0x0000000780400000, 0x0000000780500000, 0x0000000780500000|100%| O|  |TAMS 0x0000000780400000, 0x0000000780400000| Untracked 
|   5|0x0000000780500000, 0x0000000780600000, 0x0000000780600000|100%| O|  |TAMS 0x0000000780600000, 0x0000000780500000| Untracked 
|   6|0x0000000780600000, 0x0000000780700000, 0x0000000780700000|100%| O|  |TAMS 0x000000078068e600, 0x0000000780600000| Untracked 
|   7|0x0000000780700000, 0x0000000780800000, 0x0000000780800000|100%|HS|  |TAMS 0x0000000780800000, 0x0000000780700000| Complete 
|   8|0x0000000780800000, 0x0000000780900000, 0x0000000780900000|100%|HC|  |TAMS 0x0000000780900000, 0x0000000780800000| Complete 
|   9|0x0000000780900000, 0x0000000780a00000, 0x0000000780a00000|100%|HC|  |TAMS 0x0000000780a00000, 0x0000000780900000| Complete 
|  10|0x0000000780a00000, 0x0000000780a92600, 0x0000000780b00000| 57%| O|  |TAMS 0x0000000780a00000, 0x0000000780a00000| Complete 
|  11|0x0000000780b00000, 0x0000000780b00000, 0x0000000780c00000|  0%| F|  |TAMS 0x0000000780b00000, 0x0000000780b00000| Untracked 
|  12|0x0000000780c00000, 0x0000000780c00000, 0x0000000780d00000|  0%| F|  |TAMS 0x0000000780c00000, 0x0000000780c00000| Untracked 
|  13|0x0000000780d00000, 0x0000000780d00000, 0x0000000780e00000|  0%| F|  |TAMS 0x0000000780d00000, 0x0000000780d00000| Untracked 
|  14|0x0000000780e00000, 0x0000000780e00000, 0x0000000780f00000|  0%| F|  |TAMS 0x0000000780e00000, 0x0000000780e00000| Untracked 
|  15|0x0000000780f00000, 0x0000000780f00000, 0x0000000781000000|  0%| F|  |TAMS 0x0000000780f00000, 0x0000000780f00000| Untracked 
|  16|0x0000000781000000, 0x0000000781000000, 0x0000000781100000|  0%| F|  |TAMS 0x0000000781000000, 0x0000000781000000| Untracked 
|  17|0x0000000781100000, 0x0000000781100000, 0x0000000781200000|  0%| F|  |TAMS 0x0000000781100000, 0x0000000781100000| Untracked 
|  18|0x0000000781200000, 0x0000000781200000, 0x0000000781300000|  0%| F|  |TAMS 0x0000000781200000, 0x0000000781200000| Untracked 
|  19|0x0000000781300000, 0x0000000781300000, 0x0000000781400000|  0%| F|  |TAMS 0x0000000781300000, 0x0000000781300000| Untracked 
|  20|0x0000000781400000, 0x0000000781400000, 0x0000000781500000|  0%| F|  |TAMS 0x0000000781400000, 0x0000000781400000| Untracked 
|  21|0x0000000781500000, 0x0000000781500000, 0x0000000781600000|  0%| F|  |TAMS 0x0000000781500000, 0x0000000781500000| Untracked 
|  22|0x0000000781600000, 0x0000000781600000, 0x0000000781700000|  0%| F|  |TAMS 0x0000000781600000, 0x0000000781600000| Untracked 
|  23|0x0000000781700000, 0x0000000781700000, 0x0000000781800000|  0%| F|  |TAMS 0x0000000781700000, 0x0000000781700000| Untracked 
|  24|0x0000000781800000, 0x0000000781800000, 0x0000000781900000|  0%| F|  |TAMS 0x0000000781800000, 0x0000000781800000| Untracked 
|  25|0x0000000781900000, 0x0000000781900000, 0x0000000781a00000|  0%| F|  |TAMS 0x0000000781900000, 0x0000000781900000| Untracked 
|  26|0x0000000781a00000, 0x0000000781a00000, 0x0000000781b00000|  0%| F|  |TAMS 0x0000000781a00000, 0x0000000781a00000| Untracked 
|  27|0x0000000781b00000, 0x0000000781b00000, 0x0000000781c00000|  0%| F|  |TAMS 0x0000000781b00000, 0x0000000781b00000| Untracked 
|  28|0x0000000781c00000, 0x0000000781c00000, 0x0000000781d00000|  0%| F|  |TAMS 0x0000000781c00000, 0x0000000781c00000| Untracked 
|  29|0x0000000781d00000, 0x0000000781d00000, 0x0000000781e00000|  0%| F|  |TAMS 0x0000000781d00000, 0x0000000781d00000| Untracked 
|  30|0x0000000781e00000, 0x0000000781e00000, 0x0000000781f00000|  0%| F|  |TAMS 0x0000000781e00000, 0x0000000781e00000| Untracked 
|  31|0x0000000781f00000, 0x0000000781f00000, 0x0000000782000000|  0%| F|  |TAMS 0x0000000781f00000, 0x0000000781f00000| Untracked 
|  32|0x0000000782000000, 0x0000000782000000, 0x0000000782100000|  0%| F|  |TAMS 0x0000000782000000, 0x0000000782000000| Untracked 
|  33|0x0000000782100000, 0x0000000782100000, 0x0000000782200000|  0%| F|  |TAMS 0x0000000782100000, 0x0000000782100000| Untracked 
|  34|0x0000000782200000, 0x0000000782200000, 0x0000000782300000|  0%| F|  |TAMS 0x0000000782200000, 0x0000000782200000| Untracked 
|  35|0x0000000782300000, 0x0000000782300000, 0x0000000782400000|  0%| F|  |TAMS 0x0000000782300000, 0x0000000782300000| Untracked 
|  36|0x0000000782400000, 0x0000000782400000, 0x0000000782500000|  0%| F|  |TAMS 0x0000000782400000, 0x0000000782400000| Untracked 
|  37|0x0000000782500000, 0x0000000782500000, 0x0000000782600000|  0%| F|  |TAMS 0x0000000782500000, 0x0000000782500000| Untracked 
|  38|0x0000000782600000, 0x0000000782600000, 0x0000000782700000|  0%| F|  |TAMS 0x0000000782600000, 0x0000000782600000| Untracked 
|  39|0x0000000782700000, 0x0000000782700000, 0x0000000782800000|  0%| F|  |TAMS 0x0000000782700000, 0x0000000782700000| Untracked 
|  40|0x0000000782800000, 0x0000000782800000, 0x0000000782900000|  0%| F|  |TAMS 0x0000000782800000, 0x0000000782800000| Untracked 
|  41|0x0000000782900000, 0x0000000782900000, 0x0000000782a00000|  0%| F|  |TAMS 0x0000000782900000, 0x0000000782900000| Untracked 
|  42|0x0000000782a00000, 0x0000000782a00000, 0x0000000782b00000|  0%| F|  |TAMS 0x0000000782a00000, 0x0000000782a00000| Untracked 
|  43|0x0000000782b00000, 0x0000000782b00000, 0x0000000782c00000|  0%| F|  |TAMS 0x0000000782b00000, 0x0000000782b00000| Untracked 
|  44|0x0000000782c00000, 0x0000000782c00000, 0x0000000782d00000|  0%| F|  |TAMS 0x0000000782c00000, 0x0000000782c00000| Untracked 
|  45|0x0000000782d00000, 0x0000000782e00000, 0x0000000782e00000|100%| E|  |TAMS 0x0000000782d00000, 0x0000000782d00000| Complete 
|  46|0x0000000782e00000, 0x0000000782f00000, 0x0000000782f00000|100%| E|CS|TAMS 0x0000000782e00000, 0x0000000782e00000| Complete 
|  47|0x0000000782f00000, 0x0000000783000000, 0x0000000783000000|100%| E|CS|TAMS 0x0000000782f00000, 0x0000000782f00000| Complete 
|  48|0x0000000783000000, 0x0000000783100000, 0x0000000783100000|100%| E|CS|TAMS 0x0000000783000000, 0x0000000783000000| Complete 
|  49|0x0000000783100000, 0x0000000783200000, 0x0000000783200000|100%| E|CS|TAMS 0x0000000783100000, 0x0000000783100000| Complete 
|  50|0x0000000783200000, 0x0000000783300000, 0x0000000783300000|100%| E|CS|TAMS 0x0000000783200000, 0x0000000783200000| Complete 
|  51|0x0000000783300000, 0x0000000783400000, 0x0000000783400000|100%| E|CS|TAMS 0x0000000783300000, 0x0000000783300000| Complete 
|  52|0x0000000783400000, 0x0000000783500000, 0x0000000783500000|100%| E|CS|TAMS 0x0000000783400000, 0x0000000783400000| Complete 
|  53|0x0000000783500000, 0x0000000783600000, 0x0000000783600000|100%| E|CS|TAMS 0x0000000783500000, 0x0000000783500000| Complete 
|  54|0x0000000783600000, 0x0000000783700000, 0x0000000783700000|100%| E|CS|TAMS 0x0000000783600000, 0x0000000783600000| Complete 
|  55|0x0000000783700000, 0x0000000783800000, 0x0000000783800000|100%| E|CS|TAMS 0x0000000783700000, 0x0000000783700000| Complete 
|  56|0x0000000783800000, 0x0000000783900000, 0x0000000783900000|100%| E|CS|TAMS 0x0000000783800000, 0x0000000783800000| Complete 
|  57|0x0000000783900000, 0x0000000783a00000, 0x0000000783a00000|100%| E|  |TAMS 0x0000000783900000, 0x0000000783900000| Complete 
| 113|0x0000000787100000, 0x00000007871d27c8, 0x0000000787200000| 82%| S|CS|TAMS 0x0000000787100000, 0x0000000787100000| Complete 
| 114|0x0000000787200000, 0x0000000787300000, 0x0000000787300000|100%| S|CS|TAMS 0x0000000787200000, 0x0000000787200000| Complete 
| 115|0x0000000787300000, 0x0000000787400000, 0x0000000787400000|100%| S|CS|TAMS 0x0000000787300000, 0x0000000787300000| Complete 
| 116|0x0000000787400000, 0x0000000787500000, 0x0000000787500000|100%| S|CS|TAMS 0x0000000787400000, 0x0000000787400000| Complete 
| 117|0x0000000787500000, 0x0000000787600000, 0x0000000787600000|100%| S|CS|TAMS 0x0000000787500000, 0x0000000787500000| Complete 
| 126|0x0000000787e00000, 0x0000000787f00000, 0x0000000787f00000|100%| E|CS|TAMS 0x0000000787e00000, 0x0000000787e00000| Complete 
| 127|0x0000000787f00000, 0x0000000788000000, 0x0000000788000000|100%| E|CS|TAMS 0x0000000787f00000, 0x0000000787f00000| Complete 
|2046|0x00000007ffe00000, 0x00000007ffe78000, 0x00000007fff00000| 46%|OA|  |TAMS 0x00000007ffe78000, 0x00000007ffe00000| Untracked 
|2047|0x00000007fff00000, 0x00000007fff80000, 0x0000000800000000| 50%|CA|  |TAMS 0x00000007fff00000, 0x00000007fff00000| Untracked 

Card table byte_map: [0x00000001032d8000,0x00000001036d8000] _byte_map_base: 0x00000000ff6d8000

Marking Bits (Prev, Next): (CMBitMap*) 0x000000013183c850, (CMBitMap*) 0x000000013183c810
 Prev Bits: [0x000000010eb3c000, 0x0000000110b3c000)
 Next Bits: [0x000000010cb3c000, 0x000000010eb3c000)

Polling page: 0x0000000102b78000

Metaspace:

Usage:
  Non-class:     22.16 MB used.
      Class:      3.08 MB used.
       Both:     25.24 MB used.

Virtual space:
  Non-class space:       64.00 MB reserved,      22.38 MB ( 35%) committed,  1 nodes.
      Class space:        1.00 GB reserved,       3.25 MB ( <1%) committed,  1 nodes.
             Both:        1.06 GB reserved,      25.62 MB (  2%) committed. 

Chunk freelists:
   Non-Class:  1.61 MB
       Class:  680.00 KB
        Both:  2.27 MB

MaxMetaspaceSize: unlimited
CompressedClassSpaceSize: 1.00 GB
Initial GC threshold: 21.00 MB
Current GC threshold: 35.62 MB
CDS: on
MetaspaceReclaimPolicy: balanced
 - commit_granule_bytes: 65536.
 - commit_granule_words: 8192.
 - virtual_space_node_default_size: 8388608.
 - enlarge_chunks_in_place: 1.
 - new_chunks_are_fully_committed: 0.
 - uncommit_free_chunks: 1.
 - use_allocation_guard: 0.


Internal statistics:

num_allocs_failed_limit: 6.
num_arena_births: 456.
num_arena_deaths: 0.
num_vsnodes_births: 2.
num_vsnodes_deaths: 0.
num_space_committed: 410.
num_space_uncommitted: 0.
num_chunks_returned_to_freelist: 6.
num_chunks_taken_from_freelist: 1162.
num_chunk_merges: 0.
num_chunk_splits: 806.
num_chunks_enlarged: 610.
num_inconsistent_stats: 0.

CodeHeap 'non-profiled nmethods': size=120032Kb used=1671Kb max_used=1671Kb free=118360Kb
 bounds [0x0000000147ac8000, 0x0000000147d38000, 0x000000014f000000]
CodeHeap 'profiled nmethods': size=120016Kb used=7305Kb max_used=7305Kb free=112710Kb
 bounds [0x0000000140000000, 0x0000000140730000, 0x0000000147534000]
CodeHeap 'non-nmethods': size=5712Kb used=1539Kb max_used=1595Kb free=4172Kb
 bounds [0x0000000147534000, 0x00000001477a4000, 0x0000000147ac8000]
 total_blobs=4614 nmethods=3723 adapters=804
 compilation: enabled
              stopped_count=0, restarted_count=0
 full_count=0

Compilation events (20 events):
Event: 3.526 Thread 0x000000011280d800 nmethod 3787 0x0000000147c64e10 code [0x0000000147c64fc0, 0x0000000147c65210]
Event: 3.526 Thread 0x000000011280d800 3792       4       java.util.AbstractList::<init> (10 bytes)
Event: 3.526 Thread 0x000000013203bc00 nmethod 3786 0x0000000140704c10 code [0x0000000140704f40, 0x0000000140706008]
Event: 3.526 Thread 0x000000013203bc00 3790       3       javafx.beans.binding.DoubleBinding::<init> (10 bytes)
Event: 3.526 Thread 0x000000013203bc00 nmethod 3790 0x0000000140706510 code [0x00000001407066c0, 0x0000000140706918]
Event: 3.526 Thread 0x000000013203bc00 3788       3       javafx.scene.Node::updateTreeVisible (105 bytes)
Event: 3.526 Thread 0x000000011280d800 nmethod 3792 0x0000000147c65290 code [0x0000000147c65400, 0x0000000147c65490]
Event: 3.526 Thread 0x000000011280d800 3796       4       javafx.scene.Node::isDirtyEmpty (10 bytes)
Event: 3.526 Thread 0x000000011280d800 nmethod 3796 0x0000000147c65590 code [0x0000000147c65740, 0x0000000147c65830]
Event: 3.526 Thread 0x000000011280d800 3800       4       java.lang.ref.WeakReference::<init> (7 bytes)
Event: 3.527 Thread 0x000000013203bc00 nmethod 3788 0x0000000140706a90 code [0x0000000140706f00, 0x0000000140708c18]
Event: 3.527 Thread 0x000000013203bc00 3791       3       javafx.beans.property.ObjectPropertyBase::invalidated (1 bytes)
Event: 3.527 Thread 0x000000013203bc00 nmethod 3791 0x0000000140709490 code [0x0000000140709640, 0x0000000140709758]
Event: 3.527 Thread 0x000000013203bc00 3795       3       com.sun.javafx.binding.BindingHelperObserver::wasGarbageCollected (16 bytes)
Event: 3.527 Thread 0x000000013203bc00 nmethod 3795 0x0000000140709810 code [0x00000001407099c0, 0x0000000140709c18]
Event: 3.527 Thread 0x000000013203bc00 3789       3       javafx.scene.Node::setTreeVisible (108 bytes)
Event: 3.527 Thread 0x000000011280d800 nmethod 3800 0x0000000147c65910 code [0x0000000147c65ac0, 0x0000000147c65d10]
Event: 3.528 Thread 0x000000011280d800 3811       4       javafx.scene.Node::getLocalBounds (162 bytes)
Event: 3.528 Thread 0x000000013203bc00 nmethod 3789 0x0000000140709d10 code [0x000000014070a3c0, 0x000000014070d778]
Event: 3.528 Thread 0x000000013203bc00 3810       3       javafx.scene.Node::updateLocalToParentTransform (442 bytes)

GC Heap History (6 events):
Event: 0.735 GC heap before
{Heap before GC invocations=0 (full 0):
 garbage-first heap   total 133120K, used 24544K [0x0000000780000000, 0x0000000800000000)
  region size 1024K, 23 young (23552K), 0 survivors (0K)
 Metaspace       used 8742K, committed 8960K, reserved 1114112K
  class space    used 954K, committed 1088K, reserved 1048576K
}
Event: 0.738 GC heap after
{Heap after GC invocations=1 (full 0):
 garbage-first heap   total 133120K, used 5152K [0x0000000780000000, 0x0000000800000000)
  region size 1024K, 3 young (3072K), 3 survivors (3072K)
 Metaspace       used 8742K, committed 8960K, reserved 1114112K
  class space    used 954K, committed 1088K, reserved 1048576K
}
Event: 1.314 GC heap before
{Heap before GC invocations=1 (full 0):
 garbage-first heap   total 133120K, used 47136K [0x0000000780000000, 0x0000000800000000)
  region size 1024K, 43 young (44032K), 3 survivors (3072K)
 Metaspace       used 19264K, committed 19584K, reserved 1114112K
  class space    used 2468K, committed 2624K, reserved 1048576K
}
Event: 1.318 GC heap after
{Heap after GC invocations=2 (full 0):
 garbage-first heap   total 133120K, used 11801K [0x0000000780000000, 0x0000000800000000)
  region size 1024K, 6 young (6144K), 6 survivors (6144K)
 Metaspace       used 19264K, committed 19584K, reserved 1114112K
  class space    used 2468K, committed 2624K, reserved 1048576K
}
Event: 1.374 GC heap before
{Heap before GC invocations=2 (full 0):
 garbage-first heap   total 133120K, used 24089K [0x0000000780000000, 0x0000000800000000)
  region size 1024K, 16 young (16384K), 6 survivors (6144K)
 Metaspace       used 21129K, committed 21504K, reserved 1114112K
  class space    used 2684K, committed 2880K, reserved 1048576K
}
Event: 1.378 GC heap after
{Heap after GC invocations=3 (full 0):
 garbage-first heap   total 133120K, used 16755K [0x0000000780000000, 0x0000000800000000)
  region size 1024K, 5 young (5120K), 5 survivors (5120K)
 Metaspace       used 21129K, committed 21504K, reserved 1114112K
  class space    used 2684K, committed 2880K, reserved 1048576K
}

Dll operation events (14 events):
Event: 0.022 Loaded shared library /Library/Java/JavaVirtualMachines/jdk-19.jdk/Contents/Home/lib/libjava.dylib
Event: 0.060 Loaded shared library /Library/Java/JavaVirtualMachines/jdk-19.jdk/Contents/Home/lib/libzip.dylib
Event: 0.062 Loaded shared library /Library/Java/JavaVirtualMachines/jdk-19.jdk/Contents/Home/lib/libinstrument.dylib
Event: 0.064 Loaded shared library /Library/Java/JavaVirtualMachines/jdk-19.jdk/Contents/Home/lib/libnio.dylib
Event: 0.067 Loaded shared library /Library/Java/JavaVirtualMachines/jdk-19.jdk/Contents/Home/lib/libzip.dylib
Event: 0.090 Loaded shared library /Library/Java/JavaVirtualMachines/jdk-19.jdk/Contents/Home/lib/libnet.dylib
Event: 0.095 Loaded shared library /Library/Java/JavaVirtualMachines/jdk-19.jdk/Contents/Home/lib/libextnet.dylib
Event: 0.178 Loaded shared library /Library/Java/JavaVirtualMachines/jdk-19.jdk/Contents/Home/lib/libjimage.dylib
Event: 0.261 Loading shared library /Users/karinasang/.m2/repository/org/openjfx/javafx-graphics/18/libprism_es2.dylib failed, dlopen(/Users/karinasang/.m2/repository/org/openjfx/javafx-graphics/18/libprism_es2.dylib, 0x0001): tried: '/Users/karinasang/.m2/repository/
Event: 0.318 Loaded shared library /Users/karinasang/.openjfx/cache/18+12/libprism_es2.dylib
Event: 0.398 Loading shared library /Users/karinasang/.m2/repository/org/openjfx/javafx-graphics/18/libglass.dylib failed, dlopen(/Users/karinasang/.m2/repository/org/openjfx/javafx-graphics/18/libglass.dylib, 0x0001): tried: '/Users/karinasang/.m2/repository/org/open
Event: 0.437 Loaded shared library /Users/karinasang/.openjfx/cache/18+12/libglass.dylib
Event: 0.775 Loading shared library /Users/karinasang/.m2/repository/org/openjfx/javafx-graphics/18/libjavafx_font.dylib failed, dlopen(/Users/karinasang/.m2/repository/org/openjfx/javafx-graphics/18/libjavafx_font.dylib, 0x0001): tried: '/Users/karinasang/.m2/reposit
Event: 0.810 Loaded shared library /Users/karinasang/.openjfx/cache/18+12/libjavafx_font.dylib

Deoptimization events (20 events):
Event: 3.515 Thread 0x00000001330c4c00 Uncommon trap: trap_request=0xffffff45 fr.pc=0x0000000147bf9fe4 relative=0x00000000000003a4
Event: 3.515 Thread 0x00000001330c4c00 Uncommon trap: reason=unstable_if action=reinterpret pc=0x0000000147bf9fe4 method=com.sun.prism.impl.BaseGraphics.validateTransformAndPaint()V @ 20 c2
Event: 3.515 Thread 0x00000001330c4c00 DEOPT PACKING pc=0x0000000147bf9fe4 sp=0x000000016ff75870
Event: 3.515 Thread 0x00000001330c4c00 DEOPT UNPACKING pc=0x000000014758321c sp=0x000000016ff75820 mode 2
Event: 3.529 Thread 0x00000001331a2000 Uncommon trap: trap_request=0xffffff45 fr.pc=0x0000000147c12ce0 relative=0x00000000000001e0
Event: 3.529 Thread 0x00000001331a2000 Uncommon trap: reason=unstable_if action=reinterpret pc=0x0000000147c12ce0 method=com.sun.javafx.geom.transform.AffineBase.calculateType()I @ 369 c2
Event: 3.529 Thread 0x00000001331a2000 DEOPT PACKING pc=0x0000000147c12ce0 sp=0x000000016d2d8990
Event: 3.529 Thread 0x00000001331a2000 DEOPT UNPACKING pc=0x000000014758321c sp=0x000000016d2d88f0 mode 2
Event: 3.529 Thread 0x00000001331a2000 Uncommon trap: trap_request=0xffffffde fr.pc=0x0000000147c2d544 relative=0x0000000000000704
Event: 3.529 Thread 0x00000001331a2000 Uncommon trap: reason=class_check action=maybe_recompile pc=0x0000000147c2d544 method=javafx.scene.Node.getGeomBounds(Lcom/sun/javafx/geom/BaseBounds;Lcom/sun/javafx/geom/transform/BaseTransform;)Lcom/sun/javafx/geom/BaseBounds; @ 104 c2
Event: 3.529 Thread 0x00000001331a2000 DEOPT PACKING pc=0x0000000147c2d544 sp=0x000000016d2d8a10
Event: 3.529 Thread 0x00000001331a2000 DEOPT UNPACKING pc=0x000000014758321c sp=0x000000016d2d8930 mode 2
Event: 3.529 Thread 0x00000001331a2000 Uncommon trap: trap_request=0xffffffde fr.pc=0x0000000147c2d544 relative=0x0000000000000704
Event: 3.529 Thread 0x00000001331a2000 Uncommon trap: reason=class_check action=maybe_recompile pc=0x0000000147c2d544 method=javafx.scene.Node.getGeomBounds(Lcom/sun/javafx/geom/BaseBounds;Lcom/sun/javafx/geom/transform/BaseTransform;)Lcom/sun/javafx/geom/BaseBounds; @ 104 c2
Event: 3.529 Thread 0x00000001331a2000 DEOPT PACKING pc=0x0000000147c2d544 sp=0x000000016d2d8a10
Event: 3.529 Thread 0x00000001331a2000 DEOPT UNPACKING pc=0x000000014758321c sp=0x000000016d2d8930 mode 2
Event: 3.529 Thread 0x00000001331a2000 Uncommon trap: trap_request=0xffffffde fr.pc=0x0000000147c2d544 relative=0x0000000000000704
Event: 3.529 Thread 0x00000001331a2000 Uncommon trap: reason=class_check action=maybe_recompile pc=0x0000000147c2d544 method=javafx.scene.Node.getGeomBounds(Lcom/sun/javafx/geom/BaseBounds;Lcom/sun/javafx/geom/transform/BaseTransform;)Lcom/sun/javafx/geom/BaseBounds; @ 104 c2
Event: 3.529 Thread 0x00000001331a2000 DEOPT PACKING pc=0x0000000147c2d544 sp=0x000000016d2d8a10
Event: 3.529 Thread 0x00000001331a2000 DEOPT UNPACKING pc=0x000000014758321c sp=0x000000016d2d8930 mode 2

Classes loaded (20 events):
Event: 1.796 Loading class sun/util/locale/provider/TimeZoneNameUtility
Event: 1.796 Loading class sun/util/locale/provider/TimeZoneNameUtility done
Event: 1.796 Loading class sun/util/locale/provider/TimeZoneNameUtility$TimeZoneNameGetter
Event: 1.796 Loading class sun/util/locale/provider/TimeZoneNameUtility$TimeZoneNameGetter done
Event: 1.796 Loading class sun/util/cldr/CLDRTimeZoneNameProviderImpl
Event: 1.797 Loading class sun/util/locale/provider/TimeZoneNameProviderImpl
Event: 1.797 Loading class sun/util/locale/provider/TimeZoneNameProviderImpl done
Event: 1.797 Loading class sun/util/cldr/CLDRTimeZoneNameProviderImpl done
Event: 1.797 Loading class sun/util/locale/provider/BaseLocaleDataMetaInfo
Event: 1.797 Loading class sun/util/locale/provider/BaseLocaleDataMetaInfo done
Event: 1.798 Loading class sun/util/resources/cldr/TimeZoneNames
Event: 1.798 Loading class sun/util/resources/TimeZoneNamesBundle
Event: 1.798 Loading class sun/util/resources/OpenListResourceBundle
Event: 1.798 Loading class sun/util/resources/OpenListResourceBundle done
Event: 1.798 Loading class sun/util/resources/TimeZoneNamesBundle done
Event: 1.798 Loading class sun/util/resources/cldr/TimeZoneNames done
Event: 1.798 Loading class sun/util/resources/cldr/TimeZoneNames_en
Event: 1.799 Loading class sun/util/resources/cldr/TimeZoneNames_en done
Event: 1.799 Loading class sun/util/resources/cldr/TimeZoneNames_en_US
Event: 1.799 Loading class sun/util/resources/cldr/TimeZoneNames_en_US done

Classes unloaded (0 events):
No events

Classes redefined (0 events):
No events

Internal exceptions (20 events):
Event: 1.211 Thread 0x0000000122301e00 Exception <a 'java/lang/NoSuchMethodError'{0x0000000785d43958}: 'int java.lang.invoke.DirectMethodHandle$Holder.invokeSpecial(java.lang.Object, java.lang.Object, int)'> (0x0000000785d43958) 
thrown [open/src/hotspot/share/interpreter/linkResolver.cpp, line 774]
Event: 1.211 Thread 0x0000000122301e00 Exception <a 'java/lang/NoSuchMethodError'{0x0000000785d58378}: 'int java.lang.invoke.DirectMethodHandle$Holder.invokeSpecial(java.lang.Object, java.lang.Object, java.lang.Object, int)'> (0x0000000785d58378) 
thrown [open/src/hotspot/share/interpreter/linkResolver.cpp, line 774]
Event: 1.212 Thread 0x0000000122301e00 Exception <a 'java/lang/NoSuchMethodError'{0x0000000785d6a768}: 'java.lang.Object java.lang.invoke.DirectMethodHandle$Holder.invokeStatic(java.lang.Object, java.lang.Object, java.lang.Object, java.lang.Object, int)'> (0x0000000785d6a768) 
thrown [open/src/hotspot/share/interpreter/linkResolver.cpp, line 774]
Event: 1.242 Thread 0x0000000122301e00 Exception <a 'java/lang/NoSuchMethodError'{0x0000000785ca24c0}: 'java.lang.Object java.lang.invoke.DirectMethodHandle$Holder.invokeSpecial(java.lang.Object, java.lang.Object, java.lang.Object, int, java.lang.Object)'> (0x0000000785ca24c0) 
thrown [open/src/hotspot/share/interpreter/linkResolver.cpp, line 774]
Event: 1.242 Thread 0x0000000122301e00 Exception <a 'java/lang/NoSuchMethodError'{0x0000000785ca5ea8}: 'java.lang.Object java.lang.invoke.Invokers$Holder.linkToTargetMethod(java.lang.Object, int, java.lang.Object, java.lang.Object)'> (0x0000000785ca5ea8) 
thrown [open/src/hotspot/share/interpreter/linkResolver.cpp, line 774]
Event: 1.246 Thread 0x0000000122301e00 Exception <a 'java/lang/NoSuchMethodError'{0x0000000785cc5bf0}: 'long java.lang.invoke.Invokers$Holder.invokeExact_MT(java.lang.Object, java.lang.Object)'> (0x0000000785cc5bf0) 
thrown [open/src/hotspot/share/interpreter/linkResolver.cpp, line 774]
Event: 1.265 Thread 0x0000000122301e00 Exception <a 'java/lang/NoSuchMethodError'{0x0000000785aaf238}: 'void java.lang.invoke.DirectMethodHandle$Holder.invokeStatic(java.lang.Object, double)'> (0x0000000785aaf238) 
thrown [open/src/hotspot/share/interpreter/linkResolver.cpp, line 774]
Event: 1.269 Thread 0x0000000122343400 Exception <a 'java/lang/NoSuchMethodError'{0x0000000785ae0b40}: 'java.lang.Object java.lang.invoke.DirectMethodHandle$Holder.newInvokeSpecial(java.lang.Object, java.lang.Object, java.lang.Object, java.lang.Object, java.lang.Object, java.lang.Object)'> (0x0000000785ae0b40) 
thrown [open/src/hotspot/share/interpreter/linkResolver.cpp, line 774]
Event: 1.298 Thread 0x0000000122343400 Exception <a 'java/lang/NoSuchMethodError'{0x00000007857d7be8}: 'java.lang.Object java.lang.invoke.DirectMethodHandle$Holder.invokeVirtual(java.lang.Object, java.lang.Object, java.lang.Object)'> (0x00000007857d7be8) 
thrown [open/src/hotspot/share/interpreter/linkResolver.cpp, line 774]
Event: 1.325 Thread 0x00000001331a2000 Exception <a 'java/lang/NoSuchMethodError'{0x0000000787e80920}: 'long java.lang.invoke.DirectMethodHandle$Holder.invokeStatic(java.lang.Object, java.lang.Object, java.lang.Object)'> (0x0000000787e80920) 
thrown [open/src/hotspot/share/interpreter/linkResolver.cpp, line 774]
Event: 1.326 Thread 0x00000001331a2000 Exception <a 'java/lang/NoSuchMethodError'{0x0000000787e83f98}: 'long java.lang.invoke.DirectMethodHandle$Holder.invokeStaticInit(java.lang.Object, java.lang.Object, java.lang.Object)'> (0x0000000787e83f98) 
thrown [open/src/hotspot/share/interpreter/linkResolver.cpp, line 774]
Event: 1.326 Thread 0x00000001331a2000 Exception <a 'java/lang/NoSuchMethodError'{0x0000000787e9c7b0}: 'java.lang.Object java.lang.invoke.DirectMethodHandle$Holder.newInvokeSpecial(java.lang.Object, java.lang.Object, long)'> (0x0000000787e9c7b0) 
thrown [open/src/hotspot/share/interpreter/linkResolver.cpp, line 774]
Event: 1.326 Thread 0x00000001331a2000 Exception <a 'java/lang/NoSuchMethodError'{0x0000000787ea0088}: 'java.lang.Object java.lang.invoke.Invokers$Holder.linkToTargetMethod(java.lang.Object, long, java.lang.Object)'> (0x0000000787ea0088) 
thrown [open/src/hotspot/share/interpreter/linkResolver.cpp, line 774]
Event: 1.333 Thread 0x00000001331a2000 Exception <a 'java/lang/NoSuchMethodError'{0x0000000787d4a640}: 'void java.lang.invoke.DirectMethodHandle$Holder.invokeSpecial(java.lang.Object, java.lang.Object, java.lang.Object, java.lang.Object, java.lang.Object)'> (0x0000000787d4a640) 
thrown [open/src/hotspot/share/interpreter/linkResolver.cpp, line 774]
Event: 1.334 Thread 0x00000001331a2000 Exception <a 'java/lang/NoSuchMethodError'{0x0000000787d98720}: 'java.lang.Object java.lang.invoke.DirectMethodHandle$Holder.invokeInterface(java.lang.Object, java.lang.Object, java.lang.Object)'> (0x0000000787d98720) 
thrown [open/src/hotspot/share/interpreter/linkResolver.cpp, line 774]
Event: 1.334 Thread 0x00000001331a2000 Exception <a 'java/lang/IncompatibleClassChangeError'{0x0000000787d9bdf0}: Found class java.lang.Object, but interface was expected> (0x0000000787d9bdf0) 
thrown [open/src/hotspot/share/interpreter/linkResolver.cpp, line 841]
Event: 1.799 Thread 0x0000000131a1fe00 Exception <a 'java/lang/NoSuchMethodError'{0x000000078323f580}: 'java.lang.Object java.lang.invoke.Invokers$Holder.invokeExact_MT(java.lang.Object, java.lang.Object, java.lang.Object, java.lang.Object, java.lang.Object, java.lang.Object)'> (0x000000078323f580) 
thrown [open/src/hotspot/share/interpreter/linkResolver.cpp, line 774]
Event: 2.891 Thread 0x00000001331a2000 Exception <a 'java/lang/NoSuchMethodError'{0x00000007830eed20}: 'java.lang.Object java.lang.invoke.DirectMethodHandle$Holder.newInvokeSpecial(java.lang.Object, java.lang.Object, int, int, int, int, int, java.lang.Object)'> (0x00000007830eed20) 
thrown [open/src/hotspot/share/interpreter/linkResolver.cpp, line 774]
Event: 2.892 Thread 0x00000001331a2000 Exception <a 'java/lang/NoSuchMethodError'{0x0000000782f026b8}: 'java.lang.Object java.lang.invoke.DirectMethodHandle$Holder.newInvokeSpecial(java.lang.Object, java.lang.Object, java.lang.Object, int, int, int, int, int)'> (0x0000000782f026b8) 
thrown [open/src/hotspot/share/interpreter/linkResolver.cpp, line 774]
Event: 2.892 Thread 0x00000001331a2000 Exception <a 'java/lang/NoSuchMethodError'{0x0000000782f09f28}: 'java.lang.Object java.lang.invoke.Invokers$Holder.linkToTargetMethod(java.lang.Object, java.lang.Object, int, int, int, int, int, java.lang.Object)'> (0x0000000782f09f28) 
thrown [open/src/hotspot/share/interpreter/linkResolver.cpp, line 774]

VM Operations (20 events):
Event: 1.384 Executing VM operation: G1PauseRemark
Event: 1.385 Executing VM operation: G1PauseRemark done
Event: 1.388 Executing VM operation: G1PauseCleanup
Event: 1.389 Executing VM operation: G1PauseCleanup done
Event: 1.523 Executing VM operation: ICBufferFull
Event: 1.523 Executing VM operation: ICBufferFull done
Event: 1.600 Executing VM operation: HandshakeAllThreads
Event: 1.600 Executing VM operation: HandshakeAllThreads done
Event: 1.603 Executing VM operation: HandshakeAllThreads
Event: 1.603 Executing VM operation: HandshakeAllThreads done
Event: 1.907 Executing VM operation: ICBufferFull
Event: 1.907 Executing VM operation: ICBufferFull done
Event: 2.690 Executing VM operation: ICBufferFull
Event: 2.690 Executing VM operation: ICBufferFull done
Event: 3.473 Executing VM operation: ICBufferFull
Event: 3.473 Executing VM operation: ICBufferFull done
Event: 3.514 Executing VM operation: HandshakeAllThreads
Event: 3.514 Executing VM operation: HandshakeAllThreads done
Event: 3.528 Executing VM operation: ICBufferFull
Event: 3.528 Executing VM operation: ICBufferFull done

Events (20 events):
Event: 1.252 Thread 0x000000012233d000 Thread added: 0x000000012233d000
Event: 1.252 Protecting memory [0x0000000287a98000,0x0000000287aa4000] with protection modes 0
Event: 1.252 Thread 0x0000000122343400 Thread added: 0x0000000122343400
Event: 1.252 Protecting memory [0x0000000287ca4000,0x0000000287cb0000] with protection modes 0
Event: 1.273 Protecting memory [0x0000000280210000,0x000000028021c000] with protection modes 3
Event: 1.273 Thread 0x0000000121a7ea00 Thread exited: 0x0000000121a7ea00
Event: 1.306 Protecting memory [0x0000000280210000,0x000000028021c000] with protection modes 0
Event: 1.306 Thread 0x00000001319d6c00 Thread added: 0x00000001319d6c00
Event: 1.351 Thread 0x0000000121a57c00 Thread added: 0x0000000121a57c00
Event: 1.351 Protecting memory [0x00000002882c8000,0x00000002882d4000] with protection modes 0
Event: 1.511 Thread 0x000000012237c800 Thread added: 0x000000012237c800
Event: 1.511 Protecting memory [0x00000002886e0000,0x00000002886ec000] with protection modes 0
Event: 1.512 Protecting memory [0x00000002886e0000,0x00000002886ec000] with protection modes 3
Event: 1.512 Thread 0x000000012237c800 Thread exited: 0x000000012237c800
Event: 1.602 Thread 0x0000000121b38400 Thread added: 0x0000000121b38400
Event: 1.602 Protecting memory [0x00000002886e0000,0x00000002886ec000] with protection modes 0
Event: 1.603 Thread 0x000000013324be00 Thread added: 0x000000013324be00
Event: 1.603 Protecting memory [0x00000002888ec000,0x00000002888f8000] with protection modes 0
Event: 1.688 Thread 0x0000000131a1fe00 Thread added: 0x0000000131a1fe00
Event: 1.688 Protecting memory [0x0000000288af8000,0x0000000288b04000] with protection modes 0


Dynamic libraries:
0x0000000102bdc000 	/Library/Java/JavaVirtualMachines/jdk-19.jdk/Contents/Home/lib/libjli.dylib
0x00000001a7ed4000 	/System/Library/Frameworks/Cocoa.framework/Versions/A/Cocoa
0x0000000193def000 	/System/Library/Frameworks/AppKit.framework/Versions/C/AppKit
0x0000000196789000 	/System/Library/Frameworks/CoreData.framework/Versions/A/CoreData
0x0000000191a7b000 	/System/Library/Frameworks/Foundation.framework/Versions/C/Foundation
0x000000019c10d000 	/usr/lib/libSystem.B.dylib
0x0000000194cf7000 	/System/Library/PrivateFrameworks/UIFoundation.framework/Versions/A/UIFoundation
0x00000001fb797000 	/System/Library/PrivateFrameworks/CollectionViewCore.framework/Versions/A/CollectionViewCore
0x00000001a2395000 	/System/Library/PrivateFrameworks/RemoteViewServices.framework/Versions/A/RemoteViewServices
0x000000019a55d000 	/System/Library/PrivateFrameworks/XCTTargetBootstrap.framework/Versions/A/XCTTargetBootstrap
0x000000019de9f000 	/System/Library/PrivateFrameworks/InternationalSupport.framework/Versions/A/InternationalSupport
0x000000019df26000 	/System/Library/PrivateFrameworks/UserActivity.framework/Versions/A/UserActivity
0x0000000212360000 	/System/Library/PrivateFrameworks/WindowManagement.framework/Versions/A/WindowManagement
0x0000000191745000 	/System/Library/Frameworks/SystemConfiguration.framework/Versions/A/SystemConfiguration
0x000000019d3a4000 	/usr/lib/libspindump.dylib
0x0000000194e9c000 	/System/Library/Frameworks/UniformTypeIdentifiers.framework/Versions/A/UniformTypeIdentifiers
0x0000000198888000 	/usr/lib/libapp_launch_measurement.dylib
0x0000000197d3a000 	/System/Library/PrivateFrameworks/CoreAnalytics.framework/Versions/A/CoreAnalytics
0x000000019888f000 	/System/Library/PrivateFrameworks/CoreAutoLayout.framework/Versions/A/CoreAutoLayout
0x0000000199d7f000 	/System/Library/Frameworks/Metal.framework/Versions/A/Metal
0x000000019acb4000 	/usr/lib/liblangid.dylib
0x000000019a563000 	/System/Library/PrivateFrameworks/CoreSVG.framework/Versions/A/CoreSVG
0x00000001957bd000 	/System/Library/PrivateFrameworks/SkyLight.framework/Versions/A/SkyLight
0x0000000195bd4000 	/System/Library/Frameworks/CoreGraphics.framework/Versions/A/CoreGraphics
0x00000001a2a64000 	/System/Library/Frameworks/Accelerate.framework/Versions/A/Accelerate
0x000000019ce12000 	/System/Library/PrivateFrameworks/IconServices.framework/Versions/A/IconServices
0x0000000199d5f000 	/System/Library/Frameworks/IOSurface.framework/Versions/A/IOSurface
0x0000000197d67000 	/usr/lib/libDiagnosticMessagesClient.dylib
0x000000019c053000 	/usr/lib/libz.1.dylib
0x00000001a5cc0000 	/System/Library/Frameworks/ApplicationServices.framework/Versions/A/ApplicationServices
0x000000019a545000 	/System/Library/PrivateFrameworks/DFRFoundation.framework/Versions/A/DFRFoundation
0x000000019366d000 	/usr/lib/libicucore.A.dylib
0x000000019ee2e000 	/System/Library/Frameworks/AudioToolbox.framework/Versions/A/AudioToolbox
0x000000019deaa000 	/System/Library/PrivateFrameworks/DataDetectorsCore.framework/Versions/A/DataDetectorsCore
0x00000001b4eb6000 	/System/Library/PrivateFrameworks/TextInput.framework/Versions/A/TextInput
0x0000000195722000 	/usr/lib/libMobileGestalt.dylib
0x000000019a211000 	/System/Library/Frameworks/Carbon.framework/Versions/A/Frameworks/HIToolbox.framework/Versions/A/HIToolbox
0x0000000198212000 	/System/Library/Frameworks/QuartzCore.framework/Versions/A/QuartzCore
0x00000001932ca000 	/System/Library/Frameworks/Security.framework/Versions/A/Security
0x00000001a23d5000 	/System/Library/Frameworks/Carbon.framework/Versions/A/Frameworks/SpeechRecognition.framework/Versions/A/SpeechRecognition
0x00000001985c7000 	/System/Library/PrivateFrameworks/CoreUI.framework/Versions/A/CoreUI
0x0000000192bea000 	/System/Library/Frameworks/CoreAudio.framework/Versions/A/CoreAudio
0x0000000197e43000 	/System/Library/Frameworks/DiskArbitration.framework/Versions/A/DiskArbitration
0x000000019d7d7000 	/System/Library/PrivateFrameworks/MultitouchSupport.framework/Versions/A/MultitouchSupport
0x0000000195720000 	/usr/lib/libenergytrace.dylib
0x0000000193cb2000 	/System/Library/Frameworks/IOKit.framework/Versions/A/IOKit
0x00000001a27b8000 	/System/Library/Frameworks/CoreServices.framework/Versions/A/CoreServices
0x0000000198815000 	/System/Library/PrivateFrameworks/PerformanceAnalysis.framework/Versions/A/PerformanceAnalysis
0x00000001dee39000 	/System/Library/Frameworks/OpenGL.framework/Versions/A/OpenGL
0x00000001988d9000 	/usr/lib/libxml2.2.dylib
0x000000019b681000 	/System/Library/PrivateFrameworks/MobileKeyBag.framework/Versions/A/MobileKeyBag
0x000000019077c000 	/usr/lib/libobjc.A.dylib
0x0000000190a33000 	/usr/lib/libc++.1.dylib
0x000000019621e000 	/System/Library/Frameworks/ColorSync.framework/Versions/A/ColorSync
0x0000000190b50000 	/System/Library/Frameworks/CoreFoundation.framework/Versions/A/CoreFoundation
0x000000019a8db000 	/System/Library/Frameworks/CoreImage.framework/Versions/A/CoreImage
0x0000000192a0b000 	/System/Library/Frameworks/CoreText.framework/Versions/A/CoreText
0x000000019a59c000 	/System/Library/Frameworks/ImageIO.framework/Versions/A/ImageIO
0x000000019c113000 	/System/Library/PrivateFrameworks/SoftLinking.framework/Versions/A/SoftLinking
0x000000019c3a6000 	/usr/lib/libcompression.dylib
0x000000019ddfb000 	/System/Library/PrivateFrameworks/TextureIO.framework/Versions/A/TextureIO
0x000000019cae4000 	/usr/lib/libate.dylib
0x000000019c107000 	/usr/lib/system/libcache.dylib
0x000000019c0c0000 	/usr/lib/system/libcommonCrypto.dylib
0x000000019c0ee000 	/usr/lib/system/libcompiler_rt.dylib
0x000000019c0e4000 	/usr/lib/system/libcopyfile.dylib
0x00000001908af000 	/usr/lib/system/libcorecrypto.dylib
0x0000000190967000 	/usr/lib/system/libdispatch.dylib
0x0000000190af8000 	/usr/lib/system/libdyld.dylib
0x000000019c0fd000 	/usr/lib/system/libkeymgr.dylib
0x000000019c09e000 	/usr/lib/system/libmacho.dylib
0x000000019b77a000 	/usr/lib/system/libquarantine.dylib
0x000000019c0fa000 	/usr/lib/system/libremovefile.dylib
0x0000000195787000 	/usr/lib/system/libsystem_asl.dylib
0x000000019084d000 	/usr/lib/system/libsystem_blocks.dylib
0x00000001909b2000 	/usr/lib/system/libsystem_c.dylib
0x000000019c0f2000 	/usr/lib/system/libsystem_collections.dylib
0x000000019aca3000 	/usr/lib/system/libsystem_configuration.dylib
0x0000000199d2d000 	/usr/lib/system/libsystem_containermanager.dylib
0x000000019bdaf000 	/usr/lib/system/libsystem_coreservices.dylib
0x0000000193924000 	/usr/lib/system/libsystem_darwin.dylib
0x000000019c0fe000 	/usr/lib/system/libsystem_dnssd.dylib
0x00000001909af000 	/usr/lib/system/libsystem_featureflags.dylib
0x0000000190b24000 	/usr/lib/system/libsystem_info.dylib
0x000000019c065000 	/usr/lib/system/libsystem_m.dylib
0x000000019093b000 	/usr/lib/system/libsystem_malloc.dylib
0x0000000195707000 	/usr/lib/system/libsystem_networkextension.dylib
0x0000000193d8e000 	/usr/lib/system/libsystem_notify.dylib
0x000000019aca8000 	/usr/lib/system/libsystem_sandbox.dylib
0x000000019c0f7000 	/usr/lib/system/libsystem_secinit.dylib
0x0000000190ab2000 	/usr/lib/system/libsystem_kernel.dylib
0x0000000190b1c000 	/usr/lib/system/libsystem_platform.dylib
0x0000000190aeb000 	/usr/lib/system/libsystem_pthread.dylib
0x0000000196f56000 	/usr/lib/system/libsystem_symptoms.dylib
0x0000000190895000 	/usr/lib/system/libsystem_trace.dylib
0x000000019c0d1000 	/usr/lib/system/libunwind.dylib
0x0000000190852000 	/usr/lib/system/libxpc.dylib
0x0000000190a9a000 	/usr/lib/libc++abi.dylib
0x000000019c0dc000 	/usr/lib/liboah.dylib
0x000000019c9a3000 	/usr/lib/liblzma.5.dylib
0x000000019c10f000 	/usr/lib/libfakelink.dylib
0x0000000195347000 	/System/Library/Frameworks/CFNetwork.framework/Versions/A/CFNetwork
0x000000019c24e000 	/usr/lib/libarchive.2.dylib
0x00000001a0722000 	/System/Library/Frameworks/Combine.framework/Versions/A/Combine
0x000000019e7f8000 	/usr/lib/swift/libswiftCore.dylib
0x00000001b1fba000 	/usr/lib/swift/libswiftCoreFoundation.dylib
0x00000001afeba000 	/usr/lib/swift/libswiftDarwin.dylib
0x00000001a3cd4000 	/usr/lib/swift/libswiftDispatch.dylib
0x00000001b1fdb000 	/usr/lib/swift/libswiftIOKit.dylib
0x00000001a60db000 	/usr/lib/swift/libswiftObjectiveC.dylib
0x00000001b1fce000 	/usr/lib/swift/libswiftXPC.dylib
0x0000000218b43000 	/usr/lib/swift/libswift_Concurrency.dylib
0x0000000218c95000 	/usr/lib/swift/libswift_StringProcessing.dylib
0x00000001a60df000 	/usr/lib/swift/libswiftos.dylib
0x0000000193c37000 	/System/Library/PrivateFrameworks/CoreServicesInternal.framework/Versions/A/CoreServicesInternal
0x000000019b7a5000 	/usr/lib/libbsm.0.dylib
0x000000019c0a4000 	/usr/lib/system/libkxld.dylib
0x0000000198851000 	/System/Library/Frameworks/CoreServices.framework/Versions/A/Frameworks/FSEvents.framework/Versions/A/FSEvents
0x000000019392f000 	/System/Library/Frameworks/CoreServices.framework/Versions/A/Frameworks/CarbonCore.framework/Versions/A/CarbonCore
0x0000000197daa000 	/System/Library/Frameworks/CoreServices.framework/Versions/A/Frameworks/Metadata.framework/Versions/A/Metadata
0x000000019bdb5000 	/System/Library/Frameworks/CoreServices.framework/Versions/A/Frameworks/OSServices.framework/Versions/A/OSServices
0x000000019c2d5000 	/System/Library/Frameworks/CoreServices.framework/Versions/A/Frameworks/SearchKit.framework/Versions/A/SearchKit
0x0000000196ed9000 	/System/Library/Frameworks/CoreServices.framework/Versions/A/Frameworks/AE.framework/Versions/A/AE
0x0000000191028000 	/System/Library/Frameworks/CoreServices.framework/Versions/A/Frameworks/LaunchServices.framework/Versions/A/LaunchServices
0x000000019c94c000 	/System/Library/Frameworks/CoreServices.framework/Versions/A/Frameworks/DictionaryServices.framework/Versions/A/DictionaryServices
0x000000019885e000 	/System/Library/Frameworks/CoreServices.framework/Versions/A/Frameworks/SharedFileList.framework/Versions/A/SharedFileList
0x000000019c374000 	/usr/lib/libapple_nghttp2.dylib
0x0000000195343000 	/usr/lib/libnetwork.dylib
0x0000000196b5e000 	/usr/lib/libsqlite3.dylib
0x0000000196f5f000 	/System/Library/Frameworks/Network.framework/Versions/A/Network
0x0000000217cc9000 	/usr/lib/libCoreEntitlements.dylib
0x0000000204bd6000 	/System/Library/PrivateFrameworks/MessageSecurity.framework/Versions/A/MessageSecurity
0x0000000196b44000 	/System/Library/PrivateFrameworks/ProtocolBuffer.framework/Versions/A/ProtocolBuffer
0x000000019bd91000 	/System/Library/PrivateFrameworks/AppleFSCompression.framework/Versions/A/AppleFSCompression
0x000000019b78d000 	/usr/lib/libcoretls.dylib
0x000000019c9bc000 	/usr/lib/libcoretls_cfhelpers.dylib
0x000000019c3a1000 	/usr/lib/libpam.2.dylib
0x000000019ca22000 	/usr/lib/libxar.1.dylib
0x000000019cded000 	/usr/lib/libheimdal-asn1.dylib
0x000000019c114000 	/usr/lib/libpcap.A.dylib
0x0000000196f4c000 	/usr/lib/libdns_services.dylib
0x000000019acb0000 	/System/Library/PrivateFrameworks/AppleSystemInfo.framework/Versions/A/AppleSystemInfo
0x000000019b482000 	/System/Library/PrivateFrameworks/IOMobileFramebuffer.framework/Versions/A/IOMobileFramebuffer
0x000000019bda2000 	/usr/lib/libbz2.1.0.dylib
0x000000019b77d000 	/usr/lib/libCheckFix.dylib
0x000000019579f000 	/System/Library/PrivateFrameworks/TCC.framework/Versions/A/TCC
0x000000019acb6000 	/System/Library/PrivateFrameworks/CoreNLP.framework/Versions/A/CoreNLP
0x0000000197d69000 	/System/Library/PrivateFrameworks/MetadataUtilities.framework/Versions/A/MetadataUtilities
0x000000019b7b6000 	/usr/lib/libmecab.dylib
0x00000001917cf000 	/usr/lib/libCRFSuite.dylib
0x000000019b813000 	/usr/lib/libgermantok.dylib
0x000000019c34d000 	/usr/lib/libThaiTokenizer.dylib
0x0000000197e4c000 	/System/Library/Frameworks/Accelerate.framework/Versions/A/Frameworks/vImage.framework/Versions/A/vImage
0x00000001a278f000 	/System/Library/Frameworks/Accelerate.framework/Versions/A/Frameworks/vecLib.framework/Versions/A/vecLib
0x000000019ca68000 	/System/Library/Frameworks/Accelerate.framework/Versions/A/Frameworks/vecLib.framework/Versions/A/libvMisc.dylib
0x000000019b382000 	/System/Library/Frameworks/Accelerate.framework/Versions/A/Frameworks/vecLib.framework/Versions/A/libvDSP.dylib
0x00000001913db000 	/System/Library/Frameworks/Accelerate.framework/Versions/A/Frameworks/vecLib.framework/Versions/A/libBLAS.dylib
0x000000019c478000 	/System/Library/Frameworks/Accelerate.framework/Versions/A/Frameworks/vecLib.framework/Versions/A/libLAPACK.dylib
0x000000019b816000 	/System/Library/Frameworks/Accelerate.framework/Versions/A/Frameworks/vecLib.framework/Versions/A/libLinearAlgebra.dylib
0x000000019c38c000 	/System/Library/Frameworks/Accelerate.framework/Versions/A/Frameworks/vecLib.framework/Versions/A/libSparseBLAS.dylib
0x000000019c473000 	/System/Library/Frameworks/Accelerate.framework/Versions/A/Frameworks/vecLib.framework/Versions/A/libQuadrature.dylib
0x000000019adaf000 	/System/Library/Frameworks/Accelerate.framework/Versions/A/Frameworks/vecLib.framework/Versions/A/libBNNS.dylib
0x00000001916de000 	/System/Library/Frameworks/Accelerate.framework/Versions/A/Frameworks/vecLib.framework/Versions/A/libSparse.dylib
0x0000000203f42000 	/System/Library/PrivateFrameworks/MIL.framework/Versions/A/MIL
0x000000019c149000 	/usr/lib/libiconv.2.dylib
0x000000019c09d000 	/usr/lib/libcharset.1.dylib
0x0000000198831000 	/System/Library/Frameworks/OpenDirectory.framework/Versions/A/Frameworks/CFOpenDirectory.framework/Versions/A/CFOpenDirectory
0x0000000198821000 	/System/Library/Frameworks/OpenDirectory.framework/Versions/A/OpenDirectory
0x000000019c9be000 	/System/Library/PrivateFrameworks/APFS.framework/Versions/A/APFS
0x000000019b6b8000 	/System/Library/Frameworks/SecurityFoundation.framework/Versions/A/SecurityFoundation
0x000000019ca31000 	/usr/lib/libutil.dylib
0x000000020303a000 	/System/Library/PrivateFrameworks/InstalledContentLibrary.framework/Versions/A/InstalledContentLibrary
0x0000000193c75000 	/System/Library/PrivateFrameworks/CoreServicesStore.framework/Versions/A/CoreServicesStore
0x00000001fa10e000 	/System/Library/PrivateFrameworks/AppleMobileFileIntegrity.framework/Versions/A/AppleMobileFileIntegrity
0x00000001b1f99000 	/usr/lib/libmis.dylib
0x00000001bfd9c000 	/System/Library/PrivateFrameworks/MobileSystemServices.framework/Versions/A/MobileSystemServices
0x00000001da179000 	/System/Library/PrivateFrameworks/ConfigProfileHelper.framework/Versions/A/ConfigProfileHelper
0x000000019c34f000 	/System/Library/PrivateFrameworks/AppleSauce.framework/Versions/A/AppleSauce
0x00000001924b4000 	/System/Library/PrivateFrameworks/LanguageModeling.framework/Versions/A/LanguageModeling
0x000000019ca35000 	/usr/lib/libxslt.1.dylib
0x000000019c23c000 	/usr/lib/libcmph.dylib
0x000000019b46f000 	/System/Library/PrivateFrameworks/CoreEmoji.framework/Versions/A/CoreEmoji
0x000000019ada9000 	/System/Library/PrivateFrameworks/LinguisticData.framework/Versions/A/LinguisticData
0x0000000191696000 	/System/Library/PrivateFrameworks/Lexicon.framework/Versions/A/Lexicon
0x000000019b74b000 	/System/Library/PrivateFrameworks/BackgroundTaskManagement.framework/Versions/A/BackgroundTaskManagement
0x0000000217e68000 	/usr/lib/libTLE.dylib
0x0000000218be0000 	/usr/lib/swift/libswift_RegexParser.dylib
0x000000019d69c000 	/System/Library/PrivateFrameworks/AppleJPEG.framework/Versions/A/AppleJPEG
0x000000019cdd2000 	/usr/lib/libexpat.1.dylib
0x000000019dc5d000 	/System/Library/Frameworks/ImageIO.framework/Versions/A/Resources/libPng.dylib
0x000000019dc88000 	/System/Library/Frameworks/ImageIO.framework/Versions/A/Resources/libTIFF.dylib
0x000000019dd71000 	/System/Library/Frameworks/ImageIO.framework/Versions/A/Resources/libGIF.dylib
0x000000019d6e1000 	/System/Library/Frameworks/ImageIO.framework/Versions/A/Resources/libJP2.dylib
0x000000019dd15000 	/System/Library/Frameworks/ImageIO.framework/Versions/A/Resources/libJPEG.dylib
0x000000019dd0c000 	/System/Library/Frameworks/ImageIO.framework/Versions/A/Resources/libRadiance.dylib
0x000000019a09a000 	/System/Library/PrivateFrameworks/FontServices.framework/libFontParser.dylib
0x0000000196e7b000 	/System/Library/PrivateFrameworks/RunningBoardServices.framework/Versions/A/RunningBoardServices
0x00000001a85fd000 	/System/Library/PrivateFrameworks/IOSurfaceAccelerator.framework/Versions/A/IOSurfaceAccelerator
0x000000019d7d3000 	/System/Library/PrivateFrameworks/WatchdogClient.framework/Versions/A/WatchdogClient
0x000000019262d000 	/System/Library/Frameworks/CoreDisplay.framework/Versions/A/CoreDisplay
0x0000000199f75000 	/System/Library/Frameworks/CoreMedia.framework/Versions/A/CoreMedia
0x0000000199d75000 	/System/Library/PrivateFrameworks/IOAccelerator.framework/Versions/A/IOAccelerator
0x00000001989c2000 	/System/Library/Frameworks/CoreVideo.framework/Versions/A/CoreVideo
0x000000019c39f000 	/System/Library/Frameworks/MetalPerformanceShaders.framework/Versions/A/MetalPerformanceShaders
0x000000019d812000 	/System/Library/Frameworks/VideoToolbox.framework/Versions/A/VideoToolbox
0x0000000196dbf000 	/System/Library/PrivateFrameworks/BaseBoard.framework/Versions/A/BaseBoard
0x000000019dd07000 	/System/Library/PrivateFrameworks/GPUWrangler.framework/Versions/A/GPUWrangler
0x000000019dce7000 	/System/Library/PrivateFrameworks/IOPresentment.framework/Versions/A/IOPresentment
0x000000019dd0f000 	/System/Library/PrivateFrameworks/DSExternalDisplay.framework/Versions/A/DSExternalDisplay
0x00000001ff894000 	/System/Library/PrivateFrameworks/GPUCompiler.framework/Versions/31001/Libraries/libllvm-flatbuffers.dylib
0x00000001dee2c000 	/System/Library/Frameworks/OpenGL.framework/Versions/A/Libraries/libCoreFSCache.dylib
0x00000001ff890000 	/System/Library/PrivateFrameworks/GPUCompiler.framework/Versions/31001/Libraries/libGPUCompilerUtils.dylib
0x000000019dd77000 	/System/Library/PrivateFrameworks/CMCaptureCore.framework/Versions/A/CMCaptureCore
0x00000001f43c1000 	/System/Library/Frameworks/ExtensionFoundation.framework/Versions/A/ExtensionFoundation
0x00000001a4479000 	/System/Library/PrivateFrameworks/CoreTime.framework/Versions/A/CoreTime
0x000000019d38f000 	/System/Library/PrivateFrameworks/AppServerSupport.framework/Versions/A/AppServerSupport
0x000000019f710000 	/System/Library/PrivateFrameworks/perfdata.framework/Versions/A/perfdata
0x000000019274d000 	/System/Library/PrivateFrameworks/AudioToolboxCore.framework/Versions/A/AudioToolboxCore
0x0000000199f4b000 	/System/Library/PrivateFrameworks/caulk.framework/Versions/A/caulk
0x000000019efcd000 	/usr/lib/libAudioStatistics.dylib
0x00000001b13d5000 	/System/Library/PrivateFrameworks/SystemPolicy.framework/Versions/A/SystemPolicy
0x000000019f26f000 	/usr/lib/libSMC.dylib
0x00000001a7da9000 	/System/Library/Frameworks/CoreMIDI.framework/Versions/A/CoreMIDI
0x000000019dc2a000 	/usr/lib/libAudioToolboxUtility.dylib
0x00000001ad18d000 	/System/Library/PrivateFrameworks/OSAServicesClient.framework/Versions/A/OSAServicesClient
0x000000019f71d000 	/usr/lib/libperfcheck.dylib
0x000000019ccbd000 	/System/Library/PrivateFrameworks/PlugInKit.framework/Versions/A/PlugInKit
0x000000019b6aa000 	/System/Library/PrivateFrameworks/AssertionServices.framework/Versions/A/AssertionServices
0x00000001dee8e000 	/System/Library/Frameworks/OpenGL.framework/Versions/A/Libraries/libGLU.dylib
0x00000001dee4d000 	/System/Library/Frameworks/OpenGL.framework/Versions/A/Libraries/libGFXShared.dylib
0x00000001df034000 	/System/Library/Frameworks/OpenGL.framework/Versions/A/Libraries/libGL.dylib
0x00000001dee56000 	/System/Library/Frameworks/OpenGL.framework/Versions/A/Libraries/libGLImage.dylib
0x00000001dee4a000 	/System/Library/Frameworks/OpenGL.framework/Versions/A/Libraries/libCVMSPluginSupport.dylib
0x0000000217e47000 	/usr/lib/libRosetta.dylib
0x00000001dee33000 	/System/Library/Frameworks/OpenGL.framework/Versions/A/Libraries/libCoreVMClient.dylib
0x000000019ac2d000 	/System/Library/Frameworks/MetalPerformanceShaders.framework/Versions/A/Frameworks/MPSCore.framework/Versions/A/MPSCore
0x000000019bd07000 	/System/Library/Frameworks/MetalPerformanceShaders.framework/Versions/A/Frameworks/MPSImage.framework/Versions/A/MPSImage
0x000000019b82b000 	/System/Library/Frameworks/MetalPerformanceShaders.framework/Versions/A/Frameworks/MPSNeuralNetwork.framework/Versions/A/MPSNeuralNetwork
0x000000019bc17000 	/System/Library/Frameworks/MetalPerformanceShaders.framework/Versions/A/Frameworks/MPSMatrix.framework/Versions/A/MPSMatrix
0x000000019ba29000 	/System/Library/Frameworks/MetalPerformanceShaders.framework/Versions/A/Frameworks/MPSRayIntersector.framework/Versions/A/MPSRayIntersector
0x000000019bc45000 	/System/Library/Frameworks/MetalPerformanceShaders.framework/Versions/A/Frameworks/MPSNDArray.framework/Versions/A/MPSNDArray
0x00000001f577a000 	/System/Library/Frameworks/MetalPerformanceShaders.framework/Versions/A/Frameworks/MPSFunctions.framework/Versions/A/MPSFunctions
0x00000001912a1000 	/System/Library/PrivateFrameworks/MetalTools.framework/Versions/A/MetalTools
0x000000019acae000 	/System/Library/PrivateFrameworks/AggregateDictionary.framework/Versions/A/AggregateDictionary
0x000000019cb76000 	/usr/lib/libIOReport.dylib
0x00000001a6f9f000 	/System/Library/PrivateFrameworks/ASEProcessing.framework/Versions/A/ASEProcessing
0x000000019cf2d000 	/System/Library/PrivateFrameworks/GraphVisualizer.framework/Versions/A/GraphVisualizer
0x00000001ff7a1000 	/System/Library/PrivateFrameworks/FontServices.framework/Versions/A/FontServices
0x000000019d34d000 	/System/Library/PrivateFrameworks/OTSVG.framework/Versions/A/OTSVG
0x0000000198575000 	/System/Library/Frameworks/ApplicationServices.framework/Versions/A/Frameworks/ATS.framework/Versions/A/Resources/libFontRegistry.dylib
0x000000019d399000 	/System/Library/PrivateFrameworks/FontServices.framework/libhvf.dylib
0x00000001ff7a2000 	/System/Library/PrivateFrameworks/FontServices.framework/libXTFontStaticRegistryData.dylib
0x00000002111c6000 	/System/Library/PrivateFrameworks/VideoToolboxParavirtualizationSupport.framework/Versions/A/VideoToolboxParavirtualizationSupport
0x000000019cd86000 	/System/Library/PrivateFrameworks/AppleVA.framework/Versions/A/AppleVA
0x000000019f00d000 	/System/Library/Frameworks/ApplicationServices.framework/Versions/A/Frameworks/ATS.framework/Versions/A/ATS
0x0000000196311000 	/System/Library/Frameworks/ApplicationServices.framework/Versions/A/Frameworks/HIServices.framework/Versions/A/HIServices
0x000000019dd83000 	/System/Library/Frameworks/ApplicationServices.framework/Versions/A/Frameworks/PrintCore.framework/Versions/A/PrintCore
0x000000019f3c8000 	/System/Library/Frameworks/ApplicationServices.framework/Versions/A/Frameworks/QD.framework/Versions/A/QD
0x000000019f3bc000 	/System/Library/Frameworks/ApplicationServices.framework/Versions/A/Frameworks/ColorSyncLegacy.framework/Versions/A/ColorSyncLegacy
0x000000019efe1000 	/System/Library/Frameworks/ApplicationServices.framework/Versions/A/Frameworks/SpeechSynthesis.framework/Versions/A/SpeechSynthesis
0x000000019dd41000 	/System/Library/Frameworks/ApplicationServices.framework/Versions/A/Frameworks/ATSUI.framework/Versions/A/ATSUI
0x000000019f34f000 	/usr/lib/libcups.2.dylib
0x000000019f72b000 	/System/Library/Frameworks/Kerberos.framework/Versions/A/Kerberos
0x000000019f73c000 	/System/Library/Frameworks/GSS.framework/Versions/A/GSS
0x000000019f07f000 	/usr/lib/libresolv.9.dylib
0x000000019d3a9000 	/System/Library/PrivateFrameworks/Heimdal.framework/Versions/A/Heimdal
0x00000001a605e000 	/System/Library/Frameworks/Kerberos.framework/Versions/A/Libraries/libHeimdalProxy.dylib
0x000000019f78c000 	/System/Library/PrivateFrameworks/CommonAuth.framework/Versions/A/CommonAuth
0x00000001e008c000 	/System/Library/Frameworks/AVFAudio.framework/Versions/A/AVFAudio
0x00000001ad1dc000 	/System/Library/PrivateFrameworks/AXCoreUtilities.framework/Versions/A/AXCoreUtilities
0x000000019ef59000 	/System/Library/PrivateFrameworks/AudioSession.framework/Versions/A/AudioSession
0x00000001a04db000 	/System/Library/Frameworks/IOBluetooth.framework/Versions/A/IOBluetooth
0x000000019ce87000 	/System/Library/PrivateFrameworks/MediaExperience.framework/Versions/A/MediaExperience
0x000000019edf4000 	/System/Library/PrivateFrameworks/AudioSession.framework/libSessionUtility.dylib
0x000000019f3d4000 	/System/Library/PrivateFrameworks/AudioResourceArbitration.framework/Versions/A/AudioResourceArbitration
0x00000001a33ae000 	/System/Library/PrivateFrameworks/PowerLog.framework/Versions/A/PowerLog
0x00000001a32f1000 	/System/Library/Frameworks/CoreBluetooth.framework/Versions/A/CoreBluetooth
0x00000001a605f000 	/System/Library/Frameworks/AudioUnit.framework/Versions/A/AudioUnit
0x000000019b50d000 	/System/Library/PrivateFrameworks/CoreUtils.framework/Versions/A/CoreUtils
0x00000001fe1d6000 	/System/Library/PrivateFrameworks/CoreUtilsExtras.framework/Versions/A/CoreUtilsExtras
0x0000000202ed8000 	/System/Library/PrivateFrameworks/IO80211.framework/Versions/A/IO80211
0x000000019cdf7000 	/System/Library/PrivateFrameworks/IconFoundation.framework/Versions/A/IconFoundation
0x00000001a23c1000 	/System/Library/PrivateFrameworks/SpeechRecognitionCore.framework/Versions/A/SpeechRecognitionCore
0x0000000103c38000 	/Library/Java/JavaVirtualMachines/jdk-19.jdk/Contents/Home/lib/server/libjvm.dylib
0x0000000102b8c000 	/Library/Java/JavaVirtualMachines/jdk-19.jdk/Contents/Home/lib/libjimage.dylib
0x0000000102c40000 	/Library/Java/JavaVirtualMachines/jdk-19.jdk/Contents/Home/lib/libinstrument.dylib
0x0000000102c8c000 	/Library/Java/JavaVirtualMachines/jdk-19.jdk/Contents/Home/lib/libjava.dylib
0x0000000103b40000 	/Library/Java/JavaVirtualMachines/jdk-19.jdk/Contents/Home/lib/libzip.dylib
0x0000000103b68000 	/Library/Java/JavaVirtualMachines/jdk-19.jdk/Contents/Home/lib/libnio.dylib
0x0000000103b88000 	/Library/Java/JavaVirtualMachines/jdk-19.jdk/Contents/Home/lib/libnet.dylib
0x0000000102c6c000 	/Library/Java/JavaVirtualMachines/jdk-19.jdk/Contents/Home/lib/libextnet.dylib
0x0000000103bc0000 	/Users/karinasang/.openjfx/cache/18+12/libprism_es2.dylib
0x00000001df03e000 	/System/Library/Frameworks/OpenGL.framework/Versions/A/Resources/GLEngine.bundle/GLEngine
0x00000001deec8000 	/System/Library/Frameworks/OpenGL.framework/Versions/A/Libraries/libGLProgrammability.dylib
0x0000000111040000 	/System/Library/Extensions/AppleMetalOpenGLRenderer.bundle/Contents/MacOS/AppleMetalOpenGLRenderer
0x00000001df1ac000 	/System/Library/Frameworks/OpenGL.framework/Versions/A/Resources/GLRendererFloat.bundle/GLRendererFloat
0x00000001df2a9000 	/System/Library/Extensions/AGXMetal13_3.bundle/Contents/MacOS/AGXMetal13_3
0x00000001b1fad000 	/System/Library/PrivateFrameworks/GPURawCounter.framework/Versions/A/GPURawCounter
0x00000001ac29f000 	/System/Library/PrivateFrameworks/IOGPU.framework/Versions/A/IOGPU
0x0000000110fa8000 	/Users/karinasang/.openjfx/cache/18+12/libglass.dylib
0x00000001a35fe000 	/System/Library/Frameworks/FileProvider.framework/Versions/A/FileProvider
0x0000000196d27000 	/System/Library/Frameworks/Accounts.framework/Versions/A/Accounts
0x0000000198a60000 	/System/Library/PrivateFrameworks/UserManagement.framework/Versions/A/UserManagement
0x00000001a3785000 	/System/Library/PrivateFrameworks/GenerationalStorage.framework/Versions/A/GenerationalStorage
0x00000001a439f000 	/System/Library/PrivateFrameworks/CoreSymbolication.framework/Versions/A/CoreSymbolication
0x00000001a33a2000 	/System/Library/PrivateFrameworks/SymptomDiagnosticReporter.framework/Versions/A/SymptomDiagnosticReporter
0x0000000194eb2000 	/System/Library/PrivateFrameworks/DesktopServicesPriv.framework/Versions/A/DesktopServicesPriv
0x0000000193d9e000 	/usr/lib/libsandbox.1.dylib
0x00000001a4360000 	/System/Library/PrivateFrameworks/DebugSymbols.framework/Versions/A/DebugSymbols
0x000000019f3af000 	/System/Library/PrivateFrameworks/NetAuth.framework/Versions/A/NetAuth
0x00000001a0353000 	/System/Library/PrivateFrameworks/Sharing.framework/Versions/A/Sharing
0x0000000198a24000 	/System/Library/PrivateFrameworks/login.framework/Versions/A/Frameworks/loginsupport.framework/Versions/A/loginsupport
0x00000001a559c000 	/System/Library/PrivateFrameworks/Apple80211.framework/Versions/A/Apple80211
0x000000019bde8000 	/System/Library/PrivateFrameworks/AuthKit.framework/Versions/A/AuthKit
0x000000019b48f000 	/System/Library/Frameworks/CoreWLAN.framework/Versions/A/CoreWLAN
0x00000001a55a0000 	/System/Library/PrivateFrameworks/CoreWiFi.framework/Versions/A/CoreWiFi
0x00000001d3b42000 	/System/Library/PrivateFrameworks/WiFiPeerToPeer.framework/Versions/A/WiFiPeerToPeer
0x00000001a3f1a000 	/System/Library/PrivateFrameworks/FrontBoardServices.framework/Versions/A/FrontBoardServices
0x00000001a3fb5000 	/System/Library/PrivateFrameworks/BoardServices.framework/Versions/A/BoardServices
0x00000001a56fa000 	/System/Library/PrivateFrameworks/BackBoardServices.framework/Versions/A/BackBoardServices
0x000000019bf3b000 	/System/Library/Frameworks/UserNotifications.framework/Versions/A/UserNotifications
0x000000019f885000 	/System/Library/PrivateFrameworks/CorePhoneNumbers.framework/Versions/A/CorePhoneNumbers
0x000000019f0ac000 	/System/Library/PrivateFrameworks/MultiverseSupport.framework/Versions/A/MultiverseSupport
0x00000001a5983000 	/System/Library/PrivateFrameworks/RemoteServiceDiscovery.framework/Versions/A/RemoteServiceDiscovery
0x00000001a34ce000 	/System/Library/PrivateFrameworks/DiskManagement.framework/Versions/A/DiskManagement
0x00000001a33d5000 	/System/Library/PrivateFrameworks/AppleIDAuthSupport.framework/Versions/A/AppleIDAuthSupport
0x00000001f8488000 	/System/Library/PrivateFrameworks/AAAFoundation.framework/Versions/A/AAAFoundation
0x000000019f85d000 	/System/Library/PrivateFrameworks/KeychainCircle.framework/Versions/A/KeychainCircle
0x00000001a5997000 	/System/Library/PrivateFrameworks/RemoteXPC.framework/Versions/A/RemoteXPC
0x00000001a349a000 	/System/Library/PrivateFrameworks/MediaKit.framework/Versions/A/MediaKit
0x00000001a33e2000 	/System/Library/Frameworks/DiscRecording.framework/Versions/A/DiscRecording
0x000000019cd02000 	/usr/lib/libCoreStorage.dylib
0x00000001a59ff000 	/usr/lib/libcsfde.dylib
0x00000001a05b0000 	/System/Library/PrivateFrameworks/ProtectedCloudStorage.framework/Versions/A/ProtectedCloudStorage
0x00000001a59f7000 	/System/Library/PrivateFrameworks/EFILogin.framework/Versions/A/EFILogin
0x00000001a37ab000 	/System/Library/PrivateFrameworks/OctagonTrust.framework/Versions/A/OctagonTrust
0x000000019ccfa000 	/usr/lib/libMatch.1.dylib
0x00000001b6824000 	/System/Library/Frameworks/Accelerate.framework/Versions/A/Frameworks/vImage.framework/Versions/A/Libraries/libCGInterfaces.dylib
0x0000000111fd4000 	/usr/lib/libobjc-trampolines.dylib
0x0000000217b9f000 	/usr/lib/libAccessibilityBaseImplementations.dylib
0x000000019870d000 	/System/Library/PrivateFrameworks/ViewBridge.framework/Versions/A/ViewBridge
0x000000019d46c000 	/System/Library/PrivateFrameworks/login.framework/Versions/A/login
0x000000012133c000 	/Users/karinasang/.openjfx/cache/18+12/libjavafx_font.dylib
0x0000000127fe4000 	/System/Library/Frameworks/FileProvider.framework/OverrideBundles/CloudDocsFileProvider.bundle/Contents/MacOS/CloudDocsFileProvider
0x0000000198d42000 	/System/Library/PrivateFrameworks/CloudDocs.framework/Versions/A/CloudDocs
0x00000001a5d80000 	/System/Library/PrivateFrameworks/AppleAccount.framework/Versions/A/AppleAccount
0x0000000198a8b000 	/System/Library/Frameworks/CloudKit.framework/Versions/A/CloudKit
0x00000001a0597000 	/System/Library/PrivateFrameworks/AppContainer.framework/Versions/A/AppContainer
0x000000019ffb6000 	/System/Library/PrivateFrameworks/IDS.framework/Versions/A/IDS
0x00000001a5ece000 	/System/Library/PrivateFrameworks/AppleIDSSOAuthentication.framework/Versions/A/AppleIDSSOAuthentication
0x0000000198a27000 	/System/Library/PrivateFrameworks/ApplePushService.framework/Versions/A/ApplePushService
0x00000001a5a7f000 	/System/Library/PrivateFrameworks/AppSupport.framework/Versions/A/AppSupport
0x000000019ed46000 	/System/Library/PrivateFrameworks/IMFoundation.framework/Versions/A/IMFoundation
0x00000001ac912000 	/System/Library/PrivateFrameworks/Marco.framework/Versions/A/Marco
0x00000001a013b000 	/System/Library/PrivateFrameworks/IDSFoundation.framework/Versions/A/IDSFoundation
0x0000000196da4000 	/System/Library/PrivateFrameworks/CommonUtilities.framework/Versions/A/CommonUtilities
0x00000001b1b4b000 	/System/Library/PrivateFrameworks/FTServices.framework/Versions/A/FTServices
0x00000001a9ac3000 	/System/Library/PrivateFrameworks/Engram.framework/Versions/A/Engram
0x00000001a9a65000 	/usr/lib/libtidy.A.dylib
0x000000019d632000 	/System/Library/PrivateFrameworks/Bom.framework/Versions/A/Bom
0x000000019f0bc000 	/usr/lib/libParallelCompression.dylib
0x000000019cb7f000 	/System/Library/PrivateFrameworks/CrashReporterSupport.framework/Versions/A/CrashReporterSupport
0x00000001bcabe000 	/System/Library/PrivateFrameworks/FTAWD.framework/Versions/A/FTAWD
0x00000001bf025000 	/System/Library/PrivateFrameworks/OSAnalytics.framework/Versions/A/OSAnalytics
0x00000001caa03000 	/System/Library/PrivateFrameworks/Symbolication.framework/Versions/A/Symbolication
0x00000001b1f6b000 	/System/Library/PrivateFrameworks/MallocStackLogging.framework/Versions/A/MallocStackLogging
0x00000001f7601000 	/System/Library/Frameworks/SharedWithYouCore.framework/Versions/A/SharedWithYouCore
0x0000000217cae000 	/usr/lib/libBASupport.dylib
0x00000001b11d5000 	/System/Library/Frameworks/AVFoundation.framework/Versions/A/AVFoundation
0x00000001a6114000 	/System/Library/PrivateFrameworks/C2.framework/Versions/A/C2
0x0000000199c69000 	/System/Library/Frameworks/CoreLocation.framework/Versions/A/CoreLocation
0x00000001fb006000 	/System/Library/PrivateFrameworks/CloudKitDistributedSync.framework/Versions/A/CloudKitDistributedSync
0x00000001a610b000 	/System/Library/Frameworks/PushKit.framework/Versions/A/PushKit
0x00000001f40cf000 	/System/Library/Frameworks/CoreTransferable.framework/Versions/A/CoreTransferable
0x00000001cf7ca000 	/System/Library/Frameworks/CryptoKit.framework/Versions/A/CryptoKit
0x00000001d3ab5000 	/System/Library/PrivateFrameworks/FeatureFlags.framework/Versions/A/FeatureFlags
0x00000001c7e1c000 	/usr/lib/swift/libswiftAVFoundation.dylib
0x00000001b1fb1000 	/usr/lib/swift/libswiftCoreAudio.dylib
0x00000001b683e000 	/usr/lib/swift/libswiftCoreLocation.dylib
0x00000001b6841000 	/usr/lib/swift/libswiftCoreMIDI.dylib
0x00000001c6ad0000 	/usr/lib/swift/libswiftCoreMedia.dylib
0x00000001bc53e000 	/usr/lib/swift/libswiftMetal.dylib
0x00000001bf97b000 	/usr/lib/swift/libswiftQuartzCore.dylib
0x00000001c37a8000 	/usr/lib/swift/libswiftUniformTypeIdentifiers.dylib
0x00000001b4e1d000 	/usr/lib/swift/libswiftsimd.dylib
0x00000001a3ced000 	/System/Library/PrivateFrameworks/AVFCore.framework/Versions/A/AVFCore
0x00000001ab070000 	/System/Library/PrivateFrameworks/AVFCapture.framework/Versions/A/AVFCapture
0x00000001afb69000 	/System/Library/PrivateFrameworks/AirPlaySync.framework/Versions/A/AirPlaySync
0x000000019df92000 	/System/Library/Frameworks/MediaToolbox.framework/Versions/A/MediaToolbox
0x00000001a35ca000 	/System/Library/PrivateFrameworks/CoreAVCHD.framework/Versions/A/CoreAVCHD
0x00000001a2aaf000 	/System/Library/Frameworks/MediaAccessibility.framework/Versions/A/MediaAccessibility
0x00000001a35c6000 	/System/Library/PrivateFrameworks/Mangrove.framework/Versions/A/Mangrove
0x00000001fac91000 	/System/Library/PrivateFrameworks/CMPhoto.framework/Versions/A/CMPhoto
0x00000001a35ba000 	/System/Library/PrivateFrameworks/CoreAUC.framework/Versions/A/CoreAUC
0x00000001fac62000 	/System/Library/PrivateFrameworks/CMImaging.framework/Versions/A/CMImaging
0x00000001ab1e6000 	/System/Library/PrivateFrameworks/Quagga.framework/Versions/A/Quagga
0x00000001ab2b9000 	/System/Library/PrivateFrameworks/CMCapture.framework/Versions/A/CMCapture
0x000000019f17c000 	/System/Library/Frameworks/CoreMediaIO.framework/Versions/A/CoreMediaIO
0x00000001b1efd000 	/System/Library/PrivateFrameworks/LoggingSupport.framework/Versions/A/LoggingSupport
0x00000001a7aa3000 	/System/Library/PrivateFrameworks/RTCReporting.framework/Versions/A/RTCReporting
0x00000001a0872000 	/System/Library/PrivateFrameworks/GeoServices.framework/Versions/A/GeoServices
0x000000019edbf000 	/System/Library/PrivateFrameworks/LocationSupport.framework/Versions/A/LocationSupport
0x000000020039e000 	/System/Library/PrivateFrameworks/GeoServicesCore.framework/Versions/A/GeoServicesCore
0x00000001ad1d1000 	/System/Library/PrivateFrameworks/PhoneNumbers.framework/Versions/A/PhoneNumbers
0x00000001cf5cb000 	/usr/lib/swift/libswiftNetwork.dylib
0x00000001a6058000 	/System/Library/PrivateFrameworks/CryptoKitCBridging.framework/Versions/A/CryptoKitCBridging
0x00000001a405e000 	/System/Library/Frameworks/CryptoTokenKit.framework/Versions/A/CryptoTokenKit
0x00000001c6ace000 	/usr/lib/swift/libswiftCryptoTokenKit.dylib
0x00000001a40bc000 	/System/Library/Frameworks/LocalAuthentication.framework/Versions/A/LocalAuthentication
0x00000001a4106000 	/System/Library/Frameworks/LocalAuthentication.framework/Support/SharedUtils.framework/Versions/A/SharedUtils
0x00000001afeb3000 	/usr/lib/swift/libswiftCoreGraphics.dylib
0x00000001a05ac000 	/System/Library/PrivateFrameworks/SecCodeWrapper.framework/Versions/A/SecCodeWrapper
0x0000000130e60000 	/System/Library/Frameworks/FileProvider.framework/OverrideBundles/FileProviderOverride.bundle/Contents/MacOS/FileProviderOverride
0x0000000130f00000 	/System/Library/Frameworks/FileProvider.framework/OverrideBundles/FinderSyncCollaborationFileProviderOverride.bundle/Contents/MacOS/FinderSyncCollaborationFileProviderOverride
0x00000001c368f000 	/System/Library/PrivateFrameworks/FinderSyncPriv.framework/Versions/A/FinderSyncPriv
0x00000001af985000 	/usr/lib/libFosl_dynamic.dylib
0x00000001b5e7d000 	/usr/lib/libncurses.5.4.dylib
0x00000001a9adb000 	/System/Library/Frameworks/Carbon.framework/Versions/A/Frameworks/OpenScripting.framework/Versions/A/OpenScripting


VM Arguments:
jvm_args: -javaagent:/Applications/IntelliJ IDEA CE.app/Contents/lib/idea_rt.jar=53588:/Applications/IntelliJ IDEA CE.app/Contents/bin -Dfile.encoding=UTF-8 
java_command: FlappyBirdApp
java_class_path (initial): /Users/karinasang/Sherry/Teaching/FlappyBird/target/classes:/Users/karinasang/.m2/repository/com/github/almasb/fxgl/17.1/fxgl-17.1.jar:/Users/karinasang/.m2/repository/org/openjfx/javafx-fxml/18/javafx-fxml-18.jar:/Users/karinasang/.m2/repository/org/openjfx/javafx-fxml/18/javafx-fxml-18-mac-aarch64.jar:/Users/karinasang/.m2/repository/org/openjfx/javafx-controls/18/javafx-controls-18.jar:/Users/karinasang/.m2/repository/org/openjfx/javafx-controls/18/javafx-controls-18-mac-aarch64.jar:/Users/karinasang/.m2/repository/com/github/almasb/fxgl-core/17.1/fxgl-core-17.1.jar:/Users/karinasang/.m2/repository/org/openjfx/javafx-graphics/18/javafx-graphics-18.jar:/Users/karinasang/.m2/repository/org/openjfx/javafx-graphics/18/javafx-graphics-18-mac-aarch64.jar:/Users/karinasang/.m2/repository/org/openjfx/javafx-base/18/javafx-base-18.jar:/Users/karinasang/.m2/repository/org/openjfx/javafx-base/18/javafx-base-18-mac-aarch64.jar:/Users/karinasang/.m2/repository/org/openjfx/javafx-media/18/javafx-media-18.jar:/Users/karinasang/.m2/repository/org/openjfx/javafx-media/18/javafx-media-18-mac-aarch64.jar:/Users/karinasang/.m2/repository/com/gluonhq/attach/audio/4.0.13/audio-4.0.13.jar:/Users/karinasang/.m2/repository/com/github/almasb/fxgl-io/17.1/fxgl-io-17.1.jar:/Users/karinasang/.m2/repository/com/gluonhq/attach/storage/4.0.13/storage-4.0.13.jar:/Users/karinasang/.m2/repository/com/gluonhq/attach/util/4.0.13/util-4.0.13.jar:/Users/karinasang/.m2/repository/com/github/almasb/fxgl-entity/17.1/fxgl-entity-17.1.jar:/Users/karinasang/.m2/repository/com/github/almasb/fxgl-scene/17.1/fxgl-scene-17.1.jar:/Users/karinasang/.m2/repository/com/github/almasb/fxgl-gameplay/17.1/fxgl-gameplay-17.1.jar:/Users/karinasang/.m2/repository/com/fasterxml/jackson/core/jackson-annotations/2.12.1/jackson-annotations-2.12.1.jar:/Users/karinasang/.m2/repository/com/fasterxml/jackson/core/jackson-databind/2.12.1/jackson-databind-2.12.1.jar:/Users/karinasang/.m2/repository/com/fasterxml/jackson/core/jackson-core/2.12.1/jackson-core-2.12.1.jar:/Users/karinasang/.m2/repository/com/gluonhq/attach/lifecycle/4.0.13/lifecycle-4.0.13.jar:/Users/karinasang/.m2/repository/org/jetbrains/kotlin/kotlin-stdlib/1.5.32/kotlin-stdlib-1.5.32-modular.jar:/Users/karinasang/.m2/repository/org/jetbrains/annotations/13.0/annotations-13.0.jar:/Users/karinasang/.m2/repository/org/jetbrains/kotlin/kotlin-stdlib-common/1.5.32/kotlin-stdlib-common-1.5.32.jar
Launcher Type: SUN_STANDARD

[Global flags]
     intx CICompilerCount                          = 4                                         {product} {ergonomic}
     uint ConcGCThreads                            = 2                                         {product} {ergonomic}
     uint G1ConcRefinementThreads                  = 8                                         {product} {ergonomic}
   size_t G1HeapRegionSize                         = 1048576                                   {product} {ergonomic}
    uintx GCDrainStackTargetSize                   = 64                                        {product} {ergonomic}
   size_t InitialHeapSize                          = 134217728                                 {product} {ergonomic}
   size_t MarkStackSize                            = 4194304                                   {product} {ergonomic}
   size_t MaxHeapSize                              = 2147483648                                {product} {ergonomic}
   size_t MaxNewSize                               = 1287651328                                {product} {ergonomic}
   size_t MinHeapDeltaBytes                        = 1048576                                   {product} {ergonomic}
   size_t MinHeapSize                              = 8388608                                   {product} {ergonomic}
    uintx NonNMethodCodeHeapSize                   = 5839564                                {pd product} {ergonomic}
    uintx NonProfiledCodeHeapSize                  = 122909338                              {pd product} {ergonomic}
    uintx ProfiledCodeHeapSize                     = 122909338                              {pd product} {ergonomic}
    uintx ReservedCodeCacheSize                    = 251658240                              {pd product} {ergonomic}
     bool SegmentedCodeCache                       = true                                      {product} {ergonomic}
   size_t SoftMaxHeapSize                          = 2147483648                             {manageable} {ergonomic}
     bool UseCompressedClassPointers               = true                           {product lp64_product} {ergonomic}
     bool UseCompressedOops                        = true                           {product lp64_product} {ergonomic}
     bool UseG1GC                                  = true                                      {product} {ergonomic}
     bool UseNUMA                                  = false                                     {product} {ergonomic}
     bool UseNUMAInterleaving                      = false                                     {product} {ergonomic}

Logging:
Log output configuration:
 #0: stdout all=warning uptime,level,tags foldmultilines=false
 #1: stderr all=off uptime,level,tags foldmultilines=false

Environment Variables:
PATH=/Users/karinasang/miniconda3/bin:/Users/karinasang/miniconda3/condabin:/opt/homebrew/bin:/opt/homebrew/sbin:/usr/local/bin:/System/Cryptexes/App/usr/bin:/usr/bin:/bin:/usr/sbin:/sbin:/Library/Apple/usr/bin
SHELL=/bin/zsh
LC_CTYPE=en_CA.UTF-8
TMPDIR=/var/folders/vr/dsgb85f142b6xjyvc210rhpw0000gn/T/

Active Locale:
LC_ALL=C/en_CA.UTF-8/C/C/C/C
LC_COLLATE=C
LC_CTYPE=en_CA.UTF-8
LC_MESSAGES=C
LC_MONETARY=C
LC_NUMERIC=C
LC_TIME=C

Signal Handlers:
   SIGSEGV: crash_handler in libjvm.dylib, mask=11100110000111110111111111111111, flags=SA_RESTART|SA_SIGINFO
    SIGBUS: crash_handler in libjvm.dylib, mask=11100110000111110111111111111111, flags=SA_RESTART|SA_SIGINFO
    SIGFPE: crash_handler in libjvm.dylib, mask=11100110000111110111111111111111, flags=SA_RESTART|SA_SIGINFO
   SIGPIPE: javaSignalHandler in libjvm.dylib, mask=11100110000111110111111111111111, flags=SA_RESTART|SA_SIGINFO
   SIGXFSZ: javaSignalHandler in libjvm.dylib, mask=11100110000111110111111111111111, flags=SA_RESTART|SA_SIGINFO
    SIGILL: crash_handler in libjvm.dylib, mask=11100110000111110111111111111111, flags=SA_RESTART|SA_SIGINFO
   SIGUSR2: SR_handler in libjvm.dylib, mask=00100000000000000000000000000000, flags=SA_RESTART|SA_SIGINFO
    SIGHUP: UserHandler in libjvm.dylib, mask=11100110000111110111111111111111, flags=SA_RESTART|SA_SIGINFO
    SIGINT: UserHandler in libjvm.dylib, mask=11100110000111110111111111111111, flags=SA_RESTART|SA_SIGINFO
   SIGTERM: UserHandler in libjvm.dylib, mask=11100110000111110111111111111111, flags=SA_RESTART|SA_SIGINFO
   SIGQUIT: UserHandler in libjvm.dylib, mask=11100110000111110111111111111111, flags=SA_RESTART|SA_SIGINFO
   SIGTRAP: crash_handler in libjvm.dylib, mask=11100110000111110111111111111111, flags=SA_RESTART|SA_SIGINFO


---------------  S Y S T E M  ---------------

OS:
uname: Darwin 22.1.0 Darwin Kernel Version 22.1.0: Sun Oct  9 20:14:30 PDT 2022; root:xnu-8792.41.9~2/RELEASE_ARM64_T8103 arm64
OS uptime: 6 days 23:42 hours
rlimit (soft/hard): STACK 8176k/65520k , CORE 0k/infinity , NPROC 1333/2000 , NOFILE 10240/infinity , AS infinity/infinity , CPU infinity/infinity , DATA infinity/infinity , FSIZE infinity/infinity , MEMLOCK infinity/infinity , RSS infinity/infinity
load average: 1.79 1.74 1.81

CPU: total 8 (initial active 8) 0x61:0x0:0x1b588bb3:0, fp, simd, aes, pmull, crc32, lse

Memory: 16k page, physical 8388608k(95216k free), swap 2097152k(745216k free)

vm_info: Java HotSpot(TM) 64-Bit Server VM (19.0.1+10-21) for bsd-aarch64 JRE (19.0.1+10-21), built on 2022-09-14T12:45:06Z by "mach5one" with clang Apple LLVM 12.0.0 (clang-1200.0.32.29)

END.
