18:00:09.527 [main                     ] DEBUG Logger               - Configured Logger
18:00:09.546 [main                     ] DEBUG GameApplication      - Logging settings
Title: Flappy Bird
Version: 1.0
Width: 1280
Height: 720
Fullscreen: false
Intro: false
Profiling: false
Single step:false
App Mode: DEVELOPER
Menu Key: ESCAPE
Stage Style: DECORATED
Scene Factory: class com.almasb.fxgl.app.scene.SceneFactory

18:00:09.869 [JavaFX Application Thread] DEBUG FXGLApplication      - Initializing FXGL
18:00:09.872 [JavaFX Application Thread] INFO  Engine               - FXGL-17.1 (24.03.2022 17.34) on MAC (J:19.0.1 FX:18)
18:00:09.872 [JavaFX Application Thread] DEBUG Engine               - JRE Vendor Name: Oracle Corporation
18:00:09.872 [JavaFX Application Thread] DEBUG Engine               - Running on OS: Mac OS X version 13.0.1
18:00:09.872 [JavaFX Application Thread] DEBUG Engine               - Architecture: aarch64
18:00:09.872 [JavaFX Application Thread] INFO  Engine               - Source code and latest versions at: https://github.com/AlmasB/FXGL
18:00:09.872 [JavaFX Application Thread] INFO  Engine               -       Ask questions and discuss at: https://github.com/AlmasB/FXGL/discussions
18:00:09.872 [JavaFX Application Thread] INFO  Engine               -              Join the FXGL chat at: https://gitter.im/AlmasB/FXGL
18:00:09.924 [JavaFX Application Thread] DEBUG PrimaryStageWindow   - Creating a JavaFX scene
18:00:09.945 [JavaFX Application Thread] DEBUG PrimaryStageWindow   - Target settings size: 1280.0 x 720.0
18:00:09.945 [JavaFX Application Thread] DEBUG PrimaryStageWindow   - Scaled scene size:    1280.0 x 720.0
18:00:09.945 [JavaFX Application Thread] DEBUG PrimaryStageWindow   - Scaled ratio: (1.0, 1.0)
18:00:09.946 [JavaFX Application Thread] DEBUG PrimaryStageWindow   - Set initial scene to FXGLStartupScene
18:00:09.948 [JavaFX Application Thread] DEBUG PrimaryStageWindow   - Opening main window
18:00:09.997 [JavaFX Application Thread] DEBUG PrimaryStageWindow   - Window border size: (0.0, 28.0)
18:00:09.997 [JavaFX Application Thread] DEBUG PrimaryStageWindow   - Scaled size: 1280.0 x 720.0
18:00:09.997 [JavaFX Application Thread] DEBUG PrimaryStageWindow   - Scaled ratio: (1.0, 1.0)
18:00:09.997 [JavaFX Application Thread] DEBUG PrimaryStageWindow   - Scene size: 1280.0 x 720.0
18:00:09.998 [JavaFX Application Thread] DEBUG PrimaryStageWindow   - Stage size: 1280.0 x 748.0
18:00:10.001 [FXGL Background Thread 1 ] DEBUG Engine               - Initializing environment variables
18:00:10.041 [FXGL Background Thread 1 ] DEBUG FXGLAssetLoaderServi - User app class for loading assets: class FlappyBirdApp
18:00:10.042 [FXGL Background Thread 1 ] DEBUG GameApplicationServi - Applying CSS: fxgl_dark.css
18:00:10.043 [FXGL Background Thread 1 ] DEBUG FXGLAssetLoaderServi - Loading from file system: jar:file:/Users/karinasang/.m2/repository/com/github/almasb/fxgl/17.1/fxgl-17.1.jar!/fxglassets/ui/css/fxgl_dark.css
18:00:10.069 [FXGL Background Thread 1 ] DEBUG GameApplicationServi - Initializing application scenes
18:00:10.204 [FXGL Background Thread 1 ] DEBUG GameWorld            - Game world initialized
18:00:10.237 [FXGL Background Thread 1 ] DEBUG PhysicsWorld         - Physics world initialized: appHeight=720, physics.ppm=50.0
18:00:10.238 [FXGL Background Thread 1 ] DEBUG PhysicsWorld         - Using strategy: BRUTE_FORCE
18:00:10.244 [FXGL Background Thread 1 ] DEBUG GameScene            - Game scene initialized: 1280x720
18:00:10.252 [FXGL Background Thread 1 ] DEBUG FXGL.DefaultMenu     - createMenuBodyGameMenu()
18:00:10.261 [FXGL Background Thread 1 ] DEBUG FXGL.DefaultMenu     - createOptionsMenu()
18:00:10.266 [FXGL Background Thread 1 ] DEBUG FXGLAssetLoaderServi - Loading from file system: jar:file:/Users/karinasang/.m2/repository/com/github/almasb/fxgl/17.1/fxgl-17.1.jar!/fxglassets/textures/particles/smoke.png
18:00:10.325 [FXGL Background Thread 1 ] DEBUG FXGLAssetLoaderServi - Loading from file system: jar:file:/Users/karinasang/.m2/repository/com/github/almasb/fxgl/17.1/fxgl-17.1.jar!/fxglassets/textures/particles/trace_horizontal.png
18:00:10.340 [FXGL Background Thread 1 ] DEBUG GameApplicationServi - Application scenes initialized
18:00:10.347 [FXGL Background Thread 1 ] DEBUG SystemBundleService  - Loading FXGL system data
18:00:10.348 [FXGL Background Thread 1 ] DEBUG FileSystemAccess     - Reading from: /Users/karinasang/Sherry/Teaching/FlappyBird/system/fxgl.bundle
18:00:10.353 [FXGL Background Thread 1 ] DEBUG SystemBundleService  - Bundle FXGL: {}
18:00:10.353 [FXGL Background Thread 1 ] DEBUG UpdaterService       - Checking for updates
18:00:10.355 [FXGL Background Thread 4 ] DEBUG FXGLApplication      - Loading fonts
18:00:10.355 [FXGL Background Thread 4 ] DEBUG FXGLAssetLoaderServi - Loading from file system: jar:file:/Users/karinasang/.m2/repository/com/github/almasb/fxgl/17.1/fxgl-17.1.jar!/fxglassets/ui/fonts/VarelaRound-Regular.ttf
18:00:10.355 [FXGL Background Thread 1 ] DEBUG FXGLApplication      - Loading default localization
18:00:10.356 [FXGL Background Thread 1 ] DEBUG FXGLAssetLoaderServi - Loading from file system: jar:file:/Users/karinasang/.m2/repository/com/github/almasb/fxgl/17.1/fxgl-17.1.jar!/fxglassets/languages/english.lang
18:00:10.364 [FXGL Background Thread 4 ] DEBUG FXGLAssetLoaderServi - Loading from file system: jar:file:/Users/karinasang/.m2/repository/com/github/almasb/fxgl/17.1/fxgl-17.1.jar!/fxglassets/ui/fonts/Abel-Regular.ttf
18:00:10.366 [FXGL Background Thread 4 ] DEBUG FXGLAssetLoaderServi - Loading from file system: jar:file:/Users/karinasang/.m2/repository/com/github/almasb/fxgl/17.1/fxgl-17.1.jar!/fxglassets/ui/fonts/TerminalLandMono-Regular.otf
18:00:10.366 [FXGL Background Thread 1 ] INFO  FXGLApplication      - FXGL initialization took: 0.365 sec
18:00:10.368 [FXGL Background Thread 4 ] DEBUG FXGLAssetLoaderServi - Loading from file system: jar:file:/Users/karinasang/.m2/repository/com/github/almasb/fxgl/17.1/fxgl-17.1.jar!/fxglassets/ui/fonts/Courier-Prime.ttf
18:00:10.371 [JavaFX Application Thread] DEBUG Input                - Registered new binding: jump - Space
18:00:10.371 [JavaFX Application Thread] DEBUG FXGLAssetLoaderServi - Loading from file system: jar:file:/Users/karinasang/.m2/repository/com/github/almasb/fxgl/17.1/fxgl-17.1.jar!/fxglassets/textures/fxgl_icon.png
18:00:10.386 [JavaFX Application Thread] DEBUG FXGLAssetLoaderServi - Loading from file system: jar:file:/Users/karinasang/.m2/repository/com/github/almasb/fxgl/17.1/fxgl-17.1.jar!/fxglassets/textures/fxgl_default_cursor.png
18:00:10.387 [JavaFX Application Thread] DEBUG Input                - Registered new binding: Screenshot - CTRL+8
18:00:10.387 [JavaFX Application Thread] DEBUG Input                - Registered new binding: System info dump - CTRL+9
18:00:10.387 [JavaFX Application Thread] DEBUG Input                - Registered new binding: Restart - CTRL+R
18:00:10.388 [JavaFX Application Thread] DEBUG Input                - Registered new binding: Toggle Debug Camera - CTRL+7
18:00:10.388 [JavaFX Application Thread] DEBUG LoopRunner           - Starting loop
18:00:10.388 [JavaFX Application Thread] DEBUG LoopRunner           - Initializing JavaFX AnimationTimerLoop
18:00:10.389 [JavaFX Application Thread] DEBUG GameApplicationServi - Starting new game
18:00:10.389 [JavaFX Application Thread] DEBUG Input                - Clearing active input actions
18:00:10.395 [JavaFX Application Thread] DEBUG GameApplicationServi - Removing overlay from FXGLStartupScene and adding to FXGLLoadingScene
18:00:10.395 [JavaFX Application Thread] DEBUG PrimaryStageWindow   - FXGLStartupScene -> FXGLLoadingScene
18:00:10.395 [JavaFX Application Thread] DEBUG GameApplicationServi - Clearing previous game
18:00:10.395 [JavaFX Application Thread] DEBUG GameScene            - Clearing game scene
18:00:10.395 [JavaFX Application Thread] DEBUG GameWorld            - Clearing game world
18:00:10.395 [JavaFX Application Thread] DEBUG PhysicsWorld         - Clearing physics world
18:00:10.396 [FXGL Background Thread 4 ] DEBUG FXGLApplication      - Initializing game
18:00:10.402 [FXGL Background Thread 4 ] DEBUG FXGLAssetLoaderServi - Loading from file system: file:/Users/karinasang/Sherry/Teaching/FlappyBird/target/classes/assets/textures/bird.png
18:00:10.418 [JavaFX Application Thread] DEBUG FXGLApplication      - Registering font factories with UI factory
18:00:10.426 [FXGL Background Thread 4 ] WARN  GameWorld            - Entity is already attached to world
18:00:10.429 [FXGL Background Thread 4 ] INFO  FXGLApplication      - Game initialization took: 0.033 sec
18:00:10.439 [JavaFX Application Thread] DEBUG Input                - Clearing active input actions
18:00:10.442 [JavaFX Application Thread] DEBUG GameApplicationServi - Removing overlay from FXGLLoadingScene and adding to GameScene
18:00:10.442 [JavaFX Application Thread] DEBUG PrimaryStageWindow   - FXGLLoadingScene -> GameScene
18:00:10.621 [FXGL Background Thread 2 ] INFO  UpdaterService       - Your current version:  17.1
18:00:10.621 [FXGL Background Thread 2 ] INFO  UpdaterService       - Latest stable version: 17.2
18:00:11.946 [JavaFX Application Thread] DEBUG Input                - Mocking key press: Space
18:00:12.045 [JavaFX Application Thread] DEBUG Input                - Mocking key release: Space
18:00:12.112 [JavaFX Application Thread] DEBUG Input                - Mocking key press: Space
18:00:12.195 [JavaFX Application Thread] DEBUG Input                - Mocking key release: Space
18:00:12.261 [JavaFX Application Thread] DEBUG Input                - Mocking key press: Space
18:00:12.361 [JavaFX Application Thread] DEBUG Input                - Mocking key release: Space
18:00:12.979 [JavaFX Application Thread] DEBUG Input                - Mocking key press: Space
18:00:13.095 [JavaFX Application Thread] DEBUG Input                - Mocking key release: Space
18:00:13.179 [JavaFX Application Thread] DEBUG Input                - Mocking key press: Space
18:00:13.245 [JavaFX Application Thread] DEBUG Input                - Mocking key release: Space
18:00:13.359 [FXGL Background Thread 3 ] DEBUG Engine               - Logging environment variables
18:00:13.360 [FXGL Background Thread 3 ] DEBUG Engine               - achievements: []
18:00:13.360 [FXGL Background Thread 3 ] DEBUG Engine               - actualHeight: 720.0
18:00:13.360 [FXGL Background Thread 3 ] DEBUG Engine               - actualHeightProperty: ReadOnlyDoubleProperty [value: 720.0]
18:00:13.360 [FXGL Background Thread 3 ] DEBUG Engine               - actualWidth: 1280.0
18:00:13.360 [FXGL Background Thread 3 ] DEBUG Engine               - actualWidthProperty: ReadOnlyDoubleProperty [value: 1280.0]
18:00:13.360 [FXGL Background Thread 3 ] DEBUG Engine               - appIcon: fxgl_icon.png
18:00:13.360 [FXGL Background Thread 3 ] DEBUG Engine               - applicationMode: DEVELOPER
18:00:13.361 [FXGL Background Thread 3 ] DEBUG Engine               - cSSList: [fxgl_dark.css]
18:00:13.361 [FXGL Background Thread 3 ] DEBUG Engine               - collisionDetectionStrategy: BRUTE_FORCE
18:00:13.361 [FXGL Background Thread 3 ] DEBUG Engine               - configClass: Optional.empty
18:00:13.361 [FXGL Background Thread 3 ] DEBUG Engine               - credits: []
18:00:13.361 [FXGL Background Thread 3 ] DEBUG Engine               - defaultCursor: CursorInfo(imageName=fxgl_default_cursor.png, hotspotX=7.0, hotspotY=6.0)
18:00:13.361 [FXGL Background Thread 3 ] DEBUG Engine               - devBBoxColorProperty: ObjectProperty [value: 0xff0000ff]
18:00:13.361 [FXGL Background Thread 3 ] DEBUG Engine               - devEnableDebugCameraProperty: BooleanProperty [value: false]
18:00:13.361 [FXGL Background Thread 3 ] DEBUG Engine               - devSensorColorProperty: ObjectProperty [value: 0xffff00ff]
18:00:13.361 [FXGL Background Thread 3 ] DEBUG Engine               - devShowBBoxProperty: BooleanProperty [value: false]
18:00:13.362 [FXGL Background Thread 3 ] DEBUG Engine               - devShowPositionProperty: BooleanProperty [value: false]
18:00:13.362 [FXGL Background Thread 3 ] DEBUG Engine               - enabledMenuItems: []
18:00:13.362 [FXGL Background Thread 3 ] DEBUG Engine               - engineServices: [class com.almasb.fxgl.app.services.FXGLAssetLoaderService, class com.almasb.fxgl.app.FXGLApplication$GameApplicationService, class com.almasb.fxgl.app.services.FXGLDialogService, class com.almasb.fxgl.app.services.IOTaskExecutorService, class com.almasb.fxgl.io.FileSystemService, class com.almasb.fxgl.localization.LocalizationService, class com.almasb.fxgl.app.services.SystemBundleService, class com.almasb.fxgl.profile.SaveLoadService, class com.almasb.fxgl.ui.FXGLUIFactoryServiceProvider, class com.almasb.fxgl.ui.FXGLDialogFactoryServiceProvider, class com.almasb.fxgl.audio.AudioPlayer, class com.almasb.fxgl.notification.impl.NotificationServiceProvider, class com.almasb.fxgl.achievement.AchievementService, class com.almasb.fxgl.cutscene.CutsceneService, class com.almasb.fxgl.minigames.MiniGameService, class com.almasb.fxgl.net.NetService, class com.almasb.fxgl.app.services.UpdaterService, class com.almasb.fxgl.dev.DevService]
18:00:13.362 [FXGL Background Thread 3 ] DEBUG Engine               - fontGame: Abel-Regular.ttf
18:00:13.362 [FXGL Background Thread 3 ] DEBUG Engine               - fontMono: TerminalLandMono-Regular.otf
18:00:13.362 [FXGL Background Thread 3 ] DEBUG Engine               - fontText: Courier-Prime.ttf
18:00:13.362 [FXGL Background Thread 3 ] DEBUG Engine               - fontUI: VarelaRound-Regular.ttf
18:00:13.362 [FXGL Background Thread 3 ] DEBUG Engine               - fullScreen: BooleanProperty [value: false]
18:00:13.362 [FXGL Background Thread 3 ] DEBUG Engine               - gameDifficulty: MEDIUM
18:00:13.362 [FXGL Background Thread 3 ] DEBUG Engine               - gameDifficultyProperty: ObjectProperty [value: MEDIUM]
18:00:13.362 [FXGL Background Thread 3 ] DEBUG Engine               - globalMusicVolume: 0.5
18:00:13.362 [FXGL Background Thread 3 ] DEBUG Engine               - globalMusicVolumeProperty: DoubleProperty [value: 0.5]
18:00:13.362 [FXGL Background Thread 3 ] DEBUG Engine               - globalSoundVolume: 0.5
18:00:13.362 [FXGL Background Thread 3 ] DEBUG Engine               - globalSoundVolumeProperty: DoubleProperty [value: 0.5]
18:00:13.362 [FXGL Background Thread 3 ] DEBUG Engine               - height: 720
18:00:13.362 [FXGL Background Thread 3 ] DEBUG Engine               - is3D: false
18:00:13.362 [FXGL Background Thread 3 ] DEBUG Engine               - isAndroid: false
18:00:13.362 [FXGL Background Thread 3 ] DEBUG Engine               - isBrowser: false
18:00:13.362 [FXGL Background Thread 3 ] DEBUG Engine               - isClickFeedbackEnabled: false
18:00:13.362 [FXGL Background Thread 3 ] DEBUG Engine               - isCloseConfirmation: false
18:00:13.362 [FXGL Background Thread 3 ] DEBUG Engine               - isDesktop: true
18:00:13.363 [FXGL Background Thread 3 ] DEBUG Engine               - isDeveloperMenuEnabled: false
18:00:13.363 [FXGL Background Thread 3 ] DEBUG Engine               - isEmbedded: false
18:00:13.363 [FXGL Background Thread 3 ] DEBUG Engine               - isEntityPreloadEnabled: true
18:00:13.363 [FXGL Background Thread 3 ] DEBUG Engine               - isExperimentalTiledLargeMap: false
18:00:13.363 [FXGL Background Thread 3 ] DEBUG Engine               - isFileSystemWriteAllowed: true
18:00:13.363 [FXGL Background Thread 3 ] DEBUG Engine               - isFullScreenAllowed: false
18:00:13.363 [FXGL Background Thread 3 ] DEBUG Engine               - isFullScreenFromStart: false
18:00:13.363 [FXGL Background Thread 3 ] DEBUG Engine               - isGameMenuEnabled: true
18:00:13.363 [FXGL Background Thread 3 ] DEBUG Engine               - isIOS: false
18:00:13.363 [FXGL Background Thread 3 ] DEBUG Engine               - isIntroEnabled: false
18:00:13.363 [FXGL Background Thread 3 ] DEBUG Engine               - isLinux: false
18:00:13.363 [FXGL Background Thread 3 ] DEBUG Engine               - isMac: true
18:00:13.363 [FXGL Background Thread 3 ] DEBUG Engine               - isMainMenuEnabled: false
18:00:13.363 [FXGL Background Thread 3 ] DEBUG Engine               - isManualResizeEnabled: false
18:00:13.363 [FXGL Background Thread 3 ] DEBUG Engine               - isMobile: false
18:00:13.363 [FXGL Background Thread 3 ] DEBUG Engine               - isNative: false
18:00:13.363 [FXGL Background Thread 3 ] DEBUG Engine               - isPauseMusicWhenMinimized: true
18:00:13.363 [FXGL Background Thread 3 ] DEBUG Engine               - isPreserveResizeRatio: false
18:00:13.363 [FXGL Background Thread 3 ] DEBUG Engine               - isProfilingEnabled: false
18:00:13.363 [FXGL Background Thread 3 ] DEBUG Engine               - isScaleAffectedOnResize: true
18:00:13.364 [FXGL Background Thread 3 ] DEBUG Engine               - isSingleStep: false
18:00:13.364 [FXGL Background Thread 3 ] DEBUG Engine               - isUserProfileEnabled: false
18:00:13.364 [FXGL Background Thread 3 ] DEBUG Engine               - isWindows: false
18:00:13.364 [FXGL Background Thread 3 ] DEBUG Engine               - language: ObjectProperty [value: ENGLISH]
18:00:13.364 [FXGL Background Thread 3 ] DEBUG Engine               - menuKey: ESCAPE
18:00:13.364 [FXGL Background Thread 3 ] DEBUG Engine               - mouseSensitivity: 0.2
18:00:13.364 [FXGL Background Thread 3 ] DEBUG Engine               - notificationViewClass: class com.almasb.fxgl.notification.view.XboxNotificationView
18:00:13.364 [FXGL Background Thread 3 ] DEBUG Engine               - pixelsPerMeter: 50.0
18:00:13.364 [FXGL Background Thread 3 ] DEBUG Engine               - platform: MAC
18:00:13.364 [FXGL Background Thread 3 ] DEBUG Engine               - prefHeightProperty: ReadOnlyDoubleProperty [value: 720.0]
18:00:13.364 [FXGL Background Thread 3 ] DEBUG Engine               - prefWidthProperty: ReadOnlyDoubleProperty [value: 1280.0]
18:00:13.364 [FXGL Background Thread 3 ] DEBUG Engine               - profileDir: profiles/
18:00:13.364 [FXGL Background Thread 3 ] DEBUG Engine               - profileName: StringProperty [value: DEFAULT]
18:00:13.364 [FXGL Background Thread 3 ] DEBUG Engine               - randomSeed: -1
18:00:13.364 [FXGL Background Thread 3 ] DEBUG Engine               - runtimeInfo: RuntimeInfo(platform=MAC, version=17.1, build=24.03.2022 17.34)
18:00:13.364 [FXGL Background Thread 3 ] DEBUG Engine               - saveFileExt: sav
18:00:13.364 [FXGL Background Thread 3 ] DEBUG Engine               - scaledHeightProp$fxgl: DoubleProperty [bound, value: 720.0]
18:00:13.365 [FXGL Background Thread 3 ] DEBUG Engine               - scaledWidthProp$fxgl: DoubleProperty [bound, value: 1280.0]
18:00:13.365 [FXGL Background Thread 3 ] DEBUG Engine               - sceneFactory: com.almasb.fxgl.app.scene.SceneFactory@4dbbb598
18:00:13.365 [FXGL Background Thread 3 ] DEBUG Engine               - secondsIn24h: 60
18:00:13.365 [FXGL Background Thread 3 ] DEBUG Engine               - soundMenuBack: menu/back.wav
18:00:13.365 [FXGL Background Thread 3 ] DEBUG Engine               - soundMenuPress: menu/press.wav
18:00:13.365 [FXGL Background Thread 3 ] DEBUG Engine               - soundMenuSelect: menu/select.wav
18:00:13.365 [FXGL Background Thread 3 ] DEBUG Engine               - soundNotification: core/notification.wav
18:00:13.365 [FXGL Background Thread 3 ] DEBUG Engine               - stageStyle: DECORATED
18:00:13.365 [FXGL Background Thread 3 ] DEBUG Engine               - supportedLanguages: [ENGLISH, FRENCH, GERMAN, HUNGARIAN, RUSSIAN]
18:00:13.365 [FXGL Background Thread 3 ] DEBUG Engine               - ticksPerSecond: -1
18:00:13.365 [FXGL Background Thread 3 ] DEBUG Engine               - title: Flappy Bird
18:00:13.365 [FXGL Background Thread 3 ] DEBUG Engine               - urlGithub: https://github.com/AlmasB/FXGL
18:00:13.365 [FXGL Background Thread 3 ] DEBUG Engine               - urlLeaderboard: http://fxgl-top.herokuapp.com/
18:00:13.365 [FXGL Background Thread 3 ] DEBUG Engine               - urlPOM: https://raw.githubusercontent.com/AlmasB/FXGL/release/README.md
18:00:13.365 [FXGL Background Thread 3 ] DEBUG Engine               - userAppClass: class FlappyBirdApp
18:00:13.365 [FXGL Background Thread 3 ] DEBUG Engine               - version: 1.0
18:00:13.365 [FXGL Background Thread 3 ] DEBUG Engine               - versionCheckDays: 7
18:00:13.365 [FXGL Background Thread 3 ] DEBUG Engine               - width: 1280
18:00:13.365 [FXGL Background Thread 3 ] DEBUG Engine               - Logging services
18:00:13.365 [FXGL Background Thread 3 ] DEBUG Engine               - class com.almasb.fxgl.app.services.FXGLAssetLoaderService
18:00:13.365 [FXGL Background Thread 3 ] DEBUG Engine               - class com.almasb.fxgl.app.FXGLApplication$GameApplicationService
18:00:13.365 [FXGL Background Thread 3 ] DEBUG Engine               - class com.almasb.fxgl.app.services.FXGLDialogService
18:00:13.365 [FXGL Background Thread 3 ] DEBUG Engine               - class com.almasb.fxgl.app.services.IOTaskExecutorService
18:00:13.365 [FXGL Background Thread 3 ] DEBUG Engine               - class com.almasb.fxgl.io.FileSystemService
18:00:13.365 [FXGL Background Thread 3 ] DEBUG Engine               - class com.almasb.fxgl.localization.LocalizationService
18:00:13.365 [FXGL Background Thread 3 ] DEBUG Engine               - class com.almasb.fxgl.app.services.SystemBundleService
18:00:13.365 [FXGL Background Thread 3 ] DEBUG Engine               - class com.almasb.fxgl.profile.SaveLoadService
18:00:13.366 [FXGL Background Thread 3 ] DEBUG Engine               - class com.almasb.fxgl.ui.FXGLUIFactoryServiceProvider
18:00:13.366 [FXGL Background Thread 3 ] DEBUG Engine               - class com.almasb.fxgl.ui.FXGLDialogFactoryServiceProvider
18:00:13.366 [FXGL Background Thread 3 ] DEBUG Engine               - class com.almasb.fxgl.audio.AudioPlayer
18:00:13.366 [FXGL Background Thread 3 ] DEBUG Engine               - class com.almasb.fxgl.notification.impl.NotificationServiceProvider
18:00:13.366 [FXGL Background Thread 3 ] DEBUG Engine               - class com.almasb.fxgl.achievement.AchievementService
18:00:13.366 [FXGL Background Thread 3 ] DEBUG Engine               - class com.almasb.fxgl.cutscene.CutsceneService
18:00:13.366 [FXGL Background Thread 3 ] DEBUG Engine               - class com.almasb.fxgl.minigames.MiniGameService
18:00:13.366 [FXGL Background Thread 3 ] DEBUG Engine               - class com.almasb.fxgl.net.NetService
18:00:13.366 [FXGL Background Thread 3 ] DEBUG Engine               - class com.almasb.fxgl.app.services.UpdaterService
18:00:13.366 [FXGL Background Thread 3 ] DEBUG Engine               - class com.almasb.fxgl.dev.DevService
18:00:14.046 [JavaFX Application Thread] DEBUG Input                - Mocking key press: Space
18:00:14.178 [JavaFX Application Thread] DEBUG Input                - Mocking key release: Space
18:00:14.395 [JavaFX Application Thread] DEBUG Input                - Mocking key press: Space
18:00:14.478 [JavaFX Application Thread] DEBUG Input                - Mocking key release: Space
18:00:14.928 [JavaFX Application Thread] DEBUG Input                - Mocking key press: Space
18:00:15.028 [JavaFX Application Thread] DEBUG Input                - Mocking key release: Space
18:00:15.212 [JavaFX Application Thread] DEBUG Input                - Mocking key press: Space
18:00:15.261 [JavaFX Application Thread] DEBUG Input                - Mocking key release: Space
18:00:15.996 [JavaFX Application Thread] DEBUG Input                - Mocking key press: Space
18:00:16.112 [JavaFX Application Thread] DEBUG Input                - Mocking key release: Space
18:00:16.429 [JavaFX Application Thread] DEBUG Input                - Mocking key press: Space
18:00:16.512 [JavaFX Application Thread] DEBUG Input                - Mocking key release: Space
18:00:16.645 [JavaFX Application Thread] DEBUG Input                - Mocking key press: Space
18:00:16.712 [JavaFX Application Thread] DEBUG Input                - Mocking key release: Space
18:00:17.779 [JavaFX Application Thread] DEBUG FXGLApplication      - Exiting FXGL
18:00:17.779 [JavaFX Application Thread] DEBUG LoopRunner           - Stopping loop
18:00:17.779 [JavaFX Application Thread] DEBUG SystemBundleService  - Saving FXGL system data
18:00:17.782 [JavaFX Application Thread] DEBUG FileSystemAccess     - Writing to: /Users/karinasang/Sherry/Teaching/FlappyBird/system/fxgl.bundle
18:00:17.785 [JavaFX Application Thread] DEBUG Async                - Shutting down background threads
18:00:17.785 [JavaFX Application Thread] DEBUG PrimaryStageWindow   - Closing main window
18:00:17.815 [JavaFX Application Thread] DEBUG Logger               - Closing Logger
