17:51:19.905 [main                     ] DEBUG Logger               - Configured Logger
17:51:19.922 [main                     ] DEBUG GameApplication      - Logging settings
Title: Flappy Bird
Version: 1.0
Width: 1280
Height: 720
Fullscreen: false
Intro: false
Profiling: false
Single step:false
App Mode: DEVELOPER
Menu Key: ESCAPE
Stage Style: DECORATED
Scene Factory: class com.almasb.fxgl.app.scene.SceneFactory

17:51:20.213 [JavaFX Application Thread] DEBUG FXGLApplication      - Initializing FXGL
17:51:20.215 [JavaFX Application Thread] INFO  Engine               - FXGL-17.1 (24.03.2022 17.34) on MAC (J:19.0.1 FX:18)
17:51:20.215 [JavaFX Application Thread] DEBUG Engine               - JRE Vendor Name: Oracle Corporation
17:51:20.216 [JavaFX Application Thread] DEBUG Engine               - Running on OS: Mac OS X version 13.0.1
17:51:20.216 [JavaFX Application Thread] DEBUG Engine               - Architecture: aarch64
17:51:20.216 [JavaFX Application Thread] INFO  Engine               - Source code and latest versions at: https://github.com/AlmasB/FXGL
17:51:20.216 [JavaFX Application Thread] INFO  Engine               -       Ask questions and discuss at: https://github.com/AlmasB/FXGL/discussions
17:51:20.216 [JavaFX Application Thread] INFO  Engine               -              Join the FXGL chat at: https://gitter.im/AlmasB/FXGL
17:51:20.267 [JavaFX Application Thread] DEBUG PrimaryStageWindow   - Creating a JavaFX scene
17:51:20.284 [JavaFX Application Thread] DEBUG PrimaryStageWindow   - Target settings size: 1280.0 x 720.0
17:51:20.284 [JavaFX Application Thread] DEBUG PrimaryStageWindow   - Scaled scene size:    1280.0 x 720.0
17:51:20.284 [JavaFX Application Thread] DEBUG PrimaryStageWindow   - Scaled ratio: (1.0, 1.0)
17:51:20.284 [JavaFX Application Thread] DEBUG PrimaryStageWindow   - Set initial scene to FXGLStartupScene
17:51:20.287 [JavaFX Application Thread] DEBUG PrimaryStageWindow   - Opening main window
17:51:20.329 [JavaFX Application Thread] DEBUG PrimaryStageWindow   - Window border size: (0.0, 28.0)
17:51:20.329 [JavaFX Application Thread] DEBUG PrimaryStageWindow   - Scaled size: 1280.0 x 720.0
17:51:20.329 [JavaFX Application Thread] DEBUG PrimaryStageWindow   - Scaled ratio: (1.0, 1.0)
17:51:20.329 [JavaFX Application Thread] DEBUG PrimaryStageWindow   - Scene size: 1280.0 x 720.0
17:51:20.329 [JavaFX Application Thread] DEBUG PrimaryStageWindow   - Stage size: 1280.0 x 748.0
17:51:20.332 [FXGL Background Thread 1 ] DEBUG Engine               - Initializing environment variables
17:51:20.358 [FXGL Background Thread 1 ] DEBUG FXGLAssetLoaderServi - User app class for loading assets: class FlappyBirdApp
17:51:20.358 [FXGL Background Thread 1 ] DEBUG GameApplicationServi - Applying CSS: fxgl_dark.css
17:51:20.358 [FXGL Background Thread 1 ] DEBUG FXGLAssetLoaderServi - Loading from file system: jar:file:/Users/karinasang/.m2/repository/com/github/almasb/fxgl/17.1/fxgl-17.1.jar!/fxglassets/ui/css/fxgl_dark.css
17:51:20.381 [FXGL Background Thread 1 ] DEBUG GameApplicationServi - Initializing application scenes
17:51:20.479 [FXGL Background Thread 1 ] DEBUG GameWorld            - Game world initialized
17:51:20.518 [FXGL Background Thread 1 ] DEBUG PhysicsWorld         - Physics world initialized: appHeight=720, physics.ppm=50.0
17:51:20.518 [FXGL Background Thread 1 ] DEBUG PhysicsWorld         - Using strategy: BRUTE_FORCE
17:51:20.520 [FXGL Background Thread 1 ] DEBUG GameScene            - Game scene initialized: 1280x720
17:51:20.528 [FXGL Background Thread 1 ] DEBUG FXGL.DefaultMenu     - createMenuBodyGameMenu()
17:51:20.540 [FXGL Background Thread 1 ] DEBUG FXGL.DefaultMenu     - createOptionsMenu()
17:51:20.550 [FXGL Background Thread 1 ] DEBUG FXGLAssetLoaderServi - Loading from file system: jar:file:/Users/karinasang/.m2/repository/com/github/almasb/fxgl/17.1/fxgl-17.1.jar!/fxglassets/textures/particles/smoke.png
17:51:20.629 [FXGL Background Thread 1 ] DEBUG FXGLAssetLoaderServi - Loading from file system: jar:file:/Users/karinasang/.m2/repository/com/github/almasb/fxgl/17.1/fxgl-17.1.jar!/fxglassets/textures/particles/trace_horizontal.png
17:51:20.657 [FXGL Background Thread 1 ] DEBUG GameApplicationServi - Application scenes initialized
17:51:20.668 [FXGL Background Thread 1 ] DEBUG SystemBundleService  - Loading FXGL system data
17:51:20.671 [FXGL Background Thread 1 ] DEBUG FileSystemAccess     - Reading from: /Users/karinasang/Sherry/Teaching/FlappyBird/system/fxgl.bundle
17:51:20.678 [FXGL Background Thread 1 ] DEBUG SystemBundleService  - Bundle FXGL: {}
17:51:20.678 [FXGL Background Thread 1 ] DEBUG UpdaterService       - Checking for updates
17:51:20.681 [FXGL Background Thread 1 ] DEBUG FXGLApplication      - Loading default localization
17:51:20.681 [FXGL Background Thread 4 ] DEBUG FXGLApplication      - Loading fonts
17:51:20.681 [FXGL Background Thread 1 ] DEBUG FXGLAssetLoaderServi - Loading from file system: jar:file:/Users/karinasang/.m2/repository/com/github/almasb/fxgl/17.1/fxgl-17.1.jar!/fxglassets/languages/english.lang
17:51:20.682 [FXGL Background Thread 4 ] DEBUG FXGLAssetLoaderServi - Loading from file system: jar:file:/Users/karinasang/.m2/repository/com/github/almasb/fxgl/17.1/fxgl-17.1.jar!/fxglassets/ui/fonts/VarelaRound-Regular.ttf
17:51:20.693 [FXGL Background Thread 4 ] DEBUG FXGLAssetLoaderServi - Loading from file system: jar:file:/Users/karinasang/.m2/repository/com/github/almasb/fxgl/17.1/fxgl-17.1.jar!/fxglassets/ui/fonts/Abel-Regular.ttf
17:51:20.695 [FXGL Background Thread 1 ] INFO  FXGLApplication      - FXGL initialization took: 0.363 sec
17:51:20.696 [FXGL Background Thread 4 ] DEBUG FXGLAssetLoaderServi - Loading from file system: jar:file:/Users/karinasang/.m2/repository/com/github/almasb/fxgl/17.1/fxgl-17.1.jar!/fxglassets/ui/fonts/TerminalLandMono-Regular.otf
17:51:20.698 [FXGL Background Thread 4 ] DEBUG FXGLAssetLoaderServi - Loading from file system: jar:file:/Users/karinasang/.m2/repository/com/github/almasb/fxgl/17.1/fxgl-17.1.jar!/fxglassets/ui/fonts/Courier-Prime.ttf
17:51:20.700 [JavaFX Application Thread] DEBUG Input                - Registered new binding: jump - Space
17:51:20.700 [JavaFX Application Thread] DEBUG FXGLAssetLoaderServi - Loading from file system: jar:file:/Users/karinasang/.m2/repository/com/github/almasb/fxgl/17.1/fxgl-17.1.jar!/fxglassets/textures/fxgl_icon.png
17:51:20.718 [JavaFX Application Thread] DEBUG FXGLAssetLoaderServi - Loading from file system: jar:file:/Users/karinasang/.m2/repository/com/github/almasb/fxgl/17.1/fxgl-17.1.jar!/fxglassets/textures/fxgl_default_cursor.png
17:51:20.719 [JavaFX Application Thread] DEBUG Input                - Registered new binding: Screenshot - CTRL+8
17:51:20.720 [JavaFX Application Thread] DEBUG Input                - Registered new binding: System info dump - CTRL+9
17:51:20.720 [JavaFX Application Thread] DEBUG Input                - Registered new binding: Restart - CTRL+R
17:51:20.720 [JavaFX Application Thread] DEBUG Input                - Registered new binding: Toggle Debug Camera - CTRL+7
17:51:20.721 [JavaFX Application Thread] DEBUG LoopRunner           - Starting loop
17:51:20.721 [JavaFX Application Thread] DEBUG LoopRunner           - Initializing JavaFX AnimationTimerLoop
17:51:20.722 [JavaFX Application Thread] DEBUG GameApplicationServi - Starting new game
17:51:20.722 [JavaFX Application Thread] DEBUG Input                - Clearing active input actions
17:51:20.727 [JavaFX Application Thread] DEBUG GameApplicationServi - Removing overlay from FXGLStartupScene and adding to FXGLLoadingScene
17:51:20.727 [JavaFX Application Thread] DEBUG PrimaryStageWindow   - FXGLStartupScene -> FXGLLoadingScene
17:51:20.727 [JavaFX Application Thread] DEBUG GameApplicationServi - Clearing previous game
17:51:20.727 [JavaFX Application Thread] DEBUG GameScene            - Clearing game scene
17:51:20.727 [JavaFX Application Thread] DEBUG GameWorld            - Clearing game world
17:51:20.728 [JavaFX Application Thread] DEBUG PhysicsWorld         - Clearing physics world
17:51:20.729 [FXGL Background Thread 4 ] DEBUG FXGLApplication      - Initializing game
17:51:20.736 [FXGL Background Thread 4 ] DEBUG FXGLAssetLoaderServi - Loading from file system: file:/Users/karinasang/Sherry/Teaching/FlappyBird/target/classes/assets/textures/bird.png
17:51:20.748 [JavaFX Application Thread] DEBUG FXGLApplication      - Registering font factories with UI factory
17:51:20.768 [FXGL Background Thread 4 ] WARN  GameWorld            - Entity is already attached to world
17:51:20.775 [FXGL Background Thread 4 ] INFO  FXGLApplication      - Game initialization took: 0.046 sec
17:51:20.783 [JavaFX Application Thread] DEBUG Input                - Clearing active input actions
17:51:20.787 [JavaFX Application Thread] DEBUG GameApplicationServi - Removing overlay from FXGLLoadingScene and adding to GameScene
17:51:20.787 [JavaFX Application Thread] DEBUG PrimaryStageWindow   - FXGLLoadingScene -> GameScene
17:51:20.991 [FXGL Background Thread 2 ] INFO  UpdaterService       - Your current version:  17.1
17:51:20.991 [FXGL Background Thread 2 ] INFO  UpdaterService       - Latest stable version: 17.2
17:51:21.486 [JavaFX Application Thread] DEBUG Input                - Mocking key press: A
17:51:21.486 [JavaFX Application Thread] DEBUG Input                - Mocking key release: A
17:51:21.666 [JavaFX Application Thread] DEBUG Input                - Mocking key press: A
17:51:21.666 [JavaFX Application Thread] DEBUG Input                - Mocking key release: A
17:51:21.800 [JavaFX Application Thread] DEBUG Input                - Mocking key press: A
17:51:21.800 [JavaFX Application Thread] DEBUG Input                - Mocking key release: A
17:51:21.950 [JavaFX Application Thread] DEBUG Input                - Mocking key press: A
17:51:21.950 [JavaFX Application Thread] DEBUG Input                - Mocking key release: A
17:51:23.685 [FXGL Background Thread 3 ] DEBUG Engine               - Logging environment variables
17:51:23.687 [FXGL Background Thread 3 ] DEBUG Engine               - achievements: []
17:51:23.687 [FXGL Background Thread 3 ] DEBUG Engine               - actualHeight: 720.0
17:51:23.687 [FXGL Background Thread 3 ] DEBUG Engine               - actualHeightProperty: ReadOnlyDoubleProperty [value: 720.0]
17:51:23.688 [FXGL Background Thread 3 ] DEBUG Engine               - actualWidth: 1280.0
17:51:23.688 [FXGL Background Thread 3 ] DEBUG Engine               - actualWidthProperty: ReadOnlyDoubleProperty [value: 1280.0]
17:51:23.688 [FXGL Background Thread 3 ] DEBUG Engine               - appIcon: fxgl_icon.png
17:51:23.688 [FXGL Background Thread 3 ] DEBUG Engine               - applicationMode: DEVELOPER
17:51:23.688 [FXGL Background Thread 3 ] DEBUG Engine               - cSSList: [fxgl_dark.css]
17:51:23.688 [FXGL Background Thread 3 ] DEBUG Engine               - collisionDetectionStrategy: BRUTE_FORCE
17:51:23.688 [FXGL Background Thread 3 ] DEBUG Engine               - configClass: Optional.empty
17:51:23.688 [FXGL Background Thread 3 ] DEBUG Engine               - credits: []
17:51:23.689 [FXGL Background Thread 3 ] DEBUG Engine               - defaultCursor: CursorInfo(imageName=fxgl_default_cursor.png, hotspotX=7.0, hotspotY=6.0)
17:51:23.690 [FXGL Background Thread 3 ] DEBUG Engine               - devBBoxColorProperty: ObjectProperty [value: 0xff0000ff]
17:51:23.690 [FXGL Background Thread 3 ] DEBUG Engine               - devEnableDebugCameraProperty: BooleanProperty [value: false]
17:51:23.690 [FXGL Background Thread 3 ] DEBUG Engine               - devSensorColorProperty: ObjectProperty [value: 0xffff00ff]
17:51:23.690 [FXGL Background Thread 3 ] DEBUG Engine               - devShowBBoxProperty: BooleanProperty [value: false]
17:51:23.690 [FXGL Background Thread 3 ] DEBUG Engine               - devShowPositionProperty: BooleanProperty [value: false]
17:51:23.690 [FXGL Background Thread 3 ] DEBUG Engine               - enabledMenuItems: []
17:51:23.691 [FXGL Background Thread 3 ] DEBUG Engine               - engineServices: [class com.almasb.fxgl.app.services.FXGLAssetLoaderService, class com.almasb.fxgl.app.FXGLApplication$GameApplicationService, class com.almasb.fxgl.app.services.FXGLDialogService, class com.almasb.fxgl.app.services.IOTaskExecutorService, class com.almasb.fxgl.io.FileSystemService, class com.almasb.fxgl.localization.LocalizationService, class com.almasb.fxgl.app.services.SystemBundleService, class com.almasb.fxgl.profile.SaveLoadService, class com.almasb.fxgl.ui.FXGLUIFactoryServiceProvider, class com.almasb.fxgl.ui.FXGLDialogFactoryServiceProvider, class com.almasb.fxgl.audio.AudioPlayer, class com.almasb.fxgl.notification.impl.NotificationServiceProvider, class com.almasb.fxgl.achievement.AchievementService, class com.almasb.fxgl.cutscene.CutsceneService, class com.almasb.fxgl.minigames.MiniGameService, class com.almasb.fxgl.net.NetService, class com.almasb.fxgl.app.services.UpdaterService, class com.almasb.fxgl.dev.DevService]
17:51:23.691 [FXGL Background Thread 3 ] DEBUG Engine               - fontGame: Abel-Regular.ttf
17:51:23.691 [FXGL Background Thread 3 ] DEBUG Engine               - fontMono: TerminalLandMono-Regular.otf
17:51:23.691 [FXGL Background Thread 3 ] DEBUG Engine               - fontText: Courier-Prime.ttf
17:51:23.691 [FXGL Background Thread 3 ] DEBUG Engine               - fontUI: VarelaRound-Regular.ttf
17:51:23.691 [FXGL Background Thread 3 ] DEBUG Engine               - fullScreen: BooleanProperty [value: false]
17:51:23.691 [FXGL Background Thread 3 ] DEBUG Engine               - gameDifficulty: MEDIUM
17:51:23.691 [FXGL Background Thread 3 ] DEBUG Engine               - gameDifficultyProperty: ObjectProperty [value: MEDIUM]
17:51:23.691 [FXGL Background Thread 3 ] DEBUG Engine               - globalMusicVolume: 0.5
17:51:23.691 [FXGL Background Thread 3 ] DEBUG Engine               - globalMusicVolumeProperty: DoubleProperty [value: 0.5]
17:51:23.691 [FXGL Background Thread 3 ] DEBUG Engine               - globalSoundVolume: 0.5
17:51:23.692 [FXGL Background Thread 3 ] DEBUG Engine               - globalSoundVolumeProperty: DoubleProperty [value: 0.5]
17:51:23.692 [FXGL Background Thread 3 ] DEBUG Engine               - height: 720
17:51:23.692 [FXGL Background Thread 3 ] DEBUG Engine               - is3D: false
17:51:23.692 [FXGL Background Thread 3 ] DEBUG Engine               - isAndroid: false
17:51:23.692 [FXGL Background Thread 3 ] DEBUG Engine               - isBrowser: false
17:51:23.692 [FXGL Background Thread 3 ] DEBUG Engine               - isClickFeedbackEnabled: false
17:51:23.692 [FXGL Background Thread 3 ] DEBUG Engine               - isCloseConfirmation: false
17:51:23.692 [FXGL Background Thread 3 ] DEBUG Engine               - isDesktop: true
17:51:23.692 [FXGL Background Thread 3 ] DEBUG Engine               - isDeveloperMenuEnabled: false
17:51:23.692 [FXGL Background Thread 3 ] DEBUG Engine               - isEmbedded: false
17:51:23.692 [FXGL Background Thread 3 ] DEBUG Engine               - isEntityPreloadEnabled: true
17:51:23.692 [FXGL Background Thread 3 ] DEBUG Engine               - isExperimentalTiledLargeMap: false
17:51:23.692 [FXGL Background Thread 3 ] DEBUG Engine               - isFileSystemWriteAllowed: true
17:51:23.692 [FXGL Background Thread 3 ] DEBUG Engine               - isFullScreenAllowed: false
17:51:23.693 [FXGL Background Thread 3 ] DEBUG Engine               - isFullScreenFromStart: false
17:51:23.693 [FXGL Background Thread 3 ] DEBUG Engine               - isGameMenuEnabled: true
17:51:23.693 [FXGL Background Thread 3 ] DEBUG Engine               - isIOS: false
17:51:23.693 [FXGL Background Thread 3 ] DEBUG Engine               - isIntroEnabled: false
17:51:23.693 [FXGL Background Thread 3 ] DEBUG Engine               - isLinux: false
17:51:23.693 [FXGL Background Thread 3 ] DEBUG Engine               - isMac: true
17:51:23.693 [FXGL Background Thread 3 ] DEBUG Engine               - isMainMenuEnabled: false
17:51:23.693 [FXGL Background Thread 3 ] DEBUG Engine               - isManualResizeEnabled: false
17:51:23.693 [FXGL Background Thread 3 ] DEBUG Engine               - isMobile: false
17:51:23.693 [FXGL Background Thread 3 ] DEBUG Engine               - isNative: false
17:51:23.693 [FXGL Background Thread 3 ] DEBUG Engine               - isPauseMusicWhenMinimized: true
17:51:23.693 [FXGL Background Thread 3 ] DEBUG Engine               - isPreserveResizeRatio: false
17:51:23.693 [FXGL Background Thread 3 ] DEBUG Engine               - isProfilingEnabled: false
17:51:23.693 [FXGL Background Thread 3 ] DEBUG Engine               - isScaleAffectedOnResize: true
17:51:23.693 [FXGL Background Thread 3 ] DEBUG Engine               - isSingleStep: false
17:51:23.693 [FXGL Background Thread 3 ] DEBUG Engine               - isUserProfileEnabled: false
17:51:23.694 [FXGL Background Thread 3 ] DEBUG Engine               - isWindows: false
17:51:23.694 [FXGL Background Thread 3 ] DEBUG Engine               - language: ObjectProperty [value: ENGLISH]
17:51:23.694 [FXGL Background Thread 3 ] DEBUG Engine               - menuKey: ESCAPE
17:51:23.694 [FXGL Background Thread 3 ] DEBUG Engine               - mouseSensitivity: 0.2
17:51:23.694 [FXGL Background Thread 3 ] DEBUG Engine               - notificationViewClass: class com.almasb.fxgl.notification.view.XboxNotificationView
17:51:23.694 [FXGL Background Thread 3 ] DEBUG Engine               - pixelsPerMeter: 50.0
17:51:23.694 [FXGL Background Thread 3 ] DEBUG Engine               - platform: MAC
17:51:23.694 [FXGL Background Thread 3 ] DEBUG Engine               - prefHeightProperty: ReadOnlyDoubleProperty [value: 720.0]
17:51:23.694 [FXGL Background Thread 3 ] DEBUG Engine               - prefWidthProperty: ReadOnlyDoubleProperty [value: 1280.0]
17:51:23.694 [FXGL Background Thread 3 ] DEBUG Engine               - profileDir: profiles/
17:51:23.694 [FXGL Background Thread 3 ] DEBUG Engine               - profileName: StringProperty [value: DEFAULT]
17:51:23.694 [FXGL Background Thread 3 ] DEBUG Engine               - randomSeed: -1
17:51:23.695 [FXGL Background Thread 3 ] DEBUG Engine               - runtimeInfo: RuntimeInfo(platform=MAC, version=17.1, build=24.03.2022 17.34)
17:51:23.695 [FXGL Background Thread 3 ] DEBUG Engine               - saveFileExt: sav
17:51:23.695 [FXGL Background Thread 3 ] DEBUG Engine               - scaledHeightProp$fxgl: DoubleProperty [bound, value: 720.0]
17:51:23.695 [FXGL Background Thread 3 ] DEBUG Engine               - scaledWidthProp$fxgl: DoubleProperty [bound, value: 1280.0]
17:51:23.695 [FXGL Background Thread 3 ] DEBUG Engine               - sceneFactory: com.almasb.fxgl.app.scene.SceneFactory@58036f69
17:51:23.695 [FXGL Background Thread 3 ] DEBUG Engine               - secondsIn24h: 60
17:51:23.695 [FXGL Background Thread 3 ] DEBUG Engine               - soundMenuBack: menu/back.wav
17:51:23.695 [FXGL Background Thread 3 ] DEBUG Engine               - soundMenuPress: menu/press.wav
17:51:23.695 [FXGL Background Thread 3 ] DEBUG Engine               - soundMenuSelect: menu/select.wav
17:51:23.695 [FXGL Background Thread 3 ] DEBUG Engine               - soundNotification: core/notification.wav
17:51:23.695 [FXGL Background Thread 3 ] DEBUG Engine               - stageStyle: DECORATED
17:51:23.695 [FXGL Background Thread 3 ] DEBUG Engine               - supportedLanguages: [ENGLISH, FRENCH, GERMAN, HUNGARIAN, RUSSIAN]
17:51:23.695 [FXGL Background Thread 3 ] DEBUG Engine               - ticksPerSecond: -1
17:51:23.696 [FXGL Background Thread 3 ] DEBUG Engine               - title: Flappy Bird
17:51:23.696 [FXGL Background Thread 3 ] DEBUG Engine               - urlGithub: https://github.com/AlmasB/FXGL
17:51:23.696 [FXGL Background Thread 3 ] DEBUG Engine               - urlLeaderboard: http://fxgl-top.herokuapp.com/
17:51:23.696 [FXGL Background Thread 3 ] DEBUG Engine               - urlPOM: https://raw.githubusercontent.com/AlmasB/FXGL/release/README.md
17:51:23.696 [FXGL Background Thread 3 ] DEBUG Engine               - userAppClass: class FlappyBirdApp
17:51:23.696 [FXGL Background Thread 3 ] DEBUG Engine               - version: 1.0
17:51:23.696 [FXGL Background Thread 3 ] DEBUG Engine               - versionCheckDays: 7
17:51:23.696 [FXGL Background Thread 3 ] DEBUG Engine               - width: 1280
17:51:23.696 [FXGL Background Thread 3 ] DEBUG Engine               - Logging services
17:51:23.696 [FXGL Background Thread 3 ] DEBUG Engine               - class com.almasb.fxgl.app.services.FXGLAssetLoaderService
17:51:23.696 [FXGL Background Thread 3 ] DEBUG Engine               - class com.almasb.fxgl.app.FXGLApplication$GameApplicationService
17:51:23.696 [FXGL Background Thread 3 ] DEBUG Engine               - class com.almasb.fxgl.app.services.FXGLDialogService
17:51:23.696 [FXGL Background Thread 3 ] DEBUG Engine               - class com.almasb.fxgl.app.services.IOTaskExecutorService
17:51:23.696 [FXGL Background Thread 3 ] DEBUG Engine               - class com.almasb.fxgl.io.FileSystemService
17:51:23.696 [FXGL Background Thread 3 ] DEBUG Engine               - class com.almasb.fxgl.localization.LocalizationService
17:51:23.696 [FXGL Background Thread 3 ] DEBUG Engine               - class com.almasb.fxgl.app.services.SystemBundleService
17:51:23.696 [FXGL Background Thread 3 ] DEBUG Engine               - class com.almasb.fxgl.profile.SaveLoadService
17:51:23.696 [FXGL Background Thread 3 ] DEBUG Engine               - class com.almasb.fxgl.ui.FXGLUIFactoryServiceProvider
17:51:23.696 [FXGL Background Thread 3 ] DEBUG Engine               - class com.almasb.fxgl.ui.FXGLDialogFactoryServiceProvider
17:51:23.696 [FXGL Background Thread 3 ] DEBUG Engine               - class com.almasb.fxgl.audio.AudioPlayer
17:51:23.696 [FXGL Background Thread 3 ] DEBUG Engine               - class com.almasb.fxgl.notification.impl.NotificationServiceProvider
17:51:23.696 [FXGL Background Thread 3 ] DEBUG Engine               - class com.almasb.fxgl.achievement.AchievementService
17:51:23.696 [FXGL Background Thread 3 ] DEBUG Engine               - class com.almasb.fxgl.cutscene.CutsceneService
17:51:23.697 [FXGL Background Thread 3 ] DEBUG Engine               - class com.almasb.fxgl.minigames.MiniGameService
17:51:23.697 [FXGL Background Thread 3 ] DEBUG Engine               - class com.almasb.fxgl.net.NetService
17:51:23.697 [FXGL Background Thread 3 ] DEBUG Engine               - class com.almasb.fxgl.app.services.UpdaterService
17:51:23.697 [FXGL Background Thread 3 ] DEBUG Engine               - class com.almasb.fxgl.dev.DevService
17:51:26.284 [JavaFX Application Thread] DEBUG FXGLApplication      - Exiting FXGL
17:51:26.284 [JavaFX Application Thread] DEBUG LoopRunner           - Stopping loop
17:51:26.284 [JavaFX Application Thread] DEBUG SystemBundleService  - Saving FXGL system data
17:51:26.287 [JavaFX Application Thread] DEBUG FileSystemAccess     - Writing to: /Users/karinasang/Sherry/Teaching/FlappyBird/system/fxgl.bundle
17:51:26.291 [JavaFX Application Thread] DEBUG Async                - Shutting down background threads
17:51:26.291 [JavaFX Application Thread] DEBUG PrimaryStageWindow   - Closing main window
17:51:26.303 [JavaFX Application Thread] DEBUG Logger               - Closing Logger
