18:00:44.152 [main                     ] DEBUG Logger               - Configured Logger
18:00:44.164 [main                     ] DEBUG GameApplication      - Logging settings
Title: Flappy Bird
Version: 1.0
Width: 1280
Height: 720
Fullscreen: false
Intro: false
Profiling: false
Single step:false
App Mode: DEVELOPER
Menu Key: ESCAPE
Stage Style: DECORATED
Scene Factory: class com.almasb.fxgl.app.scene.SceneFactory

18:00:44.464 [JavaFX Application Thread] DEBUG FXGLApplication      - Initializing FXGL
18:00:44.467 [JavaFX Application Thread] INFO  Engine               - FXGL-17.1 (24.03.2022 17.34) on MAC (J:19.0.1 FX:18)
18:00:44.467 [JavaFX Application Thread] DEBUG Engine               - JRE Vendor Name: Oracle Corporation
18:00:44.467 [JavaFX Application Thread] DEBUG Engine               - Running on OS: Mac OS X version 13.0.1
18:00:44.467 [JavaFX Application Thread] DEBUG Engine               - Architecture: aarch64
18:00:44.467 [JavaFX Application Thread] INFO  Engine               - Source code and latest versions at: https://github.com/AlmasB/FXGL
18:00:44.467 [JavaFX Application Thread] INFO  Engine               -       Ask questions and discuss at: https://github.com/AlmasB/FXGL/discussions
18:00:44.467 [JavaFX Application Thread] INFO  Engine               -              Join the FXGL chat at: https://gitter.im/AlmasB/FXGL
18:00:44.521 [JavaFX Application Thread] DEBUG PrimaryStageWindow   - Creating a JavaFX scene
18:00:44.543 [JavaFX Application Thread] DEBUG PrimaryStageWindow   - Target settings size: 1280.0 x 720.0
18:00:44.543 [JavaFX Application Thread] DEBUG PrimaryStageWindow   - Scaled scene size:    1280.0 x 720.0
18:00:44.544 [JavaFX Application Thread] DEBUG PrimaryStageWindow   - Scaled ratio: (1.0, 1.0)
18:00:44.544 [JavaFX Application Thread] DEBUG PrimaryStageWindow   - Set initial scene to FXGLStartupScene
18:00:44.547 [JavaFX Application Thread] DEBUG PrimaryStageWindow   - Opening main window
18:00:44.598 [JavaFX Application Thread] DEBUG PrimaryStageWindow   - Window border size: (0.0, 28.0)
18:00:44.599 [JavaFX Application Thread] DEBUG PrimaryStageWindow   - Scaled size: 1280.0 x 720.0
18:00:44.599 [JavaFX Application Thread] DEBUG PrimaryStageWindow   - Scaled ratio: (1.0, 1.0)
18:00:44.599 [JavaFX Application Thread] DEBUG PrimaryStageWindow   - Scene size: 1280.0 x 720.0
18:00:44.599 [JavaFX Application Thread] DEBUG PrimaryStageWindow   - Stage size: 1280.0 x 748.0
18:00:44.602 [FXGL Background Thread 1 ] DEBUG Engine               - Initializing environment variables
18:00:44.626 [FXGL Background Thread 1 ] DEBUG FXGLAssetLoaderServi - User app class for loading assets: class FlappyBirdApp
18:00:44.627 [FXGL Background Thread 1 ] DEBUG GameApplicationServi - Applying CSS: fxgl_dark.css
18:00:44.628 [FXGL Background Thread 1 ] DEBUG FXGLAssetLoaderServi - Loading from file system: jar:file:/Users/karinasang/.m2/repository/com/github/almasb/fxgl/17.1/fxgl-17.1.jar!/fxglassets/ui/css/fxgl_dark.css
18:00:44.649 [FXGL Background Thread 1 ] DEBUG GameApplicationServi - Initializing application scenes
18:00:44.772 [FXGL Background Thread 1 ] DEBUG GameWorld            - Game world initialized
18:00:44.797 [FXGL Background Thread 1 ] DEBUG PhysicsWorld         - Physics world initialized: appHeight=720, physics.ppm=50.0
18:00:44.797 [FXGL Background Thread 1 ] DEBUG PhysicsWorld         - Using strategy: BRUTE_FORCE
18:00:44.798 [FXGL Background Thread 1 ] DEBUG GameScene            - Game scene initialized: 1280x720
18:00:44.804 [FXGL Background Thread 1 ] DEBUG FXGL.DefaultMenu     - createMenuBodyGameMenu()
18:00:44.812 [FXGL Background Thread 1 ] DEBUG FXGL.DefaultMenu     - createOptionsMenu()
18:00:44.817 [FXGL Background Thread 1 ] DEBUG FXGLAssetLoaderServi - Loading from file system: jar:file:/Users/karinasang/.m2/repository/com/github/almasb/fxgl/17.1/fxgl-17.1.jar!/fxglassets/textures/particles/smoke.png
18:00:44.873 [FXGL Background Thread 1 ] DEBUG FXGLAssetLoaderServi - Loading from file system: jar:file:/Users/karinasang/.m2/repository/com/github/almasb/fxgl/17.1/fxgl-17.1.jar!/fxglassets/textures/particles/trace_horizontal.png
18:00:44.888 [FXGL Background Thread 1 ] DEBUG GameApplicationServi - Application scenes initialized
18:00:44.894 [FXGL Background Thread 1 ] DEBUG SystemBundleService  - Loading FXGL system data
18:00:44.895 [FXGL Background Thread 1 ] DEBUG FileSystemAccess     - Reading from: /Users/karinasang/Sherry/Teaching/FlappyBird/system/fxgl.bundle
18:00:44.899 [FXGL Background Thread 1 ] DEBUG SystemBundleService  - Bundle FXGL: {}
18:00:44.899 [FXGL Background Thread 1 ] DEBUG UpdaterService       - Checking for updates
18:00:44.902 [FXGL Background Thread 4 ] DEBUG FXGLApplication      - Loading fonts
18:00:44.902 [FXGL Background Thread 4 ] DEBUG FXGLAssetLoaderServi - Loading from file system: jar:file:/Users/karinasang/.m2/repository/com/github/almasb/fxgl/17.1/fxgl-17.1.jar!/fxglassets/ui/fonts/VarelaRound-Regular.ttf
18:00:44.903 [FXGL Background Thread 1 ] DEBUG FXGLApplication      - Loading default localization
18:00:44.903 [FXGL Background Thread 1 ] DEBUG FXGLAssetLoaderServi - Loading from file system: jar:file:/Users/karinasang/.m2/repository/com/github/almasb/fxgl/17.1/fxgl-17.1.jar!/fxglassets/languages/english.lang
18:00:44.910 [FXGL Background Thread 4 ] DEBUG FXGLAssetLoaderServi - Loading from file system: jar:file:/Users/karinasang/.m2/repository/com/github/almasb/fxgl/17.1/fxgl-17.1.jar!/fxglassets/ui/fonts/Abel-Regular.ttf
18:00:44.911 [FXGL Background Thread 1 ] INFO  FXGLApplication      - FXGL initialization took: 0.310 sec
18:00:44.912 [FXGL Background Thread 4 ] DEBUG FXGLAssetLoaderServi - Loading from file system: jar:file:/Users/karinasang/.m2/repository/com/github/almasb/fxgl/17.1/fxgl-17.1.jar!/fxglassets/ui/fonts/TerminalLandMono-Regular.otf
18:00:44.914 [FXGL Background Thread 4 ] DEBUG FXGLAssetLoaderServi - Loading from file system: jar:file:/Users/karinasang/.m2/repository/com/github/almasb/fxgl/17.1/fxgl-17.1.jar!/fxglassets/ui/fonts/Courier-Prime.ttf
18:00:44.916 [JavaFX Application Thread] DEBUG Input                - Registered new binding: jump - Space
18:00:44.916 [JavaFX Application Thread] DEBUG FXGLAssetLoaderServi - Loading from file system: jar:file:/Users/karinasang/.m2/repository/com/github/almasb/fxgl/17.1/fxgl-17.1.jar!/fxglassets/textures/fxgl_icon.png
18:00:44.930 [JavaFX Application Thread] DEBUG FXGLAssetLoaderServi - Loading from file system: jar:file:/Users/karinasang/.m2/repository/com/github/almasb/fxgl/17.1/fxgl-17.1.jar!/fxglassets/textures/fxgl_default_cursor.png
18:00:44.931 [JavaFX Application Thread] DEBUG Input                - Registered new binding: Screenshot - CTRL+8
18:00:44.931 [JavaFX Application Thread] DEBUG Input                - Registered new binding: System info dump - CTRL+9
18:00:44.931 [JavaFX Application Thread] DEBUG Input                - Registered new binding: Restart - CTRL+R
18:00:44.931 [JavaFX Application Thread] DEBUG Input                - Registered new binding: Toggle Debug Camera - CTRL+7
18:00:44.932 [JavaFX Application Thread] DEBUG LoopRunner           - Starting loop
18:00:44.932 [JavaFX Application Thread] DEBUG LoopRunner           - Initializing JavaFX AnimationTimerLoop
18:00:44.933 [JavaFX Application Thread] DEBUG GameApplicationServi - Starting new game
18:00:44.933 [JavaFX Application Thread] DEBUG Input                - Clearing active input actions
18:00:44.939 [JavaFX Application Thread] DEBUG GameApplicationServi - Removing overlay from FXGLStartupScene and adding to FXGLLoadingScene
18:00:44.939 [JavaFX Application Thread] DEBUG PrimaryStageWindow   - FXGLStartupScene -> FXGLLoadingScene
18:00:44.939 [JavaFX Application Thread] DEBUG GameApplicationServi - Clearing previous game
18:00:44.939 [JavaFX Application Thread] DEBUG GameScene            - Clearing game scene
18:00:44.939 [JavaFX Application Thread] DEBUG GameWorld            - Clearing game world
18:00:44.939 [JavaFX Application Thread] DEBUG PhysicsWorld         - Clearing physics world
18:00:44.940 [FXGL Background Thread 4 ] DEBUG FXGLApplication      - Initializing game
18:00:44.946 [FXGL Background Thread 4 ] DEBUG FXGLAssetLoaderServi - Loading from file system: file:/Users/karinasang/Sherry/Teaching/FlappyBird/target/classes/assets/textures/bird.png
18:00:44.970 [JavaFX Application Thread] DEBUG FXGLApplication      - Registering font factories with UI factory
18:00:44.971 [FXGL Background Thread 4 ] WARN  GameWorld            - Entity is already attached to world
18:00:44.974 [FXGL Background Thread 4 ] INFO  FXGLApplication      - Game initialization took: 0.034 sec
18:00:44.988 [JavaFX Application Thread] DEBUG Input                - Clearing active input actions
18:00:44.995 [JavaFX Application Thread] DEBUG GameApplicationServi - Removing overlay from FXGLLoadingScene and adding to GameScene
18:00:44.995 [JavaFX Application Thread] DEBUG PrimaryStageWindow   - FXGLLoadingScene -> GameScene
18:00:45.191 [FXGL Background Thread 2 ] INFO  UpdaterService       - Your current version:  17.1
18:00:45.191 [FXGL Background Thread 2 ] INFO  UpdaterService       - Latest stable version: 17.2
18:00:47.906 [FXGL Background Thread 3 ] DEBUG Engine               - Logging environment variables
18:00:47.906 [FXGL Background Thread 3 ] DEBUG Engine               - achievements: []
18:00:47.906 [FXGL Background Thread 3 ] DEBUG Engine               - actualHeight: 720.0
18:00:47.907 [FXGL Background Thread 3 ] DEBUG Engine               - actualHeightProperty: ReadOnlyDoubleProperty [value: 720.0]
18:00:47.907 [FXGL Background Thread 3 ] DEBUG Engine               - actualWidth: 1280.0
18:00:47.907 [FXGL Background Thread 3 ] DEBUG Engine               - actualWidthProperty: ReadOnlyDoubleProperty [value: 1280.0]
18:00:47.907 [FXGL Background Thread 3 ] DEBUG Engine               - appIcon: fxgl_icon.png
18:00:47.907 [FXGL Background Thread 3 ] DEBUG Engine               - applicationMode: DEVELOPER
18:00:47.907 [FXGL Background Thread 3 ] DEBUG Engine               - cSSList: [fxgl_dark.css]
18:00:47.907 [FXGL Background Thread 3 ] DEBUG Engine               - collisionDetectionStrategy: BRUTE_FORCE
18:00:47.907 [FXGL Background Thread 3 ] DEBUG Engine               - configClass: Optional.empty
18:00:47.907 [FXGL Background Thread 3 ] DEBUG Engine               - credits: []
18:00:47.907 [FXGL Background Thread 3 ] DEBUG Engine               - defaultCursor: CursorInfo(imageName=fxgl_default_cursor.png, hotspotX=7.0, hotspotY=6.0)
18:00:47.907 [FXGL Background Thread 3 ] DEBUG Engine               - devBBoxColorProperty: ObjectProperty [value: 0xff0000ff]
18:00:47.907 [FXGL Background Thread 3 ] DEBUG Engine               - devEnableDebugCameraProperty: BooleanProperty [value: false]
18:00:47.907 [FXGL Background Thread 3 ] DEBUG Engine               - devSensorColorProperty: ObjectProperty [value: 0xffff00ff]
18:00:47.907 [FXGL Background Thread 3 ] DEBUG Engine               - devShowBBoxProperty: BooleanProperty [value: false]
18:00:47.907 [FXGL Background Thread 3 ] DEBUG Engine               - devShowPositionProperty: BooleanProperty [value: false]
18:00:47.907 [FXGL Background Thread 3 ] DEBUG Engine               - enabledMenuItems: []
18:00:47.907 [FXGL Background Thread 3 ] DEBUG Engine               - engineServices: [class com.almasb.fxgl.app.services.FXGLAssetLoaderService, class com.almasb.fxgl.app.FXGLApplication$GameApplicationService, class com.almasb.fxgl.app.services.FXGLDialogService, class com.almasb.fxgl.app.services.IOTaskExecutorService, class com.almasb.fxgl.io.FileSystemService, class com.almasb.fxgl.localization.LocalizationService, class com.almasb.fxgl.app.services.SystemBundleService, class com.almasb.fxgl.profile.SaveLoadService, class com.almasb.fxgl.ui.FXGLUIFactoryServiceProvider, class com.almasb.fxgl.ui.FXGLDialogFactoryServiceProvider, class com.almasb.fxgl.audio.AudioPlayer, class com.almasb.fxgl.notification.impl.NotificationServiceProvider, class com.almasb.fxgl.achievement.AchievementService, class com.almasb.fxgl.cutscene.CutsceneService, class com.almasb.fxgl.minigames.MiniGameService, class com.almasb.fxgl.net.NetService, class com.almasb.fxgl.app.services.UpdaterService, class com.almasb.fxgl.dev.DevService]
18:00:47.907 [FXGL Background Thread 3 ] DEBUG Engine               - fontGame: Abel-Regular.ttf
18:00:47.907 [FXGL Background Thread 3 ] DEBUG Engine               - fontMono: TerminalLandMono-Regular.otf
18:00:47.907 [FXGL Background Thread 3 ] DEBUG Engine               - fontText: Courier-Prime.ttf
18:00:47.907 [FXGL Background Thread 3 ] DEBUG Engine               - fontUI: VarelaRound-Regular.ttf
18:00:47.907 [FXGL Background Thread 3 ] DEBUG Engine               - fullScreen: BooleanProperty [value: false]
18:00:47.907 [FXGL Background Thread 3 ] DEBUG Engine               - gameDifficulty: MEDIUM
18:00:47.907 [FXGL Background Thread 3 ] DEBUG Engine               - gameDifficultyProperty: ObjectProperty [value: MEDIUM]
18:00:47.907 [FXGL Background Thread 3 ] DEBUG Engine               - globalMusicVolume: 0.5
18:00:47.908 [FXGL Background Thread 3 ] DEBUG Engine               - globalMusicVolumeProperty: DoubleProperty [value: 0.5]
18:00:47.908 [FXGL Background Thread 3 ] DEBUG Engine               - globalSoundVolume: 0.5
18:00:47.908 [FXGL Background Thread 3 ] DEBUG Engine               - globalSoundVolumeProperty: DoubleProperty [value: 0.5]
18:00:47.908 [FXGL Background Thread 3 ] DEBUG Engine               - height: 720
18:00:47.908 [FXGL Background Thread 3 ] DEBUG Engine               - is3D: false
18:00:47.908 [FXGL Background Thread 3 ] DEBUG Engine               - isAndroid: false
18:00:47.908 [FXGL Background Thread 3 ] DEBUG Engine               - isBrowser: false
18:00:47.908 [FXGL Background Thread 3 ] DEBUG Engine               - isClickFeedbackEnabled: false
18:00:47.908 [FXGL Background Thread 3 ] DEBUG Engine               - isCloseConfirmation: false
18:00:47.908 [FXGL Background Thread 3 ] DEBUG Engine               - isDesktop: true
18:00:47.908 [FXGL Background Thread 3 ] DEBUG Engine               - isDeveloperMenuEnabled: false
18:00:47.908 [FXGL Background Thread 3 ] DEBUG Engine               - isEmbedded: false
18:00:47.908 [FXGL Background Thread 3 ] DEBUG Engine               - isEntityPreloadEnabled: true
18:00:47.908 [FXGL Background Thread 3 ] DEBUG Engine               - isExperimentalTiledLargeMap: false
18:00:47.908 [FXGL Background Thread 3 ] DEBUG Engine               - isFileSystemWriteAllowed: true
18:00:47.908 [FXGL Background Thread 3 ] DEBUG Engine               - isFullScreenAllowed: false
18:00:47.908 [FXGL Background Thread 3 ] DEBUG Engine               - isFullScreenFromStart: false
18:00:47.908 [FXGL Background Thread 3 ] DEBUG Engine               - isGameMenuEnabled: true
18:00:47.908 [FXGL Background Thread 3 ] DEBUG Engine               - isIOS: false
18:00:47.908 [FXGL Background Thread 3 ] DEBUG Engine               - isIntroEnabled: false
18:00:47.908 [FXGL Background Thread 3 ] DEBUG Engine               - isLinux: false
18:00:47.908 [FXGL Background Thread 3 ] DEBUG Engine               - isMac: true
18:00:47.908 [FXGL Background Thread 3 ] DEBUG Engine               - isMainMenuEnabled: false
18:00:47.908 [FXGL Background Thread 3 ] DEBUG Engine               - isManualResizeEnabled: false
18:00:47.908 [FXGL Background Thread 3 ] DEBUG Engine               - isMobile: false
18:00:47.908 [FXGL Background Thread 3 ] DEBUG Engine               - isNative: false
18:00:47.908 [FXGL Background Thread 3 ] DEBUG Engine               - isPauseMusicWhenMinimized: true
18:00:47.908 [FXGL Background Thread 3 ] DEBUG Engine               - isPreserveResizeRatio: false
18:00:47.908 [FXGL Background Thread 3 ] DEBUG Engine               - isProfilingEnabled: false
18:00:47.908 [FXGL Background Thread 3 ] DEBUG Engine               - isScaleAffectedOnResize: true
18:00:47.908 [FXGL Background Thread 3 ] DEBUG Engine               - isSingleStep: false
18:00:47.908 [FXGL Background Thread 3 ] DEBUG Engine               - isUserProfileEnabled: false
18:00:47.908 [FXGL Background Thread 3 ] DEBUG Engine               - isWindows: false
18:00:47.908 [FXGL Background Thread 3 ] DEBUG Engine               - language: ObjectProperty [value: ENGLISH]
18:00:47.908 [FXGL Background Thread 3 ] DEBUG Engine               - menuKey: ESCAPE
18:00:47.908 [FXGL Background Thread 3 ] DEBUG Engine               - mouseSensitivity: 0.2
18:00:47.908 [FXGL Background Thread 3 ] DEBUG Engine               - notificationViewClass: class com.almasb.fxgl.notification.view.XboxNotificationView
18:00:47.908 [FXGL Background Thread 3 ] DEBUG Engine               - pixelsPerMeter: 50.0
18:00:47.908 [FXGL Background Thread 3 ] DEBUG Engine               - platform: MAC
18:00:47.908 [FXGL Background Thread 3 ] DEBUG Engine               - prefHeightProperty: ReadOnlyDoubleProperty [value: 720.0]
18:00:47.909 [FXGL Background Thread 3 ] DEBUG Engine               - prefWidthProperty: ReadOnlyDoubleProperty [value: 1280.0]
18:00:47.909 [FXGL Background Thread 3 ] DEBUG Engine               - profileDir: profiles/
18:00:47.909 [FXGL Background Thread 3 ] DEBUG Engine               - profileName: StringProperty [value: DEFAULT]
18:00:47.909 [FXGL Background Thread 3 ] DEBUG Engine               - randomSeed: -1
18:00:47.909 [FXGL Background Thread 3 ] DEBUG Engine               - runtimeInfo: RuntimeInfo(platform=MAC, version=17.1, build=24.03.2022 17.34)
18:00:47.909 [FXGL Background Thread 3 ] DEBUG Engine               - saveFileExt: sav
18:00:47.909 [FXGL Background Thread 3 ] DEBUG Engine               - scaledHeightProp$fxgl: DoubleProperty [bound, value: 720.0]
18:00:47.909 [FXGL Background Thread 3 ] DEBUG Engine               - scaledWidthProp$fxgl: DoubleProperty [bound, value: 1280.0]
18:00:47.909 [FXGL Background Thread 3 ] DEBUG Engine               - sceneFactory: com.almasb.fxgl.app.scene.SceneFactory@223077f8
18:00:47.909 [FXGL Background Thread 3 ] DEBUG Engine               - secondsIn24h: 60
18:00:47.909 [FXGL Background Thread 3 ] DEBUG Engine               - soundMenuBack: menu/back.wav
18:00:47.909 [FXGL Background Thread 3 ] DEBUG Engine               - soundMenuPress: menu/press.wav
18:00:47.909 [FXGL Background Thread 3 ] DEBUG Engine               - soundMenuSelect: menu/select.wav
18:00:47.909 [FXGL Background Thread 3 ] DEBUG Engine               - soundNotification: core/notification.wav
18:00:47.909 [FXGL Background Thread 3 ] DEBUG Engine               - stageStyle: DECORATED
18:00:47.909 [FXGL Background Thread 3 ] DEBUG Engine               - supportedLanguages: [ENGLISH, FRENCH, GERMAN, HUNGARIAN, RUSSIAN]
18:00:47.909 [FXGL Background Thread 3 ] DEBUG Engine               - ticksPerSecond: -1
18:00:47.909 [FXGL Background Thread 3 ] DEBUG Engine               - title: Flappy Bird
18:00:47.909 [FXGL Background Thread 3 ] DEBUG Engine               - urlGithub: https://github.com/AlmasB/FXGL
18:00:47.909 [FXGL Background Thread 3 ] DEBUG Engine               - urlLeaderboard: http://fxgl-top.herokuapp.com/
18:00:47.909 [FXGL Background Thread 3 ] DEBUG Engine               - urlPOM: https://raw.githubusercontent.com/AlmasB/FXGL/release/README.md
18:00:47.909 [FXGL Background Thread 3 ] DEBUG Engine               - userAppClass: class FlappyBirdApp
18:00:47.909 [FXGL Background Thread 3 ] DEBUG Engine               - version: 1.0
18:00:47.909 [FXGL Background Thread 3 ] DEBUG Engine               - versionCheckDays: 7
18:00:47.909 [FXGL Background Thread 3 ] DEBUG Engine               - width: 1280
18:00:47.909 [FXGL Background Thread 3 ] DEBUG Engine               - Logging services
18:00:47.909 [FXGL Background Thread 3 ] DEBUG Engine               - class com.almasb.fxgl.app.services.FXGLAssetLoaderService
18:00:47.909 [FXGL Background Thread 3 ] DEBUG Engine               - class com.almasb.fxgl.app.FXGLApplication$GameApplicationService
18:00:47.909 [FXGL Background Thread 3 ] DEBUG Engine               - class com.almasb.fxgl.app.services.FXGLDialogService
18:00:47.910 [FXGL Background Thread 3 ] DEBUG Engine               - class com.almasb.fxgl.app.services.IOTaskExecutorService
18:00:47.910 [FXGL Background Thread 3 ] DEBUG Engine               - class com.almasb.fxgl.io.FileSystemService
18:00:47.910 [FXGL Background Thread 3 ] DEBUG Engine               - class com.almasb.fxgl.localization.LocalizationService
18:00:47.910 [FXGL Background Thread 3 ] DEBUG Engine               - class com.almasb.fxgl.app.services.SystemBundleService
18:00:47.910 [FXGL Background Thread 3 ] DEBUG Engine               - class com.almasb.fxgl.profile.SaveLoadService
18:00:47.910 [FXGL Background Thread 3 ] DEBUG Engine               - class com.almasb.fxgl.ui.FXGLUIFactoryServiceProvider
18:00:47.910 [FXGL Background Thread 3 ] DEBUG Engine               - class com.almasb.fxgl.ui.FXGLDialogFactoryServiceProvider
18:00:47.910 [FXGL Background Thread 3 ] DEBUG Engine               - class com.almasb.fxgl.audio.AudioPlayer
18:00:47.910 [FXGL Background Thread 3 ] DEBUG Engine               - class com.almasb.fxgl.notification.impl.NotificationServiceProvider
18:00:47.910 [FXGL Background Thread 3 ] DEBUG Engine               - class com.almasb.fxgl.achievement.AchievementService
18:00:47.910 [FXGL Background Thread 3 ] DEBUG Engine               - class com.almasb.fxgl.cutscene.CutsceneService
18:00:47.910 [FXGL Background Thread 3 ] DEBUG Engine               - class com.almasb.fxgl.minigames.MiniGameService
18:00:47.910 [FXGL Background Thread 3 ] DEBUG Engine               - class com.almasb.fxgl.net.NetService
18:00:47.910 [FXGL Background Thread 3 ] DEBUG Engine               - class com.almasb.fxgl.app.services.UpdaterService
18:00:47.910 [FXGL Background Thread 3 ] DEBUG Engine               - class com.almasb.fxgl.dev.DevService
18:00:52.650 [JavaFX Application Thread] DEBUG GameApplicationServi - Starting new game
18:00:52.651 [JavaFX Application Thread] DEBUG Input                - Clearing active input actions
18:00:52.661 [JavaFX Application Thread] DEBUG GameApplicationServi - Removing overlay from GameScene and adding to FXGLLoadingScene
18:00:52.661 [JavaFX Application Thread] DEBUG PrimaryStageWindow   - GameScene -> FXGLLoadingScene
18:00:52.661 [JavaFX Application Thread] DEBUG GameApplicationServi - Clearing previous game
18:00:52.661 [JavaFX Application Thread] DEBUG GameScene            - Clearing game scene
18:00:52.661 [JavaFX Application Thread] DEBUG GameWorld            - Clearing game world
18:00:52.667 [JavaFX Application Thread] DEBUG PhysicsWorld         - Clearing physics world
18:00:52.668 [FXGL Background Thread 2 ] DEBUG FXGLApplication      - Initializing game
18:00:52.670 [FXGL Background Thread 2 ] WARN  GameWorld            - Entity is already attached to world
18:00:52.671 [FXGL Background Thread 2 ] INFO  FXGLApplication      - Game initialization took: 0.003 sec
18:00:52.673 [JavaFX Application Thread] DEBUG Input                - Clearing active input actions
18:00:52.677 [JavaFX Application Thread] DEBUG GameApplicationServi - Removing overlay from FXGLLoadingScene and adding to GameScene
18:00:52.678 [JavaFX Application Thread] DEBUG PrimaryStageWindow   - FXGLLoadingScene -> GameScene
18:00:53.061 [JavaFX Application Thread] DEBUG FXGLApplication      - Exiting FXGL
18:00:53.061 [JavaFX Application Thread] DEBUG LoopRunner           - Stopping loop
18:00:53.061 [JavaFX Application Thread] DEBUG SystemBundleService  - Saving FXGL system data
18:00:53.064 [JavaFX Application Thread] DEBUG FileSystemAccess     - Writing to: /Users/karinasang/Sherry/Teaching/FlappyBird/system/fxgl.bundle
18:00:53.065 [JavaFX Application Thread] DEBUG Async                - Shutting down background threads
18:00:53.065 [JavaFX Application Thread] DEBUG PrimaryStageWindow   - Closing main window
18:00:53.073 [JavaFX Application Thread] DEBUG Logger               - Closing Logger
