17:51:49.013 [main                     ] DEBUG Logger               - Configured Logger
17:51:49.026 [main                     ] DEBUG GameApplication      - Logging settings
Title: FXGL Tower Defense
Version: 0.0
Width: 1600
Height: 896
Fullscreen: false
Intro: false
Profiling: false
Single step:false
App Mode: DEVELOPER
Menu Key: ESCAPE
Stage Style: DECORATED
Scene Factory: class com.almasb.fxgl.app.scene.SceneFactory

17:51:49.306 [JavaFX Application Thread] DEBUG FXGLApplication      - Initializing FXGL
17:51:49.309 [JavaFX Application Thread] INFO  Engine               - FXGL-17.1 (24.03.2022 17.34) on MAC (J:19.0.1 FX:18)
17:51:49.309 [JavaFX Application Thread] DEBUG Engine               - JRE Vendor Name: Oracle Corporation
17:51:49.309 [JavaFX Application Thread] DEBUG Engine               - Running on OS: Mac OS X version 13.3.1
17:51:49.309 [JavaFX Application Thread] DEBUG Engine               - Architecture: aarch64
17:51:49.309 [JavaFX Application Thread] INFO  Engine               - Source code and latest versions at: https://github.com/AlmasB/FXGL
17:51:49.309 [JavaFX Application Thread] INFO  Engine               -       Ask questions and discuss at: https://github.com/AlmasB/FXGL/discussions
17:51:49.309 [JavaFX Application Thread] INFO  Engine               -              Join the FXGL chat at: https://gitter.im/AlmasB/FXGL
17:51:49.363 [JavaFX Application Thread] DEBUG PrimaryStageWindow   - Creating a JavaFX scene
17:51:49.363 [JavaFX Application Thread] DEBUG PrimaryStageWindow   - Target size > screen size
17:51:49.380 [JavaFX Application Thread] DEBUG PrimaryStageWindow   - Target settings size: 1600.0 x 896.0
17:51:49.380 [JavaFX Application Thread] DEBUG PrimaryStageWindow   - Scaled scene size:    1412.0 x 804.0
17:51:49.381 [JavaFX Application Thread] DEBUG PrimaryStageWindow   - Scaled ratio: (0.8825, 0.8973214285714286)
17:51:49.381 [JavaFX Application Thread] DEBUG PrimaryStageWindow   - Set initial scene to FXGLStartupScene
17:51:49.384 [JavaFX Application Thread] DEBUG PrimaryStageWindow   - Opening main window
17:51:49.457 [JavaFX Application Thread] DEBUG PrimaryStageWindow   - Window border size: (0.0, 28.0)
17:51:49.457 [JavaFX Application Thread] DEBUG PrimaryStageWindow   - Scaled size: 1412.0 x 804.0
17:51:49.457 [JavaFX Application Thread] DEBUG PrimaryStageWindow   - Scaled ratio: (0.8825, 0.8973214285714286)
17:51:49.457 [JavaFX Application Thread] DEBUG PrimaryStageWindow   - Scene size: 1412.0 x 804.0
17:51:49.457 [JavaFX Application Thread] DEBUG PrimaryStageWindow   - Stage size: 1412.0 x 832.0
17:51:49.460 [FXGL Background Thread 1 ] DEBUG Engine               - Initializing environment variables
17:51:49.483 [FXGL Background Thread 1 ] DEBUG FXGLAssetLoaderServi - User app class for loading assets: class game.TowerDefenseApp
17:51:49.483 [FXGL Background Thread 1 ] DEBUG GameApplicationServi - Applying CSS: fxgl_dark.css
17:51:49.484 [FXGL Background Thread 1 ] DEBUG FXGLAssetLoaderServi - Loading from file system: jar:file:/Users/karinasang/.m2/repository/com/github/almasb/fxgl/17.1/fxgl-17.1.jar!/fxglassets/ui/css/fxgl_dark.css
17:51:49.505 [FXGL Background Thread 1 ] DEBUG GameApplicationServi - Initializing application scenes
17:51:49.605 [FXGL Background Thread 1 ] DEBUG GameWorld            - Game world initialized
17:51:49.629 [FXGL Background Thread 1 ] DEBUG PhysicsWorld         - Physics world initialized: appHeight=896, physics.ppm=50.0
17:51:49.630 [FXGL Background Thread 1 ] DEBUG PhysicsWorld         - Using strategy: BRUTE_FORCE
17:51:49.631 [FXGL Background Thread 1 ] DEBUG GameScene            - Game scene initialized: 1600x896
17:51:49.636 [FXGL Background Thread 1 ] DEBUG FXGL.DefaultMenu     - createMenuBodyGameMenu()
17:51:49.643 [FXGL Background Thread 1 ] DEBUG FXGL.DefaultMenu     - createOptionsMenu()
17:51:49.648 [FXGL Background Thread 1 ] DEBUG FXGLAssetLoaderServi - Loading from file system: jar:file:/Users/karinasang/.m2/repository/com/github/almasb/fxgl/17.1/fxgl-17.1.jar!/fxglassets/textures/particles/smoke.png
17:51:49.701 [FXGL Background Thread 1 ] DEBUG FXGLAssetLoaderServi - Loading from file system: jar:file:/Users/karinasang/.m2/repository/com/github/almasb/fxgl/17.1/fxgl-17.1.jar!/fxglassets/textures/particles/trace_horizontal.png
17:51:49.716 [FXGL Background Thread 1 ] DEBUG GameApplicationServi - Application scenes initialized
17:51:49.721 [FXGL Background Thread 1 ] DEBUG SystemBundleService  - Loading FXGL system data
17:51:49.723 [FXGL Background Thread 1 ] DEBUG FileSystemAccess     - Reading from: /Users/karinasang/Sherry/Teaching/TowerDefense/system/fxgl.bundle
17:51:49.726 [FXGL Background Thread 1 ] DEBUG SystemBundleService  - Bundle FXGL: {}
17:51:49.726 [FXGL Background Thread 1 ] DEBUG UpdaterService       - Checking for updates
17:51:49.728 [FXGL Background Thread 4 ] DEBUG FXGLApplication      - Loading fonts
17:51:49.728 [FXGL Background Thread 1 ] DEBUG FXGLApplication      - Loading default localization
17:51:49.728 [FXGL Background Thread 4 ] DEBUG FXGLAssetLoaderServi - Loading from file system: jar:file:/Users/karinasang/.m2/repository/com/github/almasb/fxgl/17.1/fxgl-17.1.jar!/fxglassets/ui/fonts/VarelaRound-Regular.ttf
17:51:49.729 [FXGL Background Thread 1 ] DEBUG FXGLAssetLoaderServi - Loading from file system: jar:file:/Users/karinasang/.m2/repository/com/github/almasb/fxgl/17.1/fxgl-17.1.jar!/fxglassets/languages/english.lang
17:51:49.735 [FXGL Background Thread 4 ] DEBUG FXGLAssetLoaderServi - Loading from file system: jar:file:/Users/karinasang/.m2/repository/com/github/almasb/fxgl/17.1/fxgl-17.1.jar!/fxglassets/ui/fonts/Abel-Regular.ttf
17:51:49.736 [FXGL Background Thread 4 ] DEBUG FXGLAssetLoaderServi - Loading from file system: jar:file:/Users/karinasang/.m2/repository/com/github/almasb/fxgl/17.1/fxgl-17.1.jar!/fxglassets/ui/fonts/TerminalLandMono-Regular.otf
17:51:49.738 [FXGL Background Thread 4 ] DEBUG FXGLAssetLoaderServi - Loading from file system: jar:file:/Users/karinasang/.m2/repository/com/github/almasb/fxgl/17.1/fxgl-17.1.jar!/fxglassets/ui/fonts/Courier-Prime.ttf
17:51:49.740 [FXGL Background Thread 1 ] INFO  FXGLApplication      - FXGL initialization took: 0.280 sec
17:51:49.741 [JavaFX Application Thread] DEBUG FXGLAssetLoaderServi - Loading from file system: jar:file:/Users/karinasang/.m2/repository/com/github/almasb/fxgl/17.1/fxgl-17.1.jar!/fxglassets/textures/fxgl_icon.png
17:51:49.754 [JavaFX Application Thread] DEBUG FXGLAssetLoaderServi - Loading from file system: jar:file:/Users/karinasang/.m2/repository/com/github/almasb/fxgl/17.1/fxgl-17.1.jar!/fxglassets/textures/fxgl_default_cursor.png
17:51:49.760 [JavaFX Application Thread] DEBUG Input                - Registered new binding: Screenshot - CTRL+8
17:51:49.761 [JavaFX Application Thread] DEBUG Input                - Registered new binding: System info dump - CTRL+9
17:51:49.761 [JavaFX Application Thread] DEBUG Input                - Registered new binding: Restart - CTRL+R
17:51:49.761 [JavaFX Application Thread] DEBUG Input                - Registered new binding: Toggle Debug Camera - CTRL+7
17:51:49.762 [JavaFX Application Thread] DEBUG LoopRunner           - Starting loop
17:51:49.762 [JavaFX Application Thread] DEBUG LoopRunner           - Initializing JavaFX AnimationTimerLoop
17:51:49.762 [JavaFX Application Thread] DEBUG GameApplicationServi - Starting new game
17:51:49.763 [JavaFX Application Thread] DEBUG Input                - Clearing active input actions
17:51:49.767 [JavaFX Application Thread] DEBUG GameApplicationServi - Removing overlay from FXGLStartupScene and adding to FXGLLoadingScene
17:51:49.767 [JavaFX Application Thread] DEBUG PrimaryStageWindow   - FXGLStartupScene -> FXGLLoadingScene
17:51:49.767 [JavaFX Application Thread] DEBUG GameApplicationServi - Clearing previous game
17:51:49.767 [JavaFX Application Thread] DEBUG GameScene            - Clearing game scene
17:51:49.767 [JavaFX Application Thread] DEBUG GameWorld            - Clearing game world
17:51:49.767 [JavaFX Application Thread] DEBUG PhysicsWorld         - Clearing physics world
17:51:49.768 [FXGL Background Thread 4 ] DEBUG FXGLApplication      - Initializing game
17:51:49.769 [FXGL Background Thread 4 ] DEBUG FXGLAssetLoaderServi - Loading JSON from: file:/Users/karinasang/Sherry/Teaching/TowerDefense/target/classes/assets/towers/tower1.json
17:51:49.787 [JavaFX Application Thread] DEBUG FXGLApplication      - Registering font factories with UI factory
17:51:49.911 [FXGL Background Thread 4 ] DEBUG FXGLAssetLoaderServi - Loading JSON from: file:/Users/karinasang/Sherry/Teaching/TowerDefense/target/classes/assets/towers/tower2.json
17:51:49.914 [FXGL Background Thread 4 ] DEBUG FXGLAssetLoaderServi - Loading JSON from: file:/Users/karinasang/Sherry/Teaching/TowerDefense/target/classes/assets/towers/tower3.json
17:51:49.916 [FXGL Background Thread 4 ] DEBUG FXGLAssetLoaderServi - Loading JSON from: file:/Users/karinasang/Sherry/Teaching/TowerDefense/target/classes/assets/towers/tower4.json
17:51:49.918 [FXGL Background Thread 4 ] DEBUG FXGLAssetLoaderServi - Loading JSON from: file:/Users/karinasang/Sherry/Teaching/TowerDefense/target/classes/assets/towers/tower5.json
17:51:49.920 [FXGL Background Thread 4 ] DEBUG FXGLAssetLoaderServi - Loading from file system: file:/Users/karinasang/Sherry/Teaching/TowerDefense/target/classes/assets/textures/towers/tower1.png
17:51:49.925 [FXGL Background Thread 4 ] DEBUG FXGLAssetLoaderServi - Loading from file system: file:/Users/karinasang/Sherry/Teaching/TowerDefense/target/classes/assets/textures/towers/tower2.png
17:51:49.927 [FXGL Background Thread 4 ] DEBUG FXGLAssetLoaderServi - Loading from file system: file:/Users/karinasang/Sherry/Teaching/TowerDefense/target/classes/assets/textures/towers/tower3.png
17:51:49.928 [FXGL Background Thread 4 ] DEBUG FXGLAssetLoaderServi - Loading from file system: file:/Users/karinasang/Sherry/Teaching/TowerDefense/target/classes/assets/textures/towers/tower4.png
17:51:49.929 [FXGL Background Thread 4 ] DEBUG FXGLAssetLoaderServi - Loading from file system: file:/Users/karinasang/Sherry/Teaching/TowerDefense/target/classes/assets/textures/towers/tower5.png
17:51:49.968 [FXGL Background Thread 4 ] WARN  TMXLevelLoader       - TiledMap generated from 1.9.2. Supported version: 1.4.2. Some features may not be parsed fully.
17:51:49.979 [FXGL Background Thread 4 ] DEBUG TMXLevelLoader       - Parsed TiledMap: file:/Users/karinasang/Sherry/Teaching/TowerDefense/target/classes/assets/levels/tmx/map1.tmx
17:51:49.981 [FXGL Background Thread 4 ] DEBUG TMXLevelLoader       - Creating tile layer entities
17:51:49.986 [FXGL Background Thread 4 ] DEBUG TilesetLoader        - Loading view for layer background
17:51:49.987 [FXGL Background Thread 4 ] DEBUG TilesetLoader        - Created buffer with size 1600.0x960.0
17:51:50.039 [FXGL Background Thread 4 ] DEBUG TilesetLoader        - Loading view for layer decor
17:51:50.041 [FXGL Background Thread 4 ] DEBUG TilesetLoader        - Created buffer with size 1600.0x960.0
17:51:50.042 [FXGL Background Thread 4 ] DEBUG TMXLevelLoader       - Creating object layer entities
17:51:50.059 [FXGL Background Thread 2 ] INFO  UpdaterService       - Your current version:  17.1
17:51:50.059 [FXGL Background Thread 2 ] INFO  UpdaterService       - Latest stable version: 17.3
17:51:50.061 [FXGL Background Thread 4 ] DEBUG GameWorld            - Clearing removable entities
17:51:50.062 [FXGL Background Thread 4 ] DEBUG GameWorld            - Setting level: com.almasb.fxgl.entity.level.Level@60abf135
17:51:50.070 [FXGL Background Thread 4 ] INFO  FXGLApplication      - Game initialization took: 0.302 sec
17:51:50.070 [JavaFX Application Thread] DEBUG Input                - Clearing active input actions
17:51:50.075 [JavaFX Application Thread] DEBUG GameApplicationServi - Removing overlay from FXGLLoadingScene and adding to GameScene
17:51:50.076 [JavaFX Application Thread] DEBUG PrimaryStageWindow   - FXGLLoadingScene -> GameScene
17:51:52.731 [FXGL Background Thread 3 ] DEBUG Engine               - Logging environment variables
17:51:52.732 [FXGL Background Thread 3 ] DEBUG Engine               - achievements: []
17:51:52.732 [FXGL Background Thread 3 ] DEBUG Engine               - actualHeight: 804.0
17:51:52.732 [FXGL Background Thread 3 ] DEBUG Engine               - actualHeightProperty: ReadOnlyDoubleProperty [value: 804.0]
17:51:52.732 [FXGL Background Thread 3 ] DEBUG Engine               - actualWidth: 1412.0
17:51:52.732 [FXGL Background Thread 3 ] DEBUG Engine               - actualWidthProperty: ReadOnlyDoubleProperty [value: 1412.0]
17:51:52.733 [FXGL Background Thread 3 ] DEBUG Engine               - appIcon: fxgl_icon.png
17:51:52.733 [FXGL Background Thread 3 ] DEBUG Engine               - applicationMode: DEVELOPER
17:51:52.733 [FXGL Background Thread 3 ] DEBUG Engine               - cSSList: [fxgl_dark.css]
17:51:52.733 [FXGL Background Thread 3 ] DEBUG Engine               - collisionDetectionStrategy: BRUTE_FORCE
17:51:52.733 [FXGL Background Thread 3 ] DEBUG Engine               - configClass: Optional.empty
17:51:52.733 [FXGL Background Thread 3 ] DEBUG Engine               - credits: []
17:51:52.734 [FXGL Background Thread 3 ] DEBUG Engine               - defaultCursor: CursorInfo(imageName=fxgl_default_cursor.png, hotspotX=7.0, hotspotY=6.0)
17:51:52.734 [FXGL Background Thread 3 ] DEBUG Engine               - devBBoxColorProperty: ObjectProperty [value: 0xff0000ff]
17:51:52.734 [FXGL Background Thread 3 ] DEBUG Engine               - devEnableDebugCameraProperty: BooleanProperty [value: false]
17:51:52.734 [FXGL Background Thread 3 ] DEBUG Engine               - devSensorColorProperty: ObjectProperty [value: 0xffff00ff]
17:51:52.734 [FXGL Background Thread 3 ] DEBUG Engine               - devShowBBoxProperty: BooleanProperty [value: false]
17:51:52.734 [FXGL Background Thread 3 ] DEBUG Engine               - devShowPositionProperty: BooleanProperty [value: false]
17:51:52.734 [FXGL Background Thread 3 ] DEBUG Engine               - enabledMenuItems: []
17:51:52.734 [FXGL Background Thread 3 ] DEBUG Engine               - engineServices: [class com.almasb.fxgl.app.services.FXGLAssetLoaderService, class com.almasb.fxgl.app.FXGLApplication$GameApplicationService, class com.almasb.fxgl.app.services.FXGLDialogService, class com.almasb.fxgl.app.services.IOTaskExecutorService, class com.almasb.fxgl.io.FileSystemService, class com.almasb.fxgl.localization.LocalizationService, class com.almasb.fxgl.app.services.SystemBundleService, class com.almasb.fxgl.profile.SaveLoadService, class com.almasb.fxgl.ui.FXGLUIFactoryServiceProvider, class com.almasb.fxgl.ui.FXGLDialogFactoryServiceProvider, class com.almasb.fxgl.audio.AudioPlayer, class com.almasb.fxgl.notification.impl.NotificationServiceProvider, class com.almasb.fxgl.achievement.AchievementService, class com.almasb.fxgl.cutscene.CutsceneService, class com.almasb.fxgl.minigames.MiniGameService, class com.almasb.fxgl.net.NetService, class com.almasb.fxgl.app.services.UpdaterService, class com.almasb.fxgl.dev.DevService]
17:51:52.735 [FXGL Background Thread 3 ] DEBUG Engine               - fontGame: Abel-Regular.ttf
17:51:52.735 [FXGL Background Thread 3 ] DEBUG Engine               - fontMono: TerminalLandMono-Regular.otf
17:51:52.735 [FXGL Background Thread 3 ] DEBUG Engine               - fontText: Courier-Prime.ttf
17:51:52.735 [FXGL Background Thread 3 ] DEBUG Engine               - fontUI: VarelaRound-Regular.ttf
17:51:52.735 [FXGL Background Thread 3 ] DEBUG Engine               - fullScreen: BooleanProperty [value: false]
17:51:52.735 [FXGL Background Thread 3 ] DEBUG Engine               - gameDifficulty: MEDIUM
17:51:52.735 [FXGL Background Thread 3 ] DEBUG Engine               - gameDifficultyProperty: ObjectProperty [value: MEDIUM]
17:51:52.736 [FXGL Background Thread 3 ] DEBUG Engine               - globalMusicVolume: 0.5
17:51:52.736 [FXGL Background Thread 3 ] DEBUG Engine               - globalMusicVolumeProperty: DoubleProperty [value: 0.5]
17:51:52.736 [FXGL Background Thread 3 ] DEBUG Engine               - globalSoundVolume: 0.5
17:51:52.736 [FXGL Background Thread 3 ] DEBUG Engine               - globalSoundVolumeProperty: DoubleProperty [value: 0.5]
17:51:52.736 [FXGL Background Thread 3 ] DEBUG Engine               - height: 896
17:51:52.736 [FXGL Background Thread 3 ] DEBUG Engine               - is3D: false
17:51:52.736 [FXGL Background Thread 3 ] DEBUG Engine               - isAndroid: false
17:51:52.736 [FXGL Background Thread 3 ] DEBUG Engine               - isBrowser: false
17:51:52.736 [FXGL Background Thread 3 ] DEBUG Engine               - isClickFeedbackEnabled: false
17:51:52.736 [FXGL Background Thread 3 ] DEBUG Engine               - isCloseConfirmation: false
17:51:52.736 [FXGL Background Thread 3 ] DEBUG Engine               - isDesktop: true
17:51:52.736 [FXGL Background Thread 3 ] DEBUG Engine               - isDeveloperMenuEnabled: false
17:51:52.737 [FXGL Background Thread 3 ] DEBUG Engine               - isEmbedded: false
17:51:52.737 [FXGL Background Thread 3 ] DEBUG Engine               - isEntityPreloadEnabled: true
17:51:52.737 [FXGL Background Thread 3 ] DEBUG Engine               - isExperimentalTiledLargeMap: false
17:51:52.737 [FXGL Background Thread 3 ] DEBUG Engine               - isFileSystemWriteAllowed: true
17:51:52.737 [FXGL Background Thread 3 ] DEBUG Engine               - isFullScreenAllowed: false
17:51:52.737 [FXGL Background Thread 3 ] DEBUG Engine               - isFullScreenFromStart: false
17:51:52.737 [FXGL Background Thread 3 ] DEBUG Engine               - isGameMenuEnabled: true
17:51:52.737 [FXGL Background Thread 3 ] DEBUG Engine               - isIOS: false
17:51:52.737 [FXGL Background Thread 3 ] DEBUG Engine               - isIntroEnabled: false
17:51:52.737 [FXGL Background Thread 3 ] DEBUG Engine               - isLinux: false
17:51:52.738 [FXGL Background Thread 3 ] DEBUG Engine               - isMac: true
17:51:52.738 [FXGL Background Thread 3 ] DEBUG Engine               - isMainMenuEnabled: false
17:51:52.738 [FXGL Background Thread 3 ] DEBUG Engine               - isManualResizeEnabled: false
17:51:52.738 [FXGL Background Thread 3 ] DEBUG Engine               - isMobile: false
17:51:52.738 [FXGL Background Thread 3 ] DEBUG Engine               - isNative: false
17:51:52.738 [FXGL Background Thread 3 ] DEBUG Engine               - isPauseMusicWhenMinimized: true
17:51:52.738 [FXGL Background Thread 3 ] DEBUG Engine               - isPreserveResizeRatio: false
17:51:52.738 [FXGL Background Thread 3 ] DEBUG Engine               - isProfilingEnabled: false
17:51:52.738 [FXGL Background Thread 3 ] DEBUG Engine               - isScaleAffectedOnResize: true
17:51:52.738 [FXGL Background Thread 3 ] DEBUG Engine               - isSingleStep: false
17:51:52.738 [FXGL Background Thread 3 ] DEBUG Engine               - isUserProfileEnabled: false
17:51:52.738 [FXGL Background Thread 3 ] DEBUG Engine               - isWindows: false
17:51:52.738 [FXGL Background Thread 3 ] DEBUG Engine               - language: ObjectProperty [value: ENGLISH]
17:51:52.738 [FXGL Background Thread 3 ] DEBUG Engine               - menuKey: ESCAPE
17:51:52.738 [FXGL Background Thread 3 ] DEBUG Engine               - mouseSensitivity: 0.2
17:51:52.739 [FXGL Background Thread 3 ] DEBUG Engine               - notificationViewClass: class com.almasb.fxgl.notification.view.XboxNotificationView
17:51:52.739 [FXGL Background Thread 3 ] DEBUG Engine               - pixelsPerMeter: 50.0
17:51:52.739 [FXGL Background Thread 3 ] DEBUG Engine               - platform: MAC
17:51:52.739 [FXGL Background Thread 3 ] DEBUG Engine               - prefHeightProperty: ReadOnlyDoubleProperty [value: 896.0]
17:51:52.739 [FXGL Background Thread 3 ] DEBUG Engine               - prefWidthProperty: ReadOnlyDoubleProperty [value: 1600.0]
17:51:52.739 [FXGL Background Thread 3 ] DEBUG Engine               - profileDir: profiles/
17:51:52.739 [FXGL Background Thread 3 ] DEBUG Engine               - profileName: StringProperty [value: DEFAULT]
17:51:52.739 [FXGL Background Thread 3 ] DEBUG Engine               - randomSeed: -1
17:51:52.740 [FXGL Background Thread 3 ] DEBUG Engine               - runtimeInfo: RuntimeInfo(platform=MAC, version=17.1, build=24.03.2022 17.34)
17:51:52.740 [FXGL Background Thread 3 ] DEBUG Engine               - saveFileExt: sav
17:51:52.740 [FXGL Background Thread 3 ] DEBUG Engine               - scaledHeightProp$fxgl: DoubleProperty [bound, value: 804.0]
17:51:52.740 [FXGL Background Thread 3 ] DEBUG Engine               - scaledWidthProp$fxgl: DoubleProperty [bound, value: 1412.0]
17:51:52.740 [FXGL Background Thread 3 ] DEBUG Engine               - sceneFactory: com.almasb.fxgl.app.scene.SceneFactory@77698f3f
17:51:52.740 [FXGL Background Thread 3 ] DEBUG Engine               - secondsIn24h: 60
17:51:52.740 [FXGL Background Thread 3 ] DEBUG Engine               - soundMenuBack: menu/back.wav
17:51:52.741 [FXGL Background Thread 3 ] DEBUG Engine               - soundMenuPress: menu/press.wav
17:51:52.741 [FXGL Background Thread 3 ] DEBUG Engine               - soundMenuSelect: menu/select.wav
17:51:52.741 [FXGL Background Thread 3 ] DEBUG Engine               - soundNotification: core/notification.wav
17:51:52.741 [FXGL Background Thread 3 ] DEBUG Engine               - stageStyle: DECORATED
17:51:52.741 [FXGL Background Thread 3 ] DEBUG Engine               - supportedLanguages: [ENGLISH, FRENCH, GERMAN, HUNGARIAN, RUSSIAN]
17:51:52.741 [FXGL Background Thread 3 ] DEBUG Engine               - ticksPerSecond: -1
17:51:52.741 [FXGL Background Thread 3 ] DEBUG Engine               - title: FXGL Tower Defense
17:51:52.741 [FXGL Background Thread 3 ] DEBUG Engine               - urlGithub: https://github.com/AlmasB/FXGL
17:51:52.741 [FXGL Background Thread 3 ] DEBUG Engine               - urlLeaderboard: http://fxgl-top.herokuapp.com/
17:51:52.741 [FXGL Background Thread 3 ] DEBUG Engine               - urlPOM: https://raw.githubusercontent.com/AlmasB/FXGL/release/README.md
17:51:52.741 [FXGL Background Thread 3 ] DEBUG Engine               - userAppClass: class game.TowerDefenseApp
17:51:52.741 [FXGL Background Thread 3 ] DEBUG Engine               - version: 0.0
17:51:52.741 [FXGL Background Thread 3 ] DEBUG Engine               - versionCheckDays: 7
17:51:52.741 [FXGL Background Thread 3 ] DEBUG Engine               - width: 1600
17:51:52.741 [FXGL Background Thread 3 ] DEBUG Engine               - Logging services
17:51:52.741 [FXGL Background Thread 3 ] DEBUG Engine               - class com.almasb.fxgl.app.services.FXGLAssetLoaderService
17:51:52.741 [FXGL Background Thread 3 ] DEBUG Engine               - class com.almasb.fxgl.app.FXGLApplication$GameApplicationService
17:51:52.741 [FXGL Background Thread 3 ] DEBUG Engine               - class com.almasb.fxgl.app.services.FXGLDialogService
17:51:52.741 [FXGL Background Thread 3 ] DEBUG Engine               - class com.almasb.fxgl.app.services.IOTaskExecutorService
17:51:52.742 [FXGL Background Thread 3 ] DEBUG Engine               - class com.almasb.fxgl.io.FileSystemService
17:51:52.742 [FXGL Background Thread 3 ] DEBUG Engine               - class com.almasb.fxgl.localization.LocalizationService
17:51:52.742 [FXGL Background Thread 3 ] DEBUG Engine               - class com.almasb.fxgl.app.services.SystemBundleService
17:51:52.742 [FXGL Background Thread 3 ] DEBUG Engine               - class com.almasb.fxgl.profile.SaveLoadService
17:51:52.742 [FXGL Background Thread 3 ] DEBUG Engine               - class com.almasb.fxgl.ui.FXGLUIFactoryServiceProvider
17:51:52.742 [FXGL Background Thread 3 ] DEBUG Engine               - class com.almasb.fxgl.ui.FXGLDialogFactoryServiceProvider
17:51:52.742 [FXGL Background Thread 3 ] DEBUG Engine               - class com.almasb.fxgl.audio.AudioPlayer
17:51:52.742 [FXGL Background Thread 3 ] DEBUG Engine               - class com.almasb.fxgl.notification.impl.NotificationServiceProvider
17:51:52.742 [FXGL Background Thread 3 ] DEBUG Engine               - class com.almasb.fxgl.achievement.AchievementService
17:51:52.742 [FXGL Background Thread 3 ] DEBUG Engine               - class com.almasb.fxgl.cutscene.CutsceneService
17:51:52.742 [FXGL Background Thread 3 ] DEBUG Engine               - class com.almasb.fxgl.minigames.MiniGameService
17:51:52.742 [FXGL Background Thread 3 ] DEBUG Engine               - class com.almasb.fxgl.net.NetService
17:51:52.742 [FXGL Background Thread 3 ] DEBUG Engine               - class com.almasb.fxgl.app.services.UpdaterService
17:51:52.742 [FXGL Background Thread 3 ] DEBUG Engine               - class com.almasb.fxgl.dev.DevService
17:51:56.923 [JavaFX Application Thread] DEBUG PrimaryStageWindow   - Push state: DialogSubScene
17:51:56.924 [JavaFX Application Thread] DEBUG Input                - Clearing active input actions
17:51:56.932 [JavaFX Application Thread] DEBUG GameApplicationServi - Removing overlay from GameScene and adding to DialogSubScene
17:51:56.932 [JavaFX Application Thread] DEBUG PrimaryStageWindow   - GameScene -> DialogSubScene
17:51:58.354 [JavaFX Application Thread] DEBUG PrimaryStageWindow   - Pop state: DialogSubScene
17:51:58.354 [JavaFX Application Thread] DEBUG Input                - Clearing active input actions
17:51:58.356 [JavaFX Application Thread] DEBUG GameApplicationServi - Removing overlay from DialogSubScene and adding to GameScene
17:51:58.356 [JavaFX Application Thread] DEBUG PrimaryStageWindow   - GameScene <- DialogSubScene
17:51:59.638 [JavaFX Application Thread] DEBUG PrimaryStageWindow   - Push state: DialogSubScene
17:51:59.639 [JavaFX Application Thread] DEBUG Input                - Clearing active input actions
17:51:59.640 [JavaFX Application Thread] DEBUG GameApplicationServi - Removing overlay from GameScene and adding to DialogSubScene
17:51:59.640 [JavaFX Application Thread] DEBUG PrimaryStageWindow   - GameScene -> DialogSubScene
17:52:00.520 [JavaFX Application Thread] DEBUG PrimaryStageWindow   - Pop state: DialogSubScene
17:52:00.520 [JavaFX Application Thread] DEBUG Input                - Clearing active input actions
17:52:00.521 [JavaFX Application Thread] DEBUG GameApplicationServi - Removing overlay from DialogSubScene and adding to GameScene
17:52:00.521 [JavaFX Application Thread] DEBUG PrimaryStageWindow   - GameScene <- DialogSubScene
17:52:02.119 [JavaFX Application Thread] DEBUG FXGLApplication      - Exiting FXGL
17:52:02.120 [JavaFX Application Thread] DEBUG LoopRunner           - Stopping loop
17:52:02.120 [JavaFX Application Thread] DEBUG SystemBundleService  - Saving FXGL system data
17:52:02.124 [JavaFX Application Thread] DEBUG FileSystemAccess     - Writing to: /Users/karinasang/Sherry/Teaching/TowerDefense/system/fxgl.bundle
17:52:02.128 [JavaFX Application Thread] DEBUG Async                - Shutting down background threads
17:52:02.128 [JavaFX Application Thread] DEBUG PrimaryStageWindow   - Closing main window
17:52:02.138 [JavaFX Application Thread] DEBUG Logger               - Closing Logger
