18:56:55.720 [main                     ] DEBUG Logger               - Configured Logger
18:56:55.733 [main                     ] DEBUG GameApplication      - Logging settings
Title: FXGL Tower Defense
Version: 0.0
Width: 1600
Height: 896
Fullscreen: false
Intro: false
Profiling: false
Single step:false
App Mode: DEVELOPER
Menu Key: ESCAPE
Stage Style: DECORATED
Scene Factory: class com.almasb.fxgl.app.scene.SceneFactory

18:56:56.011 [JavaFX Application Thread] DEBUG FXGLApplication      - Initializing FXGL
18:56:56.013 [JavaFX Application Thread] INFO  Engine               - FXGL-17.1 (24.03.2022 17.34) on MAC (J:19.0.1 FX:18)
18:56:56.014 [JavaFX Application Thread] DEBUG Engine               - JRE Vendor Name: Oracle Corporation
18:56:56.014 [JavaFX Application Thread] DEBUG Engine               - Running on OS: Mac OS X version 13.3.1
18:56:56.014 [JavaFX Application Thread] DEBUG Engine               - Architecture: aarch64
18:56:56.014 [JavaFX Application Thread] INFO  Engine               - Source code and latest versions at: https://github.com/AlmasB/FXGL
18:56:56.014 [JavaFX Application Thread] INFO  Engine               -       Ask questions and discuss at: https://github.com/AlmasB/FXGL/discussions
18:56:56.014 [JavaFX Application Thread] INFO  Engine               -              Join the FXGL chat at: https://gitter.im/AlmasB/FXGL
18:56:56.064 [JavaFX Application Thread] DEBUG PrimaryStageWindow   - Creating a JavaFX scene
18:56:56.064 [JavaFX Application Thread] DEBUG PrimaryStageWindow   - Target size > screen size
18:56:56.081 [JavaFX Application Thread] DEBUG PrimaryStageWindow   - Target settings size: 1600.0 x 896.0
18:56:56.081 [JavaFX Application Thread] DEBUG PrimaryStageWindow   - Scaled scene size:    1412.0 x 804.0
18:56:56.081 [JavaFX Application Thread] DEBUG PrimaryStageWindow   - Scaled ratio: (0.8825, 0.8973214285714286)
18:56:56.082 [JavaFX Application Thread] DEBUG PrimaryStageWindow   - Set initial scene to FXGLStartupScene
18:56:56.084 [JavaFX Application Thread] DEBUG PrimaryStageWindow   - Opening main window
18:56:56.152 [JavaFX Application Thread] DEBUG PrimaryStageWindow   - Window border size: (0.0, 28.0)
18:56:56.152 [JavaFX Application Thread] DEBUG PrimaryStageWindow   - Scaled size: 1412.0 x 804.0
18:56:56.152 [JavaFX Application Thread] DEBUG PrimaryStageWindow   - Scaled ratio: (0.8825, 0.8973214285714286)
18:56:56.152 [JavaFX Application Thread] DEBUG PrimaryStageWindow   - Scene size: 1412.0 x 804.0
18:56:56.152 [JavaFX Application Thread] DEBUG PrimaryStageWindow   - Stage size: 1412.0 x 832.0
18:56:56.155 [FXGL Background Thread 1 ] DEBUG Engine               - Initializing environment variables
18:56:56.178 [FXGL Background Thread 1 ] DEBUG FXGLAssetLoaderServi - User app class for loading assets: class game.TowerDefenseApp
18:56:56.178 [FXGL Background Thread 1 ] DEBUG GameApplicationServi - Applying CSS: fxgl_dark.css
18:56:56.179 [FXGL Background Thread 1 ] DEBUG FXGLAssetLoaderServi - Loading from file system: jar:file:/Users/karinasang/.m2/repository/com/github/almasb/fxgl/17.1/fxgl-17.1.jar!/fxglassets/ui/css/fxgl_dark.css
18:56:56.199 [FXGL Background Thread 1 ] DEBUG GameApplicationServi - Initializing application scenes
18:56:56.297 [FXGL Background Thread 1 ] DEBUG GameWorld            - Game world initialized
18:56:56.320 [FXGL Background Thread 1 ] DEBUG PhysicsWorld         - Physics world initialized: appHeight=896, physics.ppm=50.0
18:56:56.320 [FXGL Background Thread 1 ] DEBUG PhysicsWorld         - Using strategy: BRUTE_FORCE
18:56:56.322 [FXGL Background Thread 1 ] DEBUG GameScene            - Game scene initialized: 1600x896
18:56:56.326 [FXGL Background Thread 1 ] DEBUG FXGL.DefaultMenu     - createMenuBodyGameMenu()
18:56:56.332 [FXGL Background Thread 1 ] DEBUG FXGL.DefaultMenu     - createOptionsMenu()
18:56:56.337 [FXGL Background Thread 1 ] DEBUG FXGLAssetLoaderServi - Loading from file system: jar:file:/Users/karinasang/.m2/repository/com/github/almasb/fxgl/17.1/fxgl-17.1.jar!/fxglassets/textures/particles/smoke.png
18:56:56.383 [FXGL Background Thread 1 ] DEBUG FXGLAssetLoaderServi - Loading from file system: jar:file:/Users/karinasang/.m2/repository/com/github/almasb/fxgl/17.1/fxgl-17.1.jar!/fxglassets/textures/particles/trace_horizontal.png
18:56:56.398 [FXGL Background Thread 1 ] DEBUG GameApplicationServi - Application scenes initialized
18:56:56.402 [FXGL Background Thread 1 ] DEBUG SystemBundleService  - Loading FXGL system data
18:56:56.404 [FXGL Background Thread 1 ] DEBUG FileSystemAccess     - Reading from: /Users/karinasang/Sherry/Teaching/TowerDefense/system/fxgl.bundle
18:56:56.407 [FXGL Background Thread 1 ] DEBUG SystemBundleService  - Bundle FXGL: {}
18:56:56.408 [FXGL Background Thread 1 ] DEBUG UpdaterService       - Checking for updates
18:56:56.409 [FXGL Background Thread 4 ] DEBUG FXGLApplication      - Loading fonts
18:56:56.409 [FXGL Background Thread 1 ] DEBUG FXGLApplication      - Loading default localization
18:56:56.410 [FXGL Background Thread 1 ] DEBUG FXGLAssetLoaderServi - Loading from file system: jar:file:/Users/karinasang/.m2/repository/com/github/almasb/fxgl/17.1/fxgl-17.1.jar!/fxglassets/languages/english.lang
18:56:56.410 [FXGL Background Thread 4 ] DEBUG FXGLAssetLoaderServi - Loading from file system: jar:file:/Users/karinasang/.m2/repository/com/github/almasb/fxgl/17.1/fxgl-17.1.jar!/fxglassets/ui/fonts/VarelaRound-Regular.ttf
18:56:56.417 [FXGL Background Thread 4 ] DEBUG FXGLAssetLoaderServi - Loading from file system: jar:file:/Users/karinasang/.m2/repository/com/github/almasb/fxgl/17.1/fxgl-17.1.jar!/fxglassets/ui/fonts/Abel-Regular.ttf
18:56:56.417 [FXGL Background Thread 1 ] INFO  FXGLApplication      - FXGL initialization took: 0.262 sec
18:56:56.417 [JavaFX Application Thread] DEBUG FXGLAssetLoaderServi - Loading from file system: jar:file:/Users/karinasang/.m2/repository/com/github/almasb/fxgl/17.1/fxgl-17.1.jar!/fxglassets/textures/fxgl_icon.png
18:56:56.418 [FXGL Background Thread 4 ] DEBUG FXGLAssetLoaderServi - Loading from file system: jar:file:/Users/karinasang/.m2/repository/com/github/almasb/fxgl/17.1/fxgl-17.1.jar!/fxglassets/ui/fonts/TerminalLandMono-Regular.otf
18:56:56.420 [FXGL Background Thread 4 ] DEBUG FXGLAssetLoaderServi - Loading from file system: jar:file:/Users/karinasang/.m2/repository/com/github/almasb/fxgl/17.1/fxgl-17.1.jar!/fxglassets/ui/fonts/Courier-Prime.ttf
18:56:56.431 [JavaFX Application Thread] DEBUG FXGLAssetLoaderServi - Loading from file system: jar:file:/Users/karinasang/.m2/repository/com/github/almasb/fxgl/17.1/fxgl-17.1.jar!/fxglassets/textures/fxgl_default_cursor.png
18:56:56.435 [JavaFX Application Thread] DEBUG Input                - Registered new binding: Screenshot - CTRL+8
18:56:56.436 [JavaFX Application Thread] DEBUG Input                - Registered new binding: System info dump - CTRL+9
18:56:56.436 [JavaFX Application Thread] DEBUG Input                - Registered new binding: Restart - CTRL+R
18:56:56.436 [JavaFX Application Thread] DEBUG Input                - Registered new binding: Toggle Debug Camera - CTRL+7
18:56:56.437 [JavaFX Application Thread] DEBUG LoopRunner           - Starting loop
18:56:56.437 [JavaFX Application Thread] DEBUG LoopRunner           - Initializing JavaFX AnimationTimerLoop
18:56:56.437 [JavaFX Application Thread] DEBUG GameApplicationServi - Starting new game
18:56:56.437 [JavaFX Application Thread] DEBUG Input                - Clearing active input actions
18:56:56.441 [JavaFX Application Thread] DEBUG GameApplicationServi - Removing overlay from FXGLStartupScene and adding to FXGLLoadingScene
18:56:56.442 [JavaFX Application Thread] DEBUG PrimaryStageWindow   - FXGLStartupScene -> FXGLLoadingScene
18:56:56.442 [JavaFX Application Thread] DEBUG GameApplicationServi - Clearing previous game
18:56:56.442 [JavaFX Application Thread] DEBUG GameScene            - Clearing game scene
18:56:56.442 [JavaFX Application Thread] DEBUG GameWorld            - Clearing game world
18:56:56.442 [JavaFX Application Thread] DEBUG PhysicsWorld         - Clearing physics world
18:56:56.442 [FXGL Background Thread 4 ] DEBUG FXGLApplication      - Initializing game
18:56:56.444 [FXGL Background Thread 4 ] DEBUG FXGLAssetLoaderServi - Loading JSON from: file:/Users/karinasang/Sherry/Teaching/TowerDefense/target/classes/assets/towers/tower1.json
18:56:56.461 [JavaFX Application Thread] DEBUG FXGLApplication      - Registering font factories with UI factory
18:56:56.556 [FXGL Background Thread 4 ] DEBUG FXGLAssetLoaderServi - Loading JSON from: file:/Users/karinasang/Sherry/Teaching/TowerDefense/target/classes/assets/towers/tower2.json
18:56:56.557 [FXGL Background Thread 4 ] DEBUG FXGLAssetLoaderServi - Loading JSON from: file:/Users/karinasang/Sherry/Teaching/TowerDefense/target/classes/assets/towers/tower3.json
18:56:56.558 [FXGL Background Thread 4 ] DEBUG FXGLAssetLoaderServi - Loading JSON from: file:/Users/karinasang/Sherry/Teaching/TowerDefense/target/classes/assets/towers/tower4.json
18:56:56.559 [FXGL Background Thread 4 ] DEBUG FXGLAssetLoaderServi - Loading JSON from: file:/Users/karinasang/Sherry/Teaching/TowerDefense/target/classes/assets/towers/tower5.json
18:56:56.561 [FXGL Background Thread 4 ] DEBUG FXGLAssetLoaderServi - Loading from file system: file:/Users/karinasang/Sherry/Teaching/TowerDefense/target/classes/assets/textures/towers/tower1.png
18:56:56.562 [FXGL Background Thread 4 ] DEBUG FXGLAssetLoaderServi - Loading from file system: file:/Users/karinasang/Sherry/Teaching/TowerDefense/target/classes/assets/textures/towers/tower2.png
18:56:56.562 [FXGL Background Thread 4 ] DEBUG FXGLAssetLoaderServi - Loading from file system: file:/Users/karinasang/Sherry/Teaching/TowerDefense/target/classes/assets/textures/towers/tower3.png
18:56:56.563 [FXGL Background Thread 4 ] DEBUG FXGLAssetLoaderServi - Loading from file system: file:/Users/karinasang/Sherry/Teaching/TowerDefense/target/classes/assets/textures/towers/tower4.png
18:56:56.564 [FXGL Background Thread 4 ] DEBUG FXGLAssetLoaderServi - Loading from file system: file:/Users/karinasang/Sherry/Teaching/TowerDefense/target/classes/assets/textures/towers/tower5.png
18:56:56.576 [FXGL Background Thread 4 ] WARN  TMXLevelLoader       - TiledMap generated from 1.9.2. Supported version: 1.4.2. Some features may not be parsed fully.
18:56:56.580 [FXGL Background Thread 4 ] DEBUG TMXLevelLoader       - Parsed TiledMap: file:/Users/karinasang/Sherry/Teaching/TowerDefense/target/classes/assets/levels/tmx/map1.tmx
18:56:56.580 [FXGL Background Thread 4 ] DEBUG TMXLevelLoader       - Creating tile layer entities
18:56:56.581 [FXGL Background Thread 4 ] DEBUG TilesetLoader        - Loading view for layer background
18:56:56.582 [FXGL Background Thread 4 ] DEBUG TilesetLoader        - Created buffer with size 1600.0x960.0
18:56:56.609 [FXGL Background Thread 4 ] DEBUG TilesetLoader        - Loading view for layer decor
18:56:56.610 [FXGL Background Thread 4 ] DEBUG TilesetLoader        - Created buffer with size 1600.0x960.0
18:56:56.610 [FXGL Background Thread 4 ] DEBUG TMXLevelLoader       - Creating object layer entities
18:56:56.623 [FXGL Background Thread 4 ] DEBUG GameWorld            - Clearing removable entities
18:56:56.623 [FXGL Background Thread 4 ] DEBUG GameWorld            - Setting level: com.almasb.fxgl.entity.level.Level@2cb7a818
18:56:56.627 [FXGL Background Thread 4 ] DEBUG FXGLAssetLoaderServi - Loading from file system: file:/Users/karinasang/Sherry/Teaching/TowerDefense/target/classes/assets/textures/enemies/enemy2.png
18:56:56.629 [FXGL Background Thread 4 ] INFO  FXGLApplication      - Game initialization took: 0.186 sec
18:56:56.629 [JavaFX Application Thread] DEBUG Input                - Clearing active input actions
18:56:56.632 [JavaFX Application Thread] DEBUG GameApplicationServi - Removing overlay from FXGLLoadingScene and adding to GameScene
18:56:56.632 [JavaFX Application Thread] DEBUG PrimaryStageWindow   - FXGLLoadingScene -> GameScene
18:56:56.659 [FXGL Background Thread 2 ] INFO  UpdaterService       - Your current version:  17.1
18:56:56.659 [FXGL Background Thread 2 ] INFO  UpdaterService       - Latest stable version: 17.3
18:56:58.618 [JavaFX Application Thread] DEBUG FXGLApplication      - Exiting FXGL
18:56:58.619 [JavaFX Application Thread] DEBUG LoopRunner           - Stopping loop
18:56:58.619 [JavaFX Application Thread] DEBUG SystemBundleService  - Saving FXGL system data
18:56:58.623 [JavaFX Application Thread] DEBUG FileSystemAccess     - Writing to: /Users/karinasang/Sherry/Teaching/TowerDefense/system/fxgl.bundle
18:56:58.626 [JavaFX Application Thread] DEBUG Async                - Shutting down background threads
18:56:58.627 [JavaFX Application Thread] DEBUG PrimaryStageWindow   - Closing main window
18:56:58.638 [JavaFX Application Thread] DEBUG Logger               - Closing Logger
