19:15:35.159 [main                     ] DEBUG Logger               - Configured Logger
19:15:35.173 [main                     ] DEBUG GameApplication      - Logging settings
Title: FXGL Tower Defense
Version: 0.0
Width: 1600
Height: 896
Fullscreen: false
Intro: false
Profiling: false
Single step:false
App Mode: DEVELOPER
Menu Key: ESCAPE
Stage Style: DECORATED
Scene Factory: class com.almasb.fxgl.app.scene.SceneFactory

19:15:35.453 [JavaFX Application Thread] DEBUG FXGLApplication      - Initializing FXGL
19:15:35.455 [JavaFX Application Thread] INFO  Engine               - FXGL-17.1 (24.03.2022 17.34) on MAC (J:19.0.1 FX:18)
19:15:35.455 [JavaFX Application Thread] DEBUG Engine               - JRE Vendor Name: Oracle Corporation
19:15:35.455 [JavaFX Application Thread] DEBUG Engine               - Running on OS: Mac OS X version 13.3.1
19:15:35.455 [JavaFX Application Thread] DEBUG Engine               - Architecture: aarch64
19:15:35.455 [JavaFX Application Thread] INFO  Engine               - Source code and latest versions at: https://github.com/AlmasB/FXGL
19:15:35.455 [JavaFX Application Thread] INFO  Engine               -       Ask questions and discuss at: https://github.com/AlmasB/FXGL/discussions
19:15:35.455 [JavaFX Application Thread] INFO  Engine               -              Join the FXGL chat at: https://gitter.im/AlmasB/FXGL
19:15:35.501 [JavaFX Application Thread] DEBUG PrimaryStageWindow   - Creating a JavaFX scene
19:15:35.501 [JavaFX Application Thread] DEBUG PrimaryStageWindow   - Target size > screen size
19:15:35.520 [JavaFX Application Thread] DEBUG PrimaryStageWindow   - Target settings size: 1600.0 x 896.0
19:15:35.520 [JavaFX Application Thread] DEBUG PrimaryStageWindow   - Scaled scene size:    1412.0 x 804.0
19:15:35.520 [JavaFX Application Thread] DEBUG PrimaryStageWindow   - Scaled ratio: (0.8825, 0.8973214285714286)
19:15:35.520 [JavaFX Application Thread] DEBUG PrimaryStageWindow   - Set initial scene to FXGLStartupScene
19:15:35.523 [JavaFX Application Thread] DEBUG PrimaryStageWindow   - Opening main window
19:15:35.594 [JavaFX Application Thread] DEBUG PrimaryStageWindow   - Window border size: (0.0, 28.0)
19:15:35.594 [JavaFX Application Thread] DEBUG PrimaryStageWindow   - Scaled size: 1412.0 x 804.0
19:15:35.594 [JavaFX Application Thread] DEBUG PrimaryStageWindow   - Scaled ratio: (0.8825, 0.8973214285714286)
19:15:35.594 [JavaFX Application Thread] DEBUG PrimaryStageWindow   - Scene size: 1412.0 x 804.0
19:15:35.594 [JavaFX Application Thread] DEBUG PrimaryStageWindow   - Stage size: 1412.0 x 832.0
19:15:35.598 [FXGL Background Thread 1 ] DEBUG Engine               - Initializing environment variables
19:15:35.618 [FXGL Background Thread 1 ] DEBUG FXGLAssetLoaderServi - User app class for loading assets: class game.TowerDefenseApp
19:15:35.618 [FXGL Background Thread 1 ] DEBUG GameApplicationServi - Applying CSS: fxgl_dark.css
19:15:35.619 [FXGL Background Thread 1 ] DEBUG FXGLAssetLoaderServi - Loading from file system: jar:file:///Users/karinasang/.m2/repository/com/github/almasb/fxgl/17.1/fxgl-17.1.jar!/fxglassets/ui/css/fxgl_dark.css
19:15:35.644 [FXGL Background Thread 1 ] DEBUG GameApplicationServi - Initializing application scenes
19:15:35.747 [FXGL Background Thread 1 ] DEBUG GameWorld            - Game world initialized
19:15:35.773 [FXGL Background Thread 1 ] DEBUG PhysicsWorld         - Physics world initialized: appHeight=896, physics.ppm=50.0
19:15:35.773 [FXGL Background Thread 1 ] DEBUG PhysicsWorld         - Using strategy: BRUTE_FORCE
19:15:35.774 [FXGL Background Thread 1 ] DEBUG GameScene            - Game scene initialized: 1600x896
19:15:35.780 [FXGL Background Thread 1 ] DEBUG FXGL.DefaultMenu     - createMenuBodyGameMenu()
19:15:35.787 [FXGL Background Thread 1 ] DEBUG FXGL.DefaultMenu     - createOptionsMenu()
19:15:35.791 [FXGL Background Thread 1 ] DEBUG FXGLAssetLoaderServi - Loading from file system: jar:file:///Users/karinasang/.m2/repository/com/github/almasb/fxgl/17.1/fxgl-17.1.jar!/fxglassets/textures/particles/smoke.png
19:15:35.842 [FXGL Background Thread 1 ] DEBUG FXGLAssetLoaderServi - Loading from file system: jar:file:///Users/karinasang/.m2/repository/com/github/almasb/fxgl/17.1/fxgl-17.1.jar!/fxglassets/textures/particles/trace_horizontal.png
19:15:35.858 [FXGL Background Thread 1 ] DEBUG GameApplicationServi - Application scenes initialized
19:15:35.866 [FXGL Background Thread 1 ] DEBUG SystemBundleService  - Loading FXGL system data
19:15:35.872 [FXGL Background Thread 1 ] DEBUG FileSystemAccess     - Reading from: /Users/karinasang/Sherry/Teaching/TowerDefense/system/fxgl.bundle
19:15:35.877 [FXGL Background Thread 1 ] DEBUG SystemBundleService  - Bundle FXGL: {}
19:15:35.877 [FXGL Background Thread 1 ] DEBUG UpdaterService       - Checking for updates
19:15:35.879 [FXGL Background Thread 4 ] DEBUG FXGLApplication      - Loading fonts
19:15:35.879 [FXGL Background Thread 1 ] DEBUG FXGLApplication      - Loading default localization
19:15:35.879 [FXGL Background Thread 4 ] DEBUG FXGLAssetLoaderServi - Loading from file system: jar:file:///Users/karinasang/.m2/repository/com/github/almasb/fxgl/17.1/fxgl-17.1.jar!/fxglassets/ui/fonts/VarelaRound-Regular.ttf
19:15:35.879 [FXGL Background Thread 1 ] DEBUG FXGLAssetLoaderServi - Loading from file system: jar:file:///Users/karinasang/.m2/repository/com/github/almasb/fxgl/17.1/fxgl-17.1.jar!/fxglassets/languages/english.lang
19:15:35.884 [FXGL Background Thread 4 ] DEBUG FXGLAssetLoaderServi - Loading from file system: jar:file:///Users/karinasang/.m2/repository/com/github/almasb/fxgl/17.1/fxgl-17.1.jar!/fxglassets/ui/fonts/Abel-Regular.ttf
19:15:35.886 [FXGL Background Thread 4 ] DEBUG FXGLAssetLoaderServi - Loading from file system: jar:file:///Users/karinasang/.m2/repository/com/github/almasb/fxgl/17.1/fxgl-17.1.jar!/fxglassets/ui/fonts/TerminalLandMono-Regular.otf
19:15:35.887 [FXGL Background Thread 1 ] INFO  FXGLApplication      - FXGL initialization took: 0.289 sec
19:15:35.887 [JavaFX Application Thread] DEBUG FXGLAssetLoaderServi - Loading from file system: jar:file:///Users/karinasang/.m2/repository/com/github/almasb/fxgl/17.1/fxgl-17.1.jar!/fxglassets/textures/fxgl_icon.png
19:15:35.888 [FXGL Background Thread 4 ] DEBUG FXGLAssetLoaderServi - Loading from file system: jar:file:///Users/karinasang/.m2/repository/com/github/almasb/fxgl/17.1/fxgl-17.1.jar!/fxglassets/ui/fonts/Courier-Prime.ttf
19:15:35.900 [JavaFX Application Thread] DEBUG FXGLAssetLoaderServi - Loading from file system: jar:file:///Users/karinasang/.m2/repository/com/github/almasb/fxgl/17.1/fxgl-17.1.jar!/fxglassets/textures/fxgl_default_cursor.png
19:15:35.905 [JavaFX Application Thread] DEBUG Input                - Registered new binding: Screenshot - CTRL+8
19:15:35.905 [JavaFX Application Thread] DEBUG Input                - Registered new binding: System info dump - CTRL+9
19:15:35.905 [JavaFX Application Thread] DEBUG Input                - Registered new binding: Restart - CTRL+R
19:15:35.906 [JavaFX Application Thread] DEBUG Input                - Registered new binding: Toggle Debug Camera - CTRL+7
19:15:35.906 [JavaFX Application Thread] DEBUG LoopRunner           - Starting loop
19:15:35.906 [JavaFX Application Thread] DEBUG LoopRunner           - Initializing JavaFX AnimationTimerLoop
19:15:35.907 [JavaFX Application Thread] DEBUG GameApplicationServi - Starting new game
19:15:35.907 [JavaFX Application Thread] DEBUG Input                - Clearing active input actions
19:15:35.911 [JavaFX Application Thread] DEBUG GameApplicationServi - Removing overlay from FXGLStartupScene and adding to FXGLLoadingScene
19:15:35.912 [JavaFX Application Thread] DEBUG PrimaryStageWindow   - FXGLStartupScene -> FXGLLoadingScene
19:15:35.912 [JavaFX Application Thread] DEBUG GameApplicationServi - Clearing previous game
19:15:35.912 [JavaFX Application Thread] DEBUG GameScene            - Clearing game scene
19:15:35.912 [JavaFX Application Thread] DEBUG GameWorld            - Clearing game world
19:15:35.912 [JavaFX Application Thread] DEBUG PhysicsWorld         - Clearing physics world
19:15:35.912 [FXGL Background Thread 4 ] DEBUG FXGLApplication      - Initializing game
19:15:35.913 [FXGL Background Thread 4 ] DEBUG FXGLAssetLoaderServi - Loading JSON from: file:/Users/karinasang/Sherry/Teaching/TowerDefense/target/classes/assets/towers/tower1.json
19:15:35.933 [JavaFX Application Thread] DEBUG FXGLApplication      - Registering font factories with UI factory
19:15:36.040 [FXGL Background Thread 4 ] DEBUG FXGLAssetLoaderServi - Loading JSON from: file:/Users/karinasang/Sherry/Teaching/TowerDefense/target/classes/assets/towers/tower2.json
19:15:36.044 [FXGL Background Thread 4 ] DEBUG FXGLAssetLoaderServi - Loading JSON from: file:/Users/karinasang/Sherry/Teaching/TowerDefense/target/classes/assets/towers/tower3.json
19:15:36.045 [FXGL Background Thread 4 ] DEBUG FXGLAssetLoaderServi - Loading JSON from: file:/Users/karinasang/Sherry/Teaching/TowerDefense/target/classes/assets/towers/tower4.json
19:15:36.046 [FXGL Background Thread 4 ] DEBUG FXGLAssetLoaderServi - Loading JSON from: file:/Users/karinasang/Sherry/Teaching/TowerDefense/target/classes/assets/towers/tower5.json
19:15:36.061 [FXGL Background Thread 4 ] DEBUG FXGLAssetLoaderServi - Loading from file system: file:/Users/karinasang/Sherry/Teaching/TowerDefense/target/classes/assets/textures/towers/tower1.png
19:15:36.064 [FXGL Background Thread 4 ] DEBUG FXGLAssetLoaderServi - Loading from file system: file:/Users/karinasang/Sherry/Teaching/TowerDefense/target/classes/assets/textures/towers/tower2.png
19:15:36.067 [FXGL Background Thread 4 ] DEBUG FXGLAssetLoaderServi - Loading from file system: file:/Users/karinasang/Sherry/Teaching/TowerDefense/target/classes/assets/textures/towers/tower3.png
19:15:36.069 [FXGL Background Thread 4 ] DEBUG FXGLAssetLoaderServi - Loading from file system: file:/Users/karinasang/Sherry/Teaching/TowerDefense/target/classes/assets/textures/towers/tower4.png
19:15:36.073 [FXGL Background Thread 4 ] DEBUG FXGLAssetLoaderServi - Loading from file system: file:/Users/karinasang/Sherry/Teaching/TowerDefense/target/classes/assets/textures/towers/tower5.png
19:15:36.097 [FXGL Background Thread 4 ] WARN  TMXLevelLoader       - TiledMap generated from 1.9.2. Supported version: 1.4.2. Some features may not be parsed fully.
19:15:36.106 [FXGL Background Thread 4 ] DEBUG TMXLevelLoader       - Parsed TiledMap: file:/Users/karinasang/Sherry/Teaching/TowerDefense/target/classes/assets/levels/tmx/map1.tmx
19:15:36.107 [FXGL Background Thread 4 ] DEBUG TMXLevelLoader       - Creating tile layer entities
19:15:36.108 [FXGL Background Thread 4 ] DEBUG TilesetLoader        - Loading view for layer background
19:15:36.110 [FXGL Background Thread 4 ] DEBUG TilesetLoader        - Created buffer with size 1600.0x960.0
19:15:36.150 [FXGL Background Thread 4 ] DEBUG TilesetLoader        - Loading view for layer decor
19:15:36.151 [FXGL Background Thread 4 ] DEBUG TilesetLoader        - Created buffer with size 1600.0x960.0
19:15:36.152 [FXGL Background Thread 4 ] DEBUG TMXLevelLoader       - Creating object layer entities
19:15:36.159 [FXGL Background Thread 4 ] DEBUG GameWorld            - Clearing removable entities
19:15:36.159 [FXGL Background Thread 4 ] DEBUG GameWorld            - Setting level: com.almasb.fxgl.entity.level.Level@56ff6817
19:15:36.161 [FXGL Background Thread 4 ] DEBUG FXGLAssetLoaderServi - Loading from file system: file:/Users/karinasang/Sherry/Teaching/TowerDefense/target/classes/assets/textures/enemies/enemy2.png
19:15:36.164 [FXGL Background Thread 4 ] INFO  FXGLApplication      - Game initialization took: 0.251 sec
19:15:36.164 [JavaFX Application Thread] DEBUG Input                - Clearing active input actions
19:15:36.168 [JavaFX Application Thread] DEBUG GameApplicationServi - Removing overlay from FXGLLoadingScene and adding to GameScene
19:15:36.168 [JavaFX Application Thread] DEBUG PrimaryStageWindow   - FXGLLoadingScene -> GameScene
19:15:36.234 [FXGL Background Thread 2 ] INFO  UpdaterService       - Your current version:  17.1
19:15:36.234 [FXGL Background Thread 2 ] INFO  UpdaterService       - Latest stable version: 17.3
19:15:38.575 [JavaFX Application Thread] DEBUG FXGLApplication      - Exiting FXGL
19:15:38.575 [JavaFX Application Thread] DEBUG LoopRunner           - Stopping loop
19:15:38.575 [JavaFX Application Thread] DEBUG SystemBundleService  - Saving FXGL system data
19:15:38.579 [JavaFX Application Thread] DEBUG FileSystemAccess     - Writing to: /Users/karinasang/Sherry/Teaching/TowerDefense/system/fxgl.bundle
19:15:38.582 [JavaFX Application Thread] DEBUG Async                - Shutting down background threads
19:15:38.583 [JavaFX Application Thread] DEBUG PrimaryStageWindow   - Closing main window
19:15:38.593 [JavaFX Application Thread] DEBUG Logger               - Closing Logger
