17:50:25.509 [main                     ] DEBUG Logger               - Configured Logger
17:50:25.522 [main                     ] DEBUG GameApplication      - Logging settings
Title: FXGL Tower Defense
Version: 0.0
Width: 1600
Height: 896
Fullscreen: false
Intro: false
Profiling: false
Single step:false
App Mode: DEVELOPER
Menu Key: ESCAPE
Stage Style: DECORATED
Scene Factory: class com.almasb.fxgl.app.scene.SceneFactory

17:50:25.810 [JavaFX Application Thread] DEBUG FXGLApplication      - Initializing FXGL
17:50:25.812 [JavaFX Application Thread] INFO  Engine               - FXGL-17.1 (24.03.2022 17.34) on MAC (J:19.0.1 FX:18)
17:50:25.812 [JavaFX Application Thread] DEBUG Engine               - JRE Vendor Name: Oracle Corporation
17:50:25.812 [JavaFX Application Thread] DEBUG Engine               - Running on OS: Mac OS X version 13.3.1
17:50:25.812 [JavaFX Application Thread] DEBUG Engine               - Architecture: aarch64
17:50:25.812 [JavaFX Application Thread] INFO  Engine               - Source code and latest versions at: https://github.com/AlmasB/FXGL
17:50:25.812 [JavaFX Application Thread] INFO  Engine               -       Ask questions and discuss at: https://github.com/AlmasB/FXGL/discussions
17:50:25.813 [JavaFX Application Thread] INFO  Engine               -              Join the FXGL chat at: https://gitter.im/AlmasB/FXGL
17:50:25.876 [JavaFX Application Thread] DEBUG PrimaryStageWindow   - Creating a JavaFX scene
17:50:25.877 [JavaFX Application Thread] DEBUG PrimaryStageWindow   - Target size > screen size
17:50:25.898 [JavaFX Application Thread] DEBUG PrimaryStageWindow   - Target settings size: 1600.0 x 896.0
17:50:25.898 [JavaFX Application Thread] DEBUG PrimaryStageWindow   - Scaled scene size:    1412.0 x 804.0
17:50:25.898 [JavaFX Application Thread] DEBUG PrimaryStageWindow   - Scaled ratio: (0.8825, 0.8973214285714286)
17:50:25.899 [JavaFX Application Thread] DEBUG PrimaryStageWindow   - Set initial scene to FXGLStartupScene
17:50:25.902 [JavaFX Application Thread] DEBUG PrimaryStageWindow   - Opening main window
17:50:25.998 [JavaFX Application Thread] DEBUG PrimaryStageWindow   - Window border size: (0.0, 28.0)
17:50:25.998 [JavaFX Application Thread] DEBUG PrimaryStageWindow   - Scaled size: 1412.0 x 804.0
17:50:25.998 [JavaFX Application Thread] DEBUG PrimaryStageWindow   - Scaled ratio: (0.8825, 0.8973214285714286)
17:50:25.998 [JavaFX Application Thread] DEBUG PrimaryStageWindow   - Scene size: 1412.0 x 804.0
17:50:25.999 [JavaFX Application Thread] DEBUG PrimaryStageWindow   - Stage size: 1412.0 x 832.0
17:50:26.005 [FXGL Background Thread 1 ] DEBUG Engine               - Initializing environment variables
17:50:26.075 [FXGL Background Thread 1 ] DEBUG FXGLAssetLoaderServi - User app class for loading assets: class game.TowerDefenseApp
17:50:26.077 [FXGL Background Thread 1 ] DEBUG GameApplicationServi - Applying CSS: fxgl_dark.css
17:50:26.078 [FXGL Background Thread 1 ] DEBUG FXGLAssetLoaderServi - Loading from file system: jar:file:/Users/karinasang/.m2/repository/com/github/almasb/fxgl/17.1/fxgl-17.1.jar!/fxglassets/ui/css/fxgl_dark.css
17:50:26.131 [FXGL Background Thread 1 ] DEBUG GameApplicationServi - Initializing application scenes
17:50:26.276 [FXGL Background Thread 1 ] DEBUG GameWorld            - Game world initialized
17:50:26.307 [FXGL Background Thread 1 ] DEBUG PhysicsWorld         - Physics world initialized: appHeight=896, physics.ppm=50.0
17:50:26.308 [FXGL Background Thread 1 ] DEBUG PhysicsWorld         - Using strategy: BRUTE_FORCE
17:50:26.310 [FXGL Background Thread 1 ] DEBUG GameScene            - Game scene initialized: 1600x896
17:50:26.315 [FXGL Background Thread 1 ] DEBUG FXGL.DefaultMenu     - createMenuBodyGameMenu()
17:50:26.321 [FXGL Background Thread 1 ] DEBUG FXGL.DefaultMenu     - createOptionsMenu()
17:50:26.326 [FXGL Background Thread 1 ] DEBUG FXGLAssetLoaderServi - Loading from file system: jar:file:/Users/karinasang/.m2/repository/com/github/almasb/fxgl/17.1/fxgl-17.1.jar!/fxglassets/textures/particles/smoke.png
17:50:26.373 [FXGL Background Thread 1 ] DEBUG FXGLAssetLoaderServi - Loading from file system: jar:file:/Users/karinasang/.m2/repository/com/github/almasb/fxgl/17.1/fxgl-17.1.jar!/fxglassets/textures/particles/trace_horizontal.png
17:50:26.386 [FXGL Background Thread 1 ] DEBUG GameApplicationServi - Application scenes initialized
17:50:26.390 [FXGL Background Thread 1 ] DEBUG SystemBundleService  - Loading FXGL system data
17:50:26.392 [FXGL Background Thread 1 ] DEBUG FileSystemAccess     - Reading from: /Users/karinasang/Sherry/Teaching/TowerDefense/system/fxgl.bundle
17:50:26.395 [FXGL Background Thread 1 ] DEBUG SystemBundleService  - Bundle FXGL: {}
17:50:26.396 [FXGL Background Thread 1 ] DEBUG UpdaterService       - Checking for updates
17:50:26.397 [FXGL Background Thread 4 ] DEBUG FXGLApplication      - Loading fonts
17:50:26.397 [FXGL Background Thread 1 ] DEBUG FXGLApplication      - Loading default localization
17:50:26.397 [FXGL Background Thread 4 ] DEBUG FXGLAssetLoaderServi - Loading from file system: jar:file:/Users/karinasang/.m2/repository/com/github/almasb/fxgl/17.1/fxgl-17.1.jar!/fxglassets/ui/fonts/VarelaRound-Regular.ttf
17:50:26.398 [FXGL Background Thread 1 ] DEBUG FXGLAssetLoaderServi - Loading from file system: jar:file:/Users/karinasang/.m2/repository/com/github/almasb/fxgl/17.1/fxgl-17.1.jar!/fxglassets/languages/english.lang
17:50:26.403 [FXGL Background Thread 4 ] DEBUG FXGLAssetLoaderServi - Loading from file system: jar:file:/Users/karinasang/.m2/repository/com/github/almasb/fxgl/17.1/fxgl-17.1.jar!/fxglassets/ui/fonts/Abel-Regular.ttf
17:50:26.405 [FXGL Background Thread 4 ] DEBUG FXGLAssetLoaderServi - Loading from file system: jar:file:/Users/karinasang/.m2/repository/com/github/almasb/fxgl/17.1/fxgl-17.1.jar!/fxglassets/ui/fonts/TerminalLandMono-Regular.otf
17:50:26.406 [FXGL Background Thread 1 ] INFO  FXGLApplication      - FXGL initialization took: 0.401 sec
17:50:26.406 [FXGL Background Thread 4 ] DEBUG FXGLAssetLoaderServi - Loading from file system: jar:file:/Users/karinasang/.m2/repository/com/github/almasb/fxgl/17.1/fxgl-17.1.jar!/fxglassets/ui/fonts/Courier-Prime.ttf
17:50:26.406 [JavaFX Application Thread] DEBUG FXGLAssetLoaderServi - Loading from file system: jar:file:/Users/karinasang/.m2/repository/com/github/almasb/fxgl/17.1/fxgl-17.1.jar!/fxglassets/textures/fxgl_icon.png
17:50:26.422 [JavaFX Application Thread] DEBUG FXGLAssetLoaderServi - Loading from file system: jar:file:/Users/karinasang/.m2/repository/com/github/almasb/fxgl/17.1/fxgl-17.1.jar!/fxglassets/textures/fxgl_default_cursor.png
17:50:26.427 [JavaFX Application Thread] DEBUG Input                - Registered new binding: Screenshot - CTRL+8
17:50:26.427 [JavaFX Application Thread] DEBUG Input                - Registered new binding: System info dump - CTRL+9
17:50:26.427 [JavaFX Application Thread] DEBUG Input                - Registered new binding: Restart - CTRL+R
17:50:26.427 [JavaFX Application Thread] DEBUG Input                - Registered new binding: Toggle Debug Camera - CTRL+7
17:50:26.428 [JavaFX Application Thread] DEBUG LoopRunner           - Starting loop
17:50:26.428 [JavaFX Application Thread] DEBUG LoopRunner           - Initializing JavaFX AnimationTimerLoop
17:50:26.430 [JavaFX Application Thread] DEBUG GameApplicationServi - Starting new game
17:50:26.430 [JavaFX Application Thread] DEBUG Input                - Clearing active input actions
17:50:26.435 [JavaFX Application Thread] DEBUG GameApplicationServi - Removing overlay from FXGLStartupScene and adding to FXGLLoadingScene
17:50:26.435 [JavaFX Application Thread] DEBUG PrimaryStageWindow   - FXGLStartupScene -> FXGLLoadingScene
17:50:26.435 [JavaFX Application Thread] DEBUG GameApplicationServi - Clearing previous game
17:50:26.435 [JavaFX Application Thread] DEBUG GameScene            - Clearing game scene
17:50:26.435 [JavaFX Application Thread] DEBUG GameWorld            - Clearing game world
17:50:26.435 [JavaFX Application Thread] DEBUG PhysicsWorld         - Clearing physics world
17:50:26.436 [FXGL Background Thread 4 ] DEBUG FXGLApplication      - Initializing game
17:50:26.438 [FXGL Background Thread 4 ] DEBUG FXGLAssetLoaderServi - Loading JSON from: file:/Users/karinasang/Sherry/Teaching/TowerDefense/target/classes/assets/towers/tower1.json
17:50:26.459 [JavaFX Application Thread] DEBUG FXGLApplication      - Registering font factories with UI factory
17:50:26.700 [FXGL Background Thread 4 ] DEBUG FXGLAssetLoaderServi - Loading JSON from: file:/Users/karinasang/Sherry/Teaching/TowerDefense/target/classes/assets/towers/tower2.json
17:50:26.701 [FXGL Background Thread 4 ] DEBUG FXGLAssetLoaderServi - Loading JSON from: file:/Users/karinasang/Sherry/Teaching/TowerDefense/target/classes/assets/towers/tower3.json
17:50:26.704 [FXGL Background Thread 4 ] DEBUG FXGLAssetLoaderServi - Loading JSON from: file:/Users/karinasang/Sherry/Teaching/TowerDefense/target/classes/assets/towers/tower4.json
17:50:26.705 [FXGL Background Thread 4 ] DEBUG FXGLAssetLoaderServi - Loading JSON from: file:/Users/karinasang/Sherry/Teaching/TowerDefense/target/classes/assets/towers/tower5.json
17:50:26.707 [FXGL Background Thread 4 ] DEBUG FXGLAssetLoaderServi - Loading from file system: file:/Users/karinasang/Sherry/Teaching/TowerDefense/target/classes/assets/textures/towers/tower1.png
17:50:26.708 [FXGL Background Thread 4 ] DEBUG FXGLAssetLoaderServi - Loading from file system: file:/Users/karinasang/Sherry/Teaching/TowerDefense/target/classes/assets/textures/towers/tower2.png
17:50:26.711 [FXGL Background Thread 4 ] DEBUG FXGLAssetLoaderServi - Loading from file system: file:/Users/karinasang/Sherry/Teaching/TowerDefense/target/classes/assets/textures/towers/tower3.png
17:50:26.712 [FXGL Background Thread 4 ] DEBUG FXGLAssetLoaderServi - Loading from file system: file:/Users/karinasang/Sherry/Teaching/TowerDefense/target/classes/assets/textures/towers/tower4.png
17:50:26.729 [FXGL Background Thread 4 ] DEBUG FXGLAssetLoaderServi - Loading from file system: file:/Users/karinasang/Sherry/Teaching/TowerDefense/target/classes/assets/textures/towers/tower5.png
17:50:26.775 [FXGL Background Thread 4 ] WARN  TMXLevelLoader       - TiledMap generated from 1.9.2. Supported version: 1.4.2. Some features may not be parsed fully.
17:50:26.783 [FXGL Background Thread 4 ] DEBUG TMXLevelLoader       - Parsed TiledMap: file:/Users/karinasang/Sherry/Teaching/TowerDefense/target/classes/assets/levels/tmx/map1.tmx
17:50:26.784 [FXGL Background Thread 4 ] DEBUG TMXLevelLoader       - Creating tile layer entities
17:50:26.785 [FXGL Background Thread 4 ] DEBUG TilesetLoader        - Loading view for layer background
17:50:26.786 [FXGL Background Thread 4 ] DEBUG TilesetLoader        - Created buffer with size 1600.0x960.0
17:50:26.820 [FXGL Background Thread 4 ] DEBUG TilesetLoader        - Loading view for layer decor
17:50:26.820 [FXGL Background Thread 2 ] INFO  UpdaterService       - Your current version:  17.1
17:50:26.820 [FXGL Background Thread 2 ] INFO  UpdaterService       - Latest stable version: 17.3
17:50:26.820 [FXGL Background Thread 4 ] DEBUG TilesetLoader        - Created buffer with size 1600.0x960.0
17:50:26.821 [FXGL Background Thread 4 ] DEBUG TMXLevelLoader       - Creating object layer entities
17:50:26.834 [FXGL Background Thread 4 ] DEBUG GameWorld            - Clearing removable entities
17:50:26.835 [FXGL Background Thread 4 ] DEBUG GameWorld            - Setting level: com.almasb.fxgl.entity.level.Level@619d5cef
17:50:26.838 [FXGL Background Thread 4 ] INFO  FXGLApplication      - Game initialization took: 0.401 sec
17:50:26.838 [JavaFX Application Thread] DEBUG Input                - Clearing active input actions
17:50:26.841 [JavaFX Application Thread] DEBUG GameApplicationServi - Removing overlay from FXGLLoadingScene and adding to GameScene
17:50:26.842 [JavaFX Application Thread] DEBUG PrimaryStageWindow   - FXGLLoadingScene -> GameScene
17:50:29.401 [FXGL Background Thread 3 ] DEBUG Engine               - Logging environment variables
17:50:29.402 [FXGL Background Thread 3 ] DEBUG Engine               - achievements: []
17:50:29.402 [FXGL Background Thread 3 ] DEBUG Engine               - actualHeight: 804.0
17:50:29.402 [FXGL Background Thread 3 ] DEBUG Engine               - actualHeightProperty: ReadOnlyDoubleProperty [value: 804.0]
17:50:29.403 [FXGL Background Thread 3 ] DEBUG Engine               - actualWidth: 1412.0
17:50:29.403 [FXGL Background Thread 3 ] DEBUG Engine               - actualWidthProperty: ReadOnlyDoubleProperty [value: 1412.0]
17:50:29.403 [FXGL Background Thread 3 ] DEBUG Engine               - appIcon: fxgl_icon.png
17:50:29.403 [FXGL Background Thread 3 ] DEBUG Engine               - applicationMode: DEVELOPER
17:50:29.403 [FXGL Background Thread 3 ] DEBUG Engine               - cSSList: [fxgl_dark.css]
17:50:29.403 [FXGL Background Thread 3 ] DEBUG Engine               - collisionDetectionStrategy: BRUTE_FORCE
17:50:29.403 [FXGL Background Thread 3 ] DEBUG Engine               - configClass: Optional.empty
17:50:29.403 [FXGL Background Thread 3 ] DEBUG Engine               - credits: []
17:50:29.403 [FXGL Background Thread 3 ] DEBUG Engine               - defaultCursor: CursorInfo(imageName=fxgl_default_cursor.png, hotspotX=7.0, hotspotY=6.0)
17:50:29.404 [FXGL Background Thread 3 ] DEBUG Engine               - devBBoxColorProperty: ObjectProperty [value: 0xff0000ff]
17:50:29.404 [FXGL Background Thread 3 ] DEBUG Engine               - devEnableDebugCameraProperty: BooleanProperty [value: false]
17:50:29.404 [FXGL Background Thread 3 ] DEBUG Engine               - devSensorColorProperty: ObjectProperty [value: 0xffff00ff]
17:50:29.404 [FXGL Background Thread 3 ] DEBUG Engine               - devShowBBoxProperty: BooleanProperty [value: false]
17:50:29.404 [FXGL Background Thread 3 ] DEBUG Engine               - devShowPositionProperty: BooleanProperty [value: false]
17:50:29.404 [FXGL Background Thread 3 ] DEBUG Engine               - enabledMenuItems: []
17:50:29.404 [FXGL Background Thread 3 ] DEBUG Engine               - engineServices: [class com.almasb.fxgl.app.services.FXGLAssetLoaderService, class com.almasb.fxgl.app.FXGLApplication$GameApplicationService, class com.almasb.fxgl.app.services.FXGLDialogService, class com.almasb.fxgl.app.services.IOTaskExecutorService, class com.almasb.fxgl.io.FileSystemService, class com.almasb.fxgl.localization.LocalizationService, class com.almasb.fxgl.app.services.SystemBundleService, class com.almasb.fxgl.profile.SaveLoadService, class com.almasb.fxgl.ui.FXGLUIFactoryServiceProvider, class com.almasb.fxgl.ui.FXGLDialogFactoryServiceProvider, class com.almasb.fxgl.audio.AudioPlayer, class com.almasb.fxgl.notification.impl.NotificationServiceProvider, class com.almasb.fxgl.achievement.AchievementService, class com.almasb.fxgl.cutscene.CutsceneService, class com.almasb.fxgl.minigames.MiniGameService, class com.almasb.fxgl.net.NetService, class com.almasb.fxgl.app.services.UpdaterService, class com.almasb.fxgl.dev.DevService]
17:50:29.404 [FXGL Background Thread 3 ] DEBUG Engine               - fontGame: Abel-Regular.ttf
17:50:29.404 [FXGL Background Thread 3 ] DEBUG Engine               - fontMono: TerminalLandMono-Regular.otf
17:50:29.404 [FXGL Background Thread 3 ] DEBUG Engine               - fontText: Courier-Prime.ttf
17:50:29.404 [FXGL Background Thread 3 ] DEBUG Engine               - fontUI: VarelaRound-Regular.ttf
17:50:29.405 [FXGL Background Thread 3 ] DEBUG Engine               - fullScreen: BooleanProperty [value: false]
17:50:29.405 [FXGL Background Thread 3 ] DEBUG Engine               - gameDifficulty: MEDIUM
17:50:29.405 [FXGL Background Thread 3 ] DEBUG Engine               - gameDifficultyProperty: ObjectProperty [value: MEDIUM]
17:50:29.405 [FXGL Background Thread 3 ] DEBUG Engine               - globalMusicVolume: 0.5
17:50:29.405 [FXGL Background Thread 3 ] DEBUG Engine               - globalMusicVolumeProperty: DoubleProperty [value: 0.5]
17:50:29.405 [FXGL Background Thread 3 ] DEBUG Engine               - globalSoundVolume: 0.5
17:50:29.405 [FXGL Background Thread 3 ] DEBUG Engine               - globalSoundVolumeProperty: DoubleProperty [value: 0.5]
17:50:29.405 [FXGL Background Thread 3 ] DEBUG Engine               - height: 896
17:50:29.405 [FXGL Background Thread 3 ] DEBUG Engine               - is3D: false
17:50:29.405 [FXGL Background Thread 3 ] DEBUG Engine               - isAndroid: false
17:50:29.405 [FXGL Background Thread 3 ] DEBUG Engine               - isBrowser: false
17:50:29.405 [FXGL Background Thread 3 ] DEBUG Engine               - isClickFeedbackEnabled: false
17:50:29.405 [FXGL Background Thread 3 ] DEBUG Engine               - isCloseConfirmation: false
17:50:29.405 [FXGL Background Thread 3 ] DEBUG Engine               - isDesktop: true
17:50:29.405 [FXGL Background Thread 3 ] DEBUG Engine               - isDeveloperMenuEnabled: false
17:50:29.405 [FXGL Background Thread 3 ] DEBUG Engine               - isEmbedded: false
17:50:29.406 [FXGL Background Thread 3 ] DEBUG Engine               - isEntityPreloadEnabled: true
17:50:29.406 [FXGL Background Thread 3 ] DEBUG Engine               - isExperimentalTiledLargeMap: false
17:50:29.406 [FXGL Background Thread 3 ] DEBUG Engine               - isFileSystemWriteAllowed: true
17:50:29.406 [FXGL Background Thread 3 ] DEBUG Engine               - isFullScreenAllowed: false
17:50:29.406 [FXGL Background Thread 3 ] DEBUG Engine               - isFullScreenFromStart: false
17:50:29.406 [FXGL Background Thread 3 ] DEBUG Engine               - isGameMenuEnabled: true
17:50:29.406 [FXGL Background Thread 3 ] DEBUG Engine               - isIOS: false
17:50:29.406 [FXGL Background Thread 3 ] DEBUG Engine               - isIntroEnabled: false
17:50:29.406 [FXGL Background Thread 3 ] DEBUG Engine               - isLinux: false
17:50:29.406 [FXGL Background Thread 3 ] DEBUG Engine               - isMac: true
17:50:29.406 [FXGL Background Thread 3 ] DEBUG Engine               - isMainMenuEnabled: false
17:50:29.406 [FXGL Background Thread 3 ] DEBUG Engine               - isManualResizeEnabled: false
17:50:29.406 [FXGL Background Thread 3 ] DEBUG Engine               - isMobile: false
17:50:29.406 [FXGL Background Thread 3 ] DEBUG Engine               - isNative: false
17:50:29.406 [FXGL Background Thread 3 ] DEBUG Engine               - isPauseMusicWhenMinimized: true
17:50:29.406 [FXGL Background Thread 3 ] DEBUG Engine               - isPreserveResizeRatio: false
17:50:29.406 [FXGL Background Thread 3 ] DEBUG Engine               - isProfilingEnabled: false
17:50:29.406 [FXGL Background Thread 3 ] DEBUG Engine               - isScaleAffectedOnResize: true
17:50:29.406 [FXGL Background Thread 3 ] DEBUG Engine               - isSingleStep: false
17:50:29.406 [FXGL Background Thread 3 ] DEBUG Engine               - isUserProfileEnabled: false
17:50:29.406 [FXGL Background Thread 3 ] DEBUG Engine               - isWindows: false
17:50:29.406 [FXGL Background Thread 3 ] DEBUG Engine               - language: ObjectProperty [value: ENGLISH]
17:50:29.407 [FXGL Background Thread 3 ] DEBUG Engine               - menuKey: ESCAPE
17:50:29.407 [FXGL Background Thread 3 ] DEBUG Engine               - mouseSensitivity: 0.2
17:50:29.407 [FXGL Background Thread 3 ] DEBUG Engine               - notificationViewClass: class com.almasb.fxgl.notification.view.XboxNotificationView
17:50:29.407 [FXGL Background Thread 3 ] DEBUG Engine               - pixelsPerMeter: 50.0
17:50:29.407 [FXGL Background Thread 3 ] DEBUG Engine               - platform: MAC
17:50:29.407 [FXGL Background Thread 3 ] DEBUG Engine               - prefHeightProperty: ReadOnlyDoubleProperty [value: 896.0]
17:50:29.407 [FXGL Background Thread 3 ] DEBUG Engine               - prefWidthProperty: ReadOnlyDoubleProperty [value: 1600.0]
17:50:29.407 [FXGL Background Thread 3 ] DEBUG Engine               - profileDir: profiles/
17:50:29.407 [FXGL Background Thread 3 ] DEBUG Engine               - profileName: StringProperty [value: DEFAULT]
17:50:29.407 [FXGL Background Thread 3 ] DEBUG Engine               - randomSeed: -1
17:50:29.407 [FXGL Background Thread 3 ] DEBUG Engine               - runtimeInfo: RuntimeInfo(platform=MAC, version=17.1, build=24.03.2022 17.34)
17:50:29.407 [FXGL Background Thread 3 ] DEBUG Engine               - saveFileExt: sav
17:50:29.407 [FXGL Background Thread 3 ] DEBUG Engine               - scaledHeightProp$fxgl: DoubleProperty [bound, value: 804.0]
17:50:29.408 [FXGL Background Thread 3 ] DEBUG Engine               - scaledWidthProp$fxgl: DoubleProperty [bound, value: 1412.0]
17:50:29.408 [FXGL Background Thread 3 ] DEBUG Engine               - sceneFactory: com.almasb.fxgl.app.scene.SceneFactory@56309ba6
17:50:29.408 [FXGL Background Thread 3 ] DEBUG Engine               - secondsIn24h: 60
17:50:29.408 [FXGL Background Thread 3 ] DEBUG Engine               - soundMenuBack: menu/back.wav
17:50:29.408 [FXGL Background Thread 3 ] DEBUG Engine               - soundMenuPress: menu/press.wav
17:50:29.408 [FXGL Background Thread 3 ] DEBUG Engine               - soundMenuSelect: menu/select.wav
17:50:29.408 [FXGL Background Thread 3 ] DEBUG Engine               - soundNotification: core/notification.wav
17:50:29.408 [FXGL Background Thread 3 ] DEBUG Engine               - stageStyle: DECORATED
17:50:29.408 [FXGL Background Thread 3 ] DEBUG Engine               - supportedLanguages: [ENGLISH, FRENCH, GERMAN, HUNGARIAN, RUSSIAN]
17:50:29.408 [FXGL Background Thread 3 ] DEBUG Engine               - ticksPerSecond: -1
17:50:29.408 [FXGL Background Thread 3 ] DEBUG Engine               - title: FXGL Tower Defense
17:50:29.408 [FXGL Background Thread 3 ] DEBUG Engine               - urlGithub: https://github.com/AlmasB/FXGL
17:50:29.408 [FXGL Background Thread 3 ] DEBUG Engine               - urlLeaderboard: http://fxgl-top.herokuapp.com/
17:50:29.408 [FXGL Background Thread 3 ] DEBUG Engine               - urlPOM: https://raw.githubusercontent.com/AlmasB/FXGL/release/README.md
17:50:29.409 [FXGL Background Thread 3 ] DEBUG Engine               - userAppClass: class game.TowerDefenseApp
17:50:29.409 [FXGL Background Thread 3 ] DEBUG Engine               - version: 0.0
17:50:29.409 [FXGL Background Thread 3 ] DEBUG Engine               - versionCheckDays: 7
17:50:29.409 [FXGL Background Thread 3 ] DEBUG Engine               - width: 1600
17:50:29.409 [FXGL Background Thread 3 ] DEBUG Engine               - Logging services
17:50:29.409 [FXGL Background Thread 3 ] DEBUG Engine               - class com.almasb.fxgl.app.services.FXGLAssetLoaderService
17:50:29.409 [FXGL Background Thread 3 ] DEBUG Engine               - class com.almasb.fxgl.app.FXGLApplication$GameApplicationService
17:50:29.409 [FXGL Background Thread 3 ] DEBUG Engine               - class com.almasb.fxgl.app.services.FXGLDialogService
17:50:29.409 [FXGL Background Thread 3 ] DEBUG Engine               - class com.almasb.fxgl.app.services.IOTaskExecutorService
17:50:29.409 [FXGL Background Thread 3 ] DEBUG Engine               - class com.almasb.fxgl.io.FileSystemService
17:50:29.409 [FXGL Background Thread 3 ] DEBUG Engine               - class com.almasb.fxgl.localization.LocalizationService
17:50:29.409 [FXGL Background Thread 3 ] DEBUG Engine               - class com.almasb.fxgl.app.services.SystemBundleService
17:50:29.409 [FXGL Background Thread 3 ] DEBUG Engine               - class com.almasb.fxgl.profile.SaveLoadService
17:50:29.409 [FXGL Background Thread 3 ] DEBUG Engine               - class com.almasb.fxgl.ui.FXGLUIFactoryServiceProvider
17:50:29.409 [FXGL Background Thread 3 ] DEBUG Engine               - class com.almasb.fxgl.ui.FXGLDialogFactoryServiceProvider
17:50:29.409 [FXGL Background Thread 3 ] DEBUG Engine               - class com.almasb.fxgl.audio.AudioPlayer
17:50:29.409 [FXGL Background Thread 3 ] DEBUG Engine               - class com.almasb.fxgl.notification.impl.NotificationServiceProvider
17:50:29.409 [FXGL Background Thread 3 ] DEBUG Engine               - class com.almasb.fxgl.achievement.AchievementService
17:50:29.409 [FXGL Background Thread 3 ] DEBUG Engine               - class com.almasb.fxgl.cutscene.CutsceneService
17:50:29.409 [FXGL Background Thread 3 ] DEBUG Engine               - class com.almasb.fxgl.minigames.MiniGameService
17:50:29.409 [FXGL Background Thread 3 ] DEBUG Engine               - class com.almasb.fxgl.net.NetService
17:50:29.409 [FXGL Background Thread 3 ] DEBUG Engine               - class com.almasb.fxgl.app.services.UpdaterService
17:50:29.409 [FXGL Background Thread 3 ] DEBUG Engine               - class com.almasb.fxgl.dev.DevService
17:50:43.204 [JavaFX Application Thread] DEBUG FXGLApplication      - Exiting FXGL
17:50:43.205 [JavaFX Application Thread] DEBUG LoopRunner           - Stopping loop
17:50:43.205 [JavaFX Application Thread] DEBUG SystemBundleService  - Saving FXGL system data
17:50:43.210 [JavaFX Application Thread] DEBUG FileSystemAccess     - Writing to: /Users/karinasang/Sherry/Teaching/TowerDefense/system/fxgl.bundle
17:50:43.214 [JavaFX Application Thread] DEBUG Async                - Shutting down background threads
17:50:43.215 [JavaFX Application Thread] DEBUG PrimaryStageWindow   - Closing main window
17:50:43.225 [JavaFX Application Thread] DEBUG Logger               - Closing Logger
