18:39:17.369 [main                     ] DEBUG Logger               - Configured Logger
18:39:17.382 [main                     ] DEBUG GameApplication      - Logging settings
Title: FXGL Tower Defense
Version: 0.0
Width: 1600
Height: 896
Fullscreen: false
Intro: false
Profiling: false
Single step:false
App Mode: DEVELOPER
Menu Key: ESCAPE
Stage Style: DECORATED
Scene Factory: class com.almasb.fxgl.app.scene.SceneFactory

18:39:17.716 [JavaFX Application Thread] DEBUG FXGLApplication      - Initializing FXGL
18:39:17.718 [JavaFX Application Thread] INFO  Engine               - FXGL-17.1 (24.03.2022 17.34) on MAC (J:19.0.1 FX:18)
18:39:17.719 [JavaFX Application Thread] DEBUG Engine               - JRE Vendor Name: Oracle Corporation
18:39:17.719 [JavaFX Application Thread] DEBUG Engine               - Running on OS: Mac OS X version 13.3.1
18:39:17.719 [JavaFX Application Thread] DEBUG Engine               - Architecture: aarch64
18:39:17.719 [JavaFX Application Thread] INFO  Engine               - Source code and latest versions at: https://github.com/AlmasB/FXGL
18:39:17.719 [JavaFX Application Thread] INFO  Engine               -       Ask questions and discuss at: https://github.com/AlmasB/FXGL/discussions
18:39:17.719 [JavaFX Application Thread] INFO  Engine               -              Join the FXGL chat at: https://gitter.im/AlmasB/FXGL
18:39:17.770 [JavaFX Application Thread] DEBUG PrimaryStageWindow   - Creating a JavaFX scene
18:39:17.771 [JavaFX Application Thread] DEBUG PrimaryStageWindow   - Target size > screen size
18:39:17.788 [JavaFX Application Thread] DEBUG PrimaryStageWindow   - Target settings size: 1600.0 x 896.0
18:39:17.788 [JavaFX Application Thread] DEBUG PrimaryStageWindow   - Scaled scene size:    1412.0 x 804.0
18:39:17.788 [JavaFX Application Thread] DEBUG PrimaryStageWindow   - Scaled ratio: (0.8825, 0.8973214285714286)
18:39:17.789 [JavaFX Application Thread] DEBUG PrimaryStageWindow   - Set initial scene to FXGLStartupScene
18:39:17.791 [JavaFX Application Thread] DEBUG PrimaryStageWindow   - Opening main window
18:39:17.888 [JavaFX Application Thread] DEBUG PrimaryStageWindow   - Window border size: (0.0, 28.0)
18:39:17.888 [JavaFX Application Thread] DEBUG PrimaryStageWindow   - Scaled size: 1412.0 x 804.0
18:39:17.888 [JavaFX Application Thread] DEBUG PrimaryStageWindow   - Scaled ratio: (0.8825, 0.8973214285714286)
18:39:17.888 [JavaFX Application Thread] DEBUG PrimaryStageWindow   - Scene size: 1412.0 x 804.0
18:39:17.888 [JavaFX Application Thread] DEBUG PrimaryStageWindow   - Stage size: 1412.0 x 832.0
18:39:17.891 [FXGL Background Thread 1 ] DEBUG Engine               - Initializing environment variables
18:39:17.913 [FXGL Background Thread 1 ] DEBUG FXGLAssetLoaderServi - User app class for loading assets: class game.TowerDefenseApp
18:39:17.913 [FXGL Background Thread 1 ] DEBUG GameApplicationServi - Applying CSS: fxgl_dark.css
18:39:17.914 [FXGL Background Thread 1 ] DEBUG FXGLAssetLoaderServi - Loading from file system: jar:file:/Users/karinasang/.m2/repository/com/github/almasb/fxgl/17.1/fxgl-17.1.jar!/fxglassets/ui/css/fxgl_dark.css
18:39:17.944 [FXGL Background Thread 1 ] DEBUG GameApplicationServi - Initializing application scenes
18:39:18.061 [FXGL Background Thread 1 ] DEBUG GameWorld            - Game world initialized
18:39:18.084 [FXGL Background Thread 1 ] DEBUG PhysicsWorld         - Physics world initialized: appHeight=896, physics.ppm=50.0
18:39:18.085 [FXGL Background Thread 1 ] DEBUG PhysicsWorld         - Using strategy: BRUTE_FORCE
18:39:18.086 [FXGL Background Thread 1 ] DEBUG GameScene            - Game scene initialized: 1600x896
18:39:18.091 [FXGL Background Thread 1 ] DEBUG FXGL.DefaultMenu     - createMenuBodyGameMenu()
18:39:18.098 [FXGL Background Thread 1 ] DEBUG FXGL.DefaultMenu     - createOptionsMenu()
18:39:18.103 [FXGL Background Thread 1 ] DEBUG FXGLAssetLoaderServi - Loading from file system: jar:file:/Users/karinasang/.m2/repository/com/github/almasb/fxgl/17.1/fxgl-17.1.jar!/fxglassets/textures/particles/smoke.png
18:39:18.153 [FXGL Background Thread 1 ] DEBUG FXGLAssetLoaderServi - Loading from file system: jar:file:/Users/karinasang/.m2/repository/com/github/almasb/fxgl/17.1/fxgl-17.1.jar!/fxglassets/textures/particles/trace_horizontal.png
18:39:18.167 [FXGL Background Thread 1 ] DEBUG GameApplicationServi - Application scenes initialized
18:39:18.171 [FXGL Background Thread 1 ] DEBUG SystemBundleService  - Loading FXGL system data
18:39:18.173 [FXGL Background Thread 1 ] DEBUG FileSystemAccess     - Reading from: /Users/karinasang/Sherry/Teaching/TowerDefense/system/fxgl.bundle
18:39:18.178 [FXGL Background Thread 1 ] DEBUG SystemBundleService  - Bundle FXGL: {}
18:39:18.178 [FXGL Background Thread 1 ] DEBUG UpdaterService       - Checking for updates
18:39:18.179 [FXGL Background Thread 4 ] DEBUG FXGLApplication      - Loading fonts
18:39:18.180 [FXGL Background Thread 1 ] DEBUG FXGLApplication      - Loading default localization
18:39:18.180 [FXGL Background Thread 4 ] DEBUG FXGLAssetLoaderServi - Loading from file system: jar:file:/Users/karinasang/.m2/repository/com/github/almasb/fxgl/17.1/fxgl-17.1.jar!/fxglassets/ui/fonts/VarelaRound-Regular.ttf
18:39:18.180 [FXGL Background Thread 1 ] DEBUG FXGLAssetLoaderServi - Loading from file system: jar:file:/Users/karinasang/.m2/repository/com/github/almasb/fxgl/17.1/fxgl-17.1.jar!/fxglassets/languages/english.lang
18:39:18.187 [FXGL Background Thread 4 ] DEBUG FXGLAssetLoaderServi - Loading from file system: jar:file:/Users/karinasang/.m2/repository/com/github/almasb/fxgl/17.1/fxgl-17.1.jar!/fxglassets/ui/fonts/Abel-Regular.ttf
18:39:18.188 [FXGL Background Thread 1 ] INFO  FXGLApplication      - FXGL initialization took: 0.297 sec
18:39:18.188 [FXGL Background Thread 4 ] DEBUG FXGLAssetLoaderServi - Loading from file system: jar:file:/Users/karinasang/.m2/repository/com/github/almasb/fxgl/17.1/fxgl-17.1.jar!/fxglassets/ui/fonts/TerminalLandMono-Regular.otf
18:39:18.189 [JavaFX Application Thread] DEBUG FXGLAssetLoaderServi - Loading from file system: jar:file:/Users/karinasang/.m2/repository/com/github/almasb/fxgl/17.1/fxgl-17.1.jar!/fxglassets/textures/fxgl_icon.png
18:39:18.191 [FXGL Background Thread 4 ] DEBUG FXGLAssetLoaderServi - Loading from file system: jar:file:/Users/karinasang/.m2/repository/com/github/almasb/fxgl/17.1/fxgl-17.1.jar!/fxglassets/ui/fonts/Courier-Prime.ttf
18:39:18.202 [JavaFX Application Thread] DEBUG FXGLAssetLoaderServi - Loading from file system: jar:file:/Users/karinasang/.m2/repository/com/github/almasb/fxgl/17.1/fxgl-17.1.jar!/fxglassets/textures/fxgl_default_cursor.png
18:39:18.207 [JavaFX Application Thread] DEBUG Input                - Registered new binding: Screenshot - CTRL+8
18:39:18.208 [JavaFX Application Thread] DEBUG Input                - Registered new binding: System info dump - CTRL+9
18:39:18.208 [JavaFX Application Thread] DEBUG Input                - Registered new binding: Restart - CTRL+R
18:39:18.208 [JavaFX Application Thread] DEBUG Input                - Registered new binding: Toggle Debug Camera - CTRL+7
18:39:18.209 [JavaFX Application Thread] DEBUG LoopRunner           - Starting loop
18:39:18.209 [JavaFX Application Thread] DEBUG LoopRunner           - Initializing JavaFX AnimationTimerLoop
18:39:18.210 [JavaFX Application Thread] DEBUG GameApplicationServi - Starting new game
18:39:18.210 [JavaFX Application Thread] DEBUG Input                - Clearing active input actions
18:39:18.214 [JavaFX Application Thread] DEBUG GameApplicationServi - Removing overlay from FXGLStartupScene and adding to FXGLLoadingScene
18:39:18.214 [JavaFX Application Thread] DEBUG PrimaryStageWindow   - FXGLStartupScene -> FXGLLoadingScene
18:39:18.214 [JavaFX Application Thread] DEBUG GameApplicationServi - Clearing previous game
18:39:18.214 [JavaFX Application Thread] DEBUG GameScene            - Clearing game scene
18:39:18.214 [JavaFX Application Thread] DEBUG GameWorld            - Clearing game world
18:39:18.214 [JavaFX Application Thread] DEBUG PhysicsWorld         - Clearing physics world
18:39:18.215 [FXGL Background Thread 4 ] DEBUG FXGLApplication      - Initializing game
18:39:18.216 [FXGL Background Thread 4 ] DEBUG FXGLAssetLoaderServi - Loading JSON from: file:/Users/karinasang/Sherry/Teaching/TowerDefense/target/classes/assets/towers/tower1.json
18:39:18.244 [JavaFX Application Thread] DEBUG FXGLApplication      - Registering font factories with UI factory
18:39:18.386 [FXGL Background Thread 4 ] DEBUG FXGLAssetLoaderServi - Loading JSON from: file:/Users/karinasang/Sherry/Teaching/TowerDefense/target/classes/assets/towers/tower2.json
18:39:18.389 [FXGL Background Thread 4 ] DEBUG FXGLAssetLoaderServi - Loading JSON from: file:/Users/karinasang/Sherry/Teaching/TowerDefense/target/classes/assets/towers/tower3.json
18:39:18.394 [FXGL Background Thread 4 ] DEBUG FXGLAssetLoaderServi - Loading JSON from: file:/Users/karinasang/Sherry/Teaching/TowerDefense/target/classes/assets/towers/tower4.json
18:39:18.395 [FXGL Background Thread 4 ] DEBUG FXGLAssetLoaderServi - Loading JSON from: file:/Users/karinasang/Sherry/Teaching/TowerDefense/target/classes/assets/towers/tower5.json
18:39:18.397 [FXGL Background Thread 4 ] DEBUG FXGLAssetLoaderServi - Loading from file system: file:/Users/karinasang/Sherry/Teaching/TowerDefense/target/classes/assets/textures/towers/tower1.png
18:39:18.400 [FXGL Background Thread 4 ] DEBUG FXGLAssetLoaderServi - Loading from file system: file:/Users/karinasang/Sherry/Teaching/TowerDefense/target/classes/assets/textures/towers/tower2.png
18:39:18.404 [FXGL Background Thread 4 ] DEBUG FXGLAssetLoaderServi - Loading from file system: file:/Users/karinasang/Sherry/Teaching/TowerDefense/target/classes/assets/textures/towers/tower3.png
18:39:18.405 [FXGL Background Thread 4 ] DEBUG FXGLAssetLoaderServi - Loading from file system: file:/Users/karinasang/Sherry/Teaching/TowerDefense/target/classes/assets/textures/towers/tower4.png
18:39:18.406 [FXGL Background Thread 4 ] DEBUG FXGLAssetLoaderServi - Loading from file system: file:/Users/karinasang/Sherry/Teaching/TowerDefense/target/classes/assets/textures/towers/tower5.png
18:39:18.426 [FXGL Background Thread 4 ] WARN  TMXLevelLoader       - TiledMap generated from 1.9.2. Supported version: 1.4.2. Some features may not be parsed fully.
18:39:18.430 [FXGL Background Thread 4 ] DEBUG TMXLevelLoader       - Parsed TiledMap: file:/Users/karinasang/Sherry/Teaching/TowerDefense/target/classes/assets/levels/tmx/map1.tmx
18:39:18.431 [FXGL Background Thread 4 ] DEBUG TMXLevelLoader       - Creating tile layer entities
18:39:18.432 [FXGL Background Thread 4 ] DEBUG TilesetLoader        - Loading view for layer background
18:39:18.433 [FXGL Background Thread 4 ] DEBUG TilesetLoader        - Created buffer with size 1600.0x960.0
18:39:18.466 [FXGL Background Thread 4 ] DEBUG TilesetLoader        - Loading view for layer decor
18:39:18.467 [FXGL Background Thread 4 ] DEBUG TilesetLoader        - Created buffer with size 1600.0x960.0
18:39:18.467 [FXGL Background Thread 4 ] DEBUG TMXLevelLoader       - Creating object layer entities
18:39:18.475 [FXGL Background Thread 4 ] DEBUG GameWorld            - Clearing removable entities
18:39:18.475 [FXGL Background Thread 4 ] DEBUG GameWorld            - Setting level: com.almasb.fxgl.entity.level.Level@63d329b
18:39:18.479 [FXGL Background Thread 4 ] INFO  FXGLApplication      - Game initialization took: 0.264 sec
18:39:18.479 [JavaFX Application Thread] DEBUG Input                - Clearing active input actions
18:39:18.484 [JavaFX Application Thread] DEBUG GameApplicationServi - Removing overlay from FXGLLoadingScene and adding to GameScene
18:39:18.484 [JavaFX Application Thread] DEBUG PrimaryStageWindow   - FXGLLoadingScene -> GameScene
18:39:18.628 [FXGL Background Thread 2 ] INFO  UpdaterService       - Your current version:  17.1
18:39:18.628 [FXGL Background Thread 2 ] INFO  UpdaterService       - Latest stable version: 17.3
18:39:20.372 [JavaFX Application Thread] DEBUG FXGLApplication      - Exiting FXGL
18:39:20.372 [JavaFX Application Thread] DEBUG LoopRunner           - Stopping loop
18:39:20.372 [JavaFX Application Thread] DEBUG SystemBundleService  - Saving FXGL system data
18:39:20.373 [JavaFX Application Thread] DEBUG FileSystemAccess     - Writing to: /Users/karinasang/Sherry/Teaching/TowerDefense/system/fxgl.bundle
18:39:20.375 [JavaFX Application Thread] DEBUG Async                - Shutting down background threads
18:39:20.375 [JavaFX Application Thread] DEBUG PrimaryStageWindow   - Closing main window
18:39:20.383 [JavaFX Application Thread] DEBUG Logger               - Closing Logger
