19:00:43.760 [main                     ] DEBUG Logger               - Configured Logger
19:00:43.776 [main                     ] DEBUG GameApplication      - Logging settings
Title: FXGL Tower Defense
Version: 0.0
Width: 1600
Height: 896
Fullscreen: false
Intro: false
Profiling: false
Single step:false
App Mode: DEVELOPER
Menu Key: ESCAPE
Stage Style: DECORATED
Scene Factory: class com.almasb.fxgl.app.scene.SceneFactory

19:00:44.157 [JavaFX Application Thread] DEBUG FXGLApplication      - Initializing FXGL
19:00:44.160 [JavaFX Application Thread] INFO  Engine               - FXGL-17.1 (24.03.2022 17.34) on MAC (J:19.0.1 FX:18)
19:00:44.160 [JavaFX Application Thread] DEBUG Engine               - JRE Vendor Name: Oracle Corporation
19:00:44.160 [JavaFX Application Thread] DEBUG Engine               - Running on OS: Mac OS X version 13.0.1
19:00:44.160 [JavaFX Application Thread] DEBUG Engine               - Architecture: aarch64
19:00:44.160 [JavaFX Application Thread] INFO  Engine               - Source code and latest versions at: https://github.com/AlmasB/FXGL
19:00:44.161 [JavaFX Application Thread] INFO  Engine               -       Ask questions and discuss at: https://github.com/AlmasB/FXGL/discussions
19:00:44.161 [JavaFX Application Thread] INFO  Engine               -              Join the FXGL chat at: https://gitter.im/AlmasB/FXGL
19:00:44.221 [JavaFX Application Thread] DEBUG PrimaryStageWindow   - Creating a JavaFX scene
19:00:44.221 [JavaFX Application Thread] DEBUG PrimaryStageWindow   - Target size > screen size
19:00:44.242 [JavaFX Application Thread] DEBUG PrimaryStageWindow   - Target settings size: 1600.0 x 896.0
19:00:44.242 [JavaFX Application Thread] DEBUG PrimaryStageWindow   - Scaled scene size:    1415.0 x 806.0
19:00:44.242 [JavaFX Application Thread] DEBUG PrimaryStageWindow   - Scaled ratio: (0.884375, 0.8995535714285714)
19:00:44.243 [JavaFX Application Thread] DEBUG PrimaryStageWindow   - Set initial scene to FXGLStartupScene
19:00:44.247 [JavaFX Application Thread] DEBUG PrimaryStageWindow   - Opening main window
19:00:44.335 [JavaFX Application Thread] DEBUG PrimaryStageWindow   - Window border size: (0.0, 28.0)
19:00:44.335 [JavaFX Application Thread] DEBUG PrimaryStageWindow   - Scaled size: 1415.0 x 806.0
19:00:44.335 [JavaFX Application Thread] DEBUG PrimaryStageWindow   - Scaled ratio: (0.884375, 0.8995535714285714)
19:00:44.335 [JavaFX Application Thread] DEBUG PrimaryStageWindow   - Scene size: 1415.0 x 806.0
19:00:44.335 [JavaFX Application Thread] DEBUG PrimaryStageWindow   - Stage size: 1415.0 x 834.0
19:00:44.339 [FXGL Background Thread 1 ] DEBUG Engine               - Initializing environment variables
19:00:44.407 [FXGL Background Thread 1 ] DEBUG FXGLAssetLoaderServi - User app class for loading assets: class TowerDefenseApp
19:00:44.407 [FXGL Background Thread 1 ] DEBUG GameApplicationServi - Applying CSS: fxgl_dark.css
19:00:44.409 [FXGL Background Thread 1 ] DEBUG FXGLAssetLoaderServi - Loading from file system: jar:file:/Users/karinasang/.m2/repository/com/github/almasb/fxgl/17.1/fxgl-17.1.jar!/fxglassets/ui/css/fxgl_dark.css
19:00:44.443 [FXGL Background Thread 1 ] DEBUG GameApplicationServi - Initializing application scenes
19:00:44.544 [FXGL Background Thread 1 ] DEBUG GameWorld            - Game world initialized
19:00:44.573 [FXGL Background Thread 1 ] DEBUG PhysicsWorld         - Physics world initialized: appHeight=896, physics.ppm=50.0
19:00:44.574 [FXGL Background Thread 1 ] DEBUG PhysicsWorld         - Using strategy: BRUTE_FORCE
19:00:44.578 [FXGL Background Thread 1 ] DEBUG GameScene            - Game scene initialized: 1600x896
19:00:44.588 [FXGL Background Thread 1 ] DEBUG FXGL.DefaultMenu     - createMenuBodyGameMenu()
19:00:44.606 [FXGL Background Thread 1 ] DEBUG FXGL.DefaultMenu     - createOptionsMenu()
19:00:44.615 [FXGL Background Thread 1 ] DEBUG FXGLAssetLoaderServi - Loading from file system: jar:file:/Users/karinasang/.m2/repository/com/github/almasb/fxgl/17.1/fxgl-17.1.jar!/fxglassets/textures/particles/smoke.png
19:00:44.678 [FXGL Background Thread 1 ] DEBUG FXGLAssetLoaderServi - Loading from file system: jar:file:/Users/karinasang/.m2/repository/com/github/almasb/fxgl/17.1/fxgl-17.1.jar!/fxglassets/textures/particles/trace_horizontal.png
19:00:44.693 [FXGL Background Thread 1 ] DEBUG GameApplicationServi - Application scenes initialized
19:00:44.699 [FXGL Background Thread 1 ] DEBUG SystemBundleService  - Loading FXGL system data
19:00:44.700 [FXGL Background Thread 1 ] WARN  SystemBundleService  - Failed to load: java.io.FileNotFoundException: /Users/karinasang/Sherry/Teaching/TowerDefense/system/fxgl.bundle (No such file or directory)
19:00:44.700 [FXGL Background Thread 1 ] DEBUG SystemBundleService  - Loading default FXGL system data
19:00:44.701 [FXGL Background Thread 1 ] DEBUG UpdaterService       - Checking for updates
19:00:44.702 [FXGL Background Thread 4 ] DEBUG FXGLApplication      - Loading fonts
19:00:44.703 [FXGL Background Thread 1 ] DEBUG FXGLApplication      - Loading default localization
19:00:44.703 [FXGL Background Thread 4 ] DEBUG FXGLAssetLoaderServi - Loading from file system: jar:file:/Users/karinasang/.m2/repository/com/github/almasb/fxgl/17.1/fxgl-17.1.jar!/fxglassets/ui/fonts/VarelaRound-Regular.ttf
19:00:44.703 [FXGL Background Thread 1 ] DEBUG FXGLAssetLoaderServi - Loading from file system: jar:file:/Users/karinasang/.m2/repository/com/github/almasb/fxgl/17.1/fxgl-17.1.jar!/fxglassets/languages/english.lang
19:00:44.713 [FXGL Background Thread 4 ] DEBUG FXGLAssetLoaderServi - Loading from file system: jar:file:/Users/karinasang/.m2/repository/com/github/almasb/fxgl/17.1/fxgl-17.1.jar!/fxglassets/ui/fonts/Abel-Regular.ttf
19:00:44.714 [FXGL Background Thread 1 ] INFO  FXGLApplication      - FXGL initialization took: 0.375 sec
19:00:44.714 [JavaFX Application Thread] DEBUG FXGLAssetLoaderServi - Loading from file system: jar:file:/Users/karinasang/.m2/repository/com/github/almasb/fxgl/17.1/fxgl-17.1.jar!/fxglassets/textures/fxgl_icon.png
19:00:44.715 [FXGL Background Thread 4 ] DEBUG FXGLAssetLoaderServi - Loading from file system: jar:file:/Users/karinasang/.m2/repository/com/github/almasb/fxgl/17.1/fxgl-17.1.jar!/fxglassets/ui/fonts/TerminalLandMono-Regular.otf
19:00:44.716 [FXGL Background Thread 4 ] DEBUG FXGLAssetLoaderServi - Loading from file system: jar:file:/Users/karinasang/.m2/repository/com/github/almasb/fxgl/17.1/fxgl-17.1.jar!/fxglassets/ui/fonts/Courier-Prime.ttf
19:00:44.733 [JavaFX Application Thread] DEBUG FXGLAssetLoaderServi - Loading from file system: jar:file:/Users/karinasang/.m2/repository/com/github/almasb/fxgl/17.1/fxgl-17.1.jar!/fxglassets/textures/fxgl_default_cursor.png
19:00:44.740 [JavaFX Application Thread] DEBUG Input                - Registered new binding: Screenshot - CTRL+8
19:00:44.740 [JavaFX Application Thread] DEBUG Input                - Registered new binding: System info dump - CTRL+9
19:00:44.740 [JavaFX Application Thread] DEBUG Input                - Registered new binding: Restart - CTRL+R
19:00:44.741 [JavaFX Application Thread] DEBUG Input                - Registered new binding: Toggle Debug Camera - CTRL+7
19:00:44.741 [JavaFX Application Thread] DEBUG LoopRunner           - Starting loop
19:00:44.741 [JavaFX Application Thread] DEBUG LoopRunner           - Initializing JavaFX AnimationTimerLoop
19:00:44.742 [JavaFX Application Thread] DEBUG GameApplicationServi - Starting new game
19:00:44.742 [JavaFX Application Thread] DEBUG Input                - Clearing active input actions
19:00:44.747 [JavaFX Application Thread] DEBUG GameApplicationServi - Removing overlay from FXGLStartupScene and adding to FXGLLoadingScene
19:00:44.748 [JavaFX Application Thread] DEBUG PrimaryStageWindow   - FXGLStartupScene -> FXGLLoadingScene
19:00:44.748 [JavaFX Application Thread] DEBUG GameApplicationServi - Clearing previous game
19:00:44.748 [JavaFX Application Thread] DEBUG GameScene            - Clearing game scene
19:00:44.748 [JavaFX Application Thread] DEBUG GameWorld            - Clearing game world
19:00:44.748 [JavaFX Application Thread] DEBUG PhysicsWorld         - Clearing physics world
19:00:44.749 [FXGL Background Thread 4 ] DEBUG FXGLApplication      - Initializing game
19:00:44.773 [JavaFX Application Thread] DEBUG FXGLApplication      - Registering font factories with UI factory
19:00:44.777 [FXGL Background Thread 4 ] WARN  TMXLevelLoader       - TiledMap generated from 1.9.2. Supported version: 1.4.2. Some features may not be parsed fully.
19:00:44.783 [FXGL Background Thread 4 ] DEBUG TMXLevelLoader       - Parsed TiledMap: file:/Users/karinasang/Sherry/Teaching/TowerDefense/target/classes/assets/levels/tmx/map1.tmx
19:00:44.783 [FXGL Background Thread 4 ] DEBUG TMXLevelLoader       - Creating tile layer entities
19:00:44.784 [FXGL Background Thread 4 ] DEBUG TilesetLoader        - Loading view for layer background
19:00:44.785 [FXGL Background Thread 4 ] DEBUG TilesetLoader        - Created buffer with size 1600.0x960.0
19:00:44.834 [FXGL Background Thread 4 ] DEBUG TilesetLoader        - Loading view for layer decor
19:00:44.835 [FXGL Background Thread 4 ] DEBUG TilesetLoader        - Created buffer with size 1600.0x960.0
19:00:44.835 [FXGL Background Thread 4 ] DEBUG TMXLevelLoader       - Creating object layer entities
19:00:44.837 [FXGL Background Thread 4 ] WARN  TMXLevelLoader       - Parse error
java.lang.IllegalArgumentException: No EntityFactory has a method annotated @Spawns()
	at com.almasb.fxgl.entity.GameWorld.create(GameWorld.kt:413)
	at com.almasb.fxgl.entity.level.tiled.TMXLevelLoader.createObjectLayerEntities(TMXLevelLoader.kt:154)
	at com.almasb.fxgl.entity.level.tiled.TMXLevelLoader.load(TMXLevelLoader.kt:60)
	at com.almasb.fxgl.app.services.FXGLAssetLoaderService.loadLevel(FXGLAssetLoaderService.kt:446)
	at com.almasb.fxgl.dsl.FXGL$Companion.setLevelFromMap(FXGL.kt:634)
	at com.almasb.fxgl.dsl.FXGL.setLevelFromMap(FXGL.kt)
	at TowerDefenseApp.loadCurrentLevel(TowerDefenseApp.java:21)
	at TowerDefenseApp.initGame(TowerDefenseApp.java:16)
	at com.almasb.fxgl.app.FXGLApplication$InitAppTask.initGame(FXGLApplication.kt:339)
	at com.almasb.fxgl.app.FXGLApplication$InitAppTask.call(FXGLApplication.kt:319)
	at com.almasb.fxgl.app.FXGLApplication$InitAppTask.call(FXGLApplication.kt:311)
	at javafx.concurrent.Task$TaskCallable.call(Task.java:1426)
	at java.base/java.util.concurrent.FutureTask.run(FutureTask.java:317)
	at java.base/java.util.concurrent.Executors$RunnableAdapter.call(Executors.java:577)
	at java.base/java.util.concurrent.FutureTask.run(FutureTask.java:317)
	at java.base/java.util.concurrent.ThreadPoolExecutor.runWorker(ThreadPoolExecutor.java:1144)
	at java.base/java.util.concurrent.ThreadPoolExecutor$Worker.run(ThreadPoolExecutor.java:642)
	at java.base/java.lang.Thread.run(Thread.java:1589)

19:00:44.857 [JavaFX Application Thread] DEBUG LoopRunner           - Stopping loop
19:00:44.858 [JavaFX Application Thread] FATAL FXGLApplication      - Uncaught Exception:
java.lang.RuntimeException: Initialization failed
	at com.almasb.fxgl.app.FXGLApplication$InitAppTask.failed(FXGLApplication.kt:343)
	at javafx.concurrent.Task.setState(Task.java:710)
	at javafx.concurrent.Task$TaskCallable.lambda$call$2(Task.java:1456)
	at com.sun.javafx.application.PlatformImpl.lambda$runLater$10(PlatformImpl.java:457)
	at java.base/java.security.AccessController.doPrivileged(AccessController.java:399)
	at com.sun.javafx.application.PlatformImpl.lambda$runLater$11(PlatformImpl.java:456)
	at com.sun.glass.ui.InvokeLaterDispatcher$Future.run(InvokeLaterDispatcher.java:96)
Caused by: com.almasb.fxgl.entity.level.LevelLoadingException: No EntityFactory has a method annotated @Spawns()
	at com.almasb.fxgl.entity.level.tiled.TMXLevelLoader.load(TMXLevelLoader.kt:78)
	at com.almasb.fxgl.app.services.FXGLAssetLoaderService.loadLevel(FXGLAssetLoaderService.kt:446)
	at com.almasb.fxgl.dsl.FXGL$Companion.setLevelFromMap(FXGL.kt:634)
	at com.almasb.fxgl.dsl.FXGL.setLevelFromMap(FXGL.kt)
	at TowerDefenseApp.loadCurrentLevel(TowerDefenseApp.java:21)
	at TowerDefenseApp.initGame(TowerDefenseApp.java:16)
	at com.almasb.fxgl.app.FXGLApplication$InitAppTask.initGame(FXGLApplication.kt:339)
	at com.almasb.fxgl.app.FXGLApplication$InitAppTask.call(FXGLApplication.kt:319)
	at com.almasb.fxgl.app.FXGLApplication$InitAppTask.call(FXGLApplication.kt:311)
	at javafx.concurrent.Task$TaskCallable.call(Task.java:1426)
	at java.base/java.util.concurrent.FutureTask.run(FutureTask.java:317)
	at java.base/java.util.concurrent.Executors$RunnableAdapter.call(Executors.java:577)
	at java.base/java.util.concurrent.FutureTask.run(FutureTask.java:317)
	at java.base/java.util.concurrent.ThreadPoolExecutor.runWorker(ThreadPoolExecutor.java:1144)
	at java.base/java.util.concurrent.ThreadPoolExecutor$Worker.run(ThreadPoolExecutor.java:642)
	at java.base/java.lang.Thread.run(Thread.java:1589)
Caused by: java.lang.IllegalArgumentException: No EntityFactory has a method annotated @Spawns()
	at com.almasb.fxgl.entity.GameWorld.create(GameWorld.kt:413)
	at com.almasb.fxgl.entity.level.tiled.TMXLevelLoader.createObjectLayerEntities(TMXLevelLoader.kt:154)
	at com.almasb.fxgl.entity.level.tiled.TMXLevelLoader.load(TMXLevelLoader.kt:60)
	... 15 more

19:00:44.858 [JavaFX Application Thread] FATAL FXGLApplication      - Application will now exit
19:00:44.868 [JavaFX Application Thread] DEBUG PrimaryStageWindow   - Push state: ErrorSubScene
19:00:44.868 [JavaFX Application Thread] DEBUG Input                - Clearing active input actions
19:00:44.871 [JavaFX Application Thread] DEBUG GameApplicationServi - Removing overlay from FXGLLoadingScene and adding to ErrorSubScene
19:00:44.871 [JavaFX Application Thread] DEBUG PrimaryStageWindow   - FXGLLoadingScene -> ErrorSubScene
19:00:45.084 [FXGL Background Thread 2 ] INFO  UpdaterService       - Your current version:  17.1
19:00:45.084 [FXGL Background Thread 2 ] INFO  UpdaterService       - Latest stable version: 17.3
19:00:46.913 [JavaFX Application Thread] DEBUG FXGLApplication      - Exiting FXGL
19:00:46.913 [JavaFX Application Thread] DEBUG Async                - Shutting down background threads
19:00:46.913 [JavaFX Application Thread] DEBUG PrimaryStageWindow   - Closing main window
19:00:46.926 [JavaFX Application Thread] DEBUG Logger               - Closing Logger
