19:08:03.148 [main                     ] DEBUG Logger               - Configured Logger
19:08:03.165 [main                     ] DEBUG GameApplication      - Logging settings
Title: FXGL Tower Defense
Version: 0.0
Width: 1600
Height: 896
Fullscreen: false
Intro: false
Profiling: false
Single step:false
App Mode: DEVELOPER
Menu Key: ESCAPE
Stage Style: DECORATED
Scene Factory: class com.almasb.fxgl.app.scene.SceneFactory

19:08:03.429 [JavaFX Application Thread] DEBUG FXGLApplication      - Initializing FXGL
19:08:03.431 [JavaFX Application Thread] INFO  Engine               - FXGL-17.1 (24.03.2022 17.34) on MAC (J:19.0.1 FX:18)
19:08:03.431 [JavaFX Application Thread] DEBUG Engine               - JRE Vendor Name: Oracle Corporation
19:08:03.432 [JavaFX Application Thread] DEBUG Engine               - Running on OS: Mac OS X version 13.0.1
19:08:03.432 [JavaFX Application Thread] DEBUG Engine               - Architecture: aarch64
19:08:03.432 [JavaFX Application Thread] INFO  Engine               - Source code and latest versions at: https://github.com/AlmasB/FXGL
19:08:03.432 [JavaFX Application Thread] INFO  Engine               -       Ask questions and discuss at: https://github.com/AlmasB/FXGL/discussions
19:08:03.432 [JavaFX Application Thread] INFO  Engine               -              Join the FXGL chat at: https://gitter.im/AlmasB/FXGL
19:08:03.483 [JavaFX Application Thread] DEBUG PrimaryStageWindow   - Creating a JavaFX scene
19:08:03.483 [JavaFX Application Thread] DEBUG PrimaryStageWindow   - Target size > screen size
19:08:03.502 [JavaFX Application Thread] DEBUG PrimaryStageWindow   - Target settings size: 1600.0 x 896.0
19:08:03.502 [JavaFX Application Thread] DEBUG PrimaryStageWindow   - Scaled scene size:    1415.0 x 806.0
19:08:03.502 [JavaFX Application Thread] DEBUG PrimaryStageWindow   - Scaled ratio: (0.884375, 0.8995535714285714)
19:08:03.503 [JavaFX Application Thread] DEBUG PrimaryStageWindow   - Set initial scene to FXGLStartupScene
19:08:03.506 [JavaFX Application Thread] DEBUG PrimaryStageWindow   - Opening main window
19:08:03.576 [JavaFX Application Thread] DEBUG PrimaryStageWindow   - Window border size: (0.0, 28.0)
19:08:03.576 [JavaFX Application Thread] DEBUG PrimaryStageWindow   - Scaled size: 1415.0 x 806.0
19:08:03.576 [JavaFX Application Thread] DEBUG PrimaryStageWindow   - Scaled ratio: (0.884375, 0.8995535714285714)
19:08:03.576 [JavaFX Application Thread] DEBUG PrimaryStageWindow   - Scene size: 1415.0 x 806.0
19:08:03.576 [JavaFX Application Thread] DEBUG PrimaryStageWindow   - Stage size: 1415.0 x 834.0
19:08:03.579 [FXGL Background Thread 1 ] DEBUG Engine               - Initializing environment variables
19:08:03.607 [FXGL Background Thread 1 ] DEBUG FXGLAssetLoaderServi - User app class for loading assets: class TowerDefenseApp
19:08:03.607 [FXGL Background Thread 1 ] DEBUG GameApplicationServi - Applying CSS: fxgl_dark.css
19:08:03.608 [FXGL Background Thread 1 ] DEBUG FXGLAssetLoaderServi - Loading from file system: jar:file:/Users/karinasang/.m2/repository/com/github/almasb/fxgl/17.1/fxgl-17.1.jar!/fxglassets/ui/css/fxgl_dark.css
19:08:03.627 [FXGL Background Thread 1 ] DEBUG GameApplicationServi - Initializing application scenes
19:08:03.738 [FXGL Background Thread 1 ] DEBUG GameWorld            - Game world initialized
19:08:03.763 [FXGL Background Thread 1 ] DEBUG PhysicsWorld         - Physics world initialized: appHeight=896, physics.ppm=50.0
19:08:03.763 [FXGL Background Thread 1 ] DEBUG PhysicsWorld         - Using strategy: BRUTE_FORCE
19:08:03.765 [FXGL Background Thread 1 ] DEBUG GameScene            - Game scene initialized: 1600x896
19:08:03.770 [FXGL Background Thread 1 ] DEBUG FXGL.DefaultMenu     - createMenuBodyGameMenu()
19:08:03.777 [FXGL Background Thread 1 ] DEBUG FXGL.DefaultMenu     - createOptionsMenu()
19:08:03.782 [FXGL Background Thread 1 ] DEBUG FXGLAssetLoaderServi - Loading from file system: jar:file:/Users/karinasang/.m2/repository/com/github/almasb/fxgl/17.1/fxgl-17.1.jar!/fxglassets/textures/particles/smoke.png
19:08:03.832 [FXGL Background Thread 1 ] DEBUG FXGLAssetLoaderServi - Loading from file system: jar:file:/Users/karinasang/.m2/repository/com/github/almasb/fxgl/17.1/fxgl-17.1.jar!/fxglassets/textures/particles/trace_horizontal.png
19:08:03.845 [FXGL Background Thread 1 ] DEBUG GameApplicationServi - Application scenes initialized
19:08:03.850 [FXGL Background Thread 1 ] DEBUG SystemBundleService  - Loading FXGL system data
19:08:03.851 [FXGL Background Thread 1 ] DEBUG FileSystemAccess     - Reading from: /Users/karinasang/Sherry/Teaching/TowerDefense/system/fxgl.bundle
19:08:03.855 [FXGL Background Thread 1 ] DEBUG SystemBundleService  - Bundle FXGL: {}
19:08:03.855 [FXGL Background Thread 1 ] DEBUG UpdaterService       - Checking for updates
19:08:03.857 [FXGL Background Thread 4 ] DEBUG FXGLApplication      - Loading fonts
19:08:03.857 [FXGL Background Thread 1 ] DEBUG FXGLApplication      - Loading default localization
19:08:03.857 [FXGL Background Thread 1 ] DEBUG FXGLAssetLoaderServi - Loading from file system: jar:file:/Users/karinasang/.m2/repository/com/github/almasb/fxgl/17.1/fxgl-17.1.jar!/fxglassets/languages/english.lang
19:08:03.857 [FXGL Background Thread 4 ] DEBUG FXGLAssetLoaderServi - Loading from file system: jar:file:/Users/karinasang/.m2/repository/com/github/almasb/fxgl/17.1/fxgl-17.1.jar!/fxglassets/ui/fonts/VarelaRound-Regular.ttf
19:08:03.863 [FXGL Background Thread 4 ] DEBUG FXGLAssetLoaderServi - Loading from file system: jar:file:/Users/karinasang/.m2/repository/com/github/almasb/fxgl/17.1/fxgl-17.1.jar!/fxglassets/ui/fonts/Abel-Regular.ttf
19:08:03.865 [FXGL Background Thread 4 ] DEBUG FXGLAssetLoaderServi - Loading from file system: jar:file:/Users/karinasang/.m2/repository/com/github/almasb/fxgl/17.1/fxgl-17.1.jar!/fxglassets/ui/fonts/TerminalLandMono-Regular.otf
19:08:03.866 [FXGL Background Thread 1 ] INFO  FXGLApplication      - FXGL initialization took: 0.287 sec
19:08:03.867 [FXGL Background Thread 4 ] DEBUG FXGLAssetLoaderServi - Loading from file system: jar:file:/Users/karinasang/.m2/repository/com/github/almasb/fxgl/17.1/fxgl-17.1.jar!/fxglassets/ui/fonts/Courier-Prime.ttf
19:08:03.867 [JavaFX Application Thread] DEBUG FXGLAssetLoaderServi - Loading from file system: jar:file:/Users/karinasang/.m2/repository/com/github/almasb/fxgl/17.1/fxgl-17.1.jar!/fxglassets/textures/fxgl_icon.png
19:08:03.884 [JavaFX Application Thread] DEBUG FXGLAssetLoaderServi - Loading from file system: jar:file:/Users/karinasang/.m2/repository/com/github/almasb/fxgl/17.1/fxgl-17.1.jar!/fxglassets/textures/fxgl_default_cursor.png
19:08:03.889 [JavaFX Application Thread] DEBUG Input                - Registered new binding: Screenshot - CTRL+8
19:08:03.889 [JavaFX Application Thread] DEBUG Input                - Registered new binding: System info dump - CTRL+9
19:08:03.889 [JavaFX Application Thread] DEBUG Input                - Registered new binding: Restart - CTRL+R
19:08:03.889 [JavaFX Application Thread] DEBUG Input                - Registered new binding: Toggle Debug Camera - CTRL+7
19:08:03.890 [JavaFX Application Thread] DEBUG LoopRunner           - Starting loop
19:08:03.890 [JavaFX Application Thread] DEBUG LoopRunner           - Initializing JavaFX AnimationTimerLoop
19:08:03.890 [JavaFX Application Thread] DEBUG GameApplicationServi - Starting new game
19:08:03.891 [JavaFX Application Thread] DEBUG Input                - Clearing active input actions
19:08:03.895 [JavaFX Application Thread] DEBUG GameApplicationServi - Removing overlay from FXGLStartupScene and adding to FXGLLoadingScene
19:08:03.895 [JavaFX Application Thread] DEBUG PrimaryStageWindow   - FXGLStartupScene -> FXGLLoadingScene
19:08:03.895 [JavaFX Application Thread] DEBUG GameApplicationServi - Clearing previous game
19:08:03.895 [JavaFX Application Thread] DEBUG GameScene            - Clearing game scene
19:08:03.895 [JavaFX Application Thread] DEBUG GameWorld            - Clearing game world
19:08:03.895 [JavaFX Application Thread] DEBUG PhysicsWorld         - Clearing physics world
19:08:03.896 [FXGL Background Thread 4 ] DEBUG FXGLApplication      - Initializing game
19:08:03.896 [FXGL Background Thread 4 ] DEBUG FXGLAssetLoaderServi - Loading JSON from: file:/Users/karinasang/Sherry/Teaching/TowerDefense/target/classes/assets/towers/tower1.json
19:08:03.915 [JavaFX Application Thread] DEBUG FXGLApplication      - Registering font factories with UI factory
19:08:04.034 [FXGL Background Thread 4 ] DEBUG FXGLAssetLoaderServi - Loading JSON from: file:/Users/karinasang/Sherry/Teaching/TowerDefense/target/classes/assets/towers/tower2.json
19:08:04.037 [FXGL Background Thread 4 ] DEBUG FXGLAssetLoaderServi - Loading JSON from: file:/Users/karinasang/Sherry/Teaching/TowerDefense/target/classes/assets/towers/tower3.json
19:08:04.041 [FXGL Background Thread 4 ] DEBUG FXGLAssetLoaderServi - Loading JSON from: file:/Users/karinasang/Sherry/Teaching/TowerDefense/target/classes/assets/towers/tower4.json
19:08:04.050 [FXGL Background Thread 4 ] DEBUG FXGLAssetLoaderServi - Loading JSON from: file:/Users/karinasang/Sherry/Teaching/TowerDefense/target/classes/assets/towers/tower5.json
19:08:04.052 [FXGL Background Thread 4 ] DEBUG FXGLAssetLoaderServi - Loading from file system: file:/Users/karinasang/Sherry/Teaching/TowerDefense/target/classes/assets/textures/towers/tower1.png
19:08:04.053 [FXGL Background Thread 4 ] DEBUG FXGLAssetLoaderServi - Loading from file system: file:/Users/karinasang/Sherry/Teaching/TowerDefense/target/classes/assets/textures/towers/tower2.png
19:08:04.054 [FXGL Background Thread 4 ] DEBUG FXGLAssetLoaderServi - Loading from file system: file:/Users/karinasang/Sherry/Teaching/TowerDefense/target/classes/assets/textures/towers/tower3.png
19:08:04.056 [FXGL Background Thread 4 ] DEBUG FXGLAssetLoaderServi - Loading from file system: file:/Users/karinasang/Sherry/Teaching/TowerDefense/target/classes/assets/textures/towers/tower4.png
19:08:04.060 [FXGL Background Thread 4 ] DEBUG FXGLAssetLoaderServi - Loading from file system: file:/Users/karinasang/Sherry/Teaching/TowerDefense/target/classes/assets/textures/towers/tower5.png
19:08:04.116 [FXGL Background Thread 4 ] WARN  TMXLevelLoader       - TiledMap generated from 1.9.2. Supported version: 1.4.2. Some features may not be parsed fully.
19:08:04.124 [FXGL Background Thread 4 ] DEBUG TMXLevelLoader       - Parsed TiledMap: file:/Users/karinasang/Sherry/Teaching/TowerDefense/target/classes/assets/levels/tmx/map1.tmx
19:08:04.124 [FXGL Background Thread 4 ] DEBUG TMXLevelLoader       - Creating tile layer entities
19:08:04.125 [FXGL Background Thread 4 ] DEBUG TilesetLoader        - Loading view for layer background
19:08:04.126 [FXGL Background Thread 4 ] DEBUG TilesetLoader        - Created buffer with size 1600.0x960.0
19:08:04.154 [FXGL Background Thread 2 ] INFO  UpdaterService       - Your current version:  17.1
19:08:04.154 [FXGL Background Thread 2 ] INFO  UpdaterService       - Latest stable version: 17.3
19:08:04.166 [FXGL Background Thread 4 ] DEBUG TilesetLoader        - Loading view for layer decor
19:08:04.167 [FXGL Background Thread 4 ] DEBUG TilesetLoader        - Created buffer with size 1600.0x960.0
19:08:04.168 [FXGL Background Thread 4 ] DEBUG TMXLevelLoader       - Creating object layer entities
19:08:04.181 [FXGL Background Thread 4 ] DEBUG GameWorld            - Clearing removable entities
19:08:04.182 [FXGL Background Thread 4 ] DEBUG GameWorld            - Setting level: com.almasb.fxgl.entity.level.Level@694b671b
19:08:04.185 [FXGL Background Thread 4 ] INFO  FXGLApplication      - Game initialization took: 0.290 sec
19:08:04.186 [JavaFX Application Thread] DEBUG Input                - Clearing active input actions
19:08:04.189 [JavaFX Application Thread] DEBUG GameApplicationServi - Removing overlay from FXGLLoadingScene and adding to GameScene
19:08:04.190 [JavaFX Application Thread] DEBUG PrimaryStageWindow   - FXGLLoadingScene -> GameScene
19:08:06.862 [FXGL Background Thread 3 ] DEBUG Engine               - Logging environment variables
19:08:06.863 [FXGL Background Thread 3 ] DEBUG Engine               - achievements: []
19:08:06.863 [FXGL Background Thread 3 ] DEBUG Engine               - actualHeight: 806.0
19:08:06.864 [FXGL Background Thread 3 ] DEBUG Engine               - actualHeightProperty: ReadOnlyDoubleProperty [value: 806.0]
19:08:06.864 [FXGL Background Thread 3 ] DEBUG Engine               - actualWidth: 1415.0
19:08:06.864 [FXGL Background Thread 3 ] DEBUG Engine               - actualWidthProperty: ReadOnlyDoubleProperty [value: 1415.0]
19:08:06.864 [FXGL Background Thread 3 ] DEBUG Engine               - appIcon: fxgl_icon.png
19:08:06.864 [FXGL Background Thread 3 ] DEBUG Engine               - applicationMode: DEVELOPER
19:08:06.864 [FXGL Background Thread 3 ] DEBUG Engine               - cSSList: [fxgl_dark.css]
19:08:06.864 [FXGL Background Thread 3 ] DEBUG Engine               - collisionDetectionStrategy: BRUTE_FORCE
19:08:06.865 [FXGL Background Thread 3 ] DEBUG Engine               - configClass: Optional.empty
19:08:06.865 [FXGL Background Thread 3 ] DEBUG Engine               - credits: []
19:08:06.865 [FXGL Background Thread 3 ] DEBUG Engine               - defaultCursor: CursorInfo(imageName=fxgl_default_cursor.png, hotspotX=7.0, hotspotY=6.0)
19:08:06.866 [FXGL Background Thread 3 ] DEBUG Engine               - devBBoxColorProperty: ObjectProperty [value: 0xff0000ff]
19:08:06.866 [FXGL Background Thread 3 ] DEBUG Engine               - devEnableDebugCameraProperty: BooleanProperty [value: false]
19:08:06.866 [FXGL Background Thread 3 ] DEBUG Engine               - devSensorColorProperty: ObjectProperty [value: 0xffff00ff]
19:08:06.866 [FXGL Background Thread 3 ] DEBUG Engine               - devShowBBoxProperty: BooleanProperty [value: false]
19:08:06.866 [FXGL Background Thread 3 ] DEBUG Engine               - devShowPositionProperty: BooleanProperty [value: false]
19:08:06.866 [FXGL Background Thread 3 ] DEBUG Engine               - enabledMenuItems: []
19:08:06.866 [FXGL Background Thread 3 ] DEBUG Engine               - engineServices: [class com.almasb.fxgl.app.services.FXGLAssetLoaderService, class com.almasb.fxgl.app.FXGLApplication$GameApplicationService, class com.almasb.fxgl.app.services.FXGLDialogService, class com.almasb.fxgl.app.services.IOTaskExecutorService, class com.almasb.fxgl.io.FileSystemService, class com.almasb.fxgl.localization.LocalizationService, class com.almasb.fxgl.app.services.SystemBundleService, class com.almasb.fxgl.profile.SaveLoadService, class com.almasb.fxgl.ui.FXGLUIFactoryServiceProvider, class com.almasb.fxgl.ui.FXGLDialogFactoryServiceProvider, class com.almasb.fxgl.audio.AudioPlayer, class com.almasb.fxgl.notification.impl.NotificationServiceProvider, class com.almasb.fxgl.achievement.AchievementService, class com.almasb.fxgl.cutscene.CutsceneService, class com.almasb.fxgl.minigames.MiniGameService, class com.almasb.fxgl.net.NetService, class com.almasb.fxgl.app.services.UpdaterService, class com.almasb.fxgl.dev.DevService]
19:08:06.866 [FXGL Background Thread 3 ] DEBUG Engine               - fontGame: Abel-Regular.ttf
19:08:06.867 [FXGL Background Thread 3 ] DEBUG Engine               - fontMono: TerminalLandMono-Regular.otf
19:08:06.867 [FXGL Background Thread 3 ] DEBUG Engine               - fontText: Courier-Prime.ttf
19:08:06.867 [FXGL Background Thread 3 ] DEBUG Engine               - fontUI: VarelaRound-Regular.ttf
19:08:06.867 [FXGL Background Thread 3 ] DEBUG Engine               - fullScreen: BooleanProperty [value: false]
19:08:06.867 [FXGL Background Thread 3 ] DEBUG Engine               - gameDifficulty: MEDIUM
19:08:06.867 [FXGL Background Thread 3 ] DEBUG Engine               - gameDifficultyProperty: ObjectProperty [value: MEDIUM]
19:08:06.867 [FXGL Background Thread 3 ] DEBUG Engine               - globalMusicVolume: 0.5
19:08:06.867 [FXGL Background Thread 3 ] DEBUG Engine               - globalMusicVolumeProperty: DoubleProperty [value: 0.5]
19:08:06.867 [FXGL Background Thread 3 ] DEBUG Engine               - globalSoundVolume: 0.5
19:08:06.867 [FXGL Background Thread 3 ] DEBUG Engine               - globalSoundVolumeProperty: DoubleProperty [value: 0.5]
19:08:06.867 [FXGL Background Thread 3 ] DEBUG Engine               - height: 896
19:08:06.867 [FXGL Background Thread 3 ] DEBUG Engine               - is3D: false
19:08:06.868 [FXGL Background Thread 3 ] DEBUG Engine               - isAndroid: false
19:08:06.868 [FXGL Background Thread 3 ] DEBUG Engine               - isBrowser: false
19:08:06.868 [FXGL Background Thread 3 ] DEBUG Engine               - isClickFeedbackEnabled: false
19:08:06.868 [FXGL Background Thread 3 ] DEBUG Engine               - isCloseConfirmation: false
19:08:06.868 [FXGL Background Thread 3 ] DEBUG Engine               - isDesktop: true
19:08:06.868 [FXGL Background Thread 3 ] DEBUG Engine               - isDeveloperMenuEnabled: false
19:08:06.868 [FXGL Background Thread 3 ] DEBUG Engine               - isEmbedded: false
19:08:06.868 [FXGL Background Thread 3 ] DEBUG Engine               - isEntityPreloadEnabled: true
19:08:06.868 [FXGL Background Thread 3 ] DEBUG Engine               - isExperimentalTiledLargeMap: false
19:08:06.868 [FXGL Background Thread 3 ] DEBUG Engine               - isFileSystemWriteAllowed: true
19:08:06.868 [FXGL Background Thread 3 ] DEBUG Engine               - isFullScreenAllowed: false
19:08:06.868 [FXGL Background Thread 3 ] DEBUG Engine               - isFullScreenFromStart: false
19:08:06.868 [FXGL Background Thread 3 ] DEBUG Engine               - isGameMenuEnabled: true
19:08:06.869 [FXGL Background Thread 3 ] DEBUG Engine               - isIOS: false
19:08:06.869 [FXGL Background Thread 3 ] DEBUG Engine               - isIntroEnabled: false
19:08:06.869 [FXGL Background Thread 3 ] DEBUG Engine               - isLinux: false
19:08:06.869 [FXGL Background Thread 3 ] DEBUG Engine               - isMac: true
19:08:06.869 [FXGL Background Thread 3 ] DEBUG Engine               - isMainMenuEnabled: false
19:08:06.869 [FXGL Background Thread 3 ] DEBUG Engine               - isManualResizeEnabled: false
19:08:06.869 [FXGL Background Thread 3 ] DEBUG Engine               - isMobile: false
19:08:06.869 [FXGL Background Thread 3 ] DEBUG Engine               - isNative: false
19:08:06.869 [FXGL Background Thread 3 ] DEBUG Engine               - isPauseMusicWhenMinimized: true
19:08:06.869 [FXGL Background Thread 3 ] DEBUG Engine               - isPreserveResizeRatio: false
19:08:06.869 [FXGL Background Thread 3 ] DEBUG Engine               - isProfilingEnabled: false
19:08:06.869 [FXGL Background Thread 3 ] DEBUG Engine               - isScaleAffectedOnResize: true
19:08:06.869 [FXGL Background Thread 3 ] DEBUG Engine               - isSingleStep: false
19:08:06.869 [FXGL Background Thread 3 ] DEBUG Engine               - isUserProfileEnabled: false
19:08:06.870 [FXGL Background Thread 3 ] DEBUG Engine               - isWindows: false
19:08:06.870 [FXGL Background Thread 3 ] DEBUG Engine               - language: ObjectProperty [value: ENGLISH]
19:08:06.870 [FXGL Background Thread 3 ] DEBUG Engine               - menuKey: ESCAPE
19:08:06.870 [FXGL Background Thread 3 ] DEBUG Engine               - mouseSensitivity: 0.2
19:08:06.870 [FXGL Background Thread 3 ] DEBUG Engine               - notificationViewClass: class com.almasb.fxgl.notification.view.XboxNotificationView
19:08:06.870 [FXGL Background Thread 3 ] DEBUG Engine               - pixelsPerMeter: 50.0
19:08:06.870 [FXGL Background Thread 3 ] DEBUG Engine               - platform: MAC
19:08:06.870 [FXGL Background Thread 3 ] DEBUG Engine               - prefHeightProperty: ReadOnlyDoubleProperty [value: 896.0]
19:08:06.870 [FXGL Background Thread 3 ] DEBUG Engine               - prefWidthProperty: ReadOnlyDoubleProperty [value: 1600.0]
19:08:06.870 [FXGL Background Thread 3 ] DEBUG Engine               - profileDir: profiles/
19:08:06.870 [FXGL Background Thread 3 ] DEBUG Engine               - profileName: StringProperty [value: DEFAULT]
19:08:06.870 [FXGL Background Thread 3 ] DEBUG Engine               - randomSeed: -1
19:08:06.871 [FXGL Background Thread 3 ] DEBUG Engine               - runtimeInfo: RuntimeInfo(platform=MAC, version=17.1, build=24.03.2022 17.34)
19:08:06.871 [FXGL Background Thread 3 ] DEBUG Engine               - saveFileExt: sav
19:08:06.871 [FXGL Background Thread 3 ] DEBUG Engine               - scaledHeightProp$fxgl: DoubleProperty [bound, value: 806.0]
19:08:06.871 [FXGL Background Thread 3 ] DEBUG Engine               - scaledWidthProp$fxgl: DoubleProperty [bound, value: 1415.0]
19:08:06.871 [FXGL Background Thread 3 ] DEBUG Engine               - sceneFactory: com.almasb.fxgl.app.scene.SceneFactory@334f8e2
19:08:06.871 [FXGL Background Thread 3 ] DEBUG Engine               - secondsIn24h: 60
19:08:06.871 [FXGL Background Thread 3 ] DEBUG Engine               - soundMenuBack: menu/back.wav
19:08:06.871 [FXGL Background Thread 3 ] DEBUG Engine               - soundMenuPress: menu/press.wav
19:08:06.871 [FXGL Background Thread 3 ] DEBUG Engine               - soundMenuSelect: menu/select.wav
19:08:06.871 [FXGL Background Thread 3 ] DEBUG Engine               - soundNotification: core/notification.wav
19:08:06.872 [FXGL Background Thread 3 ] DEBUG Engine               - stageStyle: DECORATED
19:08:06.872 [FXGL Background Thread 3 ] DEBUG Engine               - supportedLanguages: [ENGLISH, FRENCH, GERMAN, HUNGARIAN, RUSSIAN]
19:08:06.872 [FXGL Background Thread 3 ] DEBUG Engine               - ticksPerSecond: -1
19:08:06.872 [FXGL Background Thread 3 ] DEBUG Engine               - title: FXGL Tower Defense
19:08:06.872 [FXGL Background Thread 3 ] DEBUG Engine               - urlGithub: https://github.com/AlmasB/FXGL
19:08:06.872 [FXGL Background Thread 3 ] DEBUG Engine               - urlLeaderboard: http://fxgl-top.herokuapp.com/
19:08:06.872 [FXGL Background Thread 3 ] DEBUG Engine               - urlPOM: https://raw.githubusercontent.com/AlmasB/FXGL/release/README.md
19:08:06.872 [FXGL Background Thread 3 ] DEBUG Engine               - userAppClass: class TowerDefenseApp
19:08:06.872 [FXGL Background Thread 3 ] DEBUG Engine               - version: 0.0
19:08:06.872 [FXGL Background Thread 3 ] DEBUG Engine               - versionCheckDays: 7
19:08:06.872 [FXGL Background Thread 3 ] DEBUG Engine               - width: 1600
19:08:06.872 [FXGL Background Thread 3 ] DEBUG Engine               - Logging services
19:08:06.872 [FXGL Background Thread 3 ] DEBUG Engine               - class com.almasb.fxgl.app.services.FXGLAssetLoaderService
19:08:06.872 [FXGL Background Thread 3 ] DEBUG Engine               - class com.almasb.fxgl.app.FXGLApplication$GameApplicationService
19:08:06.872 [FXGL Background Thread 3 ] DEBUG Engine               - class com.almasb.fxgl.app.services.FXGLDialogService
19:08:06.872 [FXGL Background Thread 3 ] DEBUG Engine               - class com.almasb.fxgl.app.services.IOTaskExecutorService
19:08:06.872 [FXGL Background Thread 3 ] DEBUG Engine               - class com.almasb.fxgl.io.FileSystemService
19:08:06.872 [FXGL Background Thread 3 ] DEBUG Engine               - class com.almasb.fxgl.localization.LocalizationService
19:08:06.872 [FXGL Background Thread 3 ] DEBUG Engine               - class com.almasb.fxgl.app.services.SystemBundleService
19:08:06.872 [FXGL Background Thread 3 ] DEBUG Engine               - class com.almasb.fxgl.profile.SaveLoadService
19:08:06.872 [FXGL Background Thread 3 ] DEBUG Engine               - class com.almasb.fxgl.ui.FXGLUIFactoryServiceProvider
19:08:06.872 [FXGL Background Thread 3 ] DEBUG Engine               - class com.almasb.fxgl.ui.FXGLDialogFactoryServiceProvider
19:08:06.872 [FXGL Background Thread 3 ] DEBUG Engine               - class com.almasb.fxgl.audio.AudioPlayer
19:08:06.872 [FXGL Background Thread 3 ] DEBUG Engine               - class com.almasb.fxgl.notification.impl.NotificationServiceProvider
19:08:06.872 [FXGL Background Thread 3 ] DEBUG Engine               - class com.almasb.fxgl.achievement.AchievementService
19:08:06.873 [FXGL Background Thread 3 ] DEBUG Engine               - class com.almasb.fxgl.cutscene.CutsceneService
19:08:06.873 [FXGL Background Thread 3 ] DEBUG Engine               - class com.almasb.fxgl.minigames.MiniGameService
19:08:06.873 [FXGL Background Thread 3 ] DEBUG Engine               - class com.almasb.fxgl.net.NetService
19:08:06.873 [FXGL Background Thread 3 ] DEBUG Engine               - class com.almasb.fxgl.app.services.UpdaterService
19:08:06.873 [FXGL Background Thread 3 ] DEBUG Engine               - class com.almasb.fxgl.dev.DevService
19:08:08.734 [JavaFX Application Thread] DEBUG FXGLApplication      - Exiting FXGL
19:08:08.735 [JavaFX Application Thread] DEBUG LoopRunner           - Stopping loop
19:08:08.735 [JavaFX Application Thread] DEBUG SystemBundleService  - Saving FXGL system data
19:08:08.740 [JavaFX Application Thread] DEBUG FileSystemAccess     - Writing to: /Users/karinasang/Sherry/Teaching/TowerDefense/system/fxgl.bundle
19:08:08.743 [JavaFX Application Thread] DEBUG Async                - Shutting down background threads
19:08:08.743 [JavaFX Application Thread] DEBUG PrimaryStageWindow   - Closing main window
19:08:08.753 [JavaFX Application Thread] DEBUG Logger               - Closing Logger
