18:59:53.313 [main                     ] DEBUG Logger               - Configured Logger
18:59:53.327 [main                     ] DEBUG GameApplication      - Logging settings
Title: FXGL Tower Defense
Version: 0.0
Width: 1600
Height: 896
Fullscreen: false
Intro: false
Profiling: false
Single step:false
App Mode: DEVELOPER
Menu Key: ESCAPE
Stage Style: DECORATED
Scene Factory: class com.almasb.fxgl.app.scene.SceneFactory

18:59:53.690 [JavaFX Application Thread] DEBUG FXGLApplication      - Initializing FXGL
18:59:53.692 [JavaFX Application Thread] INFO  Engine               - FXGL-17.1 (24.03.2022 17.34) on MAC (J:19.0.1 FX:18)
18:59:53.692 [JavaFX Application Thread] DEBUG Engine               - JRE Vendor Name: Oracle Corporation
18:59:53.692 [JavaFX Application Thread] DEBUG Engine               - Running on OS: Mac OS X version 13.0.1
18:59:53.692 [JavaFX Application Thread] DEBUG Engine               - Architecture: aarch64
18:59:53.692 [JavaFX Application Thread] INFO  Engine               - Source code and latest versions at: https://github.com/AlmasB/FXGL
18:59:53.692 [JavaFX Application Thread] INFO  Engine               -       Ask questions and discuss at: https://github.com/AlmasB/FXGL/discussions
18:59:53.692 [JavaFX Application Thread] INFO  Engine               -              Join the FXGL chat at: https://gitter.im/AlmasB/FXGL
18:59:53.745 [JavaFX Application Thread] DEBUG PrimaryStageWindow   - Creating a JavaFX scene
18:59:53.745 [JavaFX Application Thread] DEBUG PrimaryStageWindow   - Target size > screen size
18:59:53.763 [JavaFX Application Thread] DEBUG PrimaryStageWindow   - Target settings size: 1600.0 x 896.0
18:59:53.763 [JavaFX Application Thread] DEBUG PrimaryStageWindow   - Scaled scene size:    1415.0 x 806.0
18:59:53.763 [JavaFX Application Thread] DEBUG PrimaryStageWindow   - Scaled ratio: (0.884375, 0.8995535714285714)
18:59:53.764 [JavaFX Application Thread] DEBUG PrimaryStageWindow   - Set initial scene to FXGLStartupScene
18:59:53.766 [JavaFX Application Thread] DEBUG PrimaryStageWindow   - Opening main window
18:59:53.894 [JavaFX Application Thread] DEBUG PrimaryStageWindow   - Window border size: (0.0, 28.0)
18:59:53.894 [JavaFX Application Thread] DEBUG PrimaryStageWindow   - Scaled size: 1415.0 x 806.0
18:59:53.894 [JavaFX Application Thread] DEBUG PrimaryStageWindow   - Scaled ratio: (0.884375, 0.8995535714285714)
18:59:53.894 [JavaFX Application Thread] DEBUG PrimaryStageWindow   - Scene size: 1415.0 x 806.0
18:59:53.894 [JavaFX Application Thread] DEBUG PrimaryStageWindow   - Stage size: 1415.0 x 834.0
18:59:53.898 [FXGL Background Thread 1 ] DEBUG Engine               - Initializing environment variables
18:59:53.928 [FXGL Background Thread 1 ] DEBUG FXGLAssetLoaderServi - User app class for loading assets: class TowerDefenseApp
18:59:53.928 [FXGL Background Thread 1 ] DEBUG GameApplicationServi - Applying CSS: fxgl_dark.css
18:59:53.928 [FXGL Background Thread 1 ] DEBUG FXGLAssetLoaderServi - Loading from file system: jar:file:/Users/karinasang/.m2/repository/com/github/almasb/fxgl/17.1/fxgl-17.1.jar!/fxglassets/ui/css/fxgl_dark.css
18:59:53.953 [FXGL Background Thread 1 ] DEBUG GameApplicationServi - Initializing application scenes
18:59:54.040 [FXGL Background Thread 1 ] DEBUG GameWorld            - Game world initialized
18:59:54.064 [FXGL Background Thread 1 ] DEBUG PhysicsWorld         - Physics world initialized: appHeight=896, physics.ppm=50.0
18:59:54.064 [FXGL Background Thread 1 ] DEBUG PhysicsWorld         - Using strategy: BRUTE_FORCE
18:59:54.065 [FXGL Background Thread 1 ] DEBUG GameScene            - Game scene initialized: 1600x896
18:59:54.070 [FXGL Background Thread 1 ] DEBUG FXGL.DefaultMenu     - createMenuBodyGameMenu()
18:59:54.077 [FXGL Background Thread 1 ] DEBUG FXGL.DefaultMenu     - createOptionsMenu()
18:59:54.081 [FXGL Background Thread 1 ] DEBUG FXGLAssetLoaderServi - Loading from file system: jar:file:/Users/karinasang/.m2/repository/com/github/almasb/fxgl/17.1/fxgl-17.1.jar!/fxglassets/textures/particles/smoke.png
18:59:54.131 [FXGL Background Thread 1 ] DEBUG FXGLAssetLoaderServi - Loading from file system: jar:file:/Users/karinasang/.m2/repository/com/github/almasb/fxgl/17.1/fxgl-17.1.jar!/fxglassets/textures/particles/trace_horizontal.png
18:59:54.146 [FXGL Background Thread 1 ] DEBUG GameApplicationServi - Application scenes initialized
18:59:54.151 [FXGL Background Thread 1 ] DEBUG SystemBundleService  - Loading FXGL system data
18:59:54.152 [FXGL Background Thread 1 ] DEBUG FileSystemAccess     - Reading from: /Users/karinasang/Sherry/Teaching/TowerDefense/system/fxgl.bundle
18:59:54.156 [FXGL Background Thread 1 ] DEBUG SystemBundleService  - Bundle FXGL: {}
18:59:54.157 [FXGL Background Thread 1 ] DEBUG UpdaterService       - Checking for updates
18:59:54.158 [FXGL Background Thread 4 ] DEBUG FXGLApplication      - Loading fonts
18:59:54.158 [FXGL Background Thread 1 ] DEBUG FXGLApplication      - Loading default localization
18:59:54.158 [FXGL Background Thread 4 ] DEBUG FXGLAssetLoaderServi - Loading from file system: jar:file:/Users/karinasang/.m2/repository/com/github/almasb/fxgl/17.1/fxgl-17.1.jar!/fxglassets/ui/fonts/VarelaRound-Regular.ttf
18:59:54.159 [FXGL Background Thread 1 ] DEBUG FXGLAssetLoaderServi - Loading from file system: jar:file:/Users/karinasang/.m2/repository/com/github/almasb/fxgl/17.1/fxgl-17.1.jar!/fxglassets/languages/english.lang
18:59:54.165 [FXGL Background Thread 4 ] DEBUG FXGLAssetLoaderServi - Loading from file system: jar:file:/Users/karinasang/.m2/repository/com/github/almasb/fxgl/17.1/fxgl-17.1.jar!/fxglassets/ui/fonts/Abel-Regular.ttf
18:59:54.167 [FXGL Background Thread 4 ] DEBUG FXGLAssetLoaderServi - Loading from file system: jar:file:/Users/karinasang/.m2/repository/com/github/almasb/fxgl/17.1/fxgl-17.1.jar!/fxglassets/ui/fonts/TerminalLandMono-Regular.otf
18:59:54.167 [FXGL Background Thread 1 ] INFO  FXGLApplication      - FXGL initialization took: 0.269 sec
18:59:54.168 [JavaFX Application Thread] DEBUG FXGLAssetLoaderServi - Loading from file system: jar:file:/Users/karinasang/.m2/repository/com/github/almasb/fxgl/17.1/fxgl-17.1.jar!/fxglassets/textures/fxgl_icon.png
18:59:54.170 [FXGL Background Thread 4 ] DEBUG FXGLAssetLoaderServi - Loading from file system: jar:file:/Users/karinasang/.m2/repository/com/github/almasb/fxgl/17.1/fxgl-17.1.jar!/fxglassets/ui/fonts/Courier-Prime.ttf
18:59:54.183 [JavaFX Application Thread] DEBUG FXGLAssetLoaderServi - Loading from file system: jar:file:/Users/karinasang/.m2/repository/com/github/almasb/fxgl/17.1/fxgl-17.1.jar!/fxglassets/textures/fxgl_default_cursor.png
18:59:54.188 [JavaFX Application Thread] DEBUG Input                - Registered new binding: Screenshot - CTRL+8
18:59:54.189 [JavaFX Application Thread] DEBUG Input                - Registered new binding: System info dump - CTRL+9
18:59:54.189 [JavaFX Application Thread] DEBUG Input                - Registered new binding: Restart - CTRL+R
18:59:54.189 [JavaFX Application Thread] DEBUG Input                - Registered new binding: Toggle Debug Camera - CTRL+7
18:59:54.190 [JavaFX Application Thread] DEBUG LoopRunner           - Starting loop
18:59:54.190 [JavaFX Application Thread] DEBUG LoopRunner           - Initializing JavaFX AnimationTimerLoop
18:59:54.191 [JavaFX Application Thread] DEBUG GameApplicationServi - Starting new game
18:59:54.191 [JavaFX Application Thread] DEBUG Input                - Clearing active input actions
18:59:54.195 [JavaFX Application Thread] DEBUG GameApplicationServi - Removing overlay from FXGLStartupScene and adding to FXGLLoadingScene
18:59:54.195 [JavaFX Application Thread] DEBUG PrimaryStageWindow   - FXGLStartupScene -> FXGLLoadingScene
18:59:54.195 [JavaFX Application Thread] DEBUG GameApplicationServi - Clearing previous game
18:59:54.195 [JavaFX Application Thread] DEBUG GameScene            - Clearing game scene
18:59:54.195 [JavaFX Application Thread] DEBUG GameWorld            - Clearing game world
18:59:54.196 [JavaFX Application Thread] DEBUG PhysicsWorld         - Clearing physics world
18:59:54.197 [FXGL Background Thread 4 ] DEBUG FXGLApplication      - Initializing game
18:59:54.198 [FXGL Background Thread 4 ] DEBUG FXGLAssetLoaderServi - Loading JSON from: file:/Users/karinasang/Sherry/Teaching/TowerDefense/target/classes/assets/towers/tower1.json
18:59:54.230 [JavaFX Application Thread] DEBUG FXGLApplication      - Registering font factories with UI factory
18:59:54.317 [FXGL Background Thread 4 ] DEBUG FXGLAssetLoaderServi - Loading JSON from: file:/Users/karinasang/Sherry/Teaching/TowerDefense/target/classes/assets/towers/tower2.json
18:59:54.318 [FXGL Background Thread 4 ] DEBUG FXGLAssetLoaderServi - Loading JSON from: file:/Users/karinasang/Sherry/Teaching/TowerDefense/target/classes/assets/towers/tower3.json
18:59:54.319 [FXGL Background Thread 4 ] DEBUG FXGLAssetLoaderServi - Loading JSON from: file:/Users/karinasang/Sherry/Teaching/TowerDefense/target/classes/assets/towers/tower4.json
18:59:54.319 [FXGL Background Thread 4 ] DEBUG FXGLAssetLoaderServi - Loading JSON from: file:/Users/karinasang/Sherry/Teaching/TowerDefense/target/classes/assets/towers/tower5.json
18:59:54.321 [FXGL Background Thread 4 ] DEBUG FXGLAssetLoaderServi - Loading from file system: file:/Users/karinasang/Sherry/Teaching/TowerDefense/target/classes/assets/textures/towers/tower1.png
18:59:54.322 [FXGL Background Thread 4 ] DEBUG FXGLAssetLoaderServi - Loading from file system: file:/Users/karinasang/Sherry/Teaching/TowerDefense/target/classes/assets/textures/towers/tower2.png
18:59:54.322 [FXGL Background Thread 4 ] DEBUG FXGLAssetLoaderServi - Loading from file system: file:/Users/karinasang/Sherry/Teaching/TowerDefense/target/classes/assets/textures/towers/tower3.png
18:59:54.323 [FXGL Background Thread 4 ] DEBUG FXGLAssetLoaderServi - Loading from file system: file:/Users/karinasang/Sherry/Teaching/TowerDefense/target/classes/assets/textures/towers/tower4.png
18:59:54.324 [FXGL Background Thread 4 ] DEBUG FXGLAssetLoaderServi - Loading from file system: file:/Users/karinasang/Sherry/Teaching/TowerDefense/target/classes/assets/textures/towers/tower5.png
18:59:54.340 [FXGL Background Thread 4 ] WARN  TMXLevelLoader       - TiledMap generated from 1.9.2. Supported version: 1.4.2. Some features may not be parsed fully.
18:59:54.345 [FXGL Background Thread 4 ] DEBUG TMXLevelLoader       - Parsed TiledMap: file:/Users/karinasang/Sherry/Teaching/TowerDefense/target/classes/assets/levels/tmx/map1.tmx
18:59:54.346 [FXGL Background Thread 4 ] DEBUG TMXLevelLoader       - Creating tile layer entities
18:59:54.347 [FXGL Background Thread 4 ] DEBUG TilesetLoader        - Loading view for layer background
18:59:54.348 [FXGL Background Thread 4 ] DEBUG TilesetLoader        - Created buffer with size 1600.0x960.0
18:59:54.385 [FXGL Background Thread 4 ] DEBUG TilesetLoader        - Loading view for layer decor
18:59:54.386 [FXGL Background Thread 4 ] DEBUG TilesetLoader        - Created buffer with size 1600.0x960.0
18:59:54.386 [FXGL Background Thread 4 ] DEBUG TMXLevelLoader       - Creating object layer entities
18:59:54.395 [FXGL Background Thread 4 ] DEBUG GameWorld            - Clearing removable entities
18:59:54.395 [FXGL Background Thread 4 ] DEBUG GameWorld            - Setting level: com.almasb.fxgl.entity.level.Level@36c920ed
18:59:54.397 [FXGL Background Thread 4 ] INFO  FXGLApplication      - Game initialization took: 0.200 sec
18:59:54.397 [JavaFX Application Thread] DEBUG Input                - Clearing active input actions
18:59:54.400 [JavaFX Application Thread] DEBUG GameApplicationServi - Removing overlay from FXGLLoadingScene and adding to GameScene
18:59:54.400 [JavaFX Application Thread] DEBUG PrimaryStageWindow   - FXGLLoadingScene -> GameScene
18:59:54.438 [FXGL Background Thread 2 ] INFO  UpdaterService       - Your current version:  17.1
18:59:54.438 [FXGL Background Thread 2 ] INFO  UpdaterService       - Latest stable version: 17.3
18:59:57.163 [FXGL Background Thread 3 ] DEBUG Engine               - Logging environment variables
18:59:57.165 [FXGL Background Thread 3 ] DEBUG Engine               - achievements: []
18:59:57.165 [FXGL Background Thread 3 ] DEBUG Engine               - actualHeight: 806.0
18:59:57.165 [FXGL Background Thread 3 ] DEBUG Engine               - actualHeightProperty: ReadOnlyDoubleProperty [value: 806.0]
18:59:57.165 [FXGL Background Thread 3 ] DEBUG Engine               - actualWidth: 1415.0
18:59:57.166 [FXGL Background Thread 3 ] DEBUG Engine               - actualWidthProperty: ReadOnlyDoubleProperty [value: 1415.0]
18:59:57.166 [FXGL Background Thread 3 ] DEBUG Engine               - appIcon: fxgl_icon.png
18:59:57.166 [FXGL Background Thread 3 ] DEBUG Engine               - applicationMode: DEVELOPER
18:59:57.166 [FXGL Background Thread 3 ] DEBUG Engine               - cSSList: [fxgl_dark.css]
18:59:57.166 [FXGL Background Thread 3 ] DEBUG Engine               - collisionDetectionStrategy: BRUTE_FORCE
18:59:57.166 [FXGL Background Thread 3 ] DEBUG Engine               - configClass: Optional.empty
18:59:57.166 [FXGL Background Thread 3 ] DEBUG Engine               - credits: []
18:59:57.167 [FXGL Background Thread 3 ] DEBUG Engine               - defaultCursor: CursorInfo(imageName=fxgl_default_cursor.png, hotspotX=7.0, hotspotY=6.0)
18:59:57.167 [FXGL Background Thread 3 ] DEBUG Engine               - devBBoxColorProperty: ObjectProperty [value: 0xff0000ff]
18:59:57.167 [FXGL Background Thread 3 ] DEBUG Engine               - devEnableDebugCameraProperty: BooleanProperty [value: false]
18:59:57.167 [FXGL Background Thread 3 ] DEBUG Engine               - devSensorColorProperty: ObjectProperty [value: 0xffff00ff]
18:59:57.167 [FXGL Background Thread 3 ] DEBUG Engine               - devShowBBoxProperty: BooleanProperty [value: false]
18:59:57.167 [FXGL Background Thread 3 ] DEBUG Engine               - devShowPositionProperty: BooleanProperty [value: false]
18:59:57.168 [FXGL Background Thread 3 ] DEBUG Engine               - enabledMenuItems: []
18:59:57.168 [FXGL Background Thread 3 ] DEBUG Engine               - engineServices: [class com.almasb.fxgl.app.services.FXGLAssetLoaderService, class com.almasb.fxgl.app.FXGLApplication$GameApplicationService, class com.almasb.fxgl.app.services.FXGLDialogService, class com.almasb.fxgl.app.services.IOTaskExecutorService, class com.almasb.fxgl.io.FileSystemService, class com.almasb.fxgl.localization.LocalizationService, class com.almasb.fxgl.app.services.SystemBundleService, class com.almasb.fxgl.profile.SaveLoadService, class com.almasb.fxgl.ui.FXGLUIFactoryServiceProvider, class com.almasb.fxgl.ui.FXGLDialogFactoryServiceProvider, class com.almasb.fxgl.audio.AudioPlayer, class com.almasb.fxgl.notification.impl.NotificationServiceProvider, class com.almasb.fxgl.achievement.AchievementService, class com.almasb.fxgl.cutscene.CutsceneService, class com.almasb.fxgl.minigames.MiniGameService, class com.almasb.fxgl.net.NetService, class com.almasb.fxgl.app.services.UpdaterService, class com.almasb.fxgl.dev.DevService]
18:59:57.168 [FXGL Background Thread 3 ] DEBUG Engine               - fontGame: Abel-Regular.ttf
18:59:57.168 [FXGL Background Thread 3 ] DEBUG Engine               - fontMono: TerminalLandMono-Regular.otf
18:59:57.168 [FXGL Background Thread 3 ] DEBUG Engine               - fontText: Courier-Prime.ttf
18:59:57.168 [FXGL Background Thread 3 ] DEBUG Engine               - fontUI: VarelaRound-Regular.ttf
18:59:57.168 [FXGL Background Thread 3 ] DEBUG Engine               - fullScreen: BooleanProperty [value: false]
18:59:57.168 [FXGL Background Thread 3 ] DEBUG Engine               - gameDifficulty: MEDIUM
18:59:57.168 [FXGL Background Thread 3 ] DEBUG Engine               - gameDifficultyProperty: ObjectProperty [value: MEDIUM]
18:59:57.168 [FXGL Background Thread 3 ] DEBUG Engine               - globalMusicVolume: 0.5
18:59:57.168 [FXGL Background Thread 3 ] DEBUG Engine               - globalMusicVolumeProperty: DoubleProperty [value: 0.5]
18:59:57.168 [FXGL Background Thread 3 ] DEBUG Engine               - globalSoundVolume: 0.5
18:59:57.169 [FXGL Background Thread 3 ] DEBUG Engine               - globalSoundVolumeProperty: DoubleProperty [value: 0.5]
18:59:57.169 [FXGL Background Thread 3 ] DEBUG Engine               - height: 896
18:59:57.169 [FXGL Background Thread 3 ] DEBUG Engine               - is3D: false
18:59:57.169 [FXGL Background Thread 3 ] DEBUG Engine               - isAndroid: false
18:59:57.169 [FXGL Background Thread 3 ] DEBUG Engine               - isBrowser: false
18:59:57.169 [FXGL Background Thread 3 ] DEBUG Engine               - isClickFeedbackEnabled: false
18:59:57.169 [FXGL Background Thread 3 ] DEBUG Engine               - isCloseConfirmation: false
18:59:57.169 [FXGL Background Thread 3 ] DEBUG Engine               - isDesktop: true
18:59:57.169 [FXGL Background Thread 3 ] DEBUG Engine               - isDeveloperMenuEnabled: false
18:59:57.169 [FXGL Background Thread 3 ] DEBUG Engine               - isEmbedded: false
18:59:57.169 [FXGL Background Thread 3 ] DEBUG Engine               - isEntityPreloadEnabled: true
18:59:57.169 [FXGL Background Thread 3 ] DEBUG Engine               - isExperimentalTiledLargeMap: false
18:59:57.169 [FXGL Background Thread 3 ] DEBUG Engine               - isFileSystemWriteAllowed: true
18:59:57.169 [FXGL Background Thread 3 ] DEBUG Engine               - isFullScreenAllowed: false
18:59:57.169 [FXGL Background Thread 3 ] DEBUG Engine               - isFullScreenFromStart: false
18:59:57.169 [FXGL Background Thread 3 ] DEBUG Engine               - isGameMenuEnabled: true
18:59:57.170 [FXGL Background Thread 3 ] DEBUG Engine               - isIOS: false
18:59:57.170 [FXGL Background Thread 3 ] DEBUG Engine               - isIntroEnabled: false
18:59:57.170 [FXGL Background Thread 3 ] DEBUG Engine               - isLinux: false
18:59:57.170 [FXGL Background Thread 3 ] DEBUG Engine               - isMac: true
18:59:57.170 [FXGL Background Thread 3 ] DEBUG Engine               - isMainMenuEnabled: false
18:59:57.170 [FXGL Background Thread 3 ] DEBUG Engine               - isManualResizeEnabled: false
18:59:57.170 [FXGL Background Thread 3 ] DEBUG Engine               - isMobile: false
18:59:57.170 [FXGL Background Thread 3 ] DEBUG Engine               - isNative: false
18:59:57.170 [FXGL Background Thread 3 ] DEBUG Engine               - isPauseMusicWhenMinimized: true
18:59:57.170 [FXGL Background Thread 3 ] DEBUG Engine               - isPreserveResizeRatio: false
18:59:57.170 [FXGL Background Thread 3 ] DEBUG Engine               - isProfilingEnabled: false
18:59:57.170 [FXGL Background Thread 3 ] DEBUG Engine               - isScaleAffectedOnResize: true
18:59:57.170 [FXGL Background Thread 3 ] DEBUG Engine               - isSingleStep: false
18:59:57.170 [FXGL Background Thread 3 ] DEBUG Engine               - isUserProfileEnabled: false
18:59:57.170 [FXGL Background Thread 3 ] DEBUG Engine               - isWindows: false
18:59:57.170 [FXGL Background Thread 3 ] DEBUG Engine               - language: ObjectProperty [value: ENGLISH]
18:59:57.170 [FXGL Background Thread 3 ] DEBUG Engine               - menuKey: ESCAPE
18:59:57.170 [FXGL Background Thread 3 ] DEBUG Engine               - mouseSensitivity: 0.2
18:59:57.170 [FXGL Background Thread 3 ] DEBUG Engine               - notificationViewClass: class com.almasb.fxgl.notification.view.XboxNotificationView
18:59:57.170 [FXGL Background Thread 3 ] DEBUG Engine               - pixelsPerMeter: 50.0
18:59:57.171 [FXGL Background Thread 3 ] DEBUG Engine               - platform: MAC
18:59:57.171 [FXGL Background Thread 3 ] DEBUG Engine               - prefHeightProperty: ReadOnlyDoubleProperty [value: 896.0]
18:59:57.171 [FXGL Background Thread 3 ] DEBUG Engine               - prefWidthProperty: ReadOnlyDoubleProperty [value: 1600.0]
18:59:57.171 [FXGL Background Thread 3 ] DEBUG Engine               - profileDir: profiles/
18:59:57.171 [FXGL Background Thread 3 ] DEBUG Engine               - profileName: StringProperty [value: DEFAULT]
18:59:57.171 [FXGL Background Thread 3 ] DEBUG Engine               - randomSeed: -1
18:59:57.171 [FXGL Background Thread 3 ] DEBUG Engine               - runtimeInfo: RuntimeInfo(platform=MAC, version=17.1, build=24.03.2022 17.34)
18:59:57.171 [FXGL Background Thread 3 ] DEBUG Engine               - saveFileExt: sav
18:59:57.171 [FXGL Background Thread 3 ] DEBUG Engine               - scaledHeightProp$fxgl: DoubleProperty [bound, value: 806.0]
18:59:57.171 [FXGL Background Thread 3 ] DEBUG Engine               - scaledWidthProp$fxgl: DoubleProperty [bound, value: 1415.0]
18:59:57.172 [FXGL Background Thread 3 ] DEBUG Engine               - sceneFactory: com.almasb.fxgl.app.scene.SceneFactory@45d0d179
18:59:57.172 [FXGL Background Thread 3 ] DEBUG Engine               - secondsIn24h: 60
18:59:57.172 [FXGL Background Thread 3 ] DEBUG Engine               - soundMenuBack: menu/back.wav
18:59:57.172 [FXGL Background Thread 3 ] DEBUG Engine               - soundMenuPress: menu/press.wav
18:59:57.172 [FXGL Background Thread 3 ] DEBUG Engine               - soundMenuSelect: menu/select.wav
18:59:57.172 [FXGL Background Thread 3 ] DEBUG Engine               - soundNotification: core/notification.wav
18:59:57.172 [FXGL Background Thread 3 ] DEBUG Engine               - stageStyle: DECORATED
18:59:57.172 [FXGL Background Thread 3 ] DEBUG Engine               - supportedLanguages: [ENGLISH, FRENCH, GERMAN, HUNGARIAN, RUSSIAN]
18:59:57.172 [FXGL Background Thread 3 ] DEBUG Engine               - ticksPerSecond: -1
18:59:57.172 [FXGL Background Thread 3 ] DEBUG Engine               - title: FXGL Tower Defense
18:59:57.172 [FXGL Background Thread 3 ] DEBUG Engine               - urlGithub: https://github.com/AlmasB/FXGL
18:59:57.172 [FXGL Background Thread 3 ] DEBUG Engine               - urlLeaderboard: http://fxgl-top.herokuapp.com/
18:59:57.172 [FXGL Background Thread 3 ] DEBUG Engine               - urlPOM: https://raw.githubusercontent.com/AlmasB/FXGL/release/README.md
18:59:57.172 [FXGL Background Thread 3 ] DEBUG Engine               - userAppClass: class TowerDefenseApp
18:59:57.172 [FXGL Background Thread 3 ] DEBUG Engine               - version: 0.0
18:59:57.172 [FXGL Background Thread 3 ] DEBUG Engine               - versionCheckDays: 7
18:59:57.172 [FXGL Background Thread 3 ] DEBUG Engine               - width: 1600
18:59:57.172 [FXGL Background Thread 3 ] DEBUG Engine               - Logging services
18:59:57.172 [FXGL Background Thread 3 ] DEBUG Engine               - class com.almasb.fxgl.app.services.FXGLAssetLoaderService
18:59:57.172 [FXGL Background Thread 3 ] DEBUG Engine               - class com.almasb.fxgl.app.FXGLApplication$GameApplicationService
18:59:57.173 [FXGL Background Thread 3 ] DEBUG Engine               - class com.almasb.fxgl.app.services.FXGLDialogService
18:59:57.173 [FXGL Background Thread 3 ] DEBUG Engine               - class com.almasb.fxgl.app.services.IOTaskExecutorService
18:59:57.173 [FXGL Background Thread 3 ] DEBUG Engine               - class com.almasb.fxgl.io.FileSystemService
18:59:57.173 [FXGL Background Thread 3 ] DEBUG Engine               - class com.almasb.fxgl.localization.LocalizationService
18:59:57.173 [FXGL Background Thread 3 ] DEBUG Engine               - class com.almasb.fxgl.app.services.SystemBundleService
18:59:57.173 [FXGL Background Thread 3 ] DEBUG Engine               - class com.almasb.fxgl.profile.SaveLoadService
18:59:57.173 [FXGL Background Thread 3 ] DEBUG Engine               - class com.almasb.fxgl.ui.FXGLUIFactoryServiceProvider
18:59:57.173 [FXGL Background Thread 3 ] DEBUG Engine               - class com.almasb.fxgl.ui.FXGLDialogFactoryServiceProvider
18:59:57.173 [FXGL Background Thread 3 ] DEBUG Engine               - class com.almasb.fxgl.audio.AudioPlayer
18:59:57.173 [FXGL Background Thread 3 ] DEBUG Engine               - class com.almasb.fxgl.notification.impl.NotificationServiceProvider
18:59:57.173 [FXGL Background Thread 3 ] DEBUG Engine               - class com.almasb.fxgl.achievement.AchievementService
18:59:57.173 [FXGL Background Thread 3 ] DEBUG Engine               - class com.almasb.fxgl.cutscene.CutsceneService
18:59:57.173 [FXGL Background Thread 3 ] DEBUG Engine               - class com.almasb.fxgl.minigames.MiniGameService
18:59:57.173 [FXGL Background Thread 3 ] DEBUG Engine               - class com.almasb.fxgl.net.NetService
18:59:57.173 [FXGL Background Thread 3 ] DEBUG Engine               - class com.almasb.fxgl.app.services.UpdaterService
18:59:57.173 [FXGL Background Thread 3 ] DEBUG Engine               - class com.almasb.fxgl.dev.DevService
19:00:03.288 [JavaFX Application Thread] DEBUG FXGLApplication      - Exiting FXGL
19:00:03.288 [JavaFX Application Thread] DEBUG LoopRunner           - Stopping loop
19:00:03.288 [JavaFX Application Thread] DEBUG SystemBundleService  - Saving FXGL system data
19:00:03.293 [JavaFX Application Thread] DEBUG FileSystemAccess     - Writing to: /Users/karinasang/Sherry/Teaching/TowerDefense/system/fxgl.bundle
19:00:03.297 [JavaFX Application Thread] DEBUG Async                - Shutting down background threads
19:00:03.297 [JavaFX Application Thread] DEBUG PrimaryStageWindow   - Closing main window
19:00:03.308 [JavaFX Application Thread] DEBUG Logger               - Closing Logger
