19:06:58.800 [main                     ] DEBUG Logger               - Configured Logger
19:06:58.812 [main                     ] DEBUG GameApplication      - Logging settings
Title: FXGL Tower Defense
Version: 0.0
Width: 1600
Height: 896
Fullscreen: false
Intro: false
Profiling: false
Single step:false
App Mode: DEVELOPER
Menu Key: ESCAPE
Stage Style: DECORATED
Scene Factory: class com.almasb.fxgl.app.scene.SceneFactory

19:06:59.084 [JavaFX Application Thread] DEBUG FXGLApplication      - Initializing FXGL
19:06:59.086 [JavaFX Application Thread] INFO  Engine               - FXGL-17.1 (24.03.2022 17.34) on MAC (J:19.0.1 FX:18)
19:06:59.086 [JavaFX Application Thread] DEBUG Engine               - JRE Vendor Name: Oracle Corporation
19:06:59.086 [JavaFX Application Thread] DEBUG Engine               - Running on OS: Mac OS X version 13.3.1
19:06:59.086 [JavaFX Application Thread] DEBUG Engine               - Architecture: aarch64
19:06:59.087 [JavaFX Application Thread] INFO  Engine               - Source code and latest versions at: https://github.com/AlmasB/FXGL
19:06:59.087 [JavaFX Application Thread] INFO  Engine               -       Ask questions and discuss at: https://github.com/AlmasB/FXGL/discussions
19:06:59.087 [JavaFX Application Thread] INFO  Engine               -              Join the FXGL chat at: https://gitter.im/AlmasB/FXGL
19:06:59.125 [JavaFX Application Thread] DEBUG PrimaryStageWindow   - Creating a JavaFX scene
19:06:59.125 [JavaFX Application Thread] DEBUG PrimaryStageWindow   - Target size > screen size
19:06:59.143 [JavaFX Application Thread] DEBUG PrimaryStageWindow   - Target settings size: 1600.0 x 896.0
19:06:59.143 [JavaFX Application Thread] DEBUG PrimaryStageWindow   - Scaled scene size:    1412.0 x 804.0
19:06:59.144 [JavaFX Application Thread] DEBUG PrimaryStageWindow   - Scaled ratio: (0.8825, 0.8973214285714286)
19:06:59.144 [JavaFX Application Thread] DEBUG PrimaryStageWindow   - Set initial scene to FXGLStartupScene
19:06:59.146 [JavaFX Application Thread] DEBUG PrimaryStageWindow   - Opening main window
19:06:59.239 [JavaFX Application Thread] DEBUG PrimaryStageWindow   - Window border size: (0.0, 28.0)
19:06:59.239 [JavaFX Application Thread] DEBUG PrimaryStageWindow   - Scaled size: 1412.0 x 804.0
19:06:59.239 [JavaFX Application Thread] DEBUG PrimaryStageWindow   - Scaled ratio: (0.8825, 0.8973214285714286)
19:06:59.239 [JavaFX Application Thread] DEBUG PrimaryStageWindow   - Scene size: 1412.0 x 804.0
19:06:59.239 [JavaFX Application Thread] DEBUG PrimaryStageWindow   - Stage size: 1412.0 x 832.0
19:06:59.242 [FXGL Background Thread 1 ] DEBUG Engine               - Initializing environment variables
19:06:59.268 [FXGL Background Thread 1 ] DEBUG FXGLAssetLoaderServi - User app class for loading assets: class game.TowerDefenseApp
19:06:59.268 [FXGL Background Thread 1 ] DEBUG GameApplicationServi - Applying CSS: fxgl_dark.css
19:06:59.269 [FXGL Background Thread 1 ] DEBUG FXGLAssetLoaderServi - Loading from file system: jar:file:///Users/karinasang/.m2/repository/com/github/almasb/fxgl/17.1/fxgl-17.1.jar!/fxglassets/ui/css/fxgl_dark.css
19:06:59.290 [FXGL Background Thread 1 ] DEBUG GameApplicationServi - Initializing application scenes
19:06:59.400 [FXGL Background Thread 1 ] DEBUG GameWorld            - Game world initialized
19:06:59.426 [FXGL Background Thread 1 ] DEBUG PhysicsWorld         - Physics world initialized: appHeight=896, physics.ppm=50.0
19:06:59.426 [FXGL Background Thread 1 ] DEBUG PhysicsWorld         - Using strategy: BRUTE_FORCE
19:06:59.428 [FXGL Background Thread 1 ] DEBUG GameScene            - Game scene initialized: 1600x896
19:06:59.433 [FXGL Background Thread 1 ] DEBUG FXGL.DefaultMenu     - createMenuBodyGameMenu()
19:06:59.440 [FXGL Background Thread 1 ] DEBUG FXGL.DefaultMenu     - createOptionsMenu()
19:06:59.444 [FXGL Background Thread 1 ] DEBUG FXGLAssetLoaderServi - Loading from file system: jar:file:///Users/karinasang/.m2/repository/com/github/almasb/fxgl/17.1/fxgl-17.1.jar!/fxglassets/textures/particles/smoke.png
19:06:59.493 [FXGL Background Thread 1 ] DEBUG FXGLAssetLoaderServi - Loading from file system: jar:file:///Users/karinasang/.m2/repository/com/github/almasb/fxgl/17.1/fxgl-17.1.jar!/fxglassets/textures/particles/trace_horizontal.png
19:06:59.508 [FXGL Background Thread 1 ] DEBUG GameApplicationServi - Application scenes initialized
19:06:59.513 [FXGL Background Thread 1 ] DEBUG SystemBundleService  - Loading FXGL system data
19:06:59.514 [FXGL Background Thread 1 ] DEBUG FileSystemAccess     - Reading from: /Users/karinasang/Sherry/Teaching/TowerDefense/system/fxgl.bundle
19:06:59.520 [FXGL Background Thread 1 ] DEBUG SystemBundleService  - Bundle FXGL: {}
19:06:59.520 [FXGL Background Thread 1 ] DEBUG UpdaterService       - Checking for updates
19:06:59.523 [FXGL Background Thread 4 ] DEBUG FXGLApplication      - Loading fonts
19:06:59.523 [FXGL Background Thread 4 ] DEBUG FXGLAssetLoaderServi - Loading from file system: jar:file:///Users/karinasang/.m2/repository/com/github/almasb/fxgl/17.1/fxgl-17.1.jar!/fxglassets/ui/fonts/VarelaRound-Regular.ttf
19:06:59.523 [FXGL Background Thread 1 ] DEBUG FXGLApplication      - Loading default localization
19:06:59.523 [FXGL Background Thread 1 ] DEBUG FXGLAssetLoaderServi - Loading from file system: jar:file:///Users/karinasang/.m2/repository/com/github/almasb/fxgl/17.1/fxgl-17.1.jar!/fxglassets/languages/english.lang
19:06:59.533 [FXGL Background Thread 4 ] DEBUG FXGLAssetLoaderServi - Loading from file system: jar:file:///Users/karinasang/.m2/repository/com/github/almasb/fxgl/17.1/fxgl-17.1.jar!/fxglassets/ui/fonts/Abel-Regular.ttf
19:06:59.536 [FXGL Background Thread 1 ] INFO  FXGLApplication      - FXGL initialization took: 0.294 sec
19:06:59.536 [FXGL Background Thread 4 ] DEBUG FXGLAssetLoaderServi - Loading from file system: jar:file:///Users/karinasang/.m2/repository/com/github/almasb/fxgl/17.1/fxgl-17.1.jar!/fxglassets/ui/fonts/TerminalLandMono-Regular.otf
19:06:59.537 [JavaFX Application Thread] DEBUG FXGLAssetLoaderServi - Loading from file system: jar:file:///Users/karinasang/.m2/repository/com/github/almasb/fxgl/17.1/fxgl-17.1.jar!/fxglassets/textures/fxgl_icon.png
19:06:59.542 [FXGL Background Thread 4 ] DEBUG FXGLAssetLoaderServi - Loading from file system: jar:file:///Users/karinasang/.m2/repository/com/github/almasb/fxgl/17.1/fxgl-17.1.jar!/fxglassets/ui/fonts/Courier-Prime.ttf
19:06:59.553 [JavaFX Application Thread] DEBUG FXGLAssetLoaderServi - Loading from file system: jar:file:///Users/karinasang/.m2/repository/com/github/almasb/fxgl/17.1/fxgl-17.1.jar!/fxglassets/textures/fxgl_default_cursor.png
19:06:59.558 [JavaFX Application Thread] DEBUG Input                - Registered new binding: Screenshot - CTRL+8
19:06:59.558 [JavaFX Application Thread] DEBUG Input                - Registered new binding: System info dump - CTRL+9
19:06:59.558 [JavaFX Application Thread] DEBUG Input                - Registered new binding: Restart - CTRL+R
19:06:59.559 [JavaFX Application Thread] DEBUG Input                - Registered new binding: Toggle Debug Camera - CTRL+7
19:06:59.560 [JavaFX Application Thread] DEBUG LoopRunner           - Starting loop
19:06:59.560 [JavaFX Application Thread] DEBUG LoopRunner           - Initializing JavaFX AnimationTimerLoop
19:06:59.560 [JavaFX Application Thread] DEBUG GameApplicationServi - Starting new game
19:06:59.560 [JavaFX Application Thread] DEBUG Input                - Clearing active input actions
19:06:59.565 [JavaFX Application Thread] DEBUG GameApplicationServi - Removing overlay from FXGLStartupScene and adding to FXGLLoadingScene
19:06:59.566 [JavaFX Application Thread] DEBUG PrimaryStageWindow   - FXGLStartupScene -> FXGLLoadingScene
19:06:59.566 [JavaFX Application Thread] DEBUG GameApplicationServi - Clearing previous game
19:06:59.566 [JavaFX Application Thread] DEBUG GameScene            - Clearing game scene
19:06:59.566 [JavaFX Application Thread] DEBUG GameWorld            - Clearing game world
19:06:59.566 [JavaFX Application Thread] DEBUG PhysicsWorld         - Clearing physics world
19:06:59.567 [FXGL Background Thread 4 ] DEBUG FXGLApplication      - Initializing game
19:06:59.568 [FXGL Background Thread 4 ] DEBUG FXGLAssetLoaderServi - Loading JSON from: file:/Users/karinasang/Sherry/Teaching/TowerDefense/target/classes/assets/towers/tower1.json
19:06:59.590 [JavaFX Application Thread] DEBUG FXGLApplication      - Registering font factories with UI factory
19:06:59.726 [FXGL Background Thread 4 ] DEBUG FXGLAssetLoaderServi - Loading JSON from: file:/Users/karinasang/Sherry/Teaching/TowerDefense/target/classes/assets/towers/tower2.json
19:06:59.730 [FXGL Background Thread 4 ] DEBUG FXGLAssetLoaderServi - Loading JSON from: file:/Users/karinasang/Sherry/Teaching/TowerDefense/target/classes/assets/towers/tower3.json
19:06:59.731 [FXGL Background Thread 4 ] DEBUG FXGLAssetLoaderServi - Loading JSON from: file:/Users/karinasang/Sherry/Teaching/TowerDefense/target/classes/assets/towers/tower4.json
19:06:59.732 [FXGL Background Thread 4 ] DEBUG FXGLAssetLoaderServi - Loading JSON from: file:/Users/karinasang/Sherry/Teaching/TowerDefense/target/classes/assets/towers/tower5.json
19:06:59.735 [FXGL Background Thread 4 ] DEBUG FXGLAssetLoaderServi - Loading from file system: file:/Users/karinasang/Sherry/Teaching/TowerDefense/target/classes/assets/textures/towers/tower1.png
19:06:59.738 [FXGL Background Thread 4 ] DEBUG FXGLAssetLoaderServi - Loading from file system: file:/Users/karinasang/Sherry/Teaching/TowerDefense/target/classes/assets/textures/towers/tower2.png
19:06:59.739 [FXGL Background Thread 4 ] DEBUG FXGLAssetLoaderServi - Loading from file system: file:/Users/karinasang/Sherry/Teaching/TowerDefense/target/classes/assets/textures/towers/tower3.png
19:06:59.740 [FXGL Background Thread 4 ] DEBUG FXGLAssetLoaderServi - Loading from file system: file:/Users/karinasang/Sherry/Teaching/TowerDefense/target/classes/assets/textures/towers/tower4.png
19:06:59.740 [FXGL Background Thread 4 ] DEBUG FXGLAssetLoaderServi - Loading from file system: file:/Users/karinasang/Sherry/Teaching/TowerDefense/target/classes/assets/textures/towers/tower5.png
19:06:59.777 [FXGL Background Thread 4 ] WARN  TMXLevelLoader       - TiledMap generated from 1.9.2. Supported version: 1.4.2. Some features may not be parsed fully.
19:06:59.783 [FXGL Background Thread 4 ] DEBUG TMXLevelLoader       - Parsed TiledMap: file:/Users/karinasang/Sherry/Teaching/TowerDefense/target/classes/assets/levels/tmx/map1.tmx
19:06:59.784 [FXGL Background Thread 4 ] DEBUG TMXLevelLoader       - Creating tile layer entities
19:06:59.785 [FXGL Background Thread 4 ] DEBUG TilesetLoader        - Loading view for layer background
19:06:59.786 [FXGL Background Thread 4 ] DEBUG TilesetLoader        - Created buffer with size 1600.0x960.0
19:06:59.824 [FXGL Background Thread 2 ] INFO  UpdaterService       - Your current version:  17.1
19:06:59.824 [FXGL Background Thread 2 ] INFO  UpdaterService       - Latest stable version: 17.3
19:06:59.824 [FXGL Background Thread 4 ] DEBUG TilesetLoader        - Loading view for layer decor
19:06:59.825 [FXGL Background Thread 4 ] DEBUG TilesetLoader        - Created buffer with size 1600.0x960.0
19:06:59.826 [FXGL Background Thread 4 ] DEBUG TMXLevelLoader       - Creating object layer entities
19:06:59.833 [FXGL Background Thread 4 ] DEBUG GameWorld            - Clearing removable entities
19:06:59.833 [FXGL Background Thread 4 ] DEBUG GameWorld            - Setting level: com.almasb.fxgl.entity.level.Level@6ae1ea36
19:06:59.835 [FXGL Background Thread 4 ] DEBUG FXGLAssetLoaderServi - Loading from file system: file:/Users/karinasang/Sherry/Teaching/TowerDefense/target/classes/assets/textures/enemies/enemy2.png
19:06:59.837 [FXGL Background Thread 4 ] INFO  FXGLApplication      - Game initialization took: 0.270 sec
19:06:59.837 [JavaFX Application Thread] DEBUG Input                - Clearing active input actions
19:06:59.842 [JavaFX Application Thread] DEBUG GameApplicationServi - Removing overlay from FXGLLoadingScene and adding to GameScene
19:06:59.842 [JavaFX Application Thread] DEBUG PrimaryStageWindow   - FXGLLoadingScene -> GameScene
19:07:01.071 [JavaFX Application Thread] DEBUG FXGLAssetLoaderServi - Loading from file system: file:/Users/karinasang/Sherry/Teaching/TowerDefense/target/classes/assets/textures/bullets/bullet.png
19:07:02.398 [JavaFX Application Thread] DEBUG FXGLApplication      - Exiting FXGL
19:07:02.398 [JavaFX Application Thread] DEBUG LoopRunner           - Stopping loop
19:07:02.398 [JavaFX Application Thread] DEBUG SystemBundleService  - Saving FXGL system data
19:07:02.399 [JavaFX Application Thread] DEBUG FileSystemAccess     - Writing to: /Users/karinasang/Sherry/Teaching/TowerDefense/system/fxgl.bundle
19:07:02.400 [JavaFX Application Thread] DEBUG Async                - Shutting down background threads
19:07:02.400 [JavaFX Application Thread] DEBUG PrimaryStageWindow   - Closing main window
19:07:02.406 [JavaFX Application Thread] DEBUG Logger               - Closing Logger
