18:51:38.706 [main                     ] DEBUG Logger               - Configured Logger
18:51:38.720 [main                     ] DEBUG GameApplication      - Logging settings
Title: FXGL Tower Defense
Version: 0.0
Width: 1600
Height: 896
Fullscreen: false
Intro: false
Profiling: false
Single step:false
App Mode: DEVELOPER
Menu Key: ESCAPE
Stage Style: DECORATED
Scene Factory: class com.almasb.fxgl.app.scene.SceneFactory

18:51:39.094 [JavaFX Application Thread] DEBUG FXGLApplication      - Initializing FXGL
18:51:39.096 [JavaFX Application Thread] INFO  Engine               - FXGL-17.1 (24.03.2022 17.34) on MAC (J:19.0.1 FX:18)
18:51:39.096 [JavaFX Application Thread] DEBUG Engine               - JRE Vendor Name: Oracle Corporation
18:51:39.096 [JavaFX Application Thread] DEBUG Engine               - Running on OS: Mac OS X version 13.0.1
18:51:39.096 [JavaFX Application Thread] DEBUG Engine               - Architecture: aarch64
18:51:39.096 [JavaFX Application Thread] INFO  Engine               - Source code and latest versions at: https://github.com/AlmasB/FXGL
18:51:39.096 [JavaFX Application Thread] INFO  Engine               -       Ask questions and discuss at: https://github.com/AlmasB/FXGL/discussions
18:51:39.096 [JavaFX Application Thread] INFO  Engine               -              Join the FXGL chat at: https://gitter.im/AlmasB/FXGL
18:51:39.141 [JavaFX Application Thread] DEBUG PrimaryStageWindow   - Creating a JavaFX scene
18:51:39.141 [JavaFX Application Thread] DEBUG PrimaryStageWindow   - Target size > screen size
18:51:39.195 [JavaFX Application Thread] DEBUG PrimaryStageWindow   - Target settings size: 1600.0 x 896.0
18:51:39.195 [JavaFX Application Thread] DEBUG PrimaryStageWindow   - Scaled scene size:    1415.0 x 806.0
18:51:39.195 [JavaFX Application Thread] DEBUG PrimaryStageWindow   - Scaled ratio: (0.884375, 0.8995535714285714)
18:51:39.196 [JavaFX Application Thread] DEBUG PrimaryStageWindow   - Set initial scene to FXGLStartupScene
18:51:39.199 [JavaFX Application Thread] DEBUG PrimaryStageWindow   - Opening main window
18:51:39.304 [JavaFX Application Thread] DEBUG PrimaryStageWindow   - Window border size: (0.0, 28.0)
18:51:39.304 [JavaFX Application Thread] DEBUG PrimaryStageWindow   - Scaled size: 1415.0 x 806.0
18:51:39.304 [JavaFX Application Thread] DEBUG PrimaryStageWindow   - Scaled ratio: (0.884375, 0.8995535714285714)
18:51:39.304 [JavaFX Application Thread] DEBUG PrimaryStageWindow   - Scene size: 1415.0 x 806.0
18:51:39.305 [JavaFX Application Thread] DEBUG PrimaryStageWindow   - Stage size: 1415.0 x 834.0
18:51:39.308 [FXGL Background Thread 1 ] DEBUG Engine               - Initializing environment variables
18:51:39.344 [FXGL Background Thread 1 ] DEBUG FXGLAssetLoaderServi - User app class for loading assets: class TowerDefenseApp
18:51:39.345 [FXGL Background Thread 1 ] DEBUG GameApplicationServi - Applying CSS: fxgl_dark.css
18:51:39.345 [FXGL Background Thread 1 ] DEBUG FXGLAssetLoaderServi - Loading from file system: jar:file:/Users/karinasang/.m2/repository/com/github/almasb/fxgl/17.1/fxgl-17.1.jar!/fxglassets/ui/css/fxgl_dark.css
18:51:39.370 [FXGL Background Thread 1 ] DEBUG GameApplicationServi - Initializing application scenes
18:51:39.461 [FXGL Background Thread 1 ] DEBUG GameWorld            - Game world initialized
18:51:39.485 [FXGL Background Thread 1 ] DEBUG PhysicsWorld         - Physics world initialized: appHeight=896, physics.ppm=50.0
18:51:39.485 [FXGL Background Thread 1 ] DEBUG PhysicsWorld         - Using strategy: BRUTE_FORCE
18:51:39.486 [FXGL Background Thread 1 ] DEBUG GameScene            - Game scene initialized: 1600x896
18:51:39.491 [FXGL Background Thread 1 ] DEBUG FXGL.DefaultMenu     - createMenuBodyGameMenu()
18:51:39.501 [FXGL Background Thread 1 ] DEBUG FXGL.DefaultMenu     - createOptionsMenu()
18:51:39.506 [FXGL Background Thread 1 ] DEBUG FXGLAssetLoaderServi - Loading from file system: jar:file:/Users/karinasang/.m2/repository/com/github/almasb/fxgl/17.1/fxgl-17.1.jar!/fxglassets/textures/particles/smoke.png
18:51:39.555 [FXGL Background Thread 1 ] DEBUG FXGLAssetLoaderServi - Loading from file system: jar:file:/Users/karinasang/.m2/repository/com/github/almasb/fxgl/17.1/fxgl-17.1.jar!/fxglassets/textures/particles/trace_horizontal.png
18:51:39.568 [FXGL Background Thread 1 ] DEBUG GameApplicationServi - Application scenes initialized
18:51:39.574 [FXGL Background Thread 1 ] DEBUG SystemBundleService  - Loading FXGL system data
18:51:39.575 [FXGL Background Thread 1 ] DEBUG FileSystemAccess     - Reading from: /Users/karinasang/Sherry/Teaching/TowerDefense/system/fxgl.bundle
18:51:39.579 [FXGL Background Thread 1 ] DEBUG SystemBundleService  - Bundle FXGL: {}
18:51:39.579 [FXGL Background Thread 1 ] DEBUG UpdaterService       - Checking for updates
18:51:39.581 [FXGL Background Thread 4 ] DEBUG FXGLApplication      - Loading fonts
18:51:39.581 [FXGL Background Thread 4 ] DEBUG FXGLAssetLoaderServi - Loading from file system: jar:file:/Users/karinasang/.m2/repository/com/github/almasb/fxgl/17.1/fxgl-17.1.jar!/fxglassets/ui/fonts/VarelaRound-Regular.ttf
18:51:39.581 [FXGL Background Thread 1 ] DEBUG FXGLApplication      - Loading default localization
18:51:39.581 [FXGL Background Thread 1 ] DEBUG FXGLAssetLoaderServi - Loading from file system: jar:file:/Users/karinasang/.m2/repository/com/github/almasb/fxgl/17.1/fxgl-17.1.jar!/fxglassets/languages/english.lang
18:51:39.587 [FXGL Background Thread 4 ] DEBUG FXGLAssetLoaderServi - Loading from file system: jar:file:/Users/karinasang/.m2/repository/com/github/almasb/fxgl/17.1/fxgl-17.1.jar!/fxglassets/ui/fonts/Abel-Regular.ttf
18:51:39.589 [FXGL Background Thread 4 ] DEBUG FXGLAssetLoaderServi - Loading from file system: jar:file:/Users/karinasang/.m2/repository/com/github/almasb/fxgl/17.1/fxgl-17.1.jar!/fxglassets/ui/fonts/TerminalLandMono-Regular.otf
18:51:39.590 [FXGL Background Thread 1 ] INFO  FXGLApplication      - FXGL initialization took: 0.282 sec
18:51:39.590 [JavaFX Application Thread] DEBUG FXGLAssetLoaderServi - Loading from file system: jar:file:/Users/karinasang/.m2/repository/com/github/almasb/fxgl/17.1/fxgl-17.1.jar!/fxglassets/textures/fxgl_icon.png
18:51:39.591 [FXGL Background Thread 4 ] DEBUG FXGLAssetLoaderServi - Loading from file system: jar:file:/Users/karinasang/.m2/repository/com/github/almasb/fxgl/17.1/fxgl-17.1.jar!/fxglassets/ui/fonts/Courier-Prime.ttf
18:51:39.607 [JavaFX Application Thread] DEBUG FXGLAssetLoaderServi - Loading from file system: jar:file:/Users/karinasang/.m2/repository/com/github/almasb/fxgl/17.1/fxgl-17.1.jar!/fxglassets/textures/fxgl_default_cursor.png
18:51:39.612 [JavaFX Application Thread] DEBUG Input                - Registered new binding: Screenshot - CTRL+8
18:51:39.612 [JavaFX Application Thread] DEBUG Input                - Registered new binding: System info dump - CTRL+9
18:51:39.612 [JavaFX Application Thread] DEBUG Input                - Registered new binding: Restart - CTRL+R
18:51:39.612 [JavaFX Application Thread] DEBUG Input                - Registered new binding: Toggle Debug Camera - CTRL+7
18:51:39.613 [JavaFX Application Thread] DEBUG LoopRunner           - Starting loop
18:51:39.613 [JavaFX Application Thread] DEBUG LoopRunner           - Initializing JavaFX AnimationTimerLoop
18:51:39.613 [JavaFX Application Thread] DEBUG GameApplicationServi - Starting new game
18:51:39.614 [JavaFX Application Thread] DEBUG Input                - Clearing active input actions
18:51:39.618 [JavaFX Application Thread] DEBUG GameApplicationServi - Removing overlay from FXGLStartupScene and adding to FXGLLoadingScene
18:51:39.618 [JavaFX Application Thread] DEBUG PrimaryStageWindow   - FXGLStartupScene -> FXGLLoadingScene
18:51:39.618 [JavaFX Application Thread] DEBUG GameApplicationServi - Clearing previous game
18:51:39.618 [JavaFX Application Thread] DEBUG GameScene            - Clearing game scene
18:51:39.618 [JavaFX Application Thread] DEBUG GameWorld            - Clearing game world
18:51:39.618 [JavaFX Application Thread] DEBUG PhysicsWorld         - Clearing physics world
18:51:39.619 [FXGL Background Thread 4 ] DEBUG FXGLApplication      - Initializing game
18:51:39.621 [FXGL Background Thread 4 ] DEBUG FXGLAssetLoaderServi - Loading JSON from: file:/Users/karinasang/Sherry/Teaching/TowerDefense/target/classes/assets/towers/tower1.json
18:51:39.650 [JavaFX Application Thread] DEBUG FXGLApplication      - Registering font factories with UI factory
18:51:39.736 [FXGL Background Thread 4 ] DEBUG FXGLAssetLoaderServi - Loading JSON from: file:/Users/karinasang/Sherry/Teaching/TowerDefense/target/classes/assets/towers/tower2.json
18:51:39.737 [FXGL Background Thread 4 ] DEBUG FXGLAssetLoaderServi - Loading JSON from: file:/Users/karinasang/Sherry/Teaching/TowerDefense/target/classes/assets/towers/tower3.json
18:51:39.738 [FXGL Background Thread 4 ] DEBUG FXGLAssetLoaderServi - Loading JSON from: file:/Users/karinasang/Sherry/Teaching/TowerDefense/target/classes/assets/towers/tower4.json
18:51:39.739 [FXGL Background Thread 4 ] DEBUG FXGLAssetLoaderServi - Loading JSON from: file:/Users/karinasang/Sherry/Teaching/TowerDefense/target/classes/assets/towers/tower5.json
18:51:39.751 [FXGL Background Thread 4 ] WARN  TMXLevelLoader       - TiledMap generated from 1.9.2. Supported version: 1.4.2. Some features may not be parsed fully.
18:51:39.755 [FXGL Background Thread 4 ] DEBUG TMXLevelLoader       - Parsed TiledMap: file:/Users/karinasang/Sherry/Teaching/TowerDefense/target/classes/assets/levels/tmx/map1.tmx
18:51:39.756 [FXGL Background Thread 4 ] DEBUG TMXLevelLoader       - Creating tile layer entities
18:51:39.756 [FXGL Background Thread 4 ] DEBUG TilesetLoader        - Loading view for layer background
18:51:39.757 [FXGL Background Thread 4 ] DEBUG TilesetLoader        - Created buffer with size 1600.0x960.0
18:51:39.791 [FXGL Background Thread 4 ] DEBUG TilesetLoader        - Loading view for layer decor
18:51:39.792 [FXGL Background Thread 4 ] DEBUG TilesetLoader        - Created buffer with size 1600.0x960.0
18:51:39.792 [FXGL Background Thread 4 ] DEBUG TMXLevelLoader       - Creating object layer entities
18:51:39.799 [FXGL Background Thread 4 ] DEBUG GameWorld            - Clearing removable entities
18:51:39.800 [FXGL Background Thread 4 ] DEBUG GameWorld            - Setting level: com.almasb.fxgl.entity.level.Level@21512e73
18:51:39.801 [FXGL Background Thread 4 ] DEBUG FXGLAssetLoaderServi - Loading from file system: file:/Users/karinasang/Sherry/Teaching/TowerDefense/target/classes/assets/textures/towers/tower1.png
18:51:39.802 [FXGL Background Thread 4 ] INFO  FXGLApplication      - Game initialization took: 0.183 sec
18:51:39.802 [JavaFX Application Thread] DEBUG Input                - Clearing active input actions
18:51:39.805 [JavaFX Application Thread] DEBUG GameApplicationServi - Removing overlay from FXGLLoadingScene and adding to GameScene
18:51:39.805 [JavaFX Application Thread] DEBUG PrimaryStageWindow   - FXGLLoadingScene -> GameScene
18:51:39.865 [FXGL Background Thread 2 ] INFO  UpdaterService       - Your current version:  17.1
18:51:39.865 [FXGL Background Thread 2 ] INFO  UpdaterService       - Latest stable version: 17.3
18:51:42.586 [FXGL Background Thread 3 ] DEBUG Engine               - Logging environment variables
18:51:42.588 [FXGL Background Thread 3 ] DEBUG Engine               - achievements: []
18:51:42.588 [FXGL Background Thread 3 ] DEBUG Engine               - actualHeight: 806.0
18:51:42.588 [FXGL Background Thread 3 ] DEBUG Engine               - actualHeightProperty: ReadOnlyDoubleProperty [value: 806.0]
18:51:42.588 [FXGL Background Thread 3 ] DEBUG Engine               - actualWidth: 1415.0
18:51:42.588 [FXGL Background Thread 3 ] DEBUG Engine               - actualWidthProperty: ReadOnlyDoubleProperty [value: 1415.0]
18:51:42.589 [FXGL Background Thread 3 ] DEBUG Engine               - appIcon: fxgl_icon.png
18:51:42.589 [FXGL Background Thread 3 ] DEBUG Engine               - applicationMode: DEVELOPER
18:51:42.589 [FXGL Background Thread 3 ] DEBUG Engine               - cSSList: [fxgl_dark.css]
18:51:42.589 [FXGL Background Thread 3 ] DEBUG Engine               - collisionDetectionStrategy: BRUTE_FORCE
18:51:42.589 [FXGL Background Thread 3 ] DEBUG Engine               - configClass: Optional.empty
18:51:42.589 [FXGL Background Thread 3 ] DEBUG Engine               - credits: []
18:51:42.590 [FXGL Background Thread 3 ] DEBUG Engine               - defaultCursor: CursorInfo(imageName=fxgl_default_cursor.png, hotspotX=7.0, hotspotY=6.0)
18:51:42.590 [FXGL Background Thread 3 ] DEBUG Engine               - devBBoxColorProperty: ObjectProperty [value: 0xff0000ff]
18:51:42.590 [FXGL Background Thread 3 ] DEBUG Engine               - devEnableDebugCameraProperty: BooleanProperty [value: false]
18:51:42.590 [FXGL Background Thread 3 ] DEBUG Engine               - devSensorColorProperty: ObjectProperty [value: 0xffff00ff]
18:51:42.591 [FXGL Background Thread 3 ] DEBUG Engine               - devShowBBoxProperty: BooleanProperty [value: false]
18:51:42.591 [FXGL Background Thread 3 ] DEBUG Engine               - devShowPositionProperty: BooleanProperty [value: false]
18:51:42.591 [FXGL Background Thread 3 ] DEBUG Engine               - enabledMenuItems: []
18:51:42.591 [FXGL Background Thread 3 ] DEBUG Engine               - engineServices: [class com.almasb.fxgl.app.services.FXGLAssetLoaderService, class com.almasb.fxgl.app.FXGLApplication$GameApplicationService, class com.almasb.fxgl.app.services.FXGLDialogService, class com.almasb.fxgl.app.services.IOTaskExecutorService, class com.almasb.fxgl.io.FileSystemService, class com.almasb.fxgl.localization.LocalizationService, class com.almasb.fxgl.app.services.SystemBundleService, class com.almasb.fxgl.profile.SaveLoadService, class com.almasb.fxgl.ui.FXGLUIFactoryServiceProvider, class com.almasb.fxgl.ui.FXGLDialogFactoryServiceProvider, class com.almasb.fxgl.audio.AudioPlayer, class com.almasb.fxgl.notification.impl.NotificationServiceProvider, class com.almasb.fxgl.achievement.AchievementService, class com.almasb.fxgl.cutscene.CutsceneService, class com.almasb.fxgl.minigames.MiniGameService, class com.almasb.fxgl.net.NetService, class com.almasb.fxgl.app.services.UpdaterService, class com.almasb.fxgl.dev.DevService]
18:51:42.591 [FXGL Background Thread 3 ] DEBUG Engine               - fontGame: Abel-Regular.ttf
18:51:42.591 [FXGL Background Thread 3 ] DEBUG Engine               - fontMono: TerminalLandMono-Regular.otf
18:51:42.591 [FXGL Background Thread 3 ] DEBUG Engine               - fontText: Courier-Prime.ttf
18:51:42.591 [FXGL Background Thread 3 ] DEBUG Engine               - fontUI: VarelaRound-Regular.ttf
18:51:42.591 [FXGL Background Thread 3 ] DEBUG Engine               - fullScreen: BooleanProperty [value: false]
18:51:42.591 [FXGL Background Thread 3 ] DEBUG Engine               - gameDifficulty: MEDIUM
18:51:42.592 [FXGL Background Thread 3 ] DEBUG Engine               - gameDifficultyProperty: ObjectProperty [value: MEDIUM]
18:51:42.592 [FXGL Background Thread 3 ] DEBUG Engine               - globalMusicVolume: 0.5
18:51:42.592 [FXGL Background Thread 3 ] DEBUG Engine               - globalMusicVolumeProperty: DoubleProperty [value: 0.5]
18:51:42.592 [FXGL Background Thread 3 ] DEBUG Engine               - globalSoundVolume: 0.5
18:51:42.592 [FXGL Background Thread 3 ] DEBUG Engine               - globalSoundVolumeProperty: DoubleProperty [value: 0.5]
18:51:42.592 [FXGL Background Thread 3 ] DEBUG Engine               - height: 896
18:51:42.592 [FXGL Background Thread 3 ] DEBUG Engine               - is3D: false
18:51:42.593 [FXGL Background Thread 3 ] DEBUG Engine               - isAndroid: false
18:51:42.593 [FXGL Background Thread 3 ] DEBUG Engine               - isBrowser: false
18:51:42.593 [FXGL Background Thread 3 ] DEBUG Engine               - isClickFeedbackEnabled: false
18:51:42.593 [FXGL Background Thread 3 ] DEBUG Engine               - isCloseConfirmation: false
18:51:42.593 [FXGL Background Thread 3 ] DEBUG Engine               - isDesktop: true
18:51:42.593 [FXGL Background Thread 3 ] DEBUG Engine               - isDeveloperMenuEnabled: false
18:51:42.593 [FXGL Background Thread 3 ] DEBUG Engine               - isEmbedded: false
18:51:42.593 [FXGL Background Thread 3 ] DEBUG Engine               - isEntityPreloadEnabled: true
18:51:42.593 [FXGL Background Thread 3 ] DEBUG Engine               - isExperimentalTiledLargeMap: false
18:51:42.593 [FXGL Background Thread 3 ] DEBUG Engine               - isFileSystemWriteAllowed: true
18:51:42.593 [FXGL Background Thread 3 ] DEBUG Engine               - isFullScreenAllowed: false
18:51:42.593 [FXGL Background Thread 3 ] DEBUG Engine               - isFullScreenFromStart: false
18:51:42.593 [FXGL Background Thread 3 ] DEBUG Engine               - isGameMenuEnabled: true
18:51:42.594 [FXGL Background Thread 3 ] DEBUG Engine               - isIOS: false
18:51:42.594 [FXGL Background Thread 3 ] DEBUG Engine               - isIntroEnabled: false
18:51:42.594 [FXGL Background Thread 3 ] DEBUG Engine               - isLinux: false
18:51:42.594 [FXGL Background Thread 3 ] DEBUG Engine               - isMac: true
18:51:42.594 [FXGL Background Thread 3 ] DEBUG Engine               - isMainMenuEnabled: false
18:51:42.594 [FXGL Background Thread 3 ] DEBUG Engine               - isManualResizeEnabled: false
18:51:42.594 [FXGL Background Thread 3 ] DEBUG Engine               - isMobile: false
18:51:42.594 [FXGL Background Thread 3 ] DEBUG Engine               - isNative: false
18:51:42.594 [FXGL Background Thread 3 ] DEBUG Engine               - isPauseMusicWhenMinimized: true
18:51:42.594 [FXGL Background Thread 3 ] DEBUG Engine               - isPreserveResizeRatio: false
18:51:42.594 [FXGL Background Thread 3 ] DEBUG Engine               - isProfilingEnabled: false
18:51:42.594 [FXGL Background Thread 3 ] DEBUG Engine               - isScaleAffectedOnResize: true
18:51:42.594 [FXGL Background Thread 3 ] DEBUG Engine               - isSingleStep: false
18:51:42.594 [FXGL Background Thread 3 ] DEBUG Engine               - isUserProfileEnabled: false
18:51:42.594 [FXGL Background Thread 3 ] DEBUG Engine               - isWindows: false
18:51:42.594 [FXGL Background Thread 3 ] DEBUG Engine               - language: ObjectProperty [value: ENGLISH]
18:51:42.594 [FXGL Background Thread 3 ] DEBUG Engine               - menuKey: ESCAPE
18:51:42.595 [FXGL Background Thread 3 ] DEBUG Engine               - mouseSensitivity: 0.2
18:51:42.595 [FXGL Background Thread 3 ] DEBUG Engine               - notificationViewClass: class com.almasb.fxgl.notification.view.XboxNotificationView
18:51:42.595 [FXGL Background Thread 3 ] DEBUG Engine               - pixelsPerMeter: 50.0
18:51:42.595 [FXGL Background Thread 3 ] DEBUG Engine               - platform: MAC
18:51:42.595 [FXGL Background Thread 3 ] DEBUG Engine               - prefHeightProperty: ReadOnlyDoubleProperty [value: 896.0]
18:51:42.595 [FXGL Background Thread 3 ] DEBUG Engine               - prefWidthProperty: ReadOnlyDoubleProperty [value: 1600.0]
18:51:42.595 [FXGL Background Thread 3 ] DEBUG Engine               - profileDir: profiles/
18:51:42.595 [FXGL Background Thread 3 ] DEBUG Engine               - profileName: StringProperty [value: DEFAULT]
18:51:42.595 [FXGL Background Thread 3 ] DEBUG Engine               - randomSeed: -1
18:51:42.595 [FXGL Background Thread 3 ] DEBUG Engine               - runtimeInfo: RuntimeInfo(platform=MAC, version=17.1, build=24.03.2022 17.34)
18:51:42.596 [FXGL Background Thread 3 ] DEBUG Engine               - saveFileExt: sav
18:51:42.596 [FXGL Background Thread 3 ] DEBUG Engine               - scaledHeightProp$fxgl: DoubleProperty [bound, value: 806.0]
18:51:42.596 [FXGL Background Thread 3 ] DEBUG Engine               - scaledWidthProp$fxgl: DoubleProperty [bound, value: 1415.0]
18:51:42.596 [FXGL Background Thread 3 ] DEBUG Engine               - sceneFactory: com.almasb.fxgl.app.scene.SceneFactory@6e6abced
18:51:42.596 [FXGL Background Thread 3 ] DEBUG Engine               - secondsIn24h: 60
18:51:42.596 [FXGL Background Thread 3 ] DEBUG Engine               - soundMenuBack: menu/back.wav
18:51:42.596 [FXGL Background Thread 3 ] DEBUG Engine               - soundMenuPress: menu/press.wav
18:51:42.596 [FXGL Background Thread 3 ] DEBUG Engine               - soundMenuSelect: menu/select.wav
18:51:42.596 [FXGL Background Thread 3 ] DEBUG Engine               - soundNotification: core/notification.wav
18:51:42.596 [FXGL Background Thread 3 ] DEBUG Engine               - stageStyle: DECORATED
18:51:42.596 [FXGL Background Thread 3 ] DEBUG Engine               - supportedLanguages: [ENGLISH, FRENCH, GERMAN, HUNGARIAN, RUSSIAN]
18:51:42.596 [FXGL Background Thread 3 ] DEBUG Engine               - ticksPerSecond: -1
18:51:42.597 [FXGL Background Thread 3 ] DEBUG Engine               - title: FXGL Tower Defense
18:51:42.597 [FXGL Background Thread 3 ] DEBUG Engine               - urlGithub: https://github.com/AlmasB/FXGL
18:51:42.597 [FXGL Background Thread 3 ] DEBUG Engine               - urlLeaderboard: http://fxgl-top.herokuapp.com/
18:51:42.597 [FXGL Background Thread 3 ] DEBUG Engine               - urlPOM: https://raw.githubusercontent.com/AlmasB/FXGL/release/README.md
18:51:42.597 [FXGL Background Thread 3 ] DEBUG Engine               - userAppClass: class TowerDefenseApp
18:51:42.597 [FXGL Background Thread 3 ] DEBUG Engine               - version: 0.0
18:51:42.597 [FXGL Background Thread 3 ] DEBUG Engine               - versionCheckDays: 7
18:51:42.597 [FXGL Background Thread 3 ] DEBUG Engine               - width: 1600
18:51:42.597 [FXGL Background Thread 3 ] DEBUG Engine               - Logging services
18:51:42.597 [FXGL Background Thread 3 ] DEBUG Engine               - class com.almasb.fxgl.app.services.FXGLAssetLoaderService
18:51:42.597 [FXGL Background Thread 3 ] DEBUG Engine               - class com.almasb.fxgl.app.FXGLApplication$GameApplicationService
18:51:42.597 [FXGL Background Thread 3 ] DEBUG Engine               - class com.almasb.fxgl.app.services.FXGLDialogService
18:51:42.597 [FXGL Background Thread 3 ] DEBUG Engine               - class com.almasb.fxgl.app.services.IOTaskExecutorService
18:51:42.597 [FXGL Background Thread 3 ] DEBUG Engine               - class com.almasb.fxgl.io.FileSystemService
18:51:42.597 [FXGL Background Thread 3 ] DEBUG Engine               - class com.almasb.fxgl.localization.LocalizationService
18:51:42.597 [FXGL Background Thread 3 ] DEBUG Engine               - class com.almasb.fxgl.app.services.SystemBundleService
18:51:42.597 [FXGL Background Thread 3 ] DEBUG Engine               - class com.almasb.fxgl.profile.SaveLoadService
18:51:42.597 [FXGL Background Thread 3 ] DEBUG Engine               - class com.almasb.fxgl.ui.FXGLUIFactoryServiceProvider
18:51:42.597 [FXGL Background Thread 3 ] DEBUG Engine               - class com.almasb.fxgl.ui.FXGLDialogFactoryServiceProvider
18:51:42.597 [FXGL Background Thread 3 ] DEBUG Engine               - class com.almasb.fxgl.audio.AudioPlayer
18:51:42.597 [FXGL Background Thread 3 ] DEBUG Engine               - class com.almasb.fxgl.notification.impl.NotificationServiceProvider
18:51:42.597 [FXGL Background Thread 3 ] DEBUG Engine               - class com.almasb.fxgl.achievement.AchievementService
18:51:42.597 [FXGL Background Thread 3 ] DEBUG Engine               - class com.almasb.fxgl.cutscene.CutsceneService
18:51:42.597 [FXGL Background Thread 3 ] DEBUG Engine               - class com.almasb.fxgl.minigames.MiniGameService
18:51:42.597 [FXGL Background Thread 3 ] DEBUG Engine               - class com.almasb.fxgl.net.NetService
18:51:42.598 [FXGL Background Thread 3 ] DEBUG Engine               - class com.almasb.fxgl.app.services.UpdaterService
18:51:42.598 [FXGL Background Thread 3 ] DEBUG Engine               - class com.almasb.fxgl.dev.DevService
18:55:45.689 [JavaFX Application Thread] DEBUG FXGLApplication      - Exiting FXGL
18:55:45.692 [JavaFX Application Thread] DEBUG LoopRunner           - Stopping loop
18:55:45.692 [JavaFX Application Thread] DEBUG SystemBundleService  - Saving FXGL system data
18:55:45.705 [JavaFX Application Thread] DEBUG FileSystemAccess     - Writing to: /Users/karinasang/Sherry/Teaching/TowerDefense/system/fxgl.bundle
18:55:45.712 [JavaFX Application Thread] DEBUG Async                - Shutting down background threads
18:55:45.713 [JavaFX Application Thread] DEBUG PrimaryStageWindow   - Closing main window
18:55:45.724 [JavaFX Application Thread] DEBUG Logger               - Closing Logger
