19:09:55.638 [main                     ] DEBUG Logger               - Configured Logger
19:09:55.658 [main                     ] DEBUG GameApplication      - Logging settings
Title: FXGL Tower Defense
Version: 0.0
Width: 1600
Height: 896
Fullscreen: false
Intro: false
Profiling: false
Single step:false
App Mode: DEVELOPER
Menu Key: ESCAPE
Stage Style: DECORATED
Scene Factory: class com.almasb.fxgl.app.scene.SceneFactory

19:09:55.908 [JavaFX Application Thread] DEBUG FXGLApplication      - Initializing FXGL
19:09:55.910 [JavaFX Application Thread] INFO  Engine               - FXGL-17.1 (24.03.2022 17.34) on MAC (J:19.0.1 FX:18)
19:09:55.910 [JavaFX Application Thread] DEBUG Engine               - JRE Vendor Name: Oracle Corporation
19:09:55.911 [JavaFX Application Thread] DEBUG Engine               - Running on OS: Mac OS X version 13.3.1
19:09:55.911 [JavaFX Application Thread] DEBUG Engine               - Architecture: aarch64
19:09:55.911 [JavaFX Application Thread] INFO  Engine               - Source code and latest versions at: https://github.com/AlmasB/FXGL
19:09:55.911 [JavaFX Application Thread] INFO  Engine               -       Ask questions and discuss at: https://github.com/AlmasB/FXGL/discussions
19:09:55.911 [JavaFX Application Thread] INFO  Engine               -              Join the FXGL chat at: https://gitter.im/AlmasB/FXGL
19:09:55.952 [JavaFX Application Thread] DEBUG PrimaryStageWindow   - Creating a JavaFX scene
19:09:55.952 [JavaFX Application Thread] DEBUG PrimaryStageWindow   - Target size > screen size
19:09:55.970 [JavaFX Application Thread] DEBUG PrimaryStageWindow   - Target settings size: 1600.0 x 896.0
19:09:55.971 [JavaFX Application Thread] DEBUG PrimaryStageWindow   - Scaled scene size:    1412.0 x 804.0
19:09:55.971 [JavaFX Application Thread] DEBUG PrimaryStageWindow   - Scaled ratio: (0.8825, 0.8973214285714286)
19:09:55.971 [JavaFX Application Thread] DEBUG PrimaryStageWindow   - Set initial scene to FXGLStartupScene
19:09:55.973 [JavaFX Application Thread] DEBUG PrimaryStageWindow   - Opening main window
19:09:56.043 [JavaFX Application Thread] DEBUG PrimaryStageWindow   - Window border size: (0.0, 28.0)
19:09:56.043 [JavaFX Application Thread] DEBUG PrimaryStageWindow   - Scaled size: 1412.0 x 804.0
19:09:56.043 [JavaFX Application Thread] DEBUG PrimaryStageWindow   - Scaled ratio: (0.8825, 0.8973214285714286)
19:09:56.043 [JavaFX Application Thread] DEBUG PrimaryStageWindow   - Scene size: 1412.0 x 804.0
19:09:56.043 [JavaFX Application Thread] DEBUG PrimaryStageWindow   - Stage size: 1412.0 x 832.0
19:09:56.048 [FXGL Background Thread 1 ] DEBUG Engine               - Initializing environment variables
19:09:56.069 [FXGL Background Thread 1 ] DEBUG FXGLAssetLoaderServi - User app class for loading assets: class game.TowerDefenseApp
19:09:56.069 [FXGL Background Thread 1 ] DEBUG GameApplicationServi - Applying CSS: fxgl_dark.css
19:09:56.069 [FXGL Background Thread 1 ] DEBUG FXGLAssetLoaderServi - Loading from file system: jar:file:///Users/karinasang/.m2/repository/com/github/almasb/fxgl/17.1/fxgl-17.1.jar!/fxglassets/ui/css/fxgl_dark.css
19:09:56.093 [FXGL Background Thread 1 ] DEBUG GameApplicationServi - Initializing application scenes
19:09:56.173 [FXGL Background Thread 1 ] DEBUG GameWorld            - Game world initialized
19:09:56.206 [FXGL Background Thread 1 ] DEBUG PhysicsWorld         - Physics world initialized: appHeight=896, physics.ppm=50.0
19:09:56.206 [FXGL Background Thread 1 ] DEBUG PhysicsWorld         - Using strategy: BRUTE_FORCE
19:09:56.208 [FXGL Background Thread 1 ] DEBUG GameScene            - Game scene initialized: 1600x896
19:09:56.214 [FXGL Background Thread 1 ] DEBUG FXGL.DefaultMenu     - createMenuBodyGameMenu()
19:09:56.221 [FXGL Background Thread 1 ] DEBUG FXGL.DefaultMenu     - createOptionsMenu()
19:09:56.225 [FXGL Background Thread 1 ] DEBUG FXGLAssetLoaderServi - Loading from file system: jar:file:///Users/karinasang/.m2/repository/com/github/almasb/fxgl/17.1/fxgl-17.1.jar!/fxglassets/textures/particles/smoke.png
19:09:56.276 [FXGL Background Thread 1 ] DEBUG FXGLAssetLoaderServi - Loading from file system: jar:file:///Users/karinasang/.m2/repository/com/github/almasb/fxgl/17.1/fxgl-17.1.jar!/fxglassets/textures/particles/trace_horizontal.png
19:09:56.290 [FXGL Background Thread 1 ] DEBUG GameApplicationServi - Application scenes initialized
19:09:56.294 [FXGL Background Thread 1 ] DEBUG SystemBundleService  - Loading FXGL system data
19:09:56.296 [FXGL Background Thread 1 ] DEBUG FileSystemAccess     - Reading from: /Users/karinasang/Sherry/Teaching/TowerDefense/system/fxgl.bundle
19:09:56.300 [FXGL Background Thread 1 ] DEBUG SystemBundleService  - Bundle FXGL: {}
19:09:56.300 [FXGL Background Thread 1 ] DEBUG UpdaterService       - Checking for updates
19:09:56.301 [FXGL Background Thread 4 ] DEBUG FXGLApplication      - Loading fonts
19:09:56.302 [FXGL Background Thread 1 ] DEBUG FXGLApplication      - Loading default localization
19:09:56.302 [FXGL Background Thread 4 ] DEBUG FXGLAssetLoaderServi - Loading from file system: jar:file:///Users/karinasang/.m2/repository/com/github/almasb/fxgl/17.1/fxgl-17.1.jar!/fxglassets/ui/fonts/VarelaRound-Regular.ttf
19:09:56.302 [FXGL Background Thread 1 ] DEBUG FXGLAssetLoaderServi - Loading from file system: jar:file:///Users/karinasang/.m2/repository/com/github/almasb/fxgl/17.1/fxgl-17.1.jar!/fxglassets/languages/english.lang
19:09:56.311 [FXGL Background Thread 4 ] DEBUG FXGLAssetLoaderServi - Loading from file system: jar:file:///Users/karinasang/.m2/repository/com/github/almasb/fxgl/17.1/fxgl-17.1.jar!/fxglassets/ui/fonts/Abel-Regular.ttf
19:09:56.312 [FXGL Background Thread 1 ] INFO  FXGLApplication      - FXGL initialization took: 0.264 sec
19:09:56.313 [JavaFX Application Thread] DEBUG FXGLAssetLoaderServi - Loading from file system: jar:file:///Users/karinasang/.m2/repository/com/github/almasb/fxgl/17.1/fxgl-17.1.jar!/fxglassets/textures/fxgl_icon.png
19:09:56.313 [FXGL Background Thread 4 ] DEBUG FXGLAssetLoaderServi - Loading from file system: jar:file:///Users/karinasang/.m2/repository/com/github/almasb/fxgl/17.1/fxgl-17.1.jar!/fxglassets/ui/fonts/TerminalLandMono-Regular.otf
19:09:56.315 [FXGL Background Thread 4 ] DEBUG FXGLAssetLoaderServi - Loading from file system: jar:file:///Users/karinasang/.m2/repository/com/github/almasb/fxgl/17.1/fxgl-17.1.jar!/fxglassets/ui/fonts/Courier-Prime.ttf
19:09:56.328 [JavaFX Application Thread] DEBUG FXGLAssetLoaderServi - Loading from file system: jar:file:///Users/karinasang/.m2/repository/com/github/almasb/fxgl/17.1/fxgl-17.1.jar!/fxglassets/textures/fxgl_default_cursor.png
19:09:56.333 [JavaFX Application Thread] DEBUG Input                - Registered new binding: Screenshot - CTRL+8
19:09:56.333 [JavaFX Application Thread] DEBUG Input                - Registered new binding: System info dump - CTRL+9
19:09:56.333 [JavaFX Application Thread] DEBUG Input                - Registered new binding: Restart - CTRL+R
19:09:56.333 [JavaFX Application Thread] DEBUG Input                - Registered new binding: Toggle Debug Camera - CTRL+7
19:09:56.334 [JavaFX Application Thread] DEBUG LoopRunner           - Starting loop
19:09:56.334 [JavaFX Application Thread] DEBUG LoopRunner           - Initializing JavaFX AnimationTimerLoop
19:09:56.334 [JavaFX Application Thread] DEBUG GameApplicationServi - Starting new game
19:09:56.335 [JavaFX Application Thread] DEBUG Input                - Clearing active input actions
19:09:56.339 [JavaFX Application Thread] DEBUG GameApplicationServi - Removing overlay from FXGLStartupScene and adding to FXGLLoadingScene
19:09:56.339 [JavaFX Application Thread] DEBUG PrimaryStageWindow   - FXGLStartupScene -> FXGLLoadingScene
19:09:56.339 [JavaFX Application Thread] DEBUG GameApplicationServi - Clearing previous game
19:09:56.339 [JavaFX Application Thread] DEBUG GameScene            - Clearing game scene
19:09:56.339 [JavaFX Application Thread] DEBUG GameWorld            - Clearing game world
19:09:56.339 [JavaFX Application Thread] DEBUG PhysicsWorld         - Clearing physics world
19:09:56.340 [FXGL Background Thread 4 ] DEBUG FXGLApplication      - Initializing game
19:09:56.341 [FXGL Background Thread 4 ] DEBUG FXGLAssetLoaderServi - Loading JSON from: file:/Users/karinasang/Sherry/Teaching/TowerDefense/target/classes/assets/towers/tower1.json
19:09:56.360 [JavaFX Application Thread] DEBUG FXGLApplication      - Registering font factories with UI factory
19:09:56.451 [FXGL Background Thread 4 ] DEBUG FXGLAssetLoaderServi - Loading JSON from: file:/Users/karinasang/Sherry/Teaching/TowerDefense/target/classes/assets/towers/tower2.json
19:09:56.452 [FXGL Background Thread 4 ] DEBUG FXGLAssetLoaderServi - Loading JSON from: file:/Users/karinasang/Sherry/Teaching/TowerDefense/target/classes/assets/towers/tower3.json
19:09:56.453 [FXGL Background Thread 4 ] DEBUG FXGLAssetLoaderServi - Loading JSON from: file:/Users/karinasang/Sherry/Teaching/TowerDefense/target/classes/assets/towers/tower4.json
19:09:56.454 [FXGL Background Thread 4 ] DEBUG FXGLAssetLoaderServi - Loading JSON from: file:/Users/karinasang/Sherry/Teaching/TowerDefense/target/classes/assets/towers/tower5.json
19:09:56.455 [FXGL Background Thread 4 ] DEBUG FXGLAssetLoaderServi - Loading from file system: file:/Users/karinasang/Sherry/Teaching/TowerDefense/target/classes/assets/textures/towers/tower1.png
19:09:56.457 [FXGL Background Thread 4 ] DEBUG FXGLAssetLoaderServi - Loading from file system: file:/Users/karinasang/Sherry/Teaching/TowerDefense/target/classes/assets/textures/towers/tower2.png
19:09:56.458 [FXGL Background Thread 4 ] DEBUG FXGLAssetLoaderServi - Loading from file system: file:/Users/karinasang/Sherry/Teaching/TowerDefense/target/classes/assets/textures/towers/tower3.png
19:09:56.458 [FXGL Background Thread 4 ] DEBUG FXGLAssetLoaderServi - Loading from file system: file:/Users/karinasang/Sherry/Teaching/TowerDefense/target/classes/assets/textures/towers/tower4.png
19:09:56.459 [FXGL Background Thread 4 ] DEBUG FXGLAssetLoaderServi - Loading from file system: file:/Users/karinasang/Sherry/Teaching/TowerDefense/target/classes/assets/textures/towers/tower5.png
19:09:56.523 [FXGL Background Thread 4 ] WARN  TMXLevelLoader       - TiledMap generated from 1.9.2. Supported version: 1.4.2. Some features may not be parsed fully.
19:09:56.533 [FXGL Background Thread 4 ] DEBUG TMXLevelLoader       - Parsed TiledMap: file:/Users/karinasang/Sherry/Teaching/TowerDefense/target/classes/assets/levels/tmx/map1.tmx
19:09:56.533 [FXGL Background Thread 4 ] DEBUG TMXLevelLoader       - Creating tile layer entities
19:09:56.534 [FXGL Background Thread 4 ] DEBUG TilesetLoader        - Loading view for layer background
19:09:56.535 [FXGL Background Thread 4 ] DEBUG TilesetLoader        - Created buffer with size 1600.0x960.0
19:09:56.572 [FXGL Background Thread 4 ] DEBUG TilesetLoader        - Loading view for layer decor
19:09:56.573 [FXGL Background Thread 4 ] DEBUG TilesetLoader        - Created buffer with size 1600.0x960.0
19:09:56.573 [FXGL Background Thread 4 ] DEBUG TMXLevelLoader       - Creating object layer entities
19:09:56.580 [FXGL Background Thread 4 ] DEBUG GameWorld            - Clearing removable entities
19:09:56.580 [FXGL Background Thread 4 ] DEBUG GameWorld            - Setting level: com.almasb.fxgl.entity.level.Level@56ff6817
19:09:56.582 [FXGL Background Thread 4 ] DEBUG FXGLAssetLoaderServi - Loading from file system: file:/Users/karinasang/Sherry/Teaching/TowerDefense/target/classes/assets/textures/enemies/enemy2.png
19:09:56.584 [FXGL Background Thread 4 ] INFO  FXGLApplication      - Game initialization took: 0.244 sec
19:09:56.584 [JavaFX Application Thread] DEBUG Input                - Clearing active input actions
19:09:56.588 [JavaFX Application Thread] DEBUG GameApplicationServi - Removing overlay from FXGLLoadingScene and adding to GameScene
19:09:56.588 [JavaFX Application Thread] DEBUG PrimaryStageWindow   - FXGLLoadingScene -> GameScene
19:09:56.689 [FXGL Background Thread 2 ] INFO  UpdaterService       - Your current version:  17.1
19:09:56.689 [FXGL Background Thread 2 ] INFO  UpdaterService       - Latest stable version: 17.3
19:09:57.546 [JavaFX Application Thread] DEBUG FXGLAssetLoaderServi - Loading from file system: file:/Users/karinasang/Sherry/Teaching/TowerDefense/target/classes/assets/textures/bullets/bullet.png
19:09:59.302 [FXGL Background Thread 3 ] DEBUG Engine               - Logging environment variables
19:09:59.303 [FXGL Background Thread 3 ] DEBUG Engine               - achievements: []
19:09:59.303 [FXGL Background Thread 3 ] DEBUG Engine               - actualHeight: 804.0
19:09:59.303 [FXGL Background Thread 3 ] DEBUG Engine               - actualHeightProperty: ReadOnlyDoubleProperty [value: 804.0]
19:09:59.303 [FXGL Background Thread 3 ] DEBUG Engine               - actualWidth: 1412.0
19:09:59.303 [FXGL Background Thread 3 ] DEBUG Engine               - actualWidthProperty: ReadOnlyDoubleProperty [value: 1412.0]
19:09:59.303 [FXGL Background Thread 3 ] DEBUG Engine               - appIcon: fxgl_icon.png
19:09:59.303 [FXGL Background Thread 3 ] DEBUG Engine               - applicationMode: DEVELOPER
19:09:59.303 [FXGL Background Thread 3 ] DEBUG Engine               - cSSList: [fxgl_dark.css]
19:09:59.303 [FXGL Background Thread 3 ] DEBUG Engine               - collisionDetectionStrategy: BRUTE_FORCE
19:09:59.303 [FXGL Background Thread 3 ] DEBUG Engine               - configClass: Optional.empty
19:09:59.303 [FXGL Background Thread 3 ] DEBUG Engine               - credits: []
19:09:59.303 [FXGL Background Thread 3 ] DEBUG Engine               - defaultCursor: CursorInfo(imageName=fxgl_default_cursor.png, hotspotX=7.0, hotspotY=6.0)
19:09:59.303 [FXGL Background Thread 3 ] DEBUG Engine               - devBBoxColorProperty: ObjectProperty [value: 0xff0000ff]
19:09:59.303 [FXGL Background Thread 3 ] DEBUG Engine               - devEnableDebugCameraProperty: BooleanProperty [value: false]
19:09:59.303 [FXGL Background Thread 3 ] DEBUG Engine               - devSensorColorProperty: ObjectProperty [value: 0xffff00ff]
19:09:59.303 [FXGL Background Thread 3 ] DEBUG Engine               - devShowBBoxProperty: BooleanProperty [value: false]
19:09:59.303 [FXGL Background Thread 3 ] DEBUG Engine               - devShowPositionProperty: BooleanProperty [value: false]
19:09:59.303 [FXGL Background Thread 3 ] DEBUG Engine               - enabledMenuItems: []
19:09:59.303 [FXGL Background Thread 3 ] DEBUG Engine               - engineServices: [class com.almasb.fxgl.app.services.FXGLAssetLoaderService, class com.almasb.fxgl.app.FXGLApplication$GameApplicationService, class com.almasb.fxgl.app.services.FXGLDialogService, class com.almasb.fxgl.app.services.IOTaskExecutorService, class com.almasb.fxgl.io.FileSystemService, class com.almasb.fxgl.localization.LocalizationService, class com.almasb.fxgl.app.services.SystemBundleService, class com.almasb.fxgl.profile.SaveLoadService, class com.almasb.fxgl.ui.FXGLUIFactoryServiceProvider, class com.almasb.fxgl.ui.FXGLDialogFactoryServiceProvider, class com.almasb.fxgl.audio.AudioPlayer, class com.almasb.fxgl.notification.impl.NotificationServiceProvider, class com.almasb.fxgl.achievement.AchievementService, class com.almasb.fxgl.cutscene.CutsceneService, class com.almasb.fxgl.minigames.MiniGameService, class com.almasb.fxgl.net.NetService, class com.almasb.fxgl.app.services.UpdaterService, class com.almasb.fxgl.dev.DevService]
19:09:59.303 [FXGL Background Thread 3 ] DEBUG Engine               - fontGame: Abel-Regular.ttf
19:09:59.303 [FXGL Background Thread 3 ] DEBUG Engine               - fontMono: TerminalLandMono-Regular.otf
19:09:59.303 [FXGL Background Thread 3 ] DEBUG Engine               - fontText: Courier-Prime.ttf
19:09:59.303 [FXGL Background Thread 3 ] DEBUG Engine               - fontUI: VarelaRound-Regular.ttf
19:09:59.304 [FXGL Background Thread 3 ] DEBUG Engine               - fullScreen: BooleanProperty [value: false]
19:09:59.304 [FXGL Background Thread 3 ] DEBUG Engine               - gameDifficulty: MEDIUM
19:09:59.304 [FXGL Background Thread 3 ] DEBUG Engine               - gameDifficultyProperty: ObjectProperty [value: MEDIUM]
19:09:59.304 [FXGL Background Thread 3 ] DEBUG Engine               - globalMusicVolume: 0.5
19:09:59.304 [FXGL Background Thread 3 ] DEBUG Engine               - globalMusicVolumeProperty: DoubleProperty [value: 0.5]
19:09:59.304 [FXGL Background Thread 3 ] DEBUG Engine               - globalSoundVolume: 0.5
19:09:59.304 [FXGL Background Thread 3 ] DEBUG Engine               - globalSoundVolumeProperty: DoubleProperty [value: 0.5]
19:09:59.304 [FXGL Background Thread 3 ] DEBUG Engine               - height: 896
19:09:59.304 [FXGL Background Thread 3 ] DEBUG Engine               - is3D: false
19:09:59.304 [FXGL Background Thread 3 ] DEBUG Engine               - isAndroid: false
19:09:59.304 [FXGL Background Thread 3 ] DEBUG Engine               - isBrowser: false
19:09:59.304 [FXGL Background Thread 3 ] DEBUG Engine               - isClickFeedbackEnabled: false
19:09:59.304 [FXGL Background Thread 3 ] DEBUG Engine               - isCloseConfirmation: false
19:09:59.304 [FXGL Background Thread 3 ] DEBUG Engine               - isDesktop: true
19:09:59.304 [FXGL Background Thread 3 ] DEBUG Engine               - isDeveloperMenuEnabled: false
19:09:59.304 [FXGL Background Thread 3 ] DEBUG Engine               - isEmbedded: false
19:09:59.304 [FXGL Background Thread 3 ] DEBUG Engine               - isEntityPreloadEnabled: true
19:09:59.304 [FXGL Background Thread 3 ] DEBUG Engine               - isExperimentalTiledLargeMap: false
19:09:59.304 [FXGL Background Thread 3 ] DEBUG Engine               - isFileSystemWriteAllowed: true
19:09:59.304 [FXGL Background Thread 3 ] DEBUG Engine               - isFullScreenAllowed: false
19:09:59.304 [FXGL Background Thread 3 ] DEBUG Engine               - isFullScreenFromStart: false
19:09:59.304 [FXGL Background Thread 3 ] DEBUG Engine               - isGameMenuEnabled: true
19:09:59.304 [FXGL Background Thread 3 ] DEBUG Engine               - isIOS: false
19:09:59.304 [FXGL Background Thread 3 ] DEBUG Engine               - isIntroEnabled: false
19:09:59.304 [FXGL Background Thread 3 ] DEBUG Engine               - isLinux: false
19:09:59.304 [FXGL Background Thread 3 ] DEBUG Engine               - isMac: true
19:09:59.304 [FXGL Background Thread 3 ] DEBUG Engine               - isMainMenuEnabled: false
19:09:59.304 [FXGL Background Thread 3 ] DEBUG Engine               - isManualResizeEnabled: false
19:09:59.304 [FXGL Background Thread 3 ] DEBUG Engine               - isMobile: false
19:09:59.304 [FXGL Background Thread 3 ] DEBUG Engine               - isNative: false
19:09:59.304 [FXGL Background Thread 3 ] DEBUG Engine               - isPauseMusicWhenMinimized: true
19:09:59.305 [FXGL Background Thread 3 ] DEBUG Engine               - isPreserveResizeRatio: false
19:09:59.305 [FXGL Background Thread 3 ] DEBUG Engine               - isProfilingEnabled: false
19:09:59.305 [FXGL Background Thread 3 ] DEBUG Engine               - isScaleAffectedOnResize: true
19:09:59.305 [FXGL Background Thread 3 ] DEBUG Engine               - isSingleStep: false
19:09:59.305 [FXGL Background Thread 3 ] DEBUG Engine               - isUserProfileEnabled: false
19:09:59.305 [FXGL Background Thread 3 ] DEBUG Engine               - isWindows: false
19:09:59.305 [FXGL Background Thread 3 ] DEBUG Engine               - language: ObjectProperty [value: ENGLISH]
19:09:59.305 [FXGL Background Thread 3 ] DEBUG Engine               - menuKey: ESCAPE
19:09:59.305 [FXGL Background Thread 3 ] DEBUG Engine               - mouseSensitivity: 0.2
19:09:59.305 [FXGL Background Thread 3 ] DEBUG Engine               - notificationViewClass: class com.almasb.fxgl.notification.view.XboxNotificationView
19:09:59.305 [FXGL Background Thread 3 ] DEBUG Engine               - pixelsPerMeter: 50.0
19:09:59.305 [FXGL Background Thread 3 ] DEBUG Engine               - platform: MAC
19:09:59.305 [FXGL Background Thread 3 ] DEBUG Engine               - prefHeightProperty: ReadOnlyDoubleProperty [value: 896.0]
19:09:59.305 [FXGL Background Thread 3 ] DEBUG Engine               - prefWidthProperty: ReadOnlyDoubleProperty [value: 1600.0]
19:09:59.305 [FXGL Background Thread 3 ] DEBUG Engine               - profileDir: profiles/
19:09:59.305 [FXGL Background Thread 3 ] DEBUG Engine               - profileName: StringProperty [value: DEFAULT]
19:09:59.305 [FXGL Background Thread 3 ] DEBUG Engine               - randomSeed: -1
19:09:59.305 [FXGL Background Thread 3 ] DEBUG Engine               - runtimeInfo: RuntimeInfo(platform=MAC, version=17.1, build=24.03.2022 17.34)
19:09:59.305 [FXGL Background Thread 3 ] DEBUG Engine               - saveFileExt: sav
19:09:59.305 [FXGL Background Thread 3 ] DEBUG Engine               - scaledHeightProp$fxgl: DoubleProperty [bound, value: 804.0]
19:09:59.305 [FXGL Background Thread 3 ] DEBUG Engine               - scaledWidthProp$fxgl: DoubleProperty [bound, value: 1412.0]
19:09:59.305 [FXGL Background Thread 3 ] DEBUG Engine               - sceneFactory: com.almasb.fxgl.app.scene.SceneFactory@58f5568d
19:09:59.305 [FXGL Background Thread 3 ] DEBUG Engine               - secondsIn24h: 60
19:09:59.305 [FXGL Background Thread 3 ] DEBUG Engine               - soundMenuBack: menu/back.wav
19:09:59.305 [FXGL Background Thread 3 ] DEBUG Engine               - soundMenuPress: menu/press.wav
19:09:59.305 [FXGL Background Thread 3 ] DEBUG Engine               - soundMenuSelect: menu/select.wav
19:09:59.305 [FXGL Background Thread 3 ] DEBUG Engine               - soundNotification: core/notification.wav
19:09:59.305 [FXGL Background Thread 3 ] DEBUG Engine               - stageStyle: DECORATED
19:09:59.305 [FXGL Background Thread 3 ] DEBUG Engine               - supportedLanguages: [ENGLISH, FRENCH, GERMAN, HUNGARIAN, RUSSIAN]
19:09:59.305 [FXGL Background Thread 3 ] DEBUG Engine               - ticksPerSecond: -1
19:09:59.305 [FXGL Background Thread 3 ] DEBUG Engine               - title: FXGL Tower Defense
19:09:59.306 [FXGL Background Thread 3 ] DEBUG Engine               - urlGithub: https://github.com/AlmasB/FXGL
19:09:59.306 [FXGL Background Thread 3 ] DEBUG Engine               - urlLeaderboard: http://fxgl-top.herokuapp.com/
19:09:59.306 [FXGL Background Thread 3 ] DEBUG Engine               - urlPOM: https://raw.githubusercontent.com/AlmasB/FXGL/release/README.md
19:09:59.306 [FXGL Background Thread 3 ] DEBUG Engine               - userAppClass: class game.TowerDefenseApp
19:09:59.306 [FXGL Background Thread 3 ] DEBUG Engine               - version: 0.0
19:09:59.306 [FXGL Background Thread 3 ] DEBUG Engine               - versionCheckDays: 7
19:09:59.306 [FXGL Background Thread 3 ] DEBUG Engine               - width: 1600
19:09:59.306 [FXGL Background Thread 3 ] DEBUG Engine               - Logging services
19:09:59.306 [FXGL Background Thread 3 ] DEBUG Engine               - class com.almasb.fxgl.app.services.FXGLAssetLoaderService
19:09:59.306 [FXGL Background Thread 3 ] DEBUG Engine               - class com.almasb.fxgl.app.FXGLApplication$GameApplicationService
19:09:59.306 [FXGL Background Thread 3 ] DEBUG Engine               - class com.almasb.fxgl.app.services.FXGLDialogService
19:09:59.306 [FXGL Background Thread 3 ] DEBUG Engine               - class com.almasb.fxgl.app.services.IOTaskExecutorService
19:09:59.306 [FXGL Background Thread 3 ] DEBUG Engine               - class com.almasb.fxgl.io.FileSystemService
19:09:59.306 [FXGL Background Thread 3 ] DEBUG Engine               - class com.almasb.fxgl.localization.LocalizationService
19:09:59.306 [FXGL Background Thread 3 ] DEBUG Engine               - class com.almasb.fxgl.app.services.SystemBundleService
19:09:59.306 [FXGL Background Thread 3 ] DEBUG Engine               - class com.almasb.fxgl.profile.SaveLoadService
19:09:59.306 [FXGL Background Thread 3 ] DEBUG Engine               - class com.almasb.fxgl.ui.FXGLUIFactoryServiceProvider
19:09:59.306 [FXGL Background Thread 3 ] DEBUG Engine               - class com.almasb.fxgl.ui.FXGLDialogFactoryServiceProvider
19:09:59.306 [FXGL Background Thread 3 ] DEBUG Engine               - class com.almasb.fxgl.audio.AudioPlayer
19:09:59.306 [FXGL Background Thread 3 ] DEBUG Engine               - class com.almasb.fxgl.notification.impl.NotificationServiceProvider
19:09:59.306 [FXGL Background Thread 3 ] DEBUG Engine               - class com.almasb.fxgl.achievement.AchievementService
19:09:59.306 [FXGL Background Thread 3 ] DEBUG Engine               - class com.almasb.fxgl.cutscene.CutsceneService
19:09:59.306 [FXGL Background Thread 3 ] DEBUG Engine               - class com.almasb.fxgl.minigames.MiniGameService
19:09:59.306 [FXGL Background Thread 3 ] DEBUG Engine               - class com.almasb.fxgl.net.NetService
19:09:59.306 [FXGL Background Thread 3 ] DEBUG Engine               - class com.almasb.fxgl.app.services.UpdaterService
19:09:59.306 [FXGL Background Thread 3 ] DEBUG Engine               - class com.almasb.fxgl.dev.DevService
19:09:59.981 [JavaFX Application Thread] DEBUG FXGLApplication      - Exiting FXGL
19:09:59.981 [JavaFX Application Thread] DEBUG LoopRunner           - Stopping loop
19:09:59.982 [JavaFX Application Thread] DEBUG SystemBundleService  - Saving FXGL system data
19:09:59.983 [JavaFX Application Thread] DEBUG FileSystemAccess     - Writing to: /Users/karinasang/Sherry/Teaching/TowerDefense/system/fxgl.bundle
19:09:59.984 [JavaFX Application Thread] DEBUG Async                - Shutting down background threads
19:09:59.984 [JavaFX Application Thread] DEBUG PrimaryStageWindow   - Closing main window
19:09:59.990 [JavaFX Application Thread] DEBUG Logger               - Closing Logger
