19:03:41.642 [main                     ] DEBUG Logger               - Configured Logger
19:03:41.660 [main                     ] DEBUG GameApplication      - Logging settings
Title: FXGL Tower Defense
Version: 0.0
Width: 1600
Height: 896
Fullscreen: false
Intro: false
Profiling: false
Single step:false
App Mode: DEVELOPER
Menu Key: ESCAPE
Stage Style: DECORATED
Scene Factory: class com.almasb.fxgl.app.scene.SceneFactory

19:03:41.961 [JavaFX Application Thread] DEBUG FXGLApplication      - Initializing FXGL
19:03:41.963 [JavaFX Application Thread] INFO  Engine               - FXGL-17.1 (24.03.2022 17.34) on MAC (J:19.0.1 FX:18)
19:03:41.964 [JavaFX Application Thread] DEBUG Engine               - JRE Vendor Name: Oracle Corporation
19:03:41.964 [JavaFX Application Thread] DEBUG Engine               - Running on OS: Mac OS X version 13.0.1
19:03:41.964 [JavaFX Application Thread] DEBUG Engine               - Architecture: aarch64
19:03:41.964 [JavaFX Application Thread] INFO  Engine               - Source code and latest versions at: https://github.com/AlmasB/FXGL
19:03:41.964 [JavaFX Application Thread] INFO  Engine               -       Ask questions and discuss at: https://github.com/AlmasB/FXGL/discussions
19:03:41.964 [JavaFX Application Thread] INFO  Engine               -              Join the FXGL chat at: https://gitter.im/AlmasB/FXGL
19:03:42.019 [JavaFX Application Thread] DEBUG PrimaryStageWindow   - Creating a JavaFX scene
19:03:42.019 [JavaFX Application Thread] DEBUG PrimaryStageWindow   - Target size > screen size
19:03:42.041 [JavaFX Application Thread] DEBUG PrimaryStageWindow   - Target settings size: 1600.0 x 896.0
19:03:42.041 [JavaFX Application Thread] DEBUG PrimaryStageWindow   - Scaled scene size:    1415.0 x 806.0
19:03:42.041 [JavaFX Application Thread] DEBUG PrimaryStageWindow   - Scaled ratio: (0.884375, 0.8995535714285714)
19:03:42.041 [JavaFX Application Thread] DEBUG PrimaryStageWindow   - Set initial scene to FXGLStartupScene
19:03:42.045 [JavaFX Application Thread] DEBUG PrimaryStageWindow   - Opening main window
19:03:42.159 [JavaFX Application Thread] DEBUG PrimaryStageWindow   - Window border size: (0.0, 28.0)
19:03:42.159 [JavaFX Application Thread] DEBUG PrimaryStageWindow   - Scaled size: 1415.0 x 806.0
19:03:42.159 [JavaFX Application Thread] DEBUG PrimaryStageWindow   - Scaled ratio: (0.884375, 0.8995535714285714)
19:03:42.160 [JavaFX Application Thread] DEBUG PrimaryStageWindow   - Scene size: 1415.0 x 806.0
19:03:42.160 [JavaFX Application Thread] DEBUG PrimaryStageWindow   - Stage size: 1415.0 x 834.0
19:03:42.164 [FXGL Background Thread 1 ] DEBUG Engine               - Initializing environment variables
19:03:42.243 [FXGL Background Thread 1 ] DEBUG FXGLAssetLoaderServi - User app class for loading assets: class TowerDefenseApp
19:03:42.244 [FXGL Background Thread 1 ] DEBUG GameApplicationServi - Applying CSS: fxgl_dark.css
19:03:42.244 [FXGL Background Thread 1 ] DEBUG FXGLAssetLoaderServi - Loading from file system: jar:file:/Users/karinasang/.m2/repository/com/github/almasb/fxgl/17.1/fxgl-17.1.jar!/fxglassets/ui/css/fxgl_dark.css
19:03:42.279 [FXGL Background Thread 1 ] DEBUG GameApplicationServi - Initializing application scenes
19:03:42.394 [FXGL Background Thread 1 ] DEBUG GameWorld            - Game world initialized
19:03:42.420 [FXGL Background Thread 1 ] DEBUG PhysicsWorld         - Physics world initialized: appHeight=896, physics.ppm=50.0
19:03:42.420 [FXGL Background Thread 1 ] DEBUG PhysicsWorld         - Using strategy: BRUTE_FORCE
19:03:42.422 [FXGL Background Thread 1 ] DEBUG GameScene            - Game scene initialized: 1600x896
19:03:42.431 [FXGL Background Thread 1 ] DEBUG FXGL.DefaultMenu     - createMenuBodyGameMenu()
19:03:42.444 [FXGL Background Thread 1 ] DEBUG FXGL.DefaultMenu     - createOptionsMenu()
19:03:42.449 [FXGL Background Thread 1 ] DEBUG FXGLAssetLoaderServi - Loading from file system: jar:file:/Users/karinasang/.m2/repository/com/github/almasb/fxgl/17.1/fxgl-17.1.jar!/fxglassets/textures/particles/smoke.png
19:03:42.510 [FXGL Background Thread 1 ] DEBUG FXGLAssetLoaderServi - Loading from file system: jar:file:/Users/karinasang/.m2/repository/com/github/almasb/fxgl/17.1/fxgl-17.1.jar!/fxglassets/textures/particles/trace_horizontal.png
19:03:42.529 [FXGL Background Thread 1 ] DEBUG GameApplicationServi - Application scenes initialized
19:03:42.538 [FXGL Background Thread 1 ] DEBUG SystemBundleService  - Loading FXGL system data
19:03:42.540 [FXGL Background Thread 1 ] DEBUG FileSystemAccess     - Reading from: /Users/karinasang/Sherry/Teaching/TowerDefense/system/fxgl.bundle
19:03:42.545 [FXGL Background Thread 1 ] DEBUG SystemBundleService  - Bundle FXGL: {}
19:03:42.545 [FXGL Background Thread 1 ] DEBUG UpdaterService       - Checking for updates
19:03:42.546 [FXGL Background Thread 4 ] DEBUG FXGLApplication      - Loading fonts
19:03:42.546 [FXGL Background Thread 1 ] DEBUG FXGLApplication      - Loading default localization
19:03:42.546 [FXGL Background Thread 4 ] DEBUG FXGLAssetLoaderServi - Loading from file system: jar:file:/Users/karinasang/.m2/repository/com/github/almasb/fxgl/17.1/fxgl-17.1.jar!/fxglassets/ui/fonts/VarelaRound-Regular.ttf
19:03:42.547 [FXGL Background Thread 1 ] DEBUG FXGLAssetLoaderServi - Loading from file system: jar:file:/Users/karinasang/.m2/repository/com/github/almasb/fxgl/17.1/fxgl-17.1.jar!/fxglassets/languages/english.lang
19:03:42.555 [FXGL Background Thread 4 ] DEBUG FXGLAssetLoaderServi - Loading from file system: jar:file:/Users/karinasang/.m2/repository/com/github/almasb/fxgl/17.1/fxgl-17.1.jar!/fxglassets/ui/fonts/Abel-Regular.ttf
19:03:42.557 [FXGL Background Thread 4 ] DEBUG FXGLAssetLoaderServi - Loading from file system: jar:file:/Users/karinasang/.m2/repository/com/github/almasb/fxgl/17.1/fxgl-17.1.jar!/fxglassets/ui/fonts/TerminalLandMono-Regular.otf
19:03:42.557 [FXGL Background Thread 1 ] INFO  FXGLApplication      - FXGL initialization took: 0.393 sec
19:03:42.558 [JavaFX Application Thread] DEBUG FXGLAssetLoaderServi - Loading from file system: jar:file:/Users/karinasang/.m2/repository/com/github/almasb/fxgl/17.1/fxgl-17.1.jar!/fxglassets/textures/fxgl_icon.png
19:03:42.558 [FXGL Background Thread 4 ] DEBUG FXGLAssetLoaderServi - Loading from file system: jar:file:/Users/karinasang/.m2/repository/com/github/almasb/fxgl/17.1/fxgl-17.1.jar!/fxglassets/ui/fonts/Courier-Prime.ttf
19:03:42.573 [JavaFX Application Thread] DEBUG FXGLAssetLoaderServi - Loading from file system: jar:file:/Users/karinasang/.m2/repository/com/github/almasb/fxgl/17.1/fxgl-17.1.jar!/fxglassets/textures/fxgl_default_cursor.png
19:03:42.579 [JavaFX Application Thread] DEBUG Input                - Registered new binding: Screenshot - CTRL+8
19:03:42.580 [JavaFX Application Thread] DEBUG Input                - Registered new binding: System info dump - CTRL+9
19:03:42.580 [JavaFX Application Thread] DEBUG Input                - Registered new binding: Restart - CTRL+R
19:03:42.580 [JavaFX Application Thread] DEBUG Input                - Registered new binding: Toggle Debug Camera - CTRL+7
19:03:42.581 [JavaFX Application Thread] DEBUG LoopRunner           - Starting loop
19:03:42.581 [JavaFX Application Thread] DEBUG LoopRunner           - Initializing JavaFX AnimationTimerLoop
19:03:42.581 [JavaFX Application Thread] DEBUG GameApplicationServi - Starting new game
19:03:42.582 [JavaFX Application Thread] DEBUG Input                - Clearing active input actions
19:03:42.587 [JavaFX Application Thread] DEBUG GameApplicationServi - Removing overlay from FXGLStartupScene and adding to FXGLLoadingScene
19:03:42.587 [JavaFX Application Thread] DEBUG PrimaryStageWindow   - FXGLStartupScene -> FXGLLoadingScene
19:03:42.587 [JavaFX Application Thread] DEBUG GameApplicationServi - Clearing previous game
19:03:42.587 [JavaFX Application Thread] DEBUG GameScene            - Clearing game scene
19:03:42.587 [JavaFX Application Thread] DEBUG GameWorld            - Clearing game world
19:03:42.587 [JavaFX Application Thread] DEBUG PhysicsWorld         - Clearing physics world
19:03:42.589 [FXGL Background Thread 4 ] DEBUG FXGLApplication      - Initializing game
19:03:42.612 [JavaFX Application Thread] DEBUG FXGLApplication      - Registering font factories with UI factory
19:03:42.617 [FXGL Background Thread 4 ] WARN  TMXLevelLoader       - TiledMap generated from 1.9.2. Supported version: 1.4.2. Some features may not be parsed fully.
19:03:42.639 [FXGL Background Thread 4 ] DEBUG TMXLevelLoader       - Parsed TiledMap: file:/Users/karinasang/Sherry/Teaching/TowerDefense/target/classes/assets/levels/tmx/map1.tmx
19:03:42.640 [FXGL Background Thread 4 ] DEBUG TMXLevelLoader       - Creating tile layer entities
19:03:42.641 [FXGL Background Thread 4 ] DEBUG TilesetLoader        - Loading view for layer background
19:03:42.643 [FXGL Background Thread 4 ] DEBUG TilesetLoader        - Created buffer with size 1600.0x960.0
19:03:42.687 [FXGL Background Thread 4 ] DEBUG TilesetLoader        - Loading view for layer decor
19:03:42.689 [FXGL Background Thread 4 ] DEBUG TilesetLoader        - Created buffer with size 1600.0x960.0
19:03:42.689 [FXGL Background Thread 4 ] DEBUG TMXLevelLoader       - Creating object layer entities
19:03:42.703 [FXGL Background Thread 4 ] DEBUG GameWorld            - Clearing removable entities
19:03:42.703 [FXGL Background Thread 4 ] DEBUG GameWorld            - Setting level: com.almasb.fxgl.entity.level.Level@718c3b5d
19:03:42.706 [FXGL Background Thread 4 ] INFO  FXGLApplication      - Game initialization took: 0.117 sec
19:03:42.712 [JavaFX Application Thread] DEBUG Input                - Clearing active input actions
19:03:42.716 [JavaFX Application Thread] DEBUG GameApplicationServi - Removing overlay from FXGLLoadingScene and adding to GameScene
19:03:42.716 [JavaFX Application Thread] DEBUG PrimaryStageWindow   - FXGLLoadingScene -> GameScene
19:03:42.829 [FXGL Background Thread 2 ] INFO  UpdaterService       - Your current version:  17.1
19:03:42.829 [FXGL Background Thread 2 ] INFO  UpdaterService       - Latest stable version: 17.3
19:03:45.551 [FXGL Background Thread 3 ] DEBUG Engine               - Logging environment variables
19:03:45.555 [FXGL Background Thread 3 ] DEBUG Engine               - achievements: []
19:03:45.555 [FXGL Background Thread 3 ] DEBUG Engine               - actualHeight: 806.0
19:03:45.555 [FXGL Background Thread 3 ] DEBUG Engine               - actualHeightProperty: ReadOnlyDoubleProperty [value: 806.0]
19:03:45.555 [FXGL Background Thread 3 ] DEBUG Engine               - actualWidth: 1415.0
19:03:45.556 [FXGL Background Thread 3 ] DEBUG Engine               - actualWidthProperty: ReadOnlyDoubleProperty [value: 1415.0]
19:03:45.556 [FXGL Background Thread 3 ] DEBUG Engine               - appIcon: fxgl_icon.png
19:03:45.556 [FXGL Background Thread 3 ] DEBUG Engine               - applicationMode: DEVELOPER
19:03:45.556 [FXGL Background Thread 3 ] DEBUG Engine               - cSSList: [fxgl_dark.css]
19:03:45.556 [FXGL Background Thread 3 ] DEBUG Engine               - collisionDetectionStrategy: BRUTE_FORCE
19:03:45.556 [FXGL Background Thread 3 ] DEBUG Engine               - configClass: Optional.empty
19:03:45.556 [FXGL Background Thread 3 ] DEBUG Engine               - credits: []
19:03:45.557 [FXGL Background Thread 3 ] DEBUG Engine               - defaultCursor: CursorInfo(imageName=fxgl_default_cursor.png, hotspotX=7.0, hotspotY=6.0)
19:03:45.558 [FXGL Background Thread 3 ] DEBUG Engine               - devBBoxColorProperty: ObjectProperty [value: 0xff0000ff]
19:03:45.558 [FXGL Background Thread 3 ] DEBUG Engine               - devEnableDebugCameraProperty: BooleanProperty [value: false]
19:03:45.558 [FXGL Background Thread 3 ] DEBUG Engine               - devSensorColorProperty: ObjectProperty [value: 0xffff00ff]
19:03:45.558 [FXGL Background Thread 3 ] DEBUG Engine               - devShowBBoxProperty: BooleanProperty [value: false]
19:03:45.558 [FXGL Background Thread 3 ] DEBUG Engine               - devShowPositionProperty: BooleanProperty [value: false]
19:03:45.558 [FXGL Background Thread 3 ] DEBUG Engine               - enabledMenuItems: []
19:03:45.558 [FXGL Background Thread 3 ] DEBUG Engine               - engineServices: [class com.almasb.fxgl.app.services.FXGLAssetLoaderService, class com.almasb.fxgl.app.FXGLApplication$GameApplicationService, class com.almasb.fxgl.app.services.FXGLDialogService, class com.almasb.fxgl.app.services.IOTaskExecutorService, class com.almasb.fxgl.io.FileSystemService, class com.almasb.fxgl.localization.LocalizationService, class com.almasb.fxgl.app.services.SystemBundleService, class com.almasb.fxgl.profile.SaveLoadService, class com.almasb.fxgl.ui.FXGLUIFactoryServiceProvider, class com.almasb.fxgl.ui.FXGLDialogFactoryServiceProvider, class com.almasb.fxgl.audio.AudioPlayer, class com.almasb.fxgl.notification.impl.NotificationServiceProvider, class com.almasb.fxgl.achievement.AchievementService, class com.almasb.fxgl.cutscene.CutsceneService, class com.almasb.fxgl.minigames.MiniGameService, class com.almasb.fxgl.net.NetService, class com.almasb.fxgl.app.services.UpdaterService, class com.almasb.fxgl.dev.DevService]
19:03:45.559 [FXGL Background Thread 3 ] DEBUG Engine               - fontGame: Abel-Regular.ttf
19:03:45.559 [FXGL Background Thread 3 ] DEBUG Engine               - fontMono: TerminalLandMono-Regular.otf
19:03:45.559 [FXGL Background Thread 3 ] DEBUG Engine               - fontText: Courier-Prime.ttf
19:03:45.559 [FXGL Background Thread 3 ] DEBUG Engine               - fontUI: VarelaRound-Regular.ttf
19:03:45.559 [FXGL Background Thread 3 ] DEBUG Engine               - fullScreen: BooleanProperty [value: false]
19:03:45.559 [FXGL Background Thread 3 ] DEBUG Engine               - gameDifficulty: MEDIUM
19:03:45.559 [FXGL Background Thread 3 ] DEBUG Engine               - gameDifficultyProperty: ObjectProperty [value: MEDIUM]
19:03:45.559 [FXGL Background Thread 3 ] DEBUG Engine               - globalMusicVolume: 0.5
19:03:45.559 [FXGL Background Thread 3 ] DEBUG Engine               - globalMusicVolumeProperty: DoubleProperty [value: 0.5]
19:03:45.559 [FXGL Background Thread 3 ] DEBUG Engine               - globalSoundVolume: 0.5
19:03:45.559 [FXGL Background Thread 3 ] DEBUG Engine               - globalSoundVolumeProperty: DoubleProperty [value: 0.5]
19:03:45.559 [FXGL Background Thread 3 ] DEBUG Engine               - height: 896
19:03:45.560 [FXGL Background Thread 3 ] DEBUG Engine               - is3D: false
19:03:45.560 [FXGL Background Thread 3 ] DEBUG Engine               - isAndroid: false
19:03:45.560 [FXGL Background Thread 3 ] DEBUG Engine               - isBrowser: false
19:03:45.560 [FXGL Background Thread 3 ] DEBUG Engine               - isClickFeedbackEnabled: false
19:03:45.560 [FXGL Background Thread 3 ] DEBUG Engine               - isCloseConfirmation: false
19:03:45.560 [FXGL Background Thread 3 ] DEBUG Engine               - isDesktop: true
19:03:45.560 [FXGL Background Thread 3 ] DEBUG Engine               - isDeveloperMenuEnabled: false
19:03:45.560 [FXGL Background Thread 3 ] DEBUG Engine               - isEmbedded: false
19:03:45.560 [FXGL Background Thread 3 ] DEBUG Engine               - isEntityPreloadEnabled: true
19:03:45.560 [FXGL Background Thread 3 ] DEBUG Engine               - isExperimentalTiledLargeMap: false
19:03:45.560 [FXGL Background Thread 3 ] DEBUG Engine               - isFileSystemWriteAllowed: true
19:03:45.560 [FXGL Background Thread 3 ] DEBUG Engine               - isFullScreenAllowed: false
19:03:45.560 [FXGL Background Thread 3 ] DEBUG Engine               - isFullScreenFromStart: false
19:03:45.560 [FXGL Background Thread 3 ] DEBUG Engine               - isGameMenuEnabled: true
19:03:45.560 [FXGL Background Thread 3 ] DEBUG Engine               - isIOS: false
19:03:45.560 [FXGL Background Thread 3 ] DEBUG Engine               - isIntroEnabled: false
19:03:45.560 [FXGL Background Thread 3 ] DEBUG Engine               - isLinux: false
19:03:45.560 [FXGL Background Thread 3 ] DEBUG Engine               - isMac: true
19:03:45.561 [FXGL Background Thread 3 ] DEBUG Engine               - isMainMenuEnabled: false
19:03:45.561 [FXGL Background Thread 3 ] DEBUG Engine               - isManualResizeEnabled: false
19:03:45.561 [FXGL Background Thread 3 ] DEBUG Engine               - isMobile: false
19:03:45.561 [FXGL Background Thread 3 ] DEBUG Engine               - isNative: false
19:03:45.561 [FXGL Background Thread 3 ] DEBUG Engine               - isPauseMusicWhenMinimized: true
19:03:45.561 [FXGL Background Thread 3 ] DEBUG Engine               - isPreserveResizeRatio: false
19:03:45.561 [FXGL Background Thread 3 ] DEBUG Engine               - isProfilingEnabled: false
19:03:45.561 [FXGL Background Thread 3 ] DEBUG Engine               - isScaleAffectedOnResize: true
19:03:45.561 [FXGL Background Thread 3 ] DEBUG Engine               - isSingleStep: false
19:03:45.561 [FXGL Background Thread 3 ] DEBUG Engine               - isUserProfileEnabled: false
19:03:45.561 [FXGL Background Thread 3 ] DEBUG Engine               - isWindows: false
19:03:45.561 [FXGL Background Thread 3 ] DEBUG Engine               - language: ObjectProperty [value: ENGLISH]
19:03:45.561 [FXGL Background Thread 3 ] DEBUG Engine               - menuKey: ESCAPE
19:03:45.561 [FXGL Background Thread 3 ] DEBUG Engine               - mouseSensitivity: 0.2
19:03:45.561 [FXGL Background Thread 3 ] DEBUG Engine               - notificationViewClass: class com.almasb.fxgl.notification.view.XboxNotificationView
19:03:45.561 [FXGL Background Thread 3 ] DEBUG Engine               - pixelsPerMeter: 50.0
19:03:45.561 [FXGL Background Thread 3 ] DEBUG Engine               - platform: MAC
19:03:45.561 [FXGL Background Thread 3 ] DEBUG Engine               - prefHeightProperty: ReadOnlyDoubleProperty [value: 896.0]
19:03:45.561 [FXGL Background Thread 3 ] DEBUG Engine               - prefWidthProperty: ReadOnlyDoubleProperty [value: 1600.0]
19:03:45.562 [FXGL Background Thread 3 ] DEBUG Engine               - profileDir: profiles/
19:03:45.562 [FXGL Background Thread 3 ] DEBUG Engine               - profileName: StringProperty [value: DEFAULT]
19:03:45.562 [FXGL Background Thread 3 ] DEBUG Engine               - randomSeed: -1
19:03:45.562 [FXGL Background Thread 3 ] DEBUG Engine               - runtimeInfo: RuntimeInfo(platform=MAC, version=17.1, build=24.03.2022 17.34)
19:03:45.562 [FXGL Background Thread 3 ] DEBUG Engine               - saveFileExt: sav
19:03:45.562 [FXGL Background Thread 3 ] DEBUG Engine               - scaledHeightProp$fxgl: DoubleProperty [bound, value: 806.0]
19:03:45.562 [FXGL Background Thread 3 ] DEBUG Engine               - scaledWidthProp$fxgl: DoubleProperty [bound, value: 1415.0]
19:03:45.562 [FXGL Background Thread 3 ] DEBUG Engine               - sceneFactory: com.almasb.fxgl.app.scene.SceneFactory@5e57a406
19:03:45.562 [FXGL Background Thread 3 ] DEBUG Engine               - secondsIn24h: 60
19:03:45.563 [FXGL Background Thread 3 ] DEBUG Engine               - soundMenuBack: menu/back.wav
19:03:45.563 [FXGL Background Thread 3 ] DEBUG Engine               - soundMenuPress: menu/press.wav
19:03:45.563 [FXGL Background Thread 3 ] DEBUG Engine               - soundMenuSelect: menu/select.wav
19:03:45.563 [FXGL Background Thread 3 ] DEBUG Engine               - soundNotification: core/notification.wav
19:03:45.563 [FXGL Background Thread 3 ] DEBUG Engine               - stageStyle: DECORATED
19:03:45.563 [FXGL Background Thread 3 ] DEBUG Engine               - supportedLanguages: [ENGLISH, FRENCH, GERMAN, HUNGARIAN, RUSSIAN]
19:03:45.563 [FXGL Background Thread 3 ] DEBUG Engine               - ticksPerSecond: -1
19:03:45.563 [FXGL Background Thread 3 ] DEBUG Engine               - title: FXGL Tower Defense
19:03:45.563 [FXGL Background Thread 3 ] DEBUG Engine               - urlGithub: https://github.com/AlmasB/FXGL
19:03:45.563 [FXGL Background Thread 3 ] DEBUG Engine               - urlLeaderboard: http://fxgl-top.herokuapp.com/
19:03:45.563 [FXGL Background Thread 3 ] DEBUG Engine               - urlPOM: https://raw.githubusercontent.com/AlmasB/FXGL/release/README.md
19:03:45.563 [FXGL Background Thread 3 ] DEBUG Engine               - userAppClass: class TowerDefenseApp
19:03:45.563 [FXGL Background Thread 3 ] DEBUG Engine               - version: 0.0
19:03:45.564 [FXGL Background Thread 3 ] DEBUG Engine               - versionCheckDays: 7
19:03:45.564 [FXGL Background Thread 3 ] DEBUG Engine               - width: 1600
19:03:45.564 [FXGL Background Thread 3 ] DEBUG Engine               - Logging services
19:03:45.564 [FXGL Background Thread 3 ] DEBUG Engine               - class com.almasb.fxgl.app.services.FXGLAssetLoaderService
19:03:45.564 [FXGL Background Thread 3 ] DEBUG Engine               - class com.almasb.fxgl.app.FXGLApplication$GameApplicationService
19:03:45.564 [FXGL Background Thread 3 ] DEBUG Engine               - class com.almasb.fxgl.app.services.FXGLDialogService
19:03:45.564 [FXGL Background Thread 3 ] DEBUG Engine               - class com.almasb.fxgl.app.services.IOTaskExecutorService
19:03:45.564 [FXGL Background Thread 3 ] DEBUG Engine               - class com.almasb.fxgl.io.FileSystemService
19:03:45.564 [FXGL Background Thread 3 ] DEBUG Engine               - class com.almasb.fxgl.localization.LocalizationService
19:03:45.564 [FXGL Background Thread 3 ] DEBUG Engine               - class com.almasb.fxgl.app.services.SystemBundleService
19:03:45.564 [FXGL Background Thread 3 ] DEBUG Engine               - class com.almasb.fxgl.profile.SaveLoadService
19:03:45.564 [FXGL Background Thread 3 ] DEBUG Engine               - class com.almasb.fxgl.ui.FXGLUIFactoryServiceProvider
19:03:45.564 [FXGL Background Thread 3 ] DEBUG Engine               - class com.almasb.fxgl.ui.FXGLDialogFactoryServiceProvider
19:03:45.564 [FXGL Background Thread 3 ] DEBUG Engine               - class com.almasb.fxgl.audio.AudioPlayer
19:03:45.564 [FXGL Background Thread 3 ] DEBUG Engine               - class com.almasb.fxgl.notification.impl.NotificationServiceProvider
19:03:45.564 [FXGL Background Thread 3 ] DEBUG Engine               - class com.almasb.fxgl.achievement.AchievementService
19:03:45.564 [FXGL Background Thread 3 ] DEBUG Engine               - class com.almasb.fxgl.cutscene.CutsceneService
19:03:45.564 [FXGL Background Thread 3 ] DEBUG Engine               - class com.almasb.fxgl.minigames.MiniGameService
19:03:45.564 [FXGL Background Thread 3 ] DEBUG Engine               - class com.almasb.fxgl.net.NetService
19:03:45.564 [FXGL Background Thread 3 ] DEBUG Engine               - class com.almasb.fxgl.app.services.UpdaterService
19:03:45.564 [FXGL Background Thread 3 ] DEBUG Engine               - class com.almasb.fxgl.dev.DevService
19:03:51.497 [JavaFX Application Thread] DEBUG FXGLApplication      - Exiting FXGL
19:03:51.498 [JavaFX Application Thread] DEBUG LoopRunner           - Stopping loop
19:03:51.498 [JavaFX Application Thread] DEBUG SystemBundleService  - Saving FXGL system data
19:03:51.501 [JavaFX Application Thread] DEBUG FileSystemAccess     - Writing to: /Users/karinasang/Sherry/Teaching/TowerDefense/system/fxgl.bundle
19:03:51.505 [JavaFX Application Thread] DEBUG Async                - Shutting down background threads
19:03:51.506 [JavaFX Application Thread] DEBUG PrimaryStageWindow   - Closing main window
19:03:51.516 [JavaFX Application Thread] DEBUG Logger               - Closing Logger
