18:40:01.880 [main                     ] DEBUG Logger               - Configured Logger
18:40:01.894 [main                     ] DEBUG GameApplication      - Logging settings
Title: FXGL Tower Defense
Version: 0.0
Width: 1600
Height: 896
Fullscreen: false
Intro: false
Profiling: false
Single step:false
App Mode: DEVELOPER
Menu Key: ESCAPE
Stage Style: DECORATED
Scene Factory: class com.almasb.fxgl.app.scene.SceneFactory

18:40:02.179 [JavaFX Application Thread] DEBUG FXGLApplication      - Initializing FXGL
18:40:02.181 [JavaFX Application Thread] INFO  Engine               - FXGL-17.1 (24.03.2022 17.34) on MAC (J:19.0.1 FX:18)
18:40:02.181 [JavaFX Application Thread] DEBUG Engine               - JRE Vendor Name: Oracle Corporation
18:40:02.181 [JavaFX Application Thread] DEBUG Engine               - Running on OS: Mac OS X version 13.3.1
18:40:02.181 [JavaFX Application Thread] DEBUG Engine               - Architecture: aarch64
18:40:02.181 [JavaFX Application Thread] INFO  Engine               - Source code and latest versions at: https://github.com/AlmasB/FXGL
18:40:02.181 [JavaFX Application Thread] INFO  Engine               -       Ask questions and discuss at: https://github.com/AlmasB/FXGL/discussions
18:40:02.181 [JavaFX Application Thread] INFO  Engine               -              Join the FXGL chat at: https://gitter.im/AlmasB/FXGL
18:40:02.231 [JavaFX Application Thread] DEBUG PrimaryStageWindow   - Creating a JavaFX scene
18:40:02.231 [JavaFX Application Thread] DEBUG PrimaryStageWindow   - Target size > screen size
18:40:02.248 [JavaFX Application Thread] DEBUG PrimaryStageWindow   - Target settings size: 1600.0 x 896.0
18:40:02.248 [JavaFX Application Thread] DEBUG PrimaryStageWindow   - Scaled scene size:    1412.0 x 804.0
18:40:02.248 [JavaFX Application Thread] DEBUG PrimaryStageWindow   - Scaled ratio: (0.8825, 0.8973214285714286)
18:40:02.249 [JavaFX Application Thread] DEBUG PrimaryStageWindow   - Set initial scene to FXGLStartupScene
18:40:02.251 [JavaFX Application Thread] DEBUG PrimaryStageWindow   - Opening main window
18:40:02.324 [JavaFX Application Thread] DEBUG PrimaryStageWindow   - Window border size: (0.0, 28.0)
18:40:02.324 [JavaFX Application Thread] DEBUG PrimaryStageWindow   - Scaled size: 1412.0 x 804.0
18:40:02.324 [JavaFX Application Thread] DEBUG PrimaryStageWindow   - Scaled ratio: (0.8825, 0.8973214285714286)
18:40:02.324 [JavaFX Application Thread] DEBUG PrimaryStageWindow   - Scene size: 1412.0 x 804.0
18:40:02.324 [JavaFX Application Thread] DEBUG PrimaryStageWindow   - Stage size: 1412.0 x 832.0
18:40:02.327 [FXGL Background Thread 1 ] DEBUG Engine               - Initializing environment variables
18:40:02.351 [FXGL Background Thread 1 ] DEBUG FXGLAssetLoaderServi - User app class for loading assets: class game.TowerDefenseApp
18:40:02.351 [FXGL Background Thread 1 ] DEBUG GameApplicationServi - Applying CSS: fxgl_dark.css
18:40:02.352 [FXGL Background Thread 1 ] DEBUG FXGLAssetLoaderServi - Loading from file system: jar:file:/Users/karinasang/.m2/repository/com/github/almasb/fxgl/17.1/fxgl-17.1.jar!/fxglassets/ui/css/fxgl_dark.css
18:40:02.374 [FXGL Background Thread 1 ] DEBUG GameApplicationServi - Initializing application scenes
18:40:02.476 [FXGL Background Thread 1 ] DEBUG GameWorld            - Game world initialized
18:40:02.500 [FXGL Background Thread 1 ] DEBUG PhysicsWorld         - Physics world initialized: appHeight=896, physics.ppm=50.0
18:40:02.500 [FXGL Background Thread 1 ] DEBUG PhysicsWorld         - Using strategy: BRUTE_FORCE
18:40:02.502 [FXGL Background Thread 1 ] DEBUG GameScene            - Game scene initialized: 1600x896
18:40:02.508 [FXGL Background Thread 1 ] DEBUG FXGL.DefaultMenu     - createMenuBodyGameMenu()
18:40:02.515 [FXGL Background Thread 1 ] DEBUG FXGL.DefaultMenu     - createOptionsMenu()
18:40:02.520 [FXGL Background Thread 1 ] DEBUG FXGLAssetLoaderServi - Loading from file system: jar:file:/Users/karinasang/.m2/repository/com/github/almasb/fxgl/17.1/fxgl-17.1.jar!/fxglassets/textures/particles/smoke.png
18:40:02.569 [FXGL Background Thread 1 ] DEBUG FXGLAssetLoaderServi - Loading from file system: jar:file:/Users/karinasang/.m2/repository/com/github/almasb/fxgl/17.1/fxgl-17.1.jar!/fxglassets/textures/particles/trace_horizontal.png
18:40:02.582 [FXGL Background Thread 1 ] DEBUG GameApplicationServi - Application scenes initialized
18:40:02.586 [FXGL Background Thread 1 ] DEBUG SystemBundleService  - Loading FXGL system data
18:40:02.588 [FXGL Background Thread 1 ] DEBUG FileSystemAccess     - Reading from: /Users/karinasang/Sherry/Teaching/TowerDefense/system/fxgl.bundle
18:40:02.592 [FXGL Background Thread 1 ] DEBUG SystemBundleService  - Bundle FXGL: {}
18:40:02.592 [FXGL Background Thread 1 ] DEBUG UpdaterService       - Checking for updates
18:40:02.593 [FXGL Background Thread 4 ] DEBUG FXGLApplication      - Loading fonts
18:40:02.594 [FXGL Background Thread 4 ] DEBUG FXGLAssetLoaderServi - Loading from file system: jar:file:/Users/karinasang/.m2/repository/com/github/almasb/fxgl/17.1/fxgl-17.1.jar!/fxglassets/ui/fonts/VarelaRound-Regular.ttf
18:40:02.594 [FXGL Background Thread 1 ] DEBUG FXGLApplication      - Loading default localization
18:40:02.594 [FXGL Background Thread 1 ] DEBUG FXGLAssetLoaderServi - Loading from file system: jar:file:/Users/karinasang/.m2/repository/com/github/almasb/fxgl/17.1/fxgl-17.1.jar!/fxglassets/languages/english.lang
18:40:02.600 [FXGL Background Thread 4 ] DEBUG FXGLAssetLoaderServi - Loading from file system: jar:file:/Users/karinasang/.m2/repository/com/github/almasb/fxgl/17.1/fxgl-17.1.jar!/fxglassets/ui/fonts/Abel-Regular.ttf
18:40:02.601 [FXGL Background Thread 1 ] INFO  FXGLApplication      - FXGL initialization took: 0.274 sec
18:40:02.601 [FXGL Background Thread 4 ] DEBUG FXGLAssetLoaderServi - Loading from file system: jar:file:/Users/karinasang/.m2/repository/com/github/almasb/fxgl/17.1/fxgl-17.1.jar!/fxglassets/ui/fonts/TerminalLandMono-Regular.otf
18:40:02.601 [JavaFX Application Thread] DEBUG FXGLAssetLoaderServi - Loading from file system: jar:file:/Users/karinasang/.m2/repository/com/github/almasb/fxgl/17.1/fxgl-17.1.jar!/fxglassets/textures/fxgl_icon.png
18:40:02.603 [FXGL Background Thread 4 ] DEBUG FXGLAssetLoaderServi - Loading from file system: jar:file:/Users/karinasang/.m2/repository/com/github/almasb/fxgl/17.1/fxgl-17.1.jar!/fxglassets/ui/fonts/Courier-Prime.ttf
18:40:02.617 [JavaFX Application Thread] DEBUG FXGLAssetLoaderServi - Loading from file system: jar:file:/Users/karinasang/.m2/repository/com/github/almasb/fxgl/17.1/fxgl-17.1.jar!/fxglassets/textures/fxgl_default_cursor.png
18:40:02.621 [JavaFX Application Thread] DEBUG Input                - Registered new binding: Screenshot - CTRL+8
18:40:02.622 [JavaFX Application Thread] DEBUG Input                - Registered new binding: System info dump - CTRL+9
18:40:02.622 [JavaFX Application Thread] DEBUG Input                - Registered new binding: Restart - CTRL+R
18:40:02.622 [JavaFX Application Thread] DEBUG Input                - Registered new binding: Toggle Debug Camera - CTRL+7
18:40:02.623 [JavaFX Application Thread] DEBUG LoopRunner           - Starting loop
18:40:02.623 [JavaFX Application Thread] DEBUG LoopRunner           - Initializing JavaFX AnimationTimerLoop
18:40:02.623 [JavaFX Application Thread] DEBUG GameApplicationServi - Starting new game
18:40:02.623 [JavaFX Application Thread] DEBUG Input                - Clearing active input actions
18:40:02.628 [JavaFX Application Thread] DEBUG GameApplicationServi - Removing overlay from FXGLStartupScene and adding to FXGLLoadingScene
18:40:02.628 [JavaFX Application Thread] DEBUG PrimaryStageWindow   - FXGLStartupScene -> FXGLLoadingScene
18:40:02.628 [JavaFX Application Thread] DEBUG GameApplicationServi - Clearing previous game
18:40:02.628 [JavaFX Application Thread] DEBUG GameScene            - Clearing game scene
18:40:02.628 [JavaFX Application Thread] DEBUG GameWorld            - Clearing game world
18:40:02.628 [JavaFX Application Thread] DEBUG PhysicsWorld         - Clearing physics world
18:40:02.629 [FXGL Background Thread 4 ] DEBUG FXGLApplication      - Initializing game
18:40:02.630 [FXGL Background Thread 4 ] DEBUG FXGLAssetLoaderServi - Loading JSON from: file:/Users/karinasang/Sherry/Teaching/TowerDefense/target/classes/assets/towers/tower1.json
18:40:02.650 [JavaFX Application Thread] DEBUG FXGLApplication      - Registering font factories with UI factory
18:40:02.740 [FXGL Background Thread 4 ] DEBUG FXGLAssetLoaderServi - Loading JSON from: file:/Users/karinasang/Sherry/Teaching/TowerDefense/target/classes/assets/towers/tower2.json
18:40:02.741 [FXGL Background Thread 4 ] DEBUG FXGLAssetLoaderServi - Loading JSON from: file:/Users/karinasang/Sherry/Teaching/TowerDefense/target/classes/assets/towers/tower3.json
18:40:02.742 [FXGL Background Thread 4 ] DEBUG FXGLAssetLoaderServi - Loading JSON from: file:/Users/karinasang/Sherry/Teaching/TowerDefense/target/classes/assets/towers/tower4.json
18:40:02.743 [FXGL Background Thread 4 ] DEBUG FXGLAssetLoaderServi - Loading JSON from: file:/Users/karinasang/Sherry/Teaching/TowerDefense/target/classes/assets/towers/tower5.json
18:40:02.744 [FXGL Background Thread 4 ] DEBUG FXGLAssetLoaderServi - Loading from file system: file:/Users/karinasang/Sherry/Teaching/TowerDefense/target/classes/assets/textures/towers/tower1.png
18:40:02.746 [FXGL Background Thread 4 ] DEBUG FXGLAssetLoaderServi - Loading from file system: file:/Users/karinasang/Sherry/Teaching/TowerDefense/target/classes/assets/textures/towers/tower2.png
18:40:02.747 [FXGL Background Thread 4 ] DEBUG FXGLAssetLoaderServi - Loading from file system: file:/Users/karinasang/Sherry/Teaching/TowerDefense/target/classes/assets/textures/towers/tower3.png
18:40:02.748 [FXGL Background Thread 4 ] DEBUG FXGLAssetLoaderServi - Loading from file system: file:/Users/karinasang/Sherry/Teaching/TowerDefense/target/classes/assets/textures/towers/tower4.png
18:40:02.748 [FXGL Background Thread 4 ] DEBUG FXGLAssetLoaderServi - Loading from file system: file:/Users/karinasang/Sherry/Teaching/TowerDefense/target/classes/assets/textures/towers/tower5.png
18:40:02.762 [FXGL Background Thread 4 ] WARN  TMXLevelLoader       - TiledMap generated from 1.9.2. Supported version: 1.4.2. Some features may not be parsed fully.
18:40:02.766 [FXGL Background Thread 4 ] DEBUG TMXLevelLoader       - Parsed TiledMap: file:/Users/karinasang/Sherry/Teaching/TowerDefense/target/classes/assets/levels/tmx/map1.tmx
18:40:02.766 [FXGL Background Thread 4 ] DEBUG TMXLevelLoader       - Creating tile layer entities
18:40:02.767 [FXGL Background Thread 4 ] DEBUG TilesetLoader        - Loading view for layer background
18:40:02.768 [FXGL Background Thread 4 ] DEBUG TilesetLoader        - Created buffer with size 1600.0x960.0
18:40:02.794 [FXGL Background Thread 4 ] DEBUG TilesetLoader        - Loading view for layer decor
18:40:02.795 [FXGL Background Thread 4 ] DEBUG TilesetLoader        - Created buffer with size 1600.0x960.0
18:40:02.795 [FXGL Background Thread 4 ] DEBUG TMXLevelLoader       - Creating object layer entities
18:40:02.805 [FXGL Background Thread 4 ] DEBUG GameWorld            - Clearing removable entities
18:40:02.805 [FXGL Background Thread 4 ] DEBUG GameWorld            - Setting level: com.almasb.fxgl.entity.level.Level@756bd0a5
18:40:02.808 [FXGL Background Thread 4 ] INFO  FXGLApplication      - Game initialization took: 0.179 sec
18:40:02.808 [JavaFX Application Thread] DEBUG Input                - Clearing active input actions
18:40:02.811 [JavaFX Application Thread] DEBUG GameApplicationServi - Removing overlay from FXGLLoadingScene and adding to GameScene
18:40:02.811 [JavaFX Application Thread] DEBUG PrimaryStageWindow   - FXGLLoadingScene -> GameScene
18:40:02.894 [FXGL Background Thread 2 ] INFO  UpdaterService       - Your current version:  17.1
18:40:02.894 [FXGL Background Thread 2 ] INFO  UpdaterService       - Latest stable version: 17.3
18:40:04.721 [JavaFX Application Thread] DEBUG FXGLApplication      - Exiting FXGL
18:40:04.722 [JavaFX Application Thread] DEBUG LoopRunner           - Stopping loop
18:40:04.722 [JavaFX Application Thread] DEBUG SystemBundleService  - Saving FXGL system data
18:40:04.725 [JavaFX Application Thread] DEBUG FileSystemAccess     - Writing to: /Users/karinasang/Sherry/Teaching/TowerDefense/system/fxgl.bundle
18:40:04.729 [JavaFX Application Thread] DEBUG Async                - Shutting down background threads
18:40:04.729 [JavaFX Application Thread] DEBUG PrimaryStageWindow   - Closing main window
18:40:04.740 [JavaFX Application Thread] DEBUG Logger               - Closing Logger
